ARM GAS  /var/folders/m4/4md61f0s1_g0rzfghffqnxvr0000gn/T//cczubyg2.s 			page 1


   1              		.syntax unified
   2              		.cpu cortex-m4
   3              		.eabi_attribute 27, 1
   4              		.eabi_attribute 28, 1
   5              		.fpu fpv4-sp-d16
   6              		.eabi_attribute 20, 1
   7              		.eabi_attribute 21, 1
   8              		.eabi_attribute 23, 3
   9              		.eabi_attribute 24, 1
  10              		.eabi_attribute 25, 1
  11              		.eabi_attribute 26, 1
  12              		.eabi_attribute 30, 2
  13              		.eabi_attribute 34, 1
  14              		.eabi_attribute 18, 4
  15              		.thumb
  16              		.syntax unified
  17              		.file	"board.c"
  18              		.text
  19              	.Ltext0:
  20              		.cfi_sections	.debug_frame
  21              		.section	.text.__early_init,"ax",%progbits
  22              		.align	2
  23              		.p2align 4,,15
  24              		.global	__early_init
  25              		.thumb
  26              		.thumb_func
  27              		.type	__early_init, %function
  28              	__early_init:
  29              	.LFB268:
  30              		.file 1 "board/board.c"
  31              		.loc 1 70 0
  32              		.cfi_startproc
  33              		@ args = 0, pretend = 0, frame = 0
  34              		@ frame_needed = 0, uses_anonymous_args = 0
  35              		@ link register save eliminated.
  36              		.loc 1 72 0
  37 0000 FFF7FEBF 		b	stm32_clock_init
  38              	.LVL0:
  39              		.cfi_endproc
  40              	.LFE268:
  41              		.size	__early_init, .-__early_init
  42              		.section	.text.boardInit,"ax",%progbits
  43              		.align	2
  44              		.p2align 4,,15
  45              		.global	boardInit
  46              		.thumb
  47              		.thumb_func
  48              		.type	boardInit, %function
  49              	boardInit:
  50              	.LFB269:
  51              		.loc 1 123 0
  52              		.cfi_startproc
  53              		@ args = 0, pretend = 0, frame = 0
  54              		@ frame_needed = 0, uses_anonymous_args = 0
  55              		@ link register save eliminated.
  56 0000 7047     		bx	lr
  57              		.cfi_endproc
ARM GAS  /var/folders/m4/4md61f0s1_g0rzfghffqnxvr0000gn/T//cczubyg2.s 			page 2


  58              	.LFE269:
  59              		.size	boardInit, .-boardInit
  60              		.global	pal_default_config
  61 0002 00BF     		.section	.rodata.pal_default_config,"a",%progbits
  62              		.align	2
  63              		.type	pal_default_config, %object
  64              		.size	pal_default_config, 224
  65              	pal_default_config:
  66 0000 00AAA02A 		.word	715172352
  67 0004 00000000 		.word	0
  68 0008 FFABFFFF 		.word	-21505
  69 000c 54000140 		.word	1073807444
  70 0010 FFFF0000 		.word	65535
  71 0014 00005655 		.word	1431699456
  72 0018 00AA0A00 		.word	698880
  73 001c 80200800 		.word	532608
  74 0020 40020000 		.word	576
  75 0024 FFFFFFFF 		.word	-1
  76 0028 15455155 		.word	1431389461
  77 002c FFFF0000 		.word	65535
  78 0030 00000004 		.word	67108864
  79 0034 40000000 		.word	64
  80 0038 01802002 		.word	35684353
  81 003c 00000000 		.word	0
  82 0040 FFFFFFFF 		.word	-1
  83 0044 54154554 		.word	1413813588
  84 0048 FFFF0000 		.word	65535
  85 004c 00000060 		.word	1610612736
  86 0050 00060600 		.word	394752
  87 0054 00010055 		.word	1426063616
  88 0058 00000000 		.word	0
  89 005c FFFFFFFF 		.word	-1
  90 0060 55505500 		.word	5591125
  91 0064 FF0F0000 		.word	4095
  92 0068 00000000 		.word	0
  93 006c 00000000 		.word	0
  94 0070 40000000 		.word	64
  95 0074 00000000 		.word	0
  96 0078 FFFFFFFF 		.word	-1
  97 007c 00000000 		.word	0
  98 0080 FFFF0000 		.word	65535
  99 0084 00000000 		.word	0
 100 0088 00000000 		.word	0
 101 008c 00000000 		.word	0
 102 0090 00000000 		.word	0
 103 0094 FFFFFFFF 		.word	-1
 104 0098 00000000 		.word	0
 105 009c FFFF0000 		.word	65535
 106 00a0 00000000 		.word	0
 107 00a4 00000000 		.word	0
 108 00a8 00000000 		.word	0
 109 00ac 00000000 		.word	0
 110 00b0 FFFFFFFF 		.word	-1
 111 00b4 00000000 		.word	0
 112 00b8 FFFF0000 		.word	65535
 113 00bc 00000000 		.word	0
 114 00c0 00000000 		.word	0
ARM GAS  /var/folders/m4/4md61f0s1_g0rzfghffqnxvr0000gn/T//cczubyg2.s 			page 3


 115 00c4 00000000 		.word	0
 116 00c8 00000000 		.word	0
 117 00cc FFFFFFFF 		.word	-1
 118 00d0 00000000 		.word	0
 119 00d4 FFFF0000 		.word	65535
 120 00d8 00000000 		.word	0
 121 00dc 00000000 		.word	0
 122              		.text
 123              	.Letext0:
 124              		.file 2 "/opt/homebrew-cask/Caskroom/gcc-arm-embedded/5_2-2015q4,20151219/gcc-arm-none-eabi-5_2-20
 125              		.file 3 "/opt/homebrew-cask/Caskroom/gcc-arm-embedded/5_2-2015q4,20151219/gcc-arm-none-eabi-5_2-20
 126              		.file 4 "/opt/homebrew-cask/Caskroom/gcc-arm-embedded/5_2-2015q4,20151219/gcc-arm-none-eabi-5_2-20
 127              		.file 5 "ChibiOS_16.1.4/os/rt/ports/ARMCMx/compilers/GCC/chtypes.h"
 128              		.file 6 "ChibiOS_16.1.4/os/rt/include/chsystypes.h"
 129              		.file 7 "ChibiOS_16.1.4/os/rt/include/chschd.h"
 130              		.file 8 "ChibiOS_16.1.4/os/rt/ports/ARMCMx/chcore.h"
 131              		.file 9 "ChibiOS_16.1.4/os/rt/ports/ARMCMx/chcore_v7m.h"
 132              		.file 10 "ChibiOS_16.1.4/os/rt/include/chtm.h"
 133              		.file 11 "ChibiOS_16.1.4/os/rt/include/chsem.h"
 134              		.file 12 "ChibiOS_16.1.4/os/rt/include/chmtx.h"
 135              		.file 13 "ChibiOS_16.1.4/os/hal/ports/STM32/LLD/GPIOv2/pal_lld.h"
 136              		.file 14 "ChibiOS_16.1.4/os/ext/CMSIS/include/core_cm4.h"
 137              		.file 15 "ChibiOS_16.1.4/os/hal/ports/STM32/STM32F4xx/hal_lld.h"
 138              		.section	.debug_info,"",%progbits
 139              	.Ldebug_info0:
 140 0000 73080000 		.4byte	0x873
 141 0004 0400     		.2byte	0x4
 142 0006 00000000 		.4byte	.Ldebug_abbrev0
 143 000a 04       		.byte	0x4
 144 000b 01       		.uleb128 0x1
 145 000c 3C040000 		.4byte	.LASF124
 146 0010 0C       		.byte	0xc
 147 0011 71030000 		.4byte	.LASF125
 148 0015 00000000 		.4byte	.LASF126
 149 0019 00000000 		.4byte	.Ldebug_ranges0+0
 150 001d 00000000 		.4byte	0
 151 0021 00000000 		.4byte	.Ldebug_line0
 152 0025 02       		.uleb128 0x2
 153 0026 04       		.byte	0x4
 154 0027 05       		.byte	0x5
 155 0028 696E7400 		.ascii	"int\000"
 156 002c 03       		.uleb128 0x3
 157 002d 4C000000 		.4byte	.LASF2
 158 0031 02       		.byte	0x2
 159 0032 D8       		.byte	0xd8
 160 0033 37000000 		.4byte	0x37
 161 0037 04       		.uleb128 0x4
 162 0038 04       		.byte	0x4
 163 0039 07       		.byte	0x7
 164 003a C3010000 		.4byte	.LASF0
 165 003e 04       		.uleb128 0x4
 166 003f 01       		.byte	0x1
 167 0040 06       		.byte	0x6
 168 0041 09010000 		.4byte	.LASF1
 169 0045 03       		.uleb128 0x3
 170 0046 63000000 		.4byte	.LASF3
 171 004a 03       		.byte	0x3
ARM GAS  /var/folders/m4/4md61f0s1_g0rzfghffqnxvr0000gn/T//cczubyg2.s 			page 4


 172 004b 1D       		.byte	0x1d
 173 004c 50000000 		.4byte	0x50
 174 0050 04       		.uleb128 0x4
 175 0051 01       		.byte	0x1
 176 0052 08       		.byte	0x8
 177 0053 63030000 		.4byte	.LASF4
 178 0057 04       		.uleb128 0x4
 179 0058 02       		.byte	0x2
 180 0059 05       		.byte	0x5
 181 005a 94030000 		.4byte	.LASF5
 182 005e 04       		.uleb128 0x4
 183 005f 02       		.byte	0x2
 184 0060 07       		.byte	0x7
 185 0061 16020000 		.4byte	.LASF6
 186 0065 03       		.uleb128 0x3
 187 0066 6E020000 		.4byte	.LASF7
 188 006a 03       		.byte	0x3
 189 006b 3F       		.byte	0x3f
 190 006c 70000000 		.4byte	0x70
 191 0070 04       		.uleb128 0x4
 192 0071 04       		.byte	0x4
 193 0072 05       		.byte	0x5
 194 0073 45010000 		.4byte	.LASF8
 195 0077 03       		.uleb128 0x3
 196 0078 70050000 		.4byte	.LASF9
 197 007c 03       		.byte	0x3
 198 007d 41       		.byte	0x41
 199 007e 82000000 		.4byte	0x82
 200 0082 04       		.uleb128 0x4
 201 0083 04       		.byte	0x4
 202 0084 07       		.byte	0x7
 203 0085 25040000 		.4byte	.LASF10
 204 0089 04       		.uleb128 0x4
 205 008a 08       		.byte	0x8
 206 008b 05       		.byte	0x5
 207 008c FB000000 		.4byte	.LASF11
 208 0090 03       		.uleb128 0x3
 209 0091 13030000 		.4byte	.LASF12
 210 0095 03       		.byte	0x3
 211 0096 5B       		.byte	0x5b
 212 0097 9B000000 		.4byte	0x9b
 213 009b 04       		.uleb128 0x4
 214 009c 08       		.byte	0x8
 215 009d 07       		.byte	0x7
 216 009e 8F000000 		.4byte	.LASF13
 217 00a2 03       		.uleb128 0x3
 218 00a3 D3050000 		.4byte	.LASF14
 219 00a7 04       		.byte	0x4
 220 00a8 14       		.byte	0x14
 221 00a9 45000000 		.4byte	0x45
 222 00ad 03       		.uleb128 0x3
 223 00ae 5B030000 		.4byte	.LASF15
 224 00b2 04       		.byte	0x4
 225 00b3 1F       		.byte	0x1f
 226 00b4 65000000 		.4byte	0x65
 227 00b8 03       		.uleb128 0x3
 228 00b9 FD030000 		.4byte	.LASF16
ARM GAS  /var/folders/m4/4md61f0s1_g0rzfghffqnxvr0000gn/T//cczubyg2.s 			page 5


 229 00bd 04       		.byte	0x4
 230 00be 20       		.byte	0x20
 231 00bf 77000000 		.4byte	0x77
 232 00c3 03       		.uleb128 0x3
 233 00c4 5A000000 		.4byte	.LASF17
 234 00c8 04       		.byte	0x4
 235 00c9 26       		.byte	0x26
 236 00ca 90000000 		.4byte	0x90
 237 00ce 03       		.uleb128 0x3
 238 00cf 94050000 		.4byte	.LASF18
 239 00d3 05       		.byte	0x5
 240 00d4 39       		.byte	0x39
 241 00d5 B8000000 		.4byte	0xb8
 242 00d9 03       		.uleb128 0x3
 243 00da 4C020000 		.4byte	.LASF19
 244 00de 05       		.byte	0x5
 245 00df 3C       		.byte	0x3c
 246 00e0 A2000000 		.4byte	0xa2
 247 00e4 03       		.uleb128 0x3
 248 00e5 55010000 		.4byte	.LASF20
 249 00e9 05       		.byte	0x5
 250 00ea 3D       		.byte	0x3d
 251 00eb A2000000 		.4byte	0xa2
 252 00ef 03       		.uleb128 0x3
 253 00f0 1E030000 		.4byte	.LASF21
 254 00f4 05       		.byte	0x5
 255 00f5 3E       		.byte	0x3e
 256 00f6 A2000000 		.4byte	0xa2
 257 00fa 03       		.uleb128 0x3
 258 00fb 2B010000 		.4byte	.LASF22
 259 00ff 05       		.byte	0x5
 260 0100 3F       		.byte	0x3f
 261 0101 A2000000 		.4byte	0xa2
 262 0105 03       		.uleb128 0x3
 263 0106 3D030000 		.4byte	.LASF23
 264 010a 05       		.byte	0x5
 265 010b 40       		.byte	0x40
 266 010c B8000000 		.4byte	0xb8
 267 0110 03       		.uleb128 0x3
 268 0111 3A020000 		.4byte	.LASF24
 269 0115 05       		.byte	0x5
 270 0116 41       		.byte	0x41
 271 0117 AD000000 		.4byte	0xad
 272 011b 03       		.uleb128 0x3
 273 011c 62020000 		.4byte	.LASF25
 274 0120 05       		.byte	0x5
 275 0121 43       		.byte	0x43
 276 0122 B8000000 		.4byte	0xb8
 277 0126 03       		.uleb128 0x3
 278 0127 BD010000 		.4byte	.LASF26
 279 012b 05       		.byte	0x5
 280 012c 45       		.byte	0x45
 281 012d AD000000 		.4byte	0xad
 282 0131 03       		.uleb128 0x3
 283 0132 52050000 		.4byte	.LASF27
 284 0136 06       		.byte	0x6
 285 0137 33       		.byte	0x33
ARM GAS  /var/folders/m4/4md61f0s1_g0rzfghffqnxvr0000gn/T//cczubyg2.s 			page 6


 286 0138 B8000000 		.4byte	0xb8
 287 013c 03       		.uleb128 0x3
 288 013d 42050000 		.4byte	.LASF28
 289 0141 06       		.byte	0x6
 290 0142 3F       		.byte	0x3f
 291 0143 47010000 		.4byte	0x147
 292 0147 05       		.uleb128 0x5
 293 0148 30020000 		.4byte	.LASF50
 294 014c 48       		.byte	0x48
 295 014d 07       		.byte	0x7
 296 014e C2       		.byte	0xc2
 297 014f 4C020000 		.4byte	0x24c
 298 0153 06       		.uleb128 0x6
 299 0154 C5030000 		.4byte	.LASF29
 300 0158 07       		.byte	0x7
 301 0159 C3       		.byte	0xc3
 302 015a 57020000 		.4byte	0x257
 303 015e 00       		.byte	0
 304 015f 06       		.uleb128 0x6
 305 0160 36030000 		.4byte	.LASF30
 306 0164 07       		.byte	0x7
 307 0165 C5       		.byte	0xc5
 308 0166 57020000 		.4byte	0x257
 309 016a 04       		.byte	0x4
 310 016b 06       		.uleb128 0x6
 311 016c F4000000 		.4byte	.LASF31
 312 0170 07       		.byte	0x7
 313 0171 C7       		.byte	0xc7
 314 0172 05010000 		.4byte	0x105
 315 0176 08       		.byte	0x8
 316 0177 06       		.uleb128 0x6
 317 0178 26060000 		.4byte	.LASF32
 318 017c 07       		.byte	0x7
 319 017d C8       		.byte	0xc8
 320 017e 87040000 		.4byte	0x487
 321 0182 0C       		.byte	0xc
 322 0183 06       		.uleb128 0x6
 323 0184 5E010000 		.4byte	.LASF33
 324 0188 07       		.byte	0x7
 325 0189 CA       		.byte	0xca
 326 018a 57020000 		.4byte	0x257
 327 018e 10       		.byte	0x10
 328 018f 06       		.uleb128 0x6
 329 0190 D6020000 		.4byte	.LASF34
 330 0194 07       		.byte	0x7
 331 0195 CB       		.byte	0xcb
 332 0196 57020000 		.4byte	0x257
 333 019a 14       		.byte	0x14
 334 019b 06       		.uleb128 0x6
 335 019c E2050000 		.4byte	.LASF35
 336 01a0 07       		.byte	0x7
 337 01a1 D2       		.byte	0xd2
 338 01a2 D5060000 		.4byte	0x6d5
 339 01a6 18       		.byte	0x18
 340 01a7 06       		.uleb128 0x6
 341 01a8 9E030000 		.4byte	.LASF36
 342 01ac 07       		.byte	0x7
ARM GAS  /var/folders/m4/4md61f0s1_g0rzfghffqnxvr0000gn/T//cczubyg2.s 			page 7


 343 01ad DD       		.byte	0xdd
 344 01ae E4000000 		.4byte	0xe4
 345 01b2 1C       		.byte	0x1c
 346 01b3 06       		.uleb128 0x6
 347 01b4 CC030000 		.4byte	.LASF37
 348 01b8 07       		.byte	0x7
 349 01b9 E1       		.byte	0xe1
 350 01ba D9000000 		.4byte	0xd9
 351 01be 1D       		.byte	0x1d
 352 01bf 06       		.uleb128 0x6
 353 01c0 BC050000 		.4byte	.LASF38
 354 01c4 07       		.byte	0x7
 355 01c5 E6       		.byte	0xe6
 356 01c6 EF000000 		.4byte	0xef
 357 01ca 1E       		.byte	0x1e
 358 01cb 06       		.uleb128 0x6
 359 01cc A6030000 		.4byte	.LASF39
 360 01d0 07       		.byte	0x7
 361 01d1 EC       		.byte	0xec
 362 01d2 FA000000 		.4byte	0xfa
 363 01d6 1F       		.byte	0x1f
 364 01d7 06       		.uleb128 0x6
 365 01d8 D8010000 		.4byte	.LASF40
 366 01dc 07       		.byte	0x7
 367 01dd F3       		.byte	0xf3
 368 01de E7060000 		.4byte	0x6e7
 369 01e2 20       		.byte	0x20
 370 01e3 07       		.uleb128 0x7
 371 01e4 705F7500 		.ascii	"p_u\000"
 372 01e8 07       		.byte	0x7
 373 01e9 3101     		.2byte	0x131
 374 01eb 10060000 		.4byte	0x610
 375 01ef 24       		.byte	0x24
 376 01f0 08       		.uleb128 0x8
 377 01f1 99020000 		.4byte	.LASF41
 378 01f5 07       		.byte	0x7
 379 01f6 3601     		.2byte	0x136
 380 01f8 5D020000 		.4byte	0x25d
 381 01fc 28       		.byte	0x28
 382 01fd 08       		.uleb128 0x8
 383 01fe EF010000 		.4byte	.LASF42
 384 0202 07       		.byte	0x7
 385 0203 3C01     		.2byte	0x13c
 386 0205 81020000 		.4byte	0x281
 387 0209 2C       		.byte	0x2c
 388 020a 08       		.uleb128 0x8
 389 020b FB050000 		.4byte	.LASF43
 390 020f 07       		.byte	0x7
 391 0210 4001     		.2byte	0x140
 392 0212 10010000 		.4byte	0x110
 393 0216 34       		.byte	0x34
 394 0217 08       		.uleb128 0x8
 395 0218 F2030000 		.4byte	.LASF44
 396 021c 07       		.byte	0x7
 397 021d 4601     		.2byte	0x146
 398 021f 1B010000 		.4byte	0x11b
 399 0223 38       		.byte	0x38
ARM GAS  /var/folders/m4/4md61f0s1_g0rzfghffqnxvr0000gn/T//cczubyg2.s 			page 8


 400 0224 08       		.uleb128 0x8
 401 0225 8A030000 		.4byte	.LASF45
 402 0229 07       		.byte	0x7
 403 022a 4D01     		.2byte	0x14d
 404 022c CF060000 		.4byte	0x6cf
 405 0230 3C       		.byte	0x3c
 406 0231 08       		.uleb128 0x8
 407 0232 5C050000 		.4byte	.LASF46
 408 0236 07       		.byte	0x7
 409 0237 5101     		.2byte	0x151
 410 0239 05010000 		.4byte	0x105
 411 023d 40       		.byte	0x40
 412 023e 08       		.uleb128 0x8
 413 023f 15010000 		.4byte	.LASF47
 414 0243 07       		.byte	0x7
 415 0244 5801     		.2byte	0x158
 416 0246 34030000 		.4byte	0x334
 417 024a 44       		.byte	0x44
 418 024b 00       		.byte	0
 419 024c 03       		.uleb128 0x3
 420 024d AC020000 		.4byte	.LASF48
 421 0251 06       		.byte	0x6
 422 0252 44       		.byte	0x44
 423 0253 57020000 		.4byte	0x257
 424 0257 09       		.uleb128 0x9
 425 0258 04       		.byte	0x4
 426 0259 3C010000 		.4byte	0x13c
 427 025d 03       		.uleb128 0x3
 428 025e 8A020000 		.4byte	.LASF49
 429 0262 06       		.byte	0x6
 430 0263 49       		.byte	0x49
 431 0264 68020000 		.4byte	0x268
 432 0268 05       		.uleb128 0x5
 433 0269 15040000 		.4byte	.LASF51
 434 026d 04       		.byte	0x4
 435 026e 07       		.byte	0x7
 436 026f B0       		.byte	0xb0
 437 0270 81020000 		.4byte	0x281
 438 0274 06       		.uleb128 0x6
 439 0275 C5030000 		.4byte	.LASF29
 440 0279 07       		.byte	0x7
 441 027a B1       		.byte	0xb1
 442 027b 57020000 		.4byte	0x257
 443 027f 00       		.byte	0
 444 0280 00       		.byte	0
 445 0281 03       		.uleb128 0x3
 446 0282 A3050000 		.4byte	.LASF52
 447 0286 06       		.byte	0x6
 448 0287 50       		.byte	0x50
 449 0288 8C020000 		.4byte	0x28c
 450 028c 05       		.uleb128 0x5
 451 028d E3000000 		.4byte	.LASF53
 452 0291 08       		.byte	0x8
 453 0292 07       		.byte	0x7
 454 0293 B7       		.byte	0xb7
 455 0294 B1020000 		.4byte	0x2b1
 456 0298 06       		.uleb128 0x6
ARM GAS  /var/folders/m4/4md61f0s1_g0rzfghffqnxvr0000gn/T//cczubyg2.s 			page 9


 457 0299 C5030000 		.4byte	.LASF29
 458 029d 07       		.byte	0x7
 459 029e B8       		.byte	0xb8
 460 029f 57020000 		.4byte	0x257
 461 02a3 00       		.byte	0
 462 02a4 06       		.uleb128 0x6
 463 02a5 36030000 		.4byte	.LASF30
 464 02a9 07       		.byte	0x7
 465 02aa B9       		.byte	0xb9
 466 02ab 57020000 		.4byte	0x257
 467 02af 04       		.byte	0x4
 468 02b0 00       		.byte	0
 469 02b1 03       		.uleb128 0x3
 470 02b2 3F000000 		.4byte	.LASF54
 471 02b6 06       		.byte	0x6
 472 02b7 57       		.byte	0x57
 473 02b8 BC020000 		.4byte	0x2bc
 474 02bc 0A       		.uleb128 0xa
 475 02bd 54020000 		.4byte	.LASF55
 476 02c1 1C       		.byte	0x1c
 477 02c2 07       		.byte	0x7
 478 02c3 9001     		.2byte	0x190
 479 02c5 18030000 		.4byte	0x318
 480 02c9 08       		.uleb128 0x8
 481 02ca 0D040000 		.4byte	.LASF56
 482 02ce 07       		.byte	0x7
 483 02cf 9101     		.2byte	0x191
 484 02d1 81020000 		.4byte	0x281
 485 02d5 00       		.byte	0
 486 02d6 08       		.uleb128 0x8
 487 02d7 B0030000 		.4byte	.LASF57
 488 02db 07       		.byte	0x7
 489 02dc 9201     		.2byte	0x192
 490 02de 05010000 		.4byte	0x105
 491 02e2 08       		.byte	0x8
 492 02e3 08       		.uleb128 0x8
 493 02e4 DE020000 		.4byte	.LASF58
 494 02e8 07       		.byte	0x7
 495 02e9 9401     		.2byte	0x194
 496 02eb 87040000 		.4byte	0x487
 497 02ef 0C       		.byte	0xc
 498 02f0 08       		.uleb128 0x8
 499 02f1 6E010000 		.4byte	.LASF59
 500 02f5 07       		.byte	0x7
 501 02f6 9701     		.2byte	0x197
 502 02f8 57020000 		.4byte	0x257
 503 02fc 10       		.byte	0x10
 504 02fd 08       		.uleb128 0x8
 505 02fe 0B030000 		.4byte	.LASF60
 506 0302 07       		.byte	0x7
 507 0303 9801     		.2byte	0x198
 508 0305 57020000 		.4byte	0x257
 509 0309 14       		.byte	0x14
 510 030a 08       		.uleb128 0x8
 511 030b 01030000 		.4byte	.LASF61
 512 030f 07       		.byte	0x7
 513 0310 9B01     		.2byte	0x19b
ARM GAS  /var/folders/m4/4md61f0s1_g0rzfghffqnxvr0000gn/T//cczubyg2.s 			page 10


 514 0312 57020000 		.4byte	0x257
 515 0316 18       		.byte	0x18
 516 0317 00       		.byte	0
 517 0318 03       		.uleb128 0x3
 518 0319 67050000 		.4byte	.LASF62
 519 031d 06       		.byte	0x6
 520 031e 5C       		.byte	0x5c
 521 031f 23030000 		.4byte	0x323
 522 0323 09       		.uleb128 0x9
 523 0324 04       		.byte	0x4
 524 0325 29030000 		.4byte	0x329
 525 0329 0B       		.uleb128 0xb
 526 032a 34030000 		.4byte	0x334
 527 032e 0C       		.uleb128 0xc
 528 032f 34030000 		.4byte	0x334
 529 0333 00       		.byte	0
 530 0334 0D       		.uleb128 0xd
 531 0335 04       		.byte	0x4
 532 0336 03       		.uleb128 0x3
 533 0337 26030000 		.4byte	.LASF63
 534 033b 06       		.byte	0x6
 535 033c 61       		.byte	0x61
 536 033d 41030000 		.4byte	0x341
 537 0341 0A       		.uleb128 0xa
 538 0342 D4030000 		.4byte	.LASF64
 539 0346 14       		.byte	0x14
 540 0347 07       		.byte	0x7
 541 0348 6B01     		.2byte	0x16b
 542 034a 90030000 		.4byte	0x390
 543 034e 08       		.uleb128 0x8
 544 034f D0010000 		.4byte	.LASF65
 545 0353 07       		.byte	0x7
 546 0354 6C01     		.2byte	0x16c
 547 0356 EC060000 		.4byte	0x6ec
 548 035a 00       		.byte	0
 549 035b 08       		.uleb128 0x8
 550 035c 7F010000 		.4byte	.LASF66
 551 0360 07       		.byte	0x7
 552 0361 6D01     		.2byte	0x16d
 553 0363 EC060000 		.4byte	0x6ec
 554 0367 04       		.byte	0x4
 555 0368 08       		.uleb128 0x8
 556 0369 E6010000 		.4byte	.LASF67
 557 036d 07       		.byte	0x7
 558 036e 6E01     		.2byte	0x16e
 559 0370 31010000 		.4byte	0x131
 560 0374 08       		.byte	0x8
 561 0375 08       		.uleb128 0x8
 562 0376 2C060000 		.4byte	.LASF68
 563 037a 07       		.byte	0x7
 564 037b 6F01     		.2byte	0x16f
 565 037d 18030000 		.4byte	0x318
 566 0381 0C       		.byte	0xc
 567 0382 08       		.uleb128 0x8
 568 0383 9C050000 		.4byte	.LASF69
 569 0387 07       		.byte	0x7
 570 0388 7101     		.2byte	0x171
ARM GAS  /var/folders/m4/4md61f0s1_g0rzfghffqnxvr0000gn/T//cczubyg2.s 			page 11


 571 038a 34030000 		.4byte	0x334
 572 038e 10       		.byte	0x10
 573 038f 00       		.byte	0
 574 0390 03       		.uleb128 0x3
 575 0391 C0000000 		.4byte	.LASF70
 576 0395 06       		.byte	0x6
 577 0396 66       		.byte	0x66
 578 0397 9B030000 		.4byte	0x39b
 579 039b 0A       		.uleb128 0xa
 580 039c BF020000 		.4byte	.LASF71
 581 03a0 10       		.byte	0x10
 582 03a1 07       		.byte	0x7
 583 03a2 7B01     		.2byte	0x17b
 584 03a4 DD030000 		.4byte	0x3dd
 585 03a8 08       		.uleb128 0x8
 586 03a9 D0010000 		.4byte	.LASF65
 587 03ad 07       		.byte	0x7
 588 03ae 7C01     		.2byte	0x17c
 589 03b0 EC060000 		.4byte	0x6ec
 590 03b4 00       		.byte	0
 591 03b5 08       		.uleb128 0x8
 592 03b6 7F010000 		.4byte	.LASF66
 593 03ba 07       		.byte	0x7
 594 03bb 7E01     		.2byte	0x17e
 595 03bd EC060000 		.4byte	0x6ec
 596 03c1 04       		.byte	0x4
 597 03c2 08       		.uleb128 0x8
 598 03c3 E6010000 		.4byte	.LASF67
 599 03c7 07       		.byte	0x7
 600 03c8 8001     		.2byte	0x180
 601 03ca 31010000 		.4byte	0x131
 602 03ce 08       		.byte	0x8
 603 03cf 08       		.uleb128 0x8
 604 03d0 F0050000 		.4byte	.LASF72
 605 03d4 07       		.byte	0x7
 606 03d5 8201     		.2byte	0x182
 607 03d7 E7060000 		.4byte	0x6e7
 608 03db 0C       		.byte	0xc
 609 03dc 00       		.byte	0
 610 03dd 03       		.uleb128 0x3
 611 03de 79000000 		.4byte	.LASF73
 612 03e2 06       		.byte	0x6
 613 03e3 6B       		.byte	0x6b
 614 03e4 E8030000 		.4byte	0x3e8
 615 03e8 0A       		.uleb128 0xa
 616 03e9 45030000 		.4byte	.LASF74
 617 03ed 04       		.byte	0x4
 618 03ee 07       		.byte	0x7
 619 03ef A201     		.2byte	0x1a2
 620 03f1 03040000 		.4byte	0x403
 621 03f5 08       		.uleb128 0x8
 622 03f6 7B050000 		.4byte	.LASF75
 623 03fa 07       		.byte	0x7
 624 03fb AA01     		.2byte	0x1aa
 625 03fd F2060000 		.4byte	0x6f2
 626 0401 00       		.byte	0
 627 0402 00       		.byte	0
ARM GAS  /var/folders/m4/4md61f0s1_g0rzfghffqnxvr0000gn/T//cczubyg2.s 			page 12


 628 0403 03       		.uleb128 0x3
 629 0404 40020000 		.4byte	.LASF76
 630 0408 06       		.byte	0x6
 631 0409 70       		.byte	0x70
 632 040a 0E040000 		.4byte	0x40e
 633 040e 0E       		.uleb128 0xe
 634 040f 3B010000 		.4byte	.LASF77
 635 0413 5802     		.2byte	0x258
 636 0415 07       		.byte	0x7
 637 0416 C201     		.2byte	0x1c2
 638 0418 6A040000 		.4byte	0x46a
 639 041c 08       		.uleb128 0x8
 640 041d CD050000 		.4byte	.LASF78
 641 0421 07       		.byte	0x7
 642 0422 C601     		.2byte	0x1c6
 643 0424 B1020000 		.4byte	0x2b1
 644 0428 00       		.byte	0
 645 0429 08       		.uleb128 0x8
 646 042a 87010000 		.4byte	.LASF79
 647 042e 07       		.byte	0x7
 648 042f CA01     		.2byte	0x1ca
 649 0431 90030000 		.4byte	0x390
 650 0435 1C       		.byte	0x1c
 651 0436 07       		.uleb128 0x7
 652 0437 64626700 		.ascii	"dbg\000"
 653 043b 07       		.byte	0x7
 654 043c CE01     		.2byte	0x1ce
 655 043e DD030000 		.4byte	0x3dd
 656 0442 2C       		.byte	0x2c
 657 0443 08       		.uleb128 0x8
 658 0444 B5000000 		.4byte	.LASF80
 659 0448 07       		.byte	0x7
 660 0449 D201     		.2byte	0x1d2
 661 044b 3C010000 		.4byte	0x13c
 662 044f 30       		.byte	0x30
 663 0450 07       		.uleb128 0x7
 664 0451 746D00   		.ascii	"tm\000"
 665 0454 07       		.byte	0x7
 666 0455 D701     		.2byte	0x1d7
 667 0457 05060000 		.4byte	0x605
 668 045b 78       		.byte	0x78
 669 045c 08       		.uleb128 0x8
 670 045d AE010000 		.4byte	.LASF81
 671 0461 07       		.byte	0x7
 672 0462 E301     		.2byte	0x1e3
 673 0464 F7060000 		.4byte	0x6f7
 674 0468 80       		.byte	0x80
 675 0469 00       		.byte	0
 676 046a 04       		.uleb128 0x4
 677 046b 04       		.byte	0x4
 678 046c 07       		.byte	0x7
 679 046d A3020000 		.4byte	.LASF82
 680 0471 03       		.uleb128 0x3
 681 0472 76010000 		.4byte	.LASF83
 682 0476 08       		.byte	0x8
 683 0477 65       		.byte	0x65
 684 0478 34030000 		.4byte	0x334
ARM GAS  /var/folders/m4/4md61f0s1_g0rzfghffqnxvr0000gn/T//cczubyg2.s 			page 13


 685 047c 03       		.uleb128 0x3
 686 047d 7F020000 		.4byte	.LASF84
 687 0481 08       		.byte	0x8
 688 0482 6D       		.byte	0x6d
 689 0483 C3000000 		.4byte	0xc3
 690 0487 05       		.uleb128 0x5
 691 0488 8C050000 		.4byte	.LASF85
 692 048c 04       		.byte	0x4
 693 048d 08       		.byte	0x8
 694 048e 89       		.byte	0x89
 695 048f A0040000 		.4byte	0x4a0
 696 0493 0F       		.uleb128 0xf
 697 0494 72313300 		.ascii	"r13\000"
 698 0498 08       		.byte	0x8
 699 0499 8A       		.byte	0x8a
 700 049a EA050000 		.4byte	0x5ea
 701 049e 00       		.byte	0
 702 049f 00       		.byte	0
 703 04a0 05       		.uleb128 0x5
 704 04a1 6D000000 		.4byte	.LASF86
 705 04a5 64       		.byte	0x64
 706 04a6 09       		.byte	0x9
 707 04a7 FD       		.byte	0xfd
 708 04a8 EA050000 		.4byte	0x5ea
 709 04ac 0F       		.uleb128 0xf
 710 04ad 73313600 		.ascii	"s16\000"
 711 04b1 09       		.byte	0x9
 712 04b2 FF       		.byte	0xff
 713 04b3 71040000 		.4byte	0x471
 714 04b7 00       		.byte	0
 715 04b8 07       		.uleb128 0x7
 716 04b9 73313700 		.ascii	"s17\000"
 717 04bd 09       		.byte	0x9
 718 04be 0001     		.2byte	0x100
 719 04c0 71040000 		.4byte	0x471
 720 04c4 04       		.byte	0x4
 721 04c5 07       		.uleb128 0x7
 722 04c6 73313800 		.ascii	"s18\000"
 723 04ca 09       		.byte	0x9
 724 04cb 0101     		.2byte	0x101
 725 04cd 71040000 		.4byte	0x471
 726 04d1 08       		.byte	0x8
 727 04d2 07       		.uleb128 0x7
 728 04d3 73313900 		.ascii	"s19\000"
 729 04d7 09       		.byte	0x9
 730 04d8 0201     		.2byte	0x102
 731 04da 71040000 		.4byte	0x471
 732 04de 0C       		.byte	0xc
 733 04df 07       		.uleb128 0x7
 734 04e0 73323000 		.ascii	"s20\000"
 735 04e4 09       		.byte	0x9
 736 04e5 0301     		.2byte	0x103
 737 04e7 71040000 		.4byte	0x471
 738 04eb 10       		.byte	0x10
 739 04ec 07       		.uleb128 0x7
 740 04ed 73323100 		.ascii	"s21\000"
 741 04f1 09       		.byte	0x9
ARM GAS  /var/folders/m4/4md61f0s1_g0rzfghffqnxvr0000gn/T//cczubyg2.s 			page 14


 742 04f2 0401     		.2byte	0x104
 743 04f4 71040000 		.4byte	0x471
 744 04f8 14       		.byte	0x14
 745 04f9 07       		.uleb128 0x7
 746 04fa 73323200 		.ascii	"s22\000"
 747 04fe 09       		.byte	0x9
 748 04ff 0501     		.2byte	0x105
 749 0501 71040000 		.4byte	0x471
 750 0505 18       		.byte	0x18
 751 0506 07       		.uleb128 0x7
 752 0507 73323300 		.ascii	"s23\000"
 753 050b 09       		.byte	0x9
 754 050c 0601     		.2byte	0x106
 755 050e 71040000 		.4byte	0x471
 756 0512 1C       		.byte	0x1c
 757 0513 07       		.uleb128 0x7
 758 0514 73323400 		.ascii	"s24\000"
 759 0518 09       		.byte	0x9
 760 0519 0701     		.2byte	0x107
 761 051b 71040000 		.4byte	0x471
 762 051f 20       		.byte	0x20
 763 0520 07       		.uleb128 0x7
 764 0521 73323500 		.ascii	"s25\000"
 765 0525 09       		.byte	0x9
 766 0526 0801     		.2byte	0x108
 767 0528 71040000 		.4byte	0x471
 768 052c 24       		.byte	0x24
 769 052d 07       		.uleb128 0x7
 770 052e 73323600 		.ascii	"s26\000"
 771 0532 09       		.byte	0x9
 772 0533 0901     		.2byte	0x109
 773 0535 71040000 		.4byte	0x471
 774 0539 28       		.byte	0x28
 775 053a 07       		.uleb128 0x7
 776 053b 73323700 		.ascii	"s27\000"
 777 053f 09       		.byte	0x9
 778 0540 0A01     		.2byte	0x10a
 779 0542 71040000 		.4byte	0x471
 780 0546 2C       		.byte	0x2c
 781 0547 07       		.uleb128 0x7
 782 0548 73323800 		.ascii	"s28\000"
 783 054c 09       		.byte	0x9
 784 054d 0B01     		.2byte	0x10b
 785 054f 71040000 		.4byte	0x471
 786 0553 30       		.byte	0x30
 787 0554 07       		.uleb128 0x7
 788 0555 73323900 		.ascii	"s29\000"
 789 0559 09       		.byte	0x9
 790 055a 0C01     		.2byte	0x10c
 791 055c 71040000 		.4byte	0x471
 792 0560 34       		.byte	0x34
 793 0561 07       		.uleb128 0x7
 794 0562 73333000 		.ascii	"s30\000"
 795 0566 09       		.byte	0x9
 796 0567 0D01     		.2byte	0x10d
 797 0569 71040000 		.4byte	0x471
 798 056d 38       		.byte	0x38
ARM GAS  /var/folders/m4/4md61f0s1_g0rzfghffqnxvr0000gn/T//cczubyg2.s 			page 15


 799 056e 07       		.uleb128 0x7
 800 056f 73333100 		.ascii	"s31\000"
 801 0573 09       		.byte	0x9
 802 0574 0E01     		.2byte	0x10e
 803 0576 71040000 		.4byte	0x471
 804 057a 3C       		.byte	0x3c
 805 057b 07       		.uleb128 0x7
 806 057c 723400   		.ascii	"r4\000"
 807 057f 09       		.byte	0x9
 808 0580 1001     		.2byte	0x110
 809 0582 71040000 		.4byte	0x471
 810 0586 40       		.byte	0x40
 811 0587 07       		.uleb128 0x7
 812 0588 723500   		.ascii	"r5\000"
 813 058b 09       		.byte	0x9
 814 058c 1101     		.2byte	0x111
 815 058e 71040000 		.4byte	0x471
 816 0592 44       		.byte	0x44
 817 0593 07       		.uleb128 0x7
 818 0594 723600   		.ascii	"r6\000"
 819 0597 09       		.byte	0x9
 820 0598 1201     		.2byte	0x112
 821 059a 71040000 		.4byte	0x471
 822 059e 48       		.byte	0x48
 823 059f 07       		.uleb128 0x7
 824 05a0 723700   		.ascii	"r7\000"
 825 05a3 09       		.byte	0x9
 826 05a4 1301     		.2byte	0x113
 827 05a6 71040000 		.4byte	0x471
 828 05aa 4C       		.byte	0x4c
 829 05ab 07       		.uleb128 0x7
 830 05ac 723800   		.ascii	"r8\000"
 831 05af 09       		.byte	0x9
 832 05b0 1401     		.2byte	0x114
 833 05b2 71040000 		.4byte	0x471
 834 05b6 50       		.byte	0x50
 835 05b7 07       		.uleb128 0x7
 836 05b8 723900   		.ascii	"r9\000"
 837 05bb 09       		.byte	0x9
 838 05bc 1501     		.2byte	0x115
 839 05be 71040000 		.4byte	0x471
 840 05c2 54       		.byte	0x54
 841 05c3 07       		.uleb128 0x7
 842 05c4 72313000 		.ascii	"r10\000"
 843 05c8 09       		.byte	0x9
 844 05c9 1601     		.2byte	0x116
 845 05cb 71040000 		.4byte	0x471
 846 05cf 58       		.byte	0x58
 847 05d0 07       		.uleb128 0x7
 848 05d1 72313100 		.ascii	"r11\000"
 849 05d5 09       		.byte	0x9
 850 05d6 1701     		.2byte	0x117
 851 05d8 71040000 		.4byte	0x471
 852 05dc 5C       		.byte	0x5c
 853 05dd 07       		.uleb128 0x7
 854 05de 6C7200   		.ascii	"lr\000"
 855 05e1 09       		.byte	0x9
ARM GAS  /var/folders/m4/4md61f0s1_g0rzfghffqnxvr0000gn/T//cczubyg2.s 			page 16


 856 05e2 1801     		.2byte	0x118
 857 05e4 71040000 		.4byte	0x471
 858 05e8 60       		.byte	0x60
 859 05e9 00       		.byte	0
 860 05ea 09       		.uleb128 0x9
 861 05eb 04       		.byte	0x4
 862 05ec A0040000 		.4byte	0x4a0
 863 05f0 10       		.uleb128 0x10
 864 05f1 04       		.byte	0x4
 865 05f2 0A       		.byte	0xa
 866 05f3 38       		.byte	0x38
 867 05f4 05060000 		.4byte	0x605
 868 05f8 06       		.uleb128 0x6
 869 05f9 85050000 		.4byte	.LASF87
 870 05fd 0A       		.byte	0xa
 871 05fe 3C       		.byte	0x3c
 872 05ff CE000000 		.4byte	0xce
 873 0603 00       		.byte	0
 874 0604 00       		.byte	0
 875 0605 03       		.uleb128 0x3
 876 0606 E4020000 		.4byte	.LASF88
 877 060a 0A       		.byte	0xa
 878 060b 3D       		.byte	0x3d
 879 060c F0050000 		.4byte	0x5f0
 880 0610 11       		.uleb128 0x11
 881 0611 04       		.byte	0x4
 882 0612 07       		.byte	0x7
 883 0613 FA       		.byte	0xfa
 884 0614 6D060000 		.4byte	0x66d
 885 0618 12       		.uleb128 0x12
 886 0619 53000000 		.4byte	.LASF89
 887 061d 07       		.byte	0x7
 888 061e 0101     		.2byte	0x101
 889 0620 10010000 		.4byte	0x110
 890 0624 12       		.uleb128 0x12
 891 0625 AC000000 		.4byte	.LASF90
 892 0629 07       		.byte	0x7
 893 062a 0801     		.2byte	0x108
 894 062c 10010000 		.4byte	0x110
 895 0630 12       		.uleb128 0x12
 896 0631 DB050000 		.4byte	.LASF91
 897 0635 07       		.byte	0x7
 898 0636 0F01     		.2byte	0x10f
 899 0638 34030000 		.4byte	0x334
 900 063c 12       		.uleb128 0x12
 901 063d 35010000 		.4byte	.LASF92
 902 0641 07       		.byte	0x7
 903 0642 1601     		.2byte	0x116
 904 0644 6D060000 		.4byte	0x66d
 905 0648 12       		.uleb128 0x12
 906 0649 DF010000 		.4byte	.LASF93
 907 064d 07       		.byte	0x7
 908 064e 1E01     		.2byte	0x11e
 909 0650 98060000 		.4byte	0x698
 910 0654 12       		.uleb128 0x12
 911 0655 06040000 		.4byte	.LASF94
 912 0659 07       		.byte	0x7
ARM GAS  /var/folders/m4/4md61f0s1_g0rzfghffqnxvr0000gn/T//cczubyg2.s 			page 17


 913 065a 2701     		.2byte	0x127
 914 065c CF060000 		.4byte	0x6cf
 915 0660 12       		.uleb128 0x12
 916 0661 BE030000 		.4byte	.LASF95
 917 0665 07       		.byte	0x7
 918 0666 2F01     		.2byte	0x12f
 919 0668 1B010000 		.4byte	0x11b
 920 066c 00       		.byte	0
 921 066d 09       		.uleb128 0x9
 922 066e 04       		.byte	0x4
 923 066f 4C020000 		.4byte	0x24c
 924 0673 05       		.uleb128 0x5
 925 0674 E5030000 		.4byte	.LASF96
 926 0678 0C       		.byte	0xc
 927 0679 0B       		.byte	0xb
 928 067a 34       		.byte	0x34
 929 067b 98060000 		.4byte	0x698
 930 067f 06       		.uleb128 0x6
 931 0680 66010000 		.4byte	.LASF97
 932 0684 0B       		.byte	0xb
 933 0685 35       		.byte	0x35
 934 0686 81020000 		.4byte	0x281
 935 068a 00       		.byte	0
 936 068b 06       		.uleb128 0x6
 937 068c 84030000 		.4byte	.LASF98
 938 0690 0B       		.byte	0xb
 939 0691 37       		.byte	0x37
 940 0692 26010000 		.4byte	0x126
 941 0696 08       		.byte	0x8
 942 0697 00       		.byte	0
 943 0698 09       		.uleb128 0x9
 944 0699 04       		.byte	0x4
 945 069a 73060000 		.4byte	0x673
 946 069e 05       		.uleb128 0x5
 947 069f B3050000 		.4byte	.LASF99
 948 06a3 10       		.byte	0x10
 949 06a4 0C       		.byte	0xc
 950 06a5 39       		.byte	0x39
 951 06a6 CF060000 		.4byte	0x6cf
 952 06aa 06       		.uleb128 0x6
 953 06ab 1D010000 		.4byte	.LASF100
 954 06af 0C       		.byte	0xc
 955 06b0 3A       		.byte	0x3a
 956 06b1 81020000 		.4byte	0x281
 957 06b5 00       		.byte	0
 958 06b6 06       		.uleb128 0x6
 959 06b7 0B060000 		.4byte	.LASF101
 960 06bb 0C       		.byte	0xc
 961 06bc 3C       		.byte	0x3c
 962 06bd 57020000 		.4byte	0x257
 963 06c1 08       		.byte	0x8
 964 06c2 06       		.uleb128 0x6
 965 06c3 4B050000 		.4byte	.LASF102
 966 06c7 0C       		.byte	0xc
 967 06c8 3E       		.byte	0x3e
 968 06c9 12070000 		.4byte	0x712
 969 06cd 0C       		.byte	0xc
ARM GAS  /var/folders/m4/4md61f0s1_g0rzfghffqnxvr0000gn/T//cczubyg2.s 			page 18


 970 06ce 00       		.byte	0
 971 06cf 09       		.uleb128 0x9
 972 06d0 04       		.byte	0x4
 973 06d1 9E060000 		.4byte	0x69e
 974 06d5 09       		.uleb128 0x9
 975 06d6 04       		.byte	0x4
 976 06d7 E2060000 		.4byte	0x6e2
 977 06db 04       		.uleb128 0x4
 978 06dc 01       		.byte	0x1
 979 06dd 08       		.byte	0x8
 980 06de 37040000 		.4byte	.LASF103
 981 06e2 13       		.uleb128 0x13
 982 06e3 DB060000 		.4byte	0x6db
 983 06e7 14       		.uleb128 0x14
 984 06e8 31010000 		.4byte	0x131
 985 06ec 09       		.uleb128 0x9
 986 06ed 04       		.byte	0x4
 987 06ee 36030000 		.4byte	0x336
 988 06f2 14       		.uleb128 0x14
 989 06f3 D5060000 		.4byte	0x6d5
 990 06f7 15       		.uleb128 0x15
 991 06f8 7C040000 		.4byte	0x47c
 992 06fc 07070000 		.4byte	0x707
 993 0700 16       		.uleb128 0x16
 994 0701 6A040000 		.4byte	0x46a
 995 0705 3A       		.byte	0x3a
 996 0706 00       		.byte	0
 997 0707 03       		.uleb128 0x3
 998 0708 9F010000 		.4byte	.LASF104
 999 070c 0C       		.byte	0xc
 1000 070d 34       		.byte	0x34
 1001 070e 9E060000 		.4byte	0x69e
 1002 0712 09       		.uleb128 0x9
 1003 0713 04       		.byte	0x4
 1004 0714 07070000 		.4byte	0x707
 1005 0718 04       		.uleb128 0x4
 1006 0719 01       		.byte	0x1
 1007 071a 02       		.byte	0x2
 1008 071b 55030000 		.4byte	.LASF105
 1009 071f 10       		.uleb128 0x10
 1010 0720 1C       		.byte	0x1c
 1011 0721 0D       		.byte	0xd
 1012 0722 F5       		.byte	0xf5
 1013 0723 7E070000 		.4byte	0x77e
 1014 0727 06       		.uleb128 0x6
 1015 0728 25010000 		.4byte	.LASF106
 1016 072c 0D       		.byte	0xd
 1017 072d F7       		.byte	0xf7
 1018 072e B8000000 		.4byte	0xb8
 1019 0732 00       		.byte	0
 1020 0733 06       		.uleb128 0x6
 1021 0734 02020000 		.4byte	.LASF107
 1022 0738 0D       		.byte	0xd
 1023 0739 F9       		.byte	0xf9
 1024 073a B8000000 		.4byte	0xb8
 1025 073e 04       		.byte	0x4
 1026 073f 06       		.uleb128 0x6
ARM GAS  /var/folders/m4/4md61f0s1_g0rzfghffqnxvr0000gn/T//cczubyg2.s 			page 19


 1027 0740 FA010000 		.4byte	.LASF108
 1028 0744 0D       		.byte	0xd
 1029 0745 FB       		.byte	0xfb
 1030 0746 B8000000 		.4byte	0xb8
 1031 074a 08       		.byte	0x8
 1032 074b 06       		.uleb128 0x6
 1033 074c A6000000 		.4byte	.LASF109
 1034 0750 0D       		.byte	0xd
 1035 0751 FD       		.byte	0xfd
 1036 0752 B8000000 		.4byte	0xb8
 1037 0756 0C       		.byte	0xc
 1038 0757 0F       		.uleb128 0xf
 1039 0758 6F647200 		.ascii	"odr\000"
 1040 075c 0D       		.byte	0xd
 1041 075d FF       		.byte	0xff
 1042 075e B8000000 		.4byte	0xb8
 1043 0762 10       		.byte	0x10
 1044 0763 08       		.uleb128 0x8
 1045 0764 7F030000 		.4byte	.LASF110
 1046 0768 0D       		.byte	0xd
 1047 0769 0101     		.2byte	0x101
 1048 076b B8000000 		.4byte	0xb8
 1049 076f 14       		.byte	0x14
 1050 0770 08       		.uleb128 0x8
 1051 0771 F5020000 		.4byte	.LASF111
 1052 0775 0D       		.byte	0xd
 1053 0776 0301     		.2byte	0x103
 1054 0778 B8000000 		.4byte	0xb8
 1055 077c 18       		.byte	0x18
 1056 077d 00       		.byte	0
 1057 077e 17       		.uleb128 0x17
 1058 077f 2C000000 		.4byte	.LASF112
 1059 0783 0D       		.byte	0xd
 1060 0784 0401     		.2byte	0x104
 1061 0786 1F070000 		.4byte	0x71f
 1062 078a 18       		.uleb128 0x18
 1063 078b E0       		.byte	0xe0
 1064 078c 0D       		.byte	0xd
 1065 078d 0D01     		.2byte	0x10d
 1066 078f FC070000 		.4byte	0x7fc
 1067 0793 08       		.uleb128 0x8
 1068 0794 B7030000 		.4byte	.LASF113
 1069 0798 0D       		.byte	0xd
 1070 0799 1001     		.2byte	0x110
 1071 079b 7E070000 		.4byte	0x77e
 1072 079f 00       		.byte	0
 1073 07a0 08       		.uleb128 0x8
 1074 07a1 A7010000 		.4byte	.LASF114
 1075 07a5 0D       		.byte	0xd
 1076 07a6 1401     		.2byte	0x114
 1077 07a8 7E070000 		.4byte	0x77e
 1078 07ac 1C       		.byte	0x1c
 1079 07ad 08       		.uleb128 0x8
 1080 07ae E9050000 		.4byte	.LASF115
 1081 07b2 0D       		.byte	0xd
 1082 07b3 1801     		.2byte	0x118
 1083 07b5 7E070000 		.4byte	0x77e
ARM GAS  /var/folders/m4/4md61f0s1_g0rzfghffqnxvr0000gn/T//cczubyg2.s 			page 20


 1084 07b9 38       		.byte	0x38
 1085 07ba 08       		.uleb128 0x8
 1086 07bb FA020000 		.4byte	.LASF116
 1087 07bf 0D       		.byte	0xd
 1088 07c0 1C01     		.2byte	0x11c
 1089 07c2 7E070000 		.4byte	0x77e
 1090 07c6 54       		.byte	0x54
 1091 07c7 08       		.uleb128 0x8
 1092 07c8 4E010000 		.4byte	.LASF117
 1093 07cc 0D       		.byte	0xd
 1094 07cd 2001     		.2byte	0x120
 1095 07cf 7E070000 		.4byte	0x77e
 1096 07d3 70       		.byte	0x70
 1097 07d4 08       		.uleb128 0x8
 1098 07d5 29020000 		.4byte	.LASF118
 1099 07d9 0D       		.byte	0xd
 1100 07da 2401     		.2byte	0x124
 1101 07dc 7E070000 		.4byte	0x77e
 1102 07e0 8C       		.byte	0x8c
 1103 07e1 08       		.uleb128 0x8
 1104 07e2 78020000 		.4byte	.LASF119
 1105 07e6 0D       		.byte	0xd
 1106 07e7 2801     		.2byte	0x128
 1107 07e9 7E070000 		.4byte	0x77e
 1108 07ed A8       		.byte	0xa8
 1109 07ee 08       		.uleb128 0x8
 1110 07ef 88000000 		.4byte	.LASF120
 1111 07f3 0D       		.byte	0xd
 1112 07f4 2C01     		.2byte	0x12c
 1113 07f6 7E070000 		.4byte	0x77e
 1114 07fa C4       		.byte	0xc4
 1115 07fb 00       		.byte	0
 1116 07fc 17       		.uleb128 0x17
 1117 07fd 01060000 		.4byte	.LASF121
 1118 0801 0D       		.byte	0xd
 1119 0802 3A01     		.2byte	0x13a
 1120 0804 8A070000 		.4byte	0x78a
 1121 0808 19       		.uleb128 0x19
 1122 0809 09020000 		.4byte	.LASF127
 1123 080d 01       		.byte	0x1
 1124 080e 46       		.byte	0x46
 1125 080f 00000000 		.4byte	.LFB268
 1126 0813 04000000 		.4byte	.LFE268-.LFB268
 1127 0817 01       		.uleb128 0x1
 1128 0818 9C       		.byte	0x9c
 1129 0819 27080000 		.4byte	0x827
 1130 081d 1A       		.uleb128 0x1a
 1131 081e 04000000 		.4byte	.LVL0
 1132 0822 6A080000 		.4byte	0x86a
 1133 0826 00       		.byte	0
 1134 0827 1B       		.uleb128 0x1b
 1135 0828 C3050000 		.4byte	.LASF128
 1136 082c 01       		.byte	0x1
 1137 082d 7B       		.byte	0x7b
 1138 082e 00000000 		.4byte	.LFB269
 1139 0832 02000000 		.4byte	.LFE269-.LFB269
 1140 0836 01       		.uleb128 0x1
ARM GAS  /var/folders/m4/4md61f0s1_g0rzfghffqnxvr0000gn/T//cczubyg2.s 			page 21


 1141 0837 9C       		.byte	0x9c
 1142 0838 1C       		.uleb128 0x1c
 1143 0839 D6000000 		.4byte	.LASF122
 1144 083d 0E       		.byte	0xe
 1145 083e FA06     		.2byte	0x6fa
 1146 0840 44080000 		.4byte	0x844
 1147 0844 14       		.uleb128 0x14
 1148 0845 AD000000 		.4byte	0xad
 1149 0849 1D       		.uleb128 0x1d
 1150 084a 636800   		.ascii	"ch\000"
 1151 084d 07       		.byte	0x7
 1152 084e 0902     		.2byte	0x209
 1153 0850 03040000 		.4byte	0x403
 1154 0854 1E       		.uleb128 0x1e
 1155 0855 13060000 		.4byte	.LASF123
 1156 0859 01       		.byte	0x1
 1157 085a 19       		.byte	0x19
 1158 085b 65080000 		.4byte	0x865
 1159 085f 05       		.uleb128 0x5
 1160 0860 03       		.byte	0x3
 1161 0861 00000000 		.4byte	pal_default_config
 1162 0865 13       		.uleb128 0x13
 1163 0866 FC070000 		.4byte	0x7fc
 1164 086a 1F       		.uleb128 0x1f
 1165 086b 8E010000 		.4byte	.LASF129
 1166 086f 8E010000 		.4byte	.LASF129
 1167 0873 0F       		.byte	0xf
 1168 0874 2106     		.2byte	0x621
 1169 0876 00       		.byte	0
 1170              		.section	.debug_abbrev,"",%progbits
 1171              	.Ldebug_abbrev0:
 1172 0000 01       		.uleb128 0x1
 1173 0001 11       		.uleb128 0x11
 1174 0002 01       		.byte	0x1
 1175 0003 25       		.uleb128 0x25
 1176 0004 0E       		.uleb128 0xe
 1177 0005 13       		.uleb128 0x13
 1178 0006 0B       		.uleb128 0xb
 1179 0007 03       		.uleb128 0x3
 1180 0008 0E       		.uleb128 0xe
 1181 0009 1B       		.uleb128 0x1b
 1182 000a 0E       		.uleb128 0xe
 1183 000b 55       		.uleb128 0x55
 1184 000c 17       		.uleb128 0x17
 1185 000d 11       		.uleb128 0x11
 1186 000e 01       		.uleb128 0x1
 1187 000f 10       		.uleb128 0x10
 1188 0010 17       		.uleb128 0x17
 1189 0011 00       		.byte	0
 1190 0012 00       		.byte	0
 1191 0013 02       		.uleb128 0x2
 1192 0014 24       		.uleb128 0x24
 1193 0015 00       		.byte	0
 1194 0016 0B       		.uleb128 0xb
 1195 0017 0B       		.uleb128 0xb
 1196 0018 3E       		.uleb128 0x3e
 1197 0019 0B       		.uleb128 0xb
ARM GAS  /var/folders/m4/4md61f0s1_g0rzfghffqnxvr0000gn/T//cczubyg2.s 			page 22


 1198 001a 03       		.uleb128 0x3
 1199 001b 08       		.uleb128 0x8
 1200 001c 00       		.byte	0
 1201 001d 00       		.byte	0
 1202 001e 03       		.uleb128 0x3
 1203 001f 16       		.uleb128 0x16
 1204 0020 00       		.byte	0
 1205 0021 03       		.uleb128 0x3
 1206 0022 0E       		.uleb128 0xe
 1207 0023 3A       		.uleb128 0x3a
 1208 0024 0B       		.uleb128 0xb
 1209 0025 3B       		.uleb128 0x3b
 1210 0026 0B       		.uleb128 0xb
 1211 0027 49       		.uleb128 0x49
 1212 0028 13       		.uleb128 0x13
 1213 0029 00       		.byte	0
 1214 002a 00       		.byte	0
 1215 002b 04       		.uleb128 0x4
 1216 002c 24       		.uleb128 0x24
 1217 002d 00       		.byte	0
 1218 002e 0B       		.uleb128 0xb
 1219 002f 0B       		.uleb128 0xb
 1220 0030 3E       		.uleb128 0x3e
 1221 0031 0B       		.uleb128 0xb
 1222 0032 03       		.uleb128 0x3
 1223 0033 0E       		.uleb128 0xe
 1224 0034 00       		.byte	0
 1225 0035 00       		.byte	0
 1226 0036 05       		.uleb128 0x5
 1227 0037 13       		.uleb128 0x13
 1228 0038 01       		.byte	0x1
 1229 0039 03       		.uleb128 0x3
 1230 003a 0E       		.uleb128 0xe
 1231 003b 0B       		.uleb128 0xb
 1232 003c 0B       		.uleb128 0xb
 1233 003d 3A       		.uleb128 0x3a
 1234 003e 0B       		.uleb128 0xb
 1235 003f 3B       		.uleb128 0x3b
 1236 0040 0B       		.uleb128 0xb
 1237 0041 01       		.uleb128 0x1
 1238 0042 13       		.uleb128 0x13
 1239 0043 00       		.byte	0
 1240 0044 00       		.byte	0
 1241 0045 06       		.uleb128 0x6
 1242 0046 0D       		.uleb128 0xd
 1243 0047 00       		.byte	0
 1244 0048 03       		.uleb128 0x3
 1245 0049 0E       		.uleb128 0xe
 1246 004a 3A       		.uleb128 0x3a
 1247 004b 0B       		.uleb128 0xb
 1248 004c 3B       		.uleb128 0x3b
 1249 004d 0B       		.uleb128 0xb
 1250 004e 49       		.uleb128 0x49
 1251 004f 13       		.uleb128 0x13
 1252 0050 38       		.uleb128 0x38
 1253 0051 0B       		.uleb128 0xb
 1254 0052 00       		.byte	0
ARM GAS  /var/folders/m4/4md61f0s1_g0rzfghffqnxvr0000gn/T//cczubyg2.s 			page 23


 1255 0053 00       		.byte	0
 1256 0054 07       		.uleb128 0x7
 1257 0055 0D       		.uleb128 0xd
 1258 0056 00       		.byte	0
 1259 0057 03       		.uleb128 0x3
 1260 0058 08       		.uleb128 0x8
 1261 0059 3A       		.uleb128 0x3a
 1262 005a 0B       		.uleb128 0xb
 1263 005b 3B       		.uleb128 0x3b
 1264 005c 05       		.uleb128 0x5
 1265 005d 49       		.uleb128 0x49
 1266 005e 13       		.uleb128 0x13
 1267 005f 38       		.uleb128 0x38
 1268 0060 0B       		.uleb128 0xb
 1269 0061 00       		.byte	0
 1270 0062 00       		.byte	0
 1271 0063 08       		.uleb128 0x8
 1272 0064 0D       		.uleb128 0xd
 1273 0065 00       		.byte	0
 1274 0066 03       		.uleb128 0x3
 1275 0067 0E       		.uleb128 0xe
 1276 0068 3A       		.uleb128 0x3a
 1277 0069 0B       		.uleb128 0xb
 1278 006a 3B       		.uleb128 0x3b
 1279 006b 05       		.uleb128 0x5
 1280 006c 49       		.uleb128 0x49
 1281 006d 13       		.uleb128 0x13
 1282 006e 38       		.uleb128 0x38
 1283 006f 0B       		.uleb128 0xb
 1284 0070 00       		.byte	0
 1285 0071 00       		.byte	0
 1286 0072 09       		.uleb128 0x9
 1287 0073 0F       		.uleb128 0xf
 1288 0074 00       		.byte	0
 1289 0075 0B       		.uleb128 0xb
 1290 0076 0B       		.uleb128 0xb
 1291 0077 49       		.uleb128 0x49
 1292 0078 13       		.uleb128 0x13
 1293 0079 00       		.byte	0
 1294 007a 00       		.byte	0
 1295 007b 0A       		.uleb128 0xa
 1296 007c 13       		.uleb128 0x13
 1297 007d 01       		.byte	0x1
 1298 007e 03       		.uleb128 0x3
 1299 007f 0E       		.uleb128 0xe
 1300 0080 0B       		.uleb128 0xb
 1301 0081 0B       		.uleb128 0xb
 1302 0082 3A       		.uleb128 0x3a
 1303 0083 0B       		.uleb128 0xb
 1304 0084 3B       		.uleb128 0x3b
 1305 0085 05       		.uleb128 0x5
 1306 0086 01       		.uleb128 0x1
 1307 0087 13       		.uleb128 0x13
 1308 0088 00       		.byte	0
 1309 0089 00       		.byte	0
 1310 008a 0B       		.uleb128 0xb
 1311 008b 15       		.uleb128 0x15
ARM GAS  /var/folders/m4/4md61f0s1_g0rzfghffqnxvr0000gn/T//cczubyg2.s 			page 24


 1312 008c 01       		.byte	0x1
 1313 008d 27       		.uleb128 0x27
 1314 008e 19       		.uleb128 0x19
 1315 008f 01       		.uleb128 0x1
 1316 0090 13       		.uleb128 0x13
 1317 0091 00       		.byte	0
 1318 0092 00       		.byte	0
 1319 0093 0C       		.uleb128 0xc
 1320 0094 05       		.uleb128 0x5
 1321 0095 00       		.byte	0
 1322 0096 49       		.uleb128 0x49
 1323 0097 13       		.uleb128 0x13
 1324 0098 00       		.byte	0
 1325 0099 00       		.byte	0
 1326 009a 0D       		.uleb128 0xd
 1327 009b 0F       		.uleb128 0xf
 1328 009c 00       		.byte	0
 1329 009d 0B       		.uleb128 0xb
 1330 009e 0B       		.uleb128 0xb
 1331 009f 00       		.byte	0
 1332 00a0 00       		.byte	0
 1333 00a1 0E       		.uleb128 0xe
 1334 00a2 13       		.uleb128 0x13
 1335 00a3 01       		.byte	0x1
 1336 00a4 03       		.uleb128 0x3
 1337 00a5 0E       		.uleb128 0xe
 1338 00a6 0B       		.uleb128 0xb
 1339 00a7 05       		.uleb128 0x5
 1340 00a8 3A       		.uleb128 0x3a
 1341 00a9 0B       		.uleb128 0xb
 1342 00aa 3B       		.uleb128 0x3b
 1343 00ab 05       		.uleb128 0x5
 1344 00ac 01       		.uleb128 0x1
 1345 00ad 13       		.uleb128 0x13
 1346 00ae 00       		.byte	0
 1347 00af 00       		.byte	0
 1348 00b0 0F       		.uleb128 0xf
 1349 00b1 0D       		.uleb128 0xd
 1350 00b2 00       		.byte	0
 1351 00b3 03       		.uleb128 0x3
 1352 00b4 08       		.uleb128 0x8
 1353 00b5 3A       		.uleb128 0x3a
 1354 00b6 0B       		.uleb128 0xb
 1355 00b7 3B       		.uleb128 0x3b
 1356 00b8 0B       		.uleb128 0xb
 1357 00b9 49       		.uleb128 0x49
 1358 00ba 13       		.uleb128 0x13
 1359 00bb 38       		.uleb128 0x38
 1360 00bc 0B       		.uleb128 0xb
 1361 00bd 00       		.byte	0
 1362 00be 00       		.byte	0
 1363 00bf 10       		.uleb128 0x10
 1364 00c0 13       		.uleb128 0x13
 1365 00c1 01       		.byte	0x1
 1366 00c2 0B       		.uleb128 0xb
 1367 00c3 0B       		.uleb128 0xb
 1368 00c4 3A       		.uleb128 0x3a
ARM GAS  /var/folders/m4/4md61f0s1_g0rzfghffqnxvr0000gn/T//cczubyg2.s 			page 25


 1369 00c5 0B       		.uleb128 0xb
 1370 00c6 3B       		.uleb128 0x3b
 1371 00c7 0B       		.uleb128 0xb
 1372 00c8 01       		.uleb128 0x1
 1373 00c9 13       		.uleb128 0x13
 1374 00ca 00       		.byte	0
 1375 00cb 00       		.byte	0
 1376 00cc 11       		.uleb128 0x11
 1377 00cd 17       		.uleb128 0x17
 1378 00ce 01       		.byte	0x1
 1379 00cf 0B       		.uleb128 0xb
 1380 00d0 0B       		.uleb128 0xb
 1381 00d1 3A       		.uleb128 0x3a
 1382 00d2 0B       		.uleb128 0xb
 1383 00d3 3B       		.uleb128 0x3b
 1384 00d4 0B       		.uleb128 0xb
 1385 00d5 01       		.uleb128 0x1
 1386 00d6 13       		.uleb128 0x13
 1387 00d7 00       		.byte	0
 1388 00d8 00       		.byte	0
 1389 00d9 12       		.uleb128 0x12
 1390 00da 0D       		.uleb128 0xd
 1391 00db 00       		.byte	0
 1392 00dc 03       		.uleb128 0x3
 1393 00dd 0E       		.uleb128 0xe
 1394 00de 3A       		.uleb128 0x3a
 1395 00df 0B       		.uleb128 0xb
 1396 00e0 3B       		.uleb128 0x3b
 1397 00e1 05       		.uleb128 0x5
 1398 00e2 49       		.uleb128 0x49
 1399 00e3 13       		.uleb128 0x13
 1400 00e4 00       		.byte	0
 1401 00e5 00       		.byte	0
 1402 00e6 13       		.uleb128 0x13
 1403 00e7 26       		.uleb128 0x26
 1404 00e8 00       		.byte	0
 1405 00e9 49       		.uleb128 0x49
 1406 00ea 13       		.uleb128 0x13
 1407 00eb 00       		.byte	0
 1408 00ec 00       		.byte	0
 1409 00ed 14       		.uleb128 0x14
 1410 00ee 35       		.uleb128 0x35
 1411 00ef 00       		.byte	0
 1412 00f0 49       		.uleb128 0x49
 1413 00f1 13       		.uleb128 0x13
 1414 00f2 00       		.byte	0
 1415 00f3 00       		.byte	0
 1416 00f4 15       		.uleb128 0x15
 1417 00f5 01       		.uleb128 0x1
 1418 00f6 01       		.byte	0x1
 1419 00f7 49       		.uleb128 0x49
 1420 00f8 13       		.uleb128 0x13
 1421 00f9 01       		.uleb128 0x1
 1422 00fa 13       		.uleb128 0x13
 1423 00fb 00       		.byte	0
 1424 00fc 00       		.byte	0
 1425 00fd 16       		.uleb128 0x16
ARM GAS  /var/folders/m4/4md61f0s1_g0rzfghffqnxvr0000gn/T//cczubyg2.s 			page 26


 1426 00fe 21       		.uleb128 0x21
 1427 00ff 00       		.byte	0
 1428 0100 49       		.uleb128 0x49
 1429 0101 13       		.uleb128 0x13
 1430 0102 2F       		.uleb128 0x2f
 1431 0103 0B       		.uleb128 0xb
 1432 0104 00       		.byte	0
 1433 0105 00       		.byte	0
 1434 0106 17       		.uleb128 0x17
 1435 0107 16       		.uleb128 0x16
 1436 0108 00       		.byte	0
 1437 0109 03       		.uleb128 0x3
 1438 010a 0E       		.uleb128 0xe
 1439 010b 3A       		.uleb128 0x3a
 1440 010c 0B       		.uleb128 0xb
 1441 010d 3B       		.uleb128 0x3b
 1442 010e 05       		.uleb128 0x5
 1443 010f 49       		.uleb128 0x49
 1444 0110 13       		.uleb128 0x13
 1445 0111 00       		.byte	0
 1446 0112 00       		.byte	0
 1447 0113 18       		.uleb128 0x18
 1448 0114 13       		.uleb128 0x13
 1449 0115 01       		.byte	0x1
 1450 0116 0B       		.uleb128 0xb
 1451 0117 0B       		.uleb128 0xb
 1452 0118 3A       		.uleb128 0x3a
 1453 0119 0B       		.uleb128 0xb
 1454 011a 3B       		.uleb128 0x3b
 1455 011b 05       		.uleb128 0x5
 1456 011c 01       		.uleb128 0x1
 1457 011d 13       		.uleb128 0x13
 1458 011e 00       		.byte	0
 1459 011f 00       		.byte	0
 1460 0120 19       		.uleb128 0x19
 1461 0121 2E       		.uleb128 0x2e
 1462 0122 01       		.byte	0x1
 1463 0123 3F       		.uleb128 0x3f
 1464 0124 19       		.uleb128 0x19
 1465 0125 03       		.uleb128 0x3
 1466 0126 0E       		.uleb128 0xe
 1467 0127 3A       		.uleb128 0x3a
 1468 0128 0B       		.uleb128 0xb
 1469 0129 3B       		.uleb128 0x3b
 1470 012a 0B       		.uleb128 0xb
 1471 012b 27       		.uleb128 0x27
 1472 012c 19       		.uleb128 0x19
 1473 012d 11       		.uleb128 0x11
 1474 012e 01       		.uleb128 0x1
 1475 012f 12       		.uleb128 0x12
 1476 0130 06       		.uleb128 0x6
 1477 0131 40       		.uleb128 0x40
 1478 0132 18       		.uleb128 0x18
 1479 0133 9742     		.uleb128 0x2117
 1480 0135 19       		.uleb128 0x19
 1481 0136 01       		.uleb128 0x1
 1482 0137 13       		.uleb128 0x13
ARM GAS  /var/folders/m4/4md61f0s1_g0rzfghffqnxvr0000gn/T//cczubyg2.s 			page 27


 1483 0138 00       		.byte	0
 1484 0139 00       		.byte	0
 1485 013a 1A       		.uleb128 0x1a
 1486 013b 898201   		.uleb128 0x4109
 1487 013e 00       		.byte	0
 1488 013f 11       		.uleb128 0x11
 1489 0140 01       		.uleb128 0x1
 1490 0141 9542     		.uleb128 0x2115
 1491 0143 19       		.uleb128 0x19
 1492 0144 31       		.uleb128 0x31
 1493 0145 13       		.uleb128 0x13
 1494 0146 00       		.byte	0
 1495 0147 00       		.byte	0
 1496 0148 1B       		.uleb128 0x1b
 1497 0149 2E       		.uleb128 0x2e
 1498 014a 00       		.byte	0
 1499 014b 3F       		.uleb128 0x3f
 1500 014c 19       		.uleb128 0x19
 1501 014d 03       		.uleb128 0x3
 1502 014e 0E       		.uleb128 0xe
 1503 014f 3A       		.uleb128 0x3a
 1504 0150 0B       		.uleb128 0xb
 1505 0151 3B       		.uleb128 0x3b
 1506 0152 0B       		.uleb128 0xb
 1507 0153 27       		.uleb128 0x27
 1508 0154 19       		.uleb128 0x19
 1509 0155 11       		.uleb128 0x11
 1510 0156 01       		.uleb128 0x1
 1511 0157 12       		.uleb128 0x12
 1512 0158 06       		.uleb128 0x6
 1513 0159 40       		.uleb128 0x40
 1514 015a 18       		.uleb128 0x18
 1515 015b 9742     		.uleb128 0x2117
 1516 015d 19       		.uleb128 0x19
 1517 015e 00       		.byte	0
 1518 015f 00       		.byte	0
 1519 0160 1C       		.uleb128 0x1c
 1520 0161 34       		.uleb128 0x34
 1521 0162 00       		.byte	0
 1522 0163 03       		.uleb128 0x3
 1523 0164 0E       		.uleb128 0xe
 1524 0165 3A       		.uleb128 0x3a
 1525 0166 0B       		.uleb128 0xb
 1526 0167 3B       		.uleb128 0x3b
 1527 0168 05       		.uleb128 0x5
 1528 0169 49       		.uleb128 0x49
 1529 016a 13       		.uleb128 0x13
 1530 016b 3F       		.uleb128 0x3f
 1531 016c 19       		.uleb128 0x19
 1532 016d 3C       		.uleb128 0x3c
 1533 016e 19       		.uleb128 0x19
 1534 016f 00       		.byte	0
 1535 0170 00       		.byte	0
 1536 0171 1D       		.uleb128 0x1d
 1537 0172 34       		.uleb128 0x34
 1538 0173 00       		.byte	0
 1539 0174 03       		.uleb128 0x3
ARM GAS  /var/folders/m4/4md61f0s1_g0rzfghffqnxvr0000gn/T//cczubyg2.s 			page 28


 1540 0175 08       		.uleb128 0x8
 1541 0176 3A       		.uleb128 0x3a
 1542 0177 0B       		.uleb128 0xb
 1543 0178 3B       		.uleb128 0x3b
 1544 0179 05       		.uleb128 0x5
 1545 017a 49       		.uleb128 0x49
 1546 017b 13       		.uleb128 0x13
 1547 017c 3F       		.uleb128 0x3f
 1548 017d 19       		.uleb128 0x19
 1549 017e 3C       		.uleb128 0x3c
 1550 017f 19       		.uleb128 0x19
 1551 0180 00       		.byte	0
 1552 0181 00       		.byte	0
 1553 0182 1E       		.uleb128 0x1e
 1554 0183 34       		.uleb128 0x34
 1555 0184 00       		.byte	0
 1556 0185 03       		.uleb128 0x3
 1557 0186 0E       		.uleb128 0xe
 1558 0187 3A       		.uleb128 0x3a
 1559 0188 0B       		.uleb128 0xb
 1560 0189 3B       		.uleb128 0x3b
 1561 018a 0B       		.uleb128 0xb
 1562 018b 49       		.uleb128 0x49
 1563 018c 13       		.uleb128 0x13
 1564 018d 3F       		.uleb128 0x3f
 1565 018e 19       		.uleb128 0x19
 1566 018f 02       		.uleb128 0x2
 1567 0190 18       		.uleb128 0x18
 1568 0191 00       		.byte	0
 1569 0192 00       		.byte	0
 1570 0193 1F       		.uleb128 0x1f
 1571 0194 2E       		.uleb128 0x2e
 1572 0195 00       		.byte	0
 1573 0196 3F       		.uleb128 0x3f
 1574 0197 19       		.uleb128 0x19
 1575 0198 3C       		.uleb128 0x3c
 1576 0199 19       		.uleb128 0x19
 1577 019a 6E       		.uleb128 0x6e
 1578 019b 0E       		.uleb128 0xe
 1579 019c 03       		.uleb128 0x3
 1580 019d 0E       		.uleb128 0xe
 1581 019e 3A       		.uleb128 0x3a
 1582 019f 0B       		.uleb128 0xb
 1583 01a0 3B       		.uleb128 0x3b
 1584 01a1 05       		.uleb128 0x5
 1585 01a2 00       		.byte	0
 1586 01a3 00       		.byte	0
 1587 01a4 00       		.byte	0
 1588              		.section	.debug_aranges,"",%progbits
 1589 0000 24000000 		.4byte	0x24
 1590 0004 0200     		.2byte	0x2
 1591 0006 00000000 		.4byte	.Ldebug_info0
 1592 000a 04       		.byte	0x4
 1593 000b 00       		.byte	0
 1594 000c 0000     		.2byte	0
 1595 000e 0000     		.2byte	0
 1596 0010 00000000 		.4byte	.LFB268
ARM GAS  /var/folders/m4/4md61f0s1_g0rzfghffqnxvr0000gn/T//cczubyg2.s 			page 29


 1597 0014 04000000 		.4byte	.LFE268-.LFB268
 1598 0018 00000000 		.4byte	.LFB269
 1599 001c 02000000 		.4byte	.LFE269-.LFB269
 1600 0020 00000000 		.4byte	0
 1601 0024 00000000 		.4byte	0
 1602              		.section	.debug_ranges,"",%progbits
 1603              	.Ldebug_ranges0:
 1604 0000 00000000 		.4byte	.LFB268
 1605 0004 04000000 		.4byte	.LFE268
 1606 0008 00000000 		.4byte	.LFB269
 1607 000c 02000000 		.4byte	.LFE269
 1608 0010 00000000 		.4byte	0
 1609 0014 00000000 		.4byte	0
 1610              		.section	.debug_line,"",%progbits
 1611              	.Ldebug_line0:
 1612 0000 67030000 		.section	.debug_str,"MS",%progbits,1
 1612      02004003 
 1612      00000201 
 1612      FB0E0D00 
 1612      01010101 
 1613              	.LASF126:
 1614 0000 2F557365 		.ascii	"/Users/raphael/Documents/pcb-quadrotor/code\000"
 1614      72732F72 
 1614      61706861 
 1614      656C2F44 
 1614      6F63756D 
 1615              	.LASF112:
 1616 002c 73746D33 		.ascii	"stm32_gpio_setup_t\000"
 1616      325F6770 
 1616      696F5F73 
 1616      65747570 
 1616      5F7400
 1617              	.LASF54:
 1618 003f 72656164 		.ascii	"ready_list_t\000"
 1618      795F6C69 
 1618      73745F74 
 1618      00
 1619              	.LASF2:
 1620 004c 73697A65 		.ascii	"size_t\000"
 1620      5F7400
 1621              	.LASF89:
 1622 0053 7264796D 		.ascii	"rdymsg\000"
 1622      736700
 1623              	.LASF17:
 1624 005a 75696E74 		.ascii	"uint64_t\000"
 1624      36345F74 
 1624      00
 1625              	.LASF3:
 1626 0063 5F5F7569 		.ascii	"__uint8_t\000"
 1626      6E74385F 
 1626      7400
 1627              	.LASF86:
 1628 006d 706F7274 		.ascii	"port_intctx\000"
 1628      5F696E74 
 1628      63747800 
 1629              	.LASF73:
 1630 0079 73797374 		.ascii	"system_debug_t\000"
ARM GAS  /var/folders/m4/4md61f0s1_g0rzfghffqnxvr0000gn/T//cczubyg2.s 			page 30


 1630      656D5F64 
 1630      65627567 
 1630      5F7400
 1631              	.LASF120:
 1632 0088 50484461 		.ascii	"PHData\000"
 1632      746100
 1633              	.LASF13:
 1634 008f 6C6F6E67 		.ascii	"long long unsigned int\000"
 1634      206C6F6E 
 1634      6720756E 
 1634      7369676E 
 1634      65642069 
 1635              	.LASF109:
 1636 00a6 70757064 		.ascii	"pupdr\000"
 1636      7200
 1637              	.LASF90:
 1638 00ac 65786974 		.ascii	"exitcode\000"
 1638      636F6465 
 1638      00
 1639              	.LASF80:
 1640 00b5 6D61696E 		.ascii	"mainthread\000"
 1640      74687265 
 1640      616400
 1641              	.LASF70:
 1642 00c0 76697274 		.ascii	"virtual_timers_list_t\000"
 1642      75616C5F 
 1642      74696D65 
 1642      72735F6C 
 1642      6973745F 
 1643              	.LASF122:
 1644 00d6 49544D5F 		.ascii	"ITM_RxBuffer\000"
 1644      52784275 
 1644      66666572 
 1644      00
 1645              	.LASF53:
 1646 00e3 63685F74 		.ascii	"ch_threads_queue\000"
 1646      68726561 
 1646      64735F71 
 1646      75657565 
 1646      00
 1647              	.LASF31:
 1648 00f4 705F7072 		.ascii	"p_prio\000"
 1648      696F00
 1649              	.LASF11:
 1650 00fb 6C6F6E67 		.ascii	"long long int\000"
 1650      206C6F6E 
 1650      6720696E 
 1650      7400
 1651              	.LASF1:
 1652 0109 7369676E 		.ascii	"signed char\000"
 1652      65642063 
 1652      68617200 
 1653              	.LASF47:
 1654 0115 705F6D70 		.ascii	"p_mpool\000"
 1654      6F6F6C00 
 1655              	.LASF100:
 1656 011d 6D5F7175 		.ascii	"m_queue\000"
ARM GAS  /var/folders/m4/4md61f0s1_g0rzfghffqnxvr0000gn/T//cczubyg2.s 			page 31


 1656      65756500 
 1657              	.LASF106:
 1658 0125 6D6F6465 		.ascii	"moder\000"
 1658      7200
 1659              	.LASF22:
 1660 012b 74736C69 		.ascii	"tslices_t\000"
 1660      6365735F 
 1660      7400
 1661              	.LASF92:
 1662 0135 77747472 		.ascii	"wttrp\000"
 1662      7000
 1663              	.LASF77:
 1664 013b 63685F73 		.ascii	"ch_system\000"
 1664      79737465 
 1664      6D00
 1665              	.LASF8:
 1666 0145 6C6F6E67 		.ascii	"long int\000"
 1666      20696E74 
 1666      00
 1667              	.LASF117:
 1668 014e 50454461 		.ascii	"PEData\000"
 1668      746100
 1669              	.LASF20:
 1670 0155 74737461 		.ascii	"tstate_t\000"
 1670      74655F74 
 1670      00
 1671              	.LASF33:
 1672 015e 705F6E65 		.ascii	"p_newer\000"
 1672      77657200 
 1673              	.LASF97:
 1674 0166 735F7175 		.ascii	"s_queue\000"
 1674      65756500 
 1675              	.LASF59:
 1676 016e 725F6E65 		.ascii	"r_newer\000"
 1676      77657200 
 1677              	.LASF83:
 1678 0176 72656761 		.ascii	"regarm_t\000"
 1678      726D5F74 
 1678      00
 1679              	.LASF66:
 1680 017f 76745F70 		.ascii	"vt_prev\000"
 1680      72657600 
 1681              	.LASF79:
 1682 0187 76746C69 		.ascii	"vtlist\000"
 1682      737400
 1683              	.LASF129:
 1684 018e 73746D33 		.ascii	"stm32_clock_init\000"
 1684      325F636C 
 1684      6F636B5F 
 1684      696E6974 
 1684      00
 1685              	.LASF104:
 1686 019f 6D757465 		.ascii	"mutex_t\000"
 1686      785F7400 
 1687              	.LASF114:
 1688 01a7 50424461 		.ascii	"PBData\000"
 1688      746100
ARM GAS  /var/folders/m4/4md61f0s1_g0rzfghffqnxvr0000gn/T//cczubyg2.s 			page 32


 1689              	.LASF81:
 1690 01ae 69646C65 		.ascii	"idle_thread_wa\000"
 1690      5F746872 
 1690      6561645F 
 1690      776100
 1691              	.LASF26:
 1692 01bd 636E745F 		.ascii	"cnt_t\000"
 1692      7400
 1693              	.LASF0:
 1694 01c3 756E7369 		.ascii	"unsigned int\000"
 1694      676E6564 
 1694      20696E74 
 1694      00
 1695              	.LASF65:
 1696 01d0 76745F6E 		.ascii	"vt_next\000"
 1696      65787400 
 1697              	.LASF40:
 1698 01d8 705F7469 		.ascii	"p_time\000"
 1698      6D6500
 1699              	.LASF93:
 1700 01df 77747365 		.ascii	"wtsemp\000"
 1700      6D7000
 1701              	.LASF67:
 1702 01e6 76745F64 		.ascii	"vt_delta\000"
 1702      656C7461 
 1702      00
 1703              	.LASF42:
 1704 01ef 705F6D73 		.ascii	"p_msgqueue\000"
 1704      67717565 
 1704      756500
 1705              	.LASF108:
 1706 01fa 6F737065 		.ascii	"ospeedr\000"
 1706      65647200 
 1707              	.LASF107:
 1708 0202 6F747970 		.ascii	"otyper\000"
 1708      657200
 1709              	.LASF127:
 1710 0209 5F5F6561 		.ascii	"__early_init\000"
 1710      726C795F 
 1710      696E6974 
 1710      00
 1711              	.LASF6:
 1712 0216 73686F72 		.ascii	"short unsigned int\000"
 1712      7420756E 
 1712      7369676E 
 1712      65642069 
 1712      6E7400
 1713              	.LASF118:
 1714 0229 50464461 		.ascii	"PFData\000"
 1714      746100
 1715              	.LASF50:
 1716 0230 63685F74 		.ascii	"ch_thread\000"
 1716      68726561 
 1716      6400
 1717              	.LASF24:
 1718 023a 6D73675F 		.ascii	"msg_t\000"
 1718      7400
ARM GAS  /var/folders/m4/4md61f0s1_g0rzfghffqnxvr0000gn/T//cczubyg2.s 			page 33


 1719              	.LASF76:
 1720 0240 63685F73 		.ascii	"ch_system_t\000"
 1720      79737465 
 1720      6D5F7400 
 1721              	.LASF19:
 1722 024c 746D6F64 		.ascii	"tmode_t\000"
 1722      655F7400 
 1723              	.LASF55:
 1724 0254 63685F72 		.ascii	"ch_ready_list\000"
 1724      65616479 
 1724      5F6C6973 
 1724      7400
 1725              	.LASF25:
 1726 0262 6576656E 		.ascii	"eventmask_t\000"
 1726      746D6173 
 1726      6B5F7400 
 1727              	.LASF7:
 1728 026e 5F5F696E 		.ascii	"__int32_t\000"
 1728      7433325F 
 1728      7400
 1729              	.LASF119:
 1730 0278 50474461 		.ascii	"PGData\000"
 1730      746100
 1731              	.LASF84:
 1732 027f 73746B61 		.ascii	"stkalign_t\000"
 1732      6C69676E 
 1732      5F7400
 1733              	.LASF49:
 1734 028a 74687265 		.ascii	"threads_list_t\000"
 1734      6164735F 
 1734      6C697374 
 1734      5F7400
 1735              	.LASF41:
 1736 0299 705F7761 		.ascii	"p_waiting\000"
 1736      6974696E 
 1736      6700
 1737              	.LASF82:
 1738 02a3 73697A65 		.ascii	"sizetype\000"
 1738      74797065 
 1738      00
 1739              	.LASF48:
 1740 02ac 74687265 		.ascii	"thread_reference_t\000"
 1740      61645F72 
 1740      65666572 
 1740      656E6365 
 1740      5F7400
 1741              	.LASF71:
 1742 02bf 63685F76 		.ascii	"ch_virtual_timers_list\000"
 1742      69727475 
 1742      616C5F74 
 1742      696D6572 
 1742      735F6C69 
 1743              	.LASF34:
 1744 02d6 705F6F6C 		.ascii	"p_older\000"
 1744      64657200 
 1745              	.LASF58:
 1746 02de 725F6374 		.ascii	"r_ctx\000"
ARM GAS  /var/folders/m4/4md61f0s1_g0rzfghffqnxvr0000gn/T//cczubyg2.s 			page 34


 1746      7800
 1747              	.LASF88:
 1748 02e4 746D5F63 		.ascii	"tm_calibration_t\000"
 1748      616C6962 
 1748      72617469 
 1748      6F6E5F74 
 1748      00
 1749              	.LASF111:
 1750 02f5 61667268 		.ascii	"afrh\000"
 1750      00
 1751              	.LASF116:
 1752 02fa 50444461 		.ascii	"PDData\000"
 1752      746100
 1753              	.LASF61:
 1754 0301 725F6375 		.ascii	"r_current\000"
 1754      7272656E 
 1754      7400
 1755              	.LASF60:
 1756 030b 725F6F6C 		.ascii	"r_older\000"
 1756      64657200 
 1757              	.LASF12:
 1758 0313 5F5F7569 		.ascii	"__uint64_t\000"
 1758      6E743634 
 1758      5F7400
 1759              	.LASF21:
 1760 031e 74726566 		.ascii	"trefs_t\000"
 1760      735F7400 
 1761              	.LASF63:
 1762 0326 76697274 		.ascii	"virtual_timer_t\000"
 1762      75616C5F 
 1762      74696D65 
 1762      725F7400 
 1763              	.LASF30:
 1764 0336 705F7072 		.ascii	"p_prev\000"
 1764      657600
 1765              	.LASF23:
 1766 033d 74707269 		.ascii	"tprio_t\000"
 1766      6F5F7400 
 1767              	.LASF74:
 1768 0345 63685F73 		.ascii	"ch_system_debug\000"
 1768      79737465 
 1768      6D5F6465 
 1768      62756700 
 1769              	.LASF105:
 1770 0355 5F426F6F 		.ascii	"_Bool\000"
 1770      6C00
 1771              	.LASF15:
 1772 035b 696E7433 		.ascii	"int32_t\000"
 1772      325F7400 
 1773              	.LASF4:
 1774 0363 756E7369 		.ascii	"unsigned char\000"
 1774      676E6564 
 1774      20636861 
 1774      7200
 1775              	.LASF125:
 1776 0371 626F6172 		.ascii	"board/board.c\000"
 1776      642F626F 
ARM GAS  /var/folders/m4/4md61f0s1_g0rzfghffqnxvr0000gn/T//cczubyg2.s 			page 35


 1776      6172642E 
 1776      6300
 1777              	.LASF110:
 1778 037f 6166726C 		.ascii	"afrl\000"
 1778      00
 1779              	.LASF98:
 1780 0384 735F636E 		.ascii	"s_cnt\000"
 1780      7400
 1781              	.LASF45:
 1782 038a 705F6D74 		.ascii	"p_mtxlist\000"
 1782      786C6973 
 1782      7400
 1783              	.LASF5:
 1784 0394 73686F72 		.ascii	"short int\000"
 1784      7420696E 
 1784      7400
 1785              	.LASF36:
 1786 039e 705F7374 		.ascii	"p_state\000"
 1786      61746500 
 1787              	.LASF39:
 1788 03a6 705F7072 		.ascii	"p_preempt\000"
 1788      65656D70 
 1788      7400
 1789              	.LASF57:
 1790 03b0 725F7072 		.ascii	"r_prio\000"
 1790      696F00
 1791              	.LASF113:
 1792 03b7 50414461 		.ascii	"PAData\000"
 1792      746100
 1793              	.LASF95:
 1794 03be 65776D61 		.ascii	"ewmask\000"
 1794      736B00
 1795              	.LASF29:
 1796 03c5 705F6E65 		.ascii	"p_next\000"
 1796      787400
 1797              	.LASF37:
 1798 03cc 705F666C 		.ascii	"p_flags\000"
 1798      61677300 
 1799              	.LASF64:
 1800 03d4 63685F76 		.ascii	"ch_virtual_timer\000"
 1800      69727475 
 1800      616C5F74 
 1800      696D6572 
 1800      00
 1801              	.LASF96:
 1802 03e5 63685F73 		.ascii	"ch_semaphore\000"
 1802      656D6170 
 1802      686F7265 
 1802      00
 1803              	.LASF44:
 1804 03f2 705F6570 		.ascii	"p_epending\000"
 1804      656E6469 
 1804      6E6700
 1805              	.LASF16:
 1806 03fd 75696E74 		.ascii	"uint32_t\000"
 1806      33325F74 
 1806      00
ARM GAS  /var/folders/m4/4md61f0s1_g0rzfghffqnxvr0000gn/T//cczubyg2.s 			page 36


 1807              	.LASF94:
 1808 0406 77746D74 		.ascii	"wtmtxp\000"
 1808      787000
 1809              	.LASF56:
 1810 040d 725F7175 		.ascii	"r_queue\000"
 1810      65756500 
 1811              	.LASF51:
 1812 0415 63685F74 		.ascii	"ch_threads_list\000"
 1812      68726561 
 1812      64735F6C 
 1812      69737400 
 1813              	.LASF10:
 1814 0425 6C6F6E67 		.ascii	"long unsigned int\000"
 1814      20756E73 
 1814      69676E65 
 1814      6420696E 
 1814      7400
 1815              	.LASF103:
 1816 0437 63686172 		.ascii	"char\000"
 1816      00
 1817              	.LASF124:
 1818 043c 474E5520 		.ascii	"GNU C99 5.2.1 20151202 (release) [ARM/embedded-5-br"
 1818      43393920 
 1818      352E322E 
 1818      31203230 
 1818      31353132 
 1819 046f 616E6368 		.ascii	"anch revision 231848] -mcpu=cortex-m4 -mfloat-abi=h"
 1819      20726576 
 1819      6973696F 
 1819      6E203233 
 1819      31383438 
 1820 04a2 61726420 		.ascii	"ard -mfpu=fpv4-sp-d16 -mno-thumb-interwork -mthumb "
 1820      2D6D6670 
 1820      753D6670 
 1820      76342D73 
 1820      702D6431 
 1821 04d5 2D676764 		.ascii	"-ggdb -O2 -std=c99 -fomit-frame-pointer -falign-fun"
 1821      62202D4F 
 1821      32202D73 
 1821      74643D63 
 1821      3939202D 
 1822 0508 6374696F 		.ascii	"ctions=16 -ffunction-sections -fdata-sections -fno-"
 1822      6E733D31 
 1822      36202D66 
 1822      66756E63 
 1822      74696F6E 
 1823 053b 636F6D6D 		.ascii	"common\000"
 1823      6F6E00
 1824              	.LASF28:
 1825 0542 74687265 		.ascii	"thread_t\000"
 1825      61645F74 
 1825      00
 1826              	.LASF102:
 1827 054b 6D5F6E65 		.ascii	"m_next\000"
 1827      787400
 1828              	.LASF27:
 1829 0552 73797374 		.ascii	"systime_t\000"
ARM GAS  /var/folders/m4/4md61f0s1_g0rzfghffqnxvr0000gn/T//cczubyg2.s 			page 37


 1829      696D655F 
 1829      7400
 1830              	.LASF46:
 1831 055c 705F7265 		.ascii	"p_realprio\000"
 1831      616C7072 
 1831      696F00
 1832              	.LASF62:
 1833 0567 76746675 		.ascii	"vtfunc_t\000"
 1833      6E635F74 
 1833      00
 1834              	.LASF9:
 1835 0570 5F5F7569 		.ascii	"__uint32_t\000"
 1835      6E743332 
 1835      5F7400
 1836              	.LASF75:
 1837 057b 70616E69 		.ascii	"panic_msg\000"
 1837      635F6D73 
 1837      6700
 1838              	.LASF87:
 1839 0585 6F666673 		.ascii	"offset\000"
 1839      657400
 1840              	.LASF85:
 1841 058c 636F6E74 		.ascii	"context\000"
 1841      65787400 
 1842              	.LASF18:
 1843 0594 7274636E 		.ascii	"rtcnt_t\000"
 1843      745F7400 
 1844              	.LASF69:
 1845 059c 76745F70 		.ascii	"vt_par\000"
 1845      617200
 1846              	.LASF52:
 1847 05a3 74687265 		.ascii	"threads_queue_t\000"
 1847      6164735F 
 1847      71756575 
 1847      655F7400 
 1848              	.LASF99:
 1849 05b3 63685F6D 		.ascii	"ch_mutex\000"
 1849      75746578 
 1849      00
 1850              	.LASF38:
 1851 05bc 705F7265 		.ascii	"p_refs\000"
 1851      667300
 1852              	.LASF128:
 1853 05c3 626F6172 		.ascii	"boardInit\000"
 1853      64496E69 
 1853      7400
 1854              	.LASF78:
 1855 05cd 726C6973 		.ascii	"rlist\000"
 1855      7400
 1856              	.LASF14:
 1857 05d3 75696E74 		.ascii	"uint8_t\000"
 1857      385F7400 
 1858              	.LASF91:
 1859 05db 77746F62 		.ascii	"wtobjp\000"
 1859      6A7000
 1860              	.LASF35:
 1861 05e2 705F6E61 		.ascii	"p_name\000"
ARM GAS  /var/folders/m4/4md61f0s1_g0rzfghffqnxvr0000gn/T//cczubyg2.s 			page 38


 1861      6D6500
 1862              	.LASF115:
 1863 05e9 50434461 		.ascii	"PCData\000"
 1863      746100
 1864              	.LASF72:
 1865 05f0 76745F73 		.ascii	"vt_systime\000"
 1865      79737469 
 1865      6D6500
 1866              	.LASF43:
 1867 05fb 705F6D73 		.ascii	"p_msg\000"
 1867      6700
 1868              	.LASF121:
 1869 0601 50414C43 		.ascii	"PALConfig\000"
 1869      6F6E6669 
 1869      6700
 1870              	.LASF101:
 1871 060b 6D5F6F77 		.ascii	"m_owner\000"
 1871      6E657200 
 1872              	.LASF123:
 1873 0613 70616C5F 		.ascii	"pal_default_config\000"
 1873      64656661 
 1873      756C745F 
 1873      636F6E66 
 1873      696700
 1874              	.LASF32:
 1875 0626 705F6374 		.ascii	"p_ctx\000"
 1875      7800
 1876              	.LASF68:
 1877 062c 76745F66 		.ascii	"vt_func\000"
 1877      756E6300 
 1878              		.ident	"GCC: (GNU Tools for ARM Embedded Processors) 5.2.1 20151202 (release) [ARM/embedded-5-bran
ARM GAS  /var/folders/m4/4md61f0s1_g0rzfghffqnxvr0000gn/T//cczubyg2.s 			page 39


DEFINED SYMBOLS
                            *ABS*:0000000000000000 board.c
/var/folders/m4/4md61f0s1_g0rzfghffqnxvr0000gn/T//cczubyg2.s:22     .text.__early_init:0000000000000000 $t
/var/folders/m4/4md61f0s1_g0rzfghffqnxvr0000gn/T//cczubyg2.s:28     .text.__early_init:0000000000000000 __early_init
/var/folders/m4/4md61f0s1_g0rzfghffqnxvr0000gn/T//cczubyg2.s:43     .text.boardInit:0000000000000000 $t
/var/folders/m4/4md61f0s1_g0rzfghffqnxvr0000gn/T//cczubyg2.s:49     .text.boardInit:0000000000000000 boardInit
/var/folders/m4/4md61f0s1_g0rzfghffqnxvr0000gn/T//cczubyg2.s:65     .rodata.pal_default_config:0000000000000000 pal_default_config
/var/folders/m4/4md61f0s1_g0rzfghffqnxvr0000gn/T//cczubyg2.s:62     .rodata.pal_default_config:0000000000000000 $d
                     .debug_frame:0000000000000010 $d

UNDEFINED SYMBOLS
stm32_clock_init
