ARM GAS  /var/folders/m4/4md61f0s1_g0rzfghffqnxvr0000gn/T//ccH5Xk1a.s 			page 1


   1              		.syntax unified
   2              		.cpu cortex-m4
   3              		.eabi_attribute 27, 1
   4              		.eabi_attribute 28, 1
   5              		.fpu fpv4-sp-d16
   6              		.eabi_attribute 20, 1
   7              		.eabi_attribute 21, 1
   8              		.eabi_attribute 23, 3
   9              		.eabi_attribute 24, 1
  10              		.eabi_attribute 25, 1
  11              		.eabi_attribute 26, 1
  12              		.eabi_attribute 30, 2
  13              		.eabi_attribute 34, 1
  14              		.eabi_attribute 18, 4
  15              		.thumb
  16              		.file	"chmemcore.c"
  17              		.text
  18              	.Ltext0:
  19              		.cfi_sections	.debug_frame
  20              		.section	.text._core_init,"ax",%progbits
  21              		.align	2
  22              		.p2align 4,,15
  23              		.global	_core_init
  24              		.thumb
  25              		.thumb_func
  26              		.type	_core_init, %function
  27              	_core_init:
  28              	.LFB231:
  29              		.file 1 "ChibiOS_16.1.4/os/rt/src/chmemcore.c"
  30              		.loc 1 78 0
  31              		.cfi_startproc
  32              		@ args = 0, pretend = 0, frame = 0
  33              		@ frame_needed = 0, uses_anonymous_args = 0
  34              		@ link register save eliminated.
  35              		.loc 1 84 0
  36 0000 054A     		ldr	r2, .L2
  37              		.loc 1 85 0
  38 0002 064B     		ldr	r3, .L2+4
  39              		.loc 1 84 0
  40 0004 0648     		ldr	r0, .L2+8
  41              		.loc 1 85 0
  42 0006 0749     		ldr	r1, .L2+12
  43              		.loc 1 84 0
  44 0008 22F00702 		bic	r2, r2, #7
  45              		.loc 1 85 0
  46 000c 23F00703 		bic	r3, r3, #7
  47              		.loc 1 84 0
  48 0010 0260     		str	r2, [r0]
  49              		.loc 1 85 0
  50 0012 0B60     		str	r3, [r1]
  51 0014 7047     		bx	lr
  52              	.L3:
  53 0016 00BF     		.align	2
  54              	.L2:
  55 0018 07000000 		.word	__heap_base__+7
  56 001c 00000000 		.word	__heap_end__
  57 0020 00000000 		.word	.LANCHOR0
ARM GAS  /var/folders/m4/4md61f0s1_g0rzfghffqnxvr0000gn/T//ccH5Xk1a.s 			page 2


  58 0024 00000000 		.word	.LANCHOR1
  59              		.cfi_endproc
  60              	.LFE231:
  61              		.size	_core_init, .-_core_init
  62              		.section	.text.chCoreAlloc,"ax",%progbits
  63              		.align	2
  64              		.p2align 4,,15
  65              		.global	chCoreAlloc
  66              		.thumb
  67              		.thumb_func
  68              		.type	chCoreAlloc, %function
  69              	chCoreAlloc:
  70              	.LFB232:
  71              		.loc 1 109 0
  72              		.cfi_startproc
  73              		@ args = 0, pretend = 0, frame = 0
  74              		@ frame_needed = 0, uses_anonymous_args = 0
  75              		@ link register save eliminated.
  76              	.LVL0:
  77 0000 10B4     		push	{r4}
  78              		.cfi_def_cfa_offset 4
  79              		.cfi_offset 4, -4
  80              	.LBB26:
  81              	.LBB27:
  82              	.LBB28:
  83              	.LBB29:
  84              		.file 2 "ChibiOS_16.1.4/os/ext/CMSIS/include/core_cmFunc.h"
  85              		.loc 2 548 0
  86 0002 2023     		movs	r3, #32
  87              	@ 548 "ChibiOS_16.1.4/os/ext/CMSIS/include/core_cmFunc.h" 1
  88 0004 83F31188 		MSR basepri, r3
  89              	@ 0 "" 2
  90              	.LVL1:
  91              		.thumb
  92              	.LBE29:
  93              	.LBE28:
  94              	.LBE27:
  95              	.LBE26:
  96              	.LBB30:
  97              	.LBB31:
  98              		.loc 1 138 0
  99 0008 094C     		ldr	r4, .L8
 100 000a 0A4B     		ldr	r3, .L8+4
 101 000c 2268     		ldr	r2, [r4]
 102 000e 1968     		ldr	r1, [r3]
 103              		.loc 1 136 0
 104 0010 C31D     		adds	r3, r0, #7
 105 0012 23F00703 		bic	r3, r3, #7
 106              	.LVL2:
 107              		.loc 1 138 0
 108 0016 891A     		subs	r1, r1, r2
 109 0018 8B42     		cmp	r3, r1
 110              	.LVL3:
 111              		.loc 1 143 0
 112 001a 9DBF     		ittte	ls
 113 001c 9B18     		addls	r3, r3, r2
 114              	.LVL4:
ARM GAS  /var/folders/m4/4md61f0s1_g0rzfghffqnxvr0000gn/T//ccH5Xk1a.s 			page 3


 115 001e 2360     		strls	r3, [r4]
 116              		.loc 1 145 0
 117 0020 1046     		movls	r0, r2
 118              	.LVL5:
 119              		.loc 1 140 0
 120 0022 0020     		movhi	r0, #0
 121              	.LVL6:
 122              	.LBE31:
 123              	.LBE30:
 124              	.LBB32:
 125              	.LBB33:
 126              	.LBB34:
 127              	.LBB35:
 128              	.LBB36:
 129              		.loc 2 548 0
 130 0024 0023     		movs	r3, #0
 131              	@ 548 "ChibiOS_16.1.4/os/ext/CMSIS/include/core_cmFunc.h" 1
 132 0026 83F31188 		MSR basepri, r3
 133              	@ 0 "" 2
 134              		.thumb
 135              	.LBE36:
 136              	.LBE35:
 137              	.LBE34:
 138              	.LBE33:
 139              	.LBE32:
 140              		.loc 1 117 0
 141 002a 5DF8044B 		ldr	r4, [sp], #4
 142              		.cfi_restore 4
 143              		.cfi_def_cfa_offset 0
 144 002e 7047     		bx	lr
 145              	.L9:
 146              		.align	2
 147              	.L8:
 148 0030 00000000 		.word	.LANCHOR0
 149 0034 00000000 		.word	.LANCHOR1
 150              		.cfi_endproc
 151              	.LFE232:
 152              		.size	chCoreAlloc, .-chCoreAlloc
 153              		.section	.text.chCoreAllocI,"ax",%progbits
 154              		.align	2
 155              		.p2align 4,,15
 156              		.global	chCoreAllocI
 157              		.thumb
 158              		.thumb_func
 159              		.type	chCoreAllocI, %function
 160              	chCoreAllocI:
 161              	.LFB233:
 162              		.loc 1 131 0
 163              		.cfi_startproc
 164              		@ args = 0, pretend = 0, frame = 0
 165              		@ frame_needed = 0, uses_anonymous_args = 0
 166              		@ link register save eliminated.
 167              	.LVL7:
 168 0000 10B4     		push	{r4}
 169              		.cfi_def_cfa_offset 4
 170              		.cfi_offset 4, -4
 171              		.loc 1 138 0
ARM GAS  /var/folders/m4/4md61f0s1_g0rzfghffqnxvr0000gn/T//ccH5Xk1a.s 			page 4


 172 0002 084B     		ldr	r3, .L14
 173 0004 084C     		ldr	r4, .L14+4
 174 0006 1968     		ldr	r1, [r3]
 175 0008 2268     		ldr	r2, [r4]
 176              		.loc 1 136 0
 177 000a 0730     		adds	r0, r0, #7
 178              	.LVL8:
 179 000c 20F00703 		bic	r3, r0, #7
 180              	.LVL9:
 181              		.loc 1 138 0
 182 0010 891A     		subs	r1, r1, r2
 183 0012 8B42     		cmp	r3, r1
 184              	.LVL10:
 185              		.loc 1 143 0
 186 0014 9DBF     		ittte	ls
 187 0016 9B18     		addls	r3, r3, r2
 188              	.LVL11:
 189 0018 2360     		strls	r3, [r4]
 190              		.loc 1 145 0
 191 001a 1046     		movls	r0, r2
 192              	.LVL12:
 193              		.loc 1 140 0
 194 001c 0020     		movhi	r0, #0
 195              		.loc 1 146 0
 196 001e 5DF8044B 		ldr	r4, [sp], #4
 197              		.cfi_restore 4
 198              		.cfi_def_cfa_offset 0
 199 0022 7047     		bx	lr
 200              	.L15:
 201              		.align	2
 202              	.L14:
 203 0024 00000000 		.word	.LANCHOR1
 204 0028 00000000 		.word	.LANCHOR0
 205              		.cfi_endproc
 206              	.LFE233:
 207              		.size	chCoreAllocI, .-chCoreAllocI
 208              		.section	.text.chCoreGetStatusX,"ax",%progbits
 209              		.align	2
 210              		.p2align 4,,15
 211              		.global	chCoreGetStatusX
 212              		.thumb
 213              		.thumb_func
 214              		.type	chCoreGetStatusX, %function
 215              	chCoreGetStatusX:
 216              	.LFB234:
 217              		.loc 1 155 0
 218              		.cfi_startproc
 219              		@ args = 0, pretend = 0, frame = 0
 220              		@ frame_needed = 0, uses_anonymous_args = 0
 221              		@ link register save eliminated.
 222              		.loc 1 158 0
 223 0000 024A     		ldr	r2, .L17
 224 0002 034B     		ldr	r3, .L17+4
 225 0004 1068     		ldr	r0, [r2]
 226 0006 1B68     		ldr	r3, [r3]
 227              		.loc 1 160 0
 228 0008 C01A     		subs	r0, r0, r3
ARM GAS  /var/folders/m4/4md61f0s1_g0rzfghffqnxvr0000gn/T//ccH5Xk1a.s 			page 5


 229 000a 7047     		bx	lr
 230              	.L18:
 231              		.align	2
 232              	.L17:
 233 000c 00000000 		.word	.LANCHOR1
 234 0010 00000000 		.word	.LANCHOR0
 235              		.cfi_endproc
 236              	.LFE234:
 237              		.size	chCoreGetStatusX, .-chCoreGetStatusX
 238              		.section	.bss.endmem,"aw",%nobits
 239              		.align	2
 240              		.set	.LANCHOR1,. + 0
 241              		.type	endmem, %object
 242              		.size	endmem, 4
 243              	endmem:
 244 0000 00000000 		.space	4
 245              		.section	.bss.nextmem,"aw",%nobits
 246              		.align	2
 247              		.set	.LANCHOR0,. + 0
 248              		.type	nextmem, %object
 249              		.size	nextmem, 4
 250              	nextmem:
 251 0000 00000000 		.space	4
 252              		.text
 253              	.Letext0:
 254              		.file 3 "/usr/local/Cellar/gcc-arm-none-eabi-49/20150609/lib/gcc/arm-none-eabi/4.9.3/include/stdde
 255              		.file 4 "/usr/local/Cellar/gcc-arm-none-eabi-49/20150609/arm-none-eabi/include/machine/_default_ty
 256              		.file 5 "/usr/local/Cellar/gcc-arm-none-eabi-49/20150609/arm-none-eabi/include/sys/_stdint.h"
 257              		.file 6 "ChibiOS_16.1.4/os/rt/ports/ARMCMx/compilers/GCC/chtypes.h"
 258              		.file 7 "ChibiOS_16.1.4/os/rt/include/chsystypes.h"
 259              		.file 8 "ChibiOS_16.1.4/os/rt/include/chschd.h"
 260              		.file 9 "ChibiOS_16.1.4/os/rt/ports/ARMCMx/chcore.h"
 261              		.file 10 "ChibiOS_16.1.4/os/rt/ports/ARMCMx/chcore_v7m.h"
 262              		.file 11 "ChibiOS_16.1.4/os/rt/include/chtm.h"
 263              		.file 12 "ChibiOS_16.1.4/os/rt/include/chsem.h"
 264              		.file 13 "ChibiOS_16.1.4/os/rt/include/chmtx.h"
 265              		.file 14 "ChibiOS_16.1.4/os/rt/include/chsys.h"
 266              		.file 15 "ChibiOS_16.1.4/os/ext/CMSIS/include/core_cm4.h"
 267              		.section	.debug_info,"",%progbits
 268              	.Ldebug_info0:
 269 0000 4C090000 		.4byte	0x94c
 270 0004 0400     		.2byte	0x4
 271 0006 00000000 		.4byte	.Ldebug_abbrev0
 272 000a 04       		.byte	0x4
 273 000b 01       		.uleb128 0x1
 274 000c 8D040000 		.4byte	.LASF118
 275 0010 01       		.byte	0x1
 276 0011 B9020000 		.4byte	.LASF119
 277 0015 00000000 		.4byte	.LASF120
 278 0019 00000000 		.4byte	.Ldebug_ranges0+0
 279 001d 00000000 		.4byte	0
 280 0021 00000000 		.4byte	.Ldebug_line0
 281 0025 02       		.uleb128 0x2
 282 0026 04       		.byte	0x4
 283 0027 05       		.byte	0x5
 284 0028 696E7400 		.ascii	"int\000"
 285 002c 03       		.uleb128 0x3
ARM GAS  /var/folders/m4/4md61f0s1_g0rzfghffqnxvr0000gn/T//ccH5Xk1a.s 			page 6


 286 002d 40000000 		.4byte	.LASF2
 287 0031 03       		.byte	0x3
 288 0032 D4       		.byte	0xd4
 289 0033 37000000 		.4byte	0x37
 290 0037 04       		.uleb128 0x4
 291 0038 04       		.byte	0x4
 292 0039 07       		.byte	0x7
 293 003a CA010000 		.4byte	.LASF0
 294 003e 04       		.uleb128 0x4
 295 003f 01       		.byte	0x1
 296 0040 06       		.byte	0x6
 297 0041 06010000 		.4byte	.LASF1
 298 0045 03       		.uleb128 0x3
 299 0046 63000000 		.4byte	.LASF3
 300 004a 04       		.byte	0x4
 301 004b 1D       		.byte	0x1d
 302 004c 50000000 		.4byte	0x50
 303 0050 04       		.uleb128 0x4
 304 0051 01       		.byte	0x1
 305 0052 08       		.byte	0x8
 306 0053 5A030000 		.4byte	.LASF4
 307 0057 04       		.uleb128 0x4
 308 0058 02       		.byte	0x2
 309 0059 05       		.byte	0x5
 310 005a 7D030000 		.4byte	.LASF5
 311 005e 04       		.uleb128 0x4
 312 005f 02       		.byte	0x2
 313 0060 07       		.byte	0x7
 314 0061 07020000 		.4byte	.LASF6
 315 0065 03       		.uleb128 0x3
 316 0066 58020000 		.4byte	.LASF7
 317 006a 04       		.byte	0x4
 318 006b 3F       		.byte	0x3f
 319 006c 70000000 		.4byte	0x70
 320 0070 04       		.uleb128 0x4
 321 0071 04       		.byte	0x4
 322 0072 05       		.byte	0x5
 323 0073 4F010000 		.4byte	.LASF8
 324 0077 03       		.uleb128 0x3
 325 0078 74040000 		.4byte	.LASF9
 326 007c 04       		.byte	0x4
 327 007d 41       		.byte	0x41
 328 007e 82000000 		.4byte	0x82
 329 0082 04       		.uleb128 0x4
 330 0083 04       		.byte	0x4
 331 0084 07       		.byte	0x7
 332 0085 27040000 		.4byte	.LASF10
 333 0089 04       		.uleb128 0x4
 334 008a 08       		.byte	0x8
 335 008b 05       		.byte	0x5
 336 008c F8000000 		.4byte	.LASF11
 337 0090 03       		.uleb128 0x3
 338 0091 0F030000 		.4byte	.LASF12
 339 0095 04       		.byte	0x4
 340 0096 5B       		.byte	0x5b
 341 0097 9B000000 		.4byte	0x9b
 342 009b 04       		.uleb128 0x4
ARM GAS  /var/folders/m4/4md61f0s1_g0rzfghffqnxvr0000gn/T//ccH5Xk1a.s 			page 7


 343 009c 08       		.byte	0x8
 344 009d 07       		.byte	0x7
 345 009e 92000000 		.4byte	.LASF13
 346 00a2 03       		.uleb128 0x3
 347 00a3 0D060000 		.4byte	.LASF14
 348 00a7 05       		.byte	0x5
 349 00a8 14       		.byte	0x14
 350 00a9 45000000 		.4byte	0x45
 351 00ad 03       		.uleb128 0x3
 352 00ae 52030000 		.4byte	.LASF15
 353 00b2 05       		.byte	0x5
 354 00b3 1F       		.byte	0x1f
 355 00b4 65000000 		.4byte	0x65
 356 00b8 03       		.uleb128 0x3
 357 00b9 FF030000 		.4byte	.LASF16
 358 00bd 05       		.byte	0x5
 359 00be 20       		.byte	0x20
 360 00bf 77000000 		.4byte	0x77
 361 00c3 03       		.uleb128 0x3
 362 00c4 4E000000 		.4byte	.LASF17
 363 00c8 05       		.byte	0x5
 364 00c9 26       		.byte	0x26
 365 00ca 90000000 		.4byte	0x90
 366 00ce 03       		.uleb128 0x3
 367 00cf CA050000 		.4byte	.LASF18
 368 00d3 06       		.byte	0x6
 369 00d4 39       		.byte	0x39
 370 00d5 B8000000 		.4byte	0xb8
 371 00d9 03       		.uleb128 0x3
 372 00da 36020000 		.4byte	.LASF19
 373 00de 06       		.byte	0x6
 374 00df 3C       		.byte	0x3c
 375 00e0 A2000000 		.4byte	0xa2
 376 00e4 03       		.uleb128 0x3
 377 00e5 58010000 		.4byte	.LASF20
 378 00e9 06       		.byte	0x6
 379 00ea 3D       		.byte	0x3d
 380 00eb A2000000 		.4byte	0xa2
 381 00ef 03       		.uleb128 0x3
 382 00f0 1A030000 		.4byte	.LASF21
 383 00f4 06       		.byte	0x6
 384 00f5 3E       		.byte	0x3e
 385 00f6 A2000000 		.4byte	0xa2
 386 00fa 03       		.uleb128 0x3
 387 00fb 35010000 		.4byte	.LASF22
 388 00ff 06       		.byte	0x6
 389 0100 3F       		.byte	0x3f
 390 0101 A2000000 		.4byte	0xa2
 391 0105 03       		.uleb128 0x3
 392 0106 39030000 		.4byte	.LASF23
 393 010a 06       		.byte	0x6
 394 010b 40       		.byte	0x40
 395 010c B8000000 		.4byte	0xb8
 396 0110 03       		.uleb128 0x3
 397 0111 24020000 		.4byte	.LASF24
 398 0115 06       		.byte	0x6
 399 0116 41       		.byte	0x41
ARM GAS  /var/folders/m4/4md61f0s1_g0rzfghffqnxvr0000gn/T//ccH5Xk1a.s 			page 8


 400 0117 AD000000 		.4byte	0xad
 401 011b 03       		.uleb128 0x3
 402 011c 4C020000 		.4byte	.LASF25
 403 0120 06       		.byte	0x6
 404 0121 43       		.byte	0x43
 405 0122 B8000000 		.4byte	0xb8
 406 0126 03       		.uleb128 0x3
 407 0127 C4010000 		.4byte	.LASF26
 408 012b 06       		.byte	0x6
 409 012c 45       		.byte	0x45
 410 012d AD000000 		.4byte	0xad
 411 0131 03       		.uleb128 0x3
 412 0132 56040000 		.4byte	.LASF27
 413 0136 07       		.byte	0x7
 414 0137 33       		.byte	0x33
 415 0138 B8000000 		.4byte	0xb8
 416 013c 03       		.uleb128 0x3
 417 013d 3E040000 		.4byte	.LASF28
 418 0141 07       		.byte	0x7
 419 0142 3F       		.byte	0x3f
 420 0143 47010000 		.4byte	0x147
 421 0147 05       		.uleb128 0x5
 422 0148 1A020000 		.4byte	.LASF50
 423 014c 48       		.byte	0x48
 424 014d 08       		.byte	0x8
 425 014e C2       		.byte	0xc2
 426 014f 4C020000 		.4byte	0x24c
 427 0153 06       		.uleb128 0x6
 428 0154 B4030000 		.4byte	.LASF29
 429 0158 08       		.byte	0x8
 430 0159 C3       		.byte	0xc3
 431 015a 57020000 		.4byte	0x257
 432 015e 00       		.byte	0
 433 015f 06       		.uleb128 0x6
 434 0160 32030000 		.4byte	.LASF30
 435 0164 08       		.byte	0x8
 436 0165 C5       		.byte	0xc5
 437 0166 57020000 		.4byte	0x257
 438 016a 04       		.byte	0x4
 439 016b 06       		.uleb128 0x6
 440 016c F1000000 		.4byte	.LASF31
 441 0170 08       		.byte	0x8
 442 0171 C7       		.byte	0xc7
 443 0172 05010000 		.4byte	0x105
 444 0176 08       		.byte	0x8
 445 0177 06       		.uleb128 0x6
 446 0178 4D060000 		.4byte	.LASF32
 447 017c 08       		.byte	0x8
 448 017d C8       		.byte	0xc8
 449 017e 87040000 		.4byte	0x487
 450 0182 0C       		.byte	0xc
 451 0183 06       		.uleb128 0x6
 452 0184 61010000 		.4byte	.LASF33
 453 0188 08       		.byte	0x8
 454 0189 CA       		.byte	0xca
 455 018a 57020000 		.4byte	0x257
 456 018e 10       		.byte	0x10
ARM GAS  /var/folders/m4/4md61f0s1_g0rzfghffqnxvr0000gn/T//ccH5Xk1a.s 			page 9


 457 018f 06       		.uleb128 0x6
 458 0190 DE020000 		.4byte	.LASF34
 459 0194 08       		.byte	0x8
 460 0195 CB       		.byte	0xcb
 461 0196 57020000 		.4byte	0x257
 462 019a 14       		.byte	0x14
 463 019b 06       		.uleb128 0x6
 464 019c 1C060000 		.4byte	.LASF35
 465 01a0 08       		.byte	0x8
 466 01a1 D2       		.byte	0xd2
 467 01a2 D5060000 		.4byte	0x6d5
 468 01a6 18       		.byte	0x18
 469 01a7 06       		.uleb128 0x6
 470 01a8 87030000 		.4byte	.LASF36
 471 01ac 08       		.byte	0x8
 472 01ad DD       		.byte	0xdd
 473 01ae E4000000 		.4byte	0xe4
 474 01b2 1C       		.byte	0x1c
 475 01b3 06       		.uleb128 0x6
 476 01b4 BB030000 		.4byte	.LASF37
 477 01b8 08       		.byte	0x8
 478 01b9 E1       		.byte	0xe1
 479 01ba D9000000 		.4byte	0xd9
 480 01be 1D       		.byte	0x1d
 481 01bf 06       		.uleb128 0x6
 482 01c0 00060000 		.4byte	.LASF38
 483 01c4 08       		.byte	0x8
 484 01c5 E6       		.byte	0xe6
 485 01c6 EF000000 		.4byte	0xef
 486 01ca 1E       		.byte	0x1e
 487 01cb 06       		.uleb128 0x6
 488 01cc 8F030000 		.4byte	.LASF39
 489 01d0 08       		.byte	0x8
 490 01d1 EC       		.byte	0xec
 491 01d2 FA000000 		.4byte	0xfa
 492 01d6 1F       		.byte	0x1f
 493 01d7 06       		.uleb128 0x6
 494 01d8 DF010000 		.4byte	.LASF40
 495 01dc 08       		.byte	0x8
 496 01dd F3       		.byte	0xf3
 497 01de E7060000 		.4byte	0x6e7
 498 01e2 20       		.byte	0x20
 499 01e3 07       		.uleb128 0x7
 500 01e4 705F7500 		.ascii	"p_u\000"
 501 01e8 08       		.byte	0x8
 502 01e9 3101     		.2byte	0x131
 503 01eb 10060000 		.4byte	0x610
 504 01ef 24       		.byte	0x24
 505 01f0 08       		.uleb128 0x8
 506 01f1 7C020000 		.4byte	.LASF41
 507 01f5 08       		.byte	0x8
 508 01f6 3601     		.2byte	0x136
 509 01f8 5D020000 		.4byte	0x25d
 510 01fc 28       		.byte	0x28
 511 01fd 08       		.uleb128 0x8
 512 01fe F6010000 		.4byte	.LASF42
 513 0202 08       		.byte	0x8
ARM GAS  /var/folders/m4/4md61f0s1_g0rzfghffqnxvr0000gn/T//ccH5Xk1a.s 			page 10


 514 0203 3C01     		.2byte	0x13c
 515 0205 81020000 		.4byte	0x281
 516 0209 2C       		.byte	0x2c
 517 020a 08       		.uleb128 0x8
 518 020b 3F060000 		.4byte	.LASF43
 519 020f 08       		.byte	0x8
 520 0210 4001     		.2byte	0x140
 521 0212 10010000 		.4byte	0x110
 522 0216 34       		.byte	0x34
 523 0217 08       		.uleb128 0x8
 524 0218 F4030000 		.4byte	.LASF44
 525 021c 08       		.byte	0x8
 526 021d 4601     		.2byte	0x146
 527 021f 1B010000 		.4byte	0x11b
 528 0223 38       		.byte	0x38
 529 0224 08       		.uleb128 0x8
 530 0225 73030000 		.4byte	.LASF45
 531 0229 08       		.byte	0x8
 532 022a 4D01     		.2byte	0x14d
 533 022c CF060000 		.4byte	0x6cf
 534 0230 3C       		.byte	0x3c
 535 0231 08       		.uleb128 0x8
 536 0232 60040000 		.4byte	.LASF46
 537 0236 08       		.byte	0x8
 538 0237 5101     		.2byte	0x151
 539 0239 05010000 		.4byte	0x105
 540 023d 40       		.byte	0x40
 541 023e 08       		.uleb128 0x8
 542 023f 12010000 		.4byte	.LASF47
 543 0243 08       		.byte	0x8
 544 0244 5801     		.2byte	0x158
 545 0246 34030000 		.4byte	0x334
 546 024a 44       		.byte	0x44
 547 024b 00       		.byte	0
 548 024c 03       		.uleb128 0x3
 549 024d 8F020000 		.4byte	.LASF48
 550 0251 07       		.byte	0x7
 551 0252 44       		.byte	0x44
 552 0253 57020000 		.4byte	0x257
 553 0257 09       		.uleb128 0x9
 554 0258 04       		.byte	0x4
 555 0259 3C010000 		.4byte	0x13c
 556 025d 03       		.uleb128 0x3
 557 025e 6D020000 		.4byte	.LASF49
 558 0262 07       		.byte	0x7
 559 0263 49       		.byte	0x49
 560 0264 68020000 		.4byte	0x268
 561 0268 05       		.uleb128 0x5
 562 0269 17040000 		.4byte	.LASF51
 563 026d 04       		.byte	0x4
 564 026e 08       		.byte	0x8
 565 026f B0       		.byte	0xb0
 566 0270 81020000 		.4byte	0x281
 567 0274 06       		.uleb128 0x6
 568 0275 B4030000 		.4byte	.LASF29
 569 0279 08       		.byte	0x8
 570 027a B1       		.byte	0xb1
ARM GAS  /var/folders/m4/4md61f0s1_g0rzfghffqnxvr0000gn/T//ccH5Xk1a.s 			page 11


 571 027b 57020000 		.4byte	0x257
 572 027f 00       		.byte	0
 573 0280 00       		.byte	0
 574 0281 03       		.uleb128 0x3
 575 0282 E7050000 		.4byte	.LASF52
 576 0286 07       		.byte	0x7
 577 0287 50       		.byte	0x50
 578 0288 8C020000 		.4byte	0x28c
 579 028c 05       		.uleb128 0x5
 580 028d E0000000 		.4byte	.LASF53
 581 0291 08       		.byte	0x8
 582 0292 08       		.byte	0x8
 583 0293 B7       		.byte	0xb7
 584 0294 B1020000 		.4byte	0x2b1
 585 0298 06       		.uleb128 0x6
 586 0299 B4030000 		.4byte	.LASF29
 587 029d 08       		.byte	0x8
 588 029e B8       		.byte	0xb8
 589 029f 57020000 		.4byte	0x257
 590 02a3 00       		.byte	0
 591 02a4 06       		.uleb128 0x6
 592 02a5 32030000 		.4byte	.LASF30
 593 02a9 08       		.byte	0x8
 594 02aa B9       		.byte	0xb9
 595 02ab 57020000 		.4byte	0x257
 596 02af 04       		.byte	0x4
 597 02b0 00       		.byte	0
 598 02b1 03       		.uleb128 0x3
 599 02b2 33000000 		.4byte	.LASF54
 600 02b6 07       		.byte	0x7
 601 02b7 57       		.byte	0x57
 602 02b8 BC020000 		.4byte	0x2bc
 603 02bc 0A       		.uleb128 0xa
 604 02bd 3E020000 		.4byte	.LASF55
 605 02c1 1C       		.byte	0x1c
 606 02c2 08       		.byte	0x8
 607 02c3 9001     		.2byte	0x190
 608 02c5 18030000 		.4byte	0x318
 609 02c9 08       		.uleb128 0x8
 610 02ca 0F040000 		.4byte	.LASF56
 611 02ce 08       		.byte	0x8
 612 02cf 9101     		.2byte	0x191
 613 02d1 81020000 		.4byte	0x281
 614 02d5 00       		.byte	0
 615 02d6 08       		.uleb128 0x8
 616 02d7 A6030000 		.4byte	.LASF57
 617 02db 08       		.byte	0x8
 618 02dc 9201     		.2byte	0x192
 619 02de 05010000 		.4byte	0x105
 620 02e2 08       		.byte	0x8
 621 02e3 08       		.uleb128 0x8
 622 02e4 E6020000 		.4byte	.LASF58
 623 02e8 08       		.byte	0x8
 624 02e9 9401     		.2byte	0x194
 625 02eb 87040000 		.4byte	0x487
 626 02ef 0C       		.byte	0xc
 627 02f0 08       		.uleb128 0x8
ARM GAS  /var/folders/m4/4md61f0s1_g0rzfghffqnxvr0000gn/T//ccH5Xk1a.s 			page 12


 628 02f1 7E010000 		.4byte	.LASF59
 629 02f5 08       		.byte	0x8
 630 02f6 9701     		.2byte	0x197
 631 02f8 57020000 		.4byte	0x257
 632 02fc 10       		.byte	0x10
 633 02fd 08       		.uleb128 0x8
 634 02fe 07030000 		.4byte	.LASF60
 635 0302 08       		.byte	0x8
 636 0303 9801     		.2byte	0x198
 637 0305 57020000 		.4byte	0x257
 638 0309 14       		.byte	0x14
 639 030a 08       		.uleb128 0x8
 640 030b FD020000 		.4byte	.LASF61
 641 030f 08       		.byte	0x8
 642 0310 9B01     		.2byte	0x19b
 643 0312 57020000 		.4byte	0x257
 644 0316 18       		.byte	0x18
 645 0317 00       		.byte	0
 646 0318 03       		.uleb128 0x3
 647 0319 6B040000 		.4byte	.LASF62
 648 031d 07       		.byte	0x7
 649 031e 5C       		.byte	0x5c
 650 031f 23030000 		.4byte	0x323
 651 0323 09       		.uleb128 0x9
 652 0324 04       		.byte	0x4
 653 0325 29030000 		.4byte	0x329
 654 0329 0B       		.uleb128 0xb
 655 032a 34030000 		.4byte	0x334
 656 032e 0C       		.uleb128 0xc
 657 032f 34030000 		.4byte	0x334
 658 0333 00       		.byte	0
 659 0334 0D       		.uleb128 0xd
 660 0335 04       		.byte	0x4
 661 0336 03       		.uleb128 0x3
 662 0337 22030000 		.4byte	.LASF63
 663 033b 07       		.byte	0x7
 664 033c 61       		.byte	0x61
 665 033d 41030000 		.4byte	0x341
 666 0341 0A       		.uleb128 0xa
 667 0342 D6030000 		.4byte	.LASF64
 668 0346 14       		.byte	0x14
 669 0347 08       		.byte	0x8
 670 0348 6B01     		.2byte	0x16b
 671 034a 90030000 		.4byte	0x390
 672 034e 08       		.uleb128 0x8
 673 034f D7010000 		.4byte	.LASF65
 674 0353 08       		.byte	0x8
 675 0354 6C01     		.2byte	0x16c
 676 0356 EC060000 		.4byte	0x6ec
 677 035a 00       		.byte	0
 678 035b 08       		.uleb128 0x8
 679 035c 8F010000 		.4byte	.LASF66
 680 0360 08       		.byte	0x8
 681 0361 6D01     		.2byte	0x16d
 682 0363 EC060000 		.4byte	0x6ec
 683 0367 04       		.byte	0x4
 684 0368 08       		.uleb128 0x8
ARM GAS  /var/folders/m4/4md61f0s1_g0rzfghffqnxvr0000gn/T//ccH5Xk1a.s 			page 13


 685 0369 ED010000 		.4byte	.LASF67
 686 036d 08       		.byte	0x8
 687 036e 6E01     		.2byte	0x16e
 688 0370 31010000 		.4byte	0x131
 689 0374 08       		.byte	0x8
 690 0375 08       		.uleb128 0x8
 691 0376 53060000 		.4byte	.LASF68
 692 037a 08       		.byte	0x8
 693 037b 6F01     		.2byte	0x16f
 694 037d 18030000 		.4byte	0x318
 695 0381 0C       		.byte	0xc
 696 0382 08       		.uleb128 0x8
 697 0383 D2050000 		.4byte	.LASF69
 698 0387 08       		.byte	0x8
 699 0388 7101     		.2byte	0x171
 700 038a 34030000 		.4byte	0x334
 701 038e 10       		.byte	0x10
 702 038f 00       		.byte	0
 703 0390 03       		.uleb128 0x3
 704 0391 BD000000 		.4byte	.LASF70
 705 0395 07       		.byte	0x7
 706 0396 66       		.byte	0x66
 707 0397 9B030000 		.4byte	0x39b
 708 039b 0A       		.uleb128 0xa
 709 039c A2020000 		.4byte	.LASF71
 710 03a0 10       		.byte	0x10
 711 03a1 08       		.byte	0x8
 712 03a2 7B01     		.2byte	0x17b
 713 03a4 DD030000 		.4byte	0x3dd
 714 03a8 08       		.uleb128 0x8
 715 03a9 D7010000 		.4byte	.LASF65
 716 03ad 08       		.byte	0x8
 717 03ae 7C01     		.2byte	0x17c
 718 03b0 EC060000 		.4byte	0x6ec
 719 03b4 00       		.byte	0
 720 03b5 08       		.uleb128 0x8
 721 03b6 8F010000 		.4byte	.LASF66
 722 03ba 08       		.byte	0x8
 723 03bb 7E01     		.2byte	0x17e
 724 03bd EC060000 		.4byte	0x6ec
 725 03c1 04       		.byte	0x4
 726 03c2 08       		.uleb128 0x8
 727 03c3 ED010000 		.4byte	.LASF67
 728 03c7 08       		.byte	0x8
 729 03c8 8001     		.2byte	0x180
 730 03ca 31010000 		.4byte	0x131
 731 03ce 08       		.byte	0x8
 732 03cf 08       		.uleb128 0x8
 733 03d0 28060000 		.4byte	.LASF72
 734 03d4 08       		.byte	0x8
 735 03d5 8201     		.2byte	0x182
 736 03d7 E7060000 		.4byte	0x6e7
 737 03db 0C       		.byte	0xc
 738 03dc 00       		.byte	0
 739 03dd 03       		.uleb128 0x3
 740 03de 79000000 		.4byte	.LASF73
 741 03e2 07       		.byte	0x7
ARM GAS  /var/folders/m4/4md61f0s1_g0rzfghffqnxvr0000gn/T//ccH5Xk1a.s 			page 14


 742 03e3 6B       		.byte	0x6b
 743 03e4 E8030000 		.4byte	0x3e8
 744 03e8 0A       		.uleb128 0xa
 745 03e9 97010000 		.4byte	.LASF74
 746 03ed 04       		.byte	0x4
 747 03ee 08       		.byte	0x8
 748 03ef A201     		.2byte	0x1a2
 749 03f1 03040000 		.4byte	0x403
 750 03f5 08       		.uleb128 0x8
 751 03f6 B1050000 		.4byte	.LASF75
 752 03fa 08       		.byte	0x8
 753 03fb AA01     		.2byte	0x1aa
 754 03fd F2060000 		.4byte	0x6f2
 755 0401 00       		.byte	0
 756 0402 00       		.byte	0
 757 0403 03       		.uleb128 0x3
 758 0404 2A020000 		.4byte	.LASF76
 759 0408 07       		.byte	0x7
 760 0409 70       		.byte	0x70
 761 040a 0E040000 		.4byte	0x40e
 762 040e 0E       		.uleb128 0xe
 763 040f 45010000 		.4byte	.LASF77
 764 0413 5802     		.2byte	0x258
 765 0415 08       		.byte	0x8
 766 0416 C201     		.2byte	0x1c2
 767 0418 6A040000 		.4byte	0x46a
 768 041c 08       		.uleb128 0x8
 769 041d 07060000 		.4byte	.LASF78
 770 0421 08       		.byte	0x8
 771 0422 C601     		.2byte	0x1c6
 772 0424 B1020000 		.4byte	0x2b1
 773 0428 00       		.byte	0
 774 0429 08       		.uleb128 0x8
 775 042a 22010000 		.4byte	.LASF79
 776 042e 08       		.byte	0x8
 777 042f CA01     		.2byte	0x1ca
 778 0431 90030000 		.4byte	0x390
 779 0435 1C       		.byte	0x1c
 780 0436 07       		.uleb128 0x7
 781 0437 64626700 		.ascii	"dbg\000"
 782 043b 08       		.byte	0x8
 783 043c CE01     		.2byte	0x1ce
 784 043e DD030000 		.4byte	0x3dd
 785 0442 2C       		.byte	0x2c
 786 0443 08       		.uleb128 0x8
 787 0444 B2000000 		.4byte	.LASF80
 788 0448 08       		.byte	0x8
 789 0449 D201     		.2byte	0x1d2
 790 044b 3C010000 		.4byte	0x13c
 791 044f 30       		.byte	0x30
 792 0450 07       		.uleb128 0x7
 793 0451 746D00   		.ascii	"tm\000"
 794 0454 08       		.byte	0x8
 795 0455 D701     		.2byte	0x1d7
 796 0457 05060000 		.4byte	0x605
 797 045b 78       		.byte	0x78
 798 045c 08       		.uleb128 0x8
ARM GAS  /var/folders/m4/4md61f0s1_g0rzfghffqnxvr0000gn/T//ccH5Xk1a.s 			page 15


 799 045d B5010000 		.4byte	.LASF81
 800 0461 08       		.byte	0x8
 801 0462 E301     		.2byte	0x1e3
 802 0464 F7060000 		.4byte	0x6f7
 803 0468 80       		.byte	0x80
 804 0469 00       		.byte	0
 805 046a 04       		.uleb128 0x4
 806 046b 04       		.byte	0x4
 807 046c 07       		.byte	0x7
 808 046d 86020000 		.4byte	.LASF82
 809 0471 03       		.uleb128 0x3
 810 0472 86010000 		.4byte	.LASF83
 811 0476 09       		.byte	0x9
 812 0477 65       		.byte	0x65
 813 0478 34030000 		.4byte	0x334
 814 047c 03       		.uleb128 0x3
 815 047d 62020000 		.4byte	.LASF84
 816 0481 09       		.byte	0x9
 817 0482 6D       		.byte	0x6d
 818 0483 C3000000 		.4byte	0xc3
 819 0487 05       		.uleb128 0x5
 820 0488 C2050000 		.4byte	.LASF85
 821 048c 04       		.byte	0x4
 822 048d 09       		.byte	0x9
 823 048e 89       		.byte	0x89
 824 048f A0040000 		.4byte	0x4a0
 825 0493 0F       		.uleb128 0xf
 826 0494 72313300 		.ascii	"r13\000"
 827 0498 09       		.byte	0x9
 828 0499 8A       		.byte	0x8a
 829 049a EA050000 		.4byte	0x5ea
 830 049e 00       		.byte	0
 831 049f 00       		.byte	0
 832 04a0 05       		.uleb128 0x5
 833 04a1 6D000000 		.4byte	.LASF86
 834 04a5 64       		.byte	0x64
 835 04a6 0A       		.byte	0xa
 836 04a7 FD       		.byte	0xfd
 837 04a8 EA050000 		.4byte	0x5ea
 838 04ac 0F       		.uleb128 0xf
 839 04ad 73313600 		.ascii	"s16\000"
 840 04b1 0A       		.byte	0xa
 841 04b2 FF       		.byte	0xff
 842 04b3 71040000 		.4byte	0x471
 843 04b7 00       		.byte	0
 844 04b8 07       		.uleb128 0x7
 845 04b9 73313700 		.ascii	"s17\000"
 846 04bd 0A       		.byte	0xa
 847 04be 0001     		.2byte	0x100
 848 04c0 71040000 		.4byte	0x471
 849 04c4 04       		.byte	0x4
 850 04c5 07       		.uleb128 0x7
 851 04c6 73313800 		.ascii	"s18\000"
 852 04ca 0A       		.byte	0xa
 853 04cb 0101     		.2byte	0x101
 854 04cd 71040000 		.4byte	0x471
 855 04d1 08       		.byte	0x8
ARM GAS  /var/folders/m4/4md61f0s1_g0rzfghffqnxvr0000gn/T//ccH5Xk1a.s 			page 16


 856 04d2 07       		.uleb128 0x7
 857 04d3 73313900 		.ascii	"s19\000"
 858 04d7 0A       		.byte	0xa
 859 04d8 0201     		.2byte	0x102
 860 04da 71040000 		.4byte	0x471
 861 04de 0C       		.byte	0xc
 862 04df 07       		.uleb128 0x7
 863 04e0 73323000 		.ascii	"s20\000"
 864 04e4 0A       		.byte	0xa
 865 04e5 0301     		.2byte	0x103
 866 04e7 71040000 		.4byte	0x471
 867 04eb 10       		.byte	0x10
 868 04ec 07       		.uleb128 0x7
 869 04ed 73323100 		.ascii	"s21\000"
 870 04f1 0A       		.byte	0xa
 871 04f2 0401     		.2byte	0x104
 872 04f4 71040000 		.4byte	0x471
 873 04f8 14       		.byte	0x14
 874 04f9 07       		.uleb128 0x7
 875 04fa 73323200 		.ascii	"s22\000"
 876 04fe 0A       		.byte	0xa
 877 04ff 0501     		.2byte	0x105
 878 0501 71040000 		.4byte	0x471
 879 0505 18       		.byte	0x18
 880 0506 07       		.uleb128 0x7
 881 0507 73323300 		.ascii	"s23\000"
 882 050b 0A       		.byte	0xa
 883 050c 0601     		.2byte	0x106
 884 050e 71040000 		.4byte	0x471
 885 0512 1C       		.byte	0x1c
 886 0513 07       		.uleb128 0x7
 887 0514 73323400 		.ascii	"s24\000"
 888 0518 0A       		.byte	0xa
 889 0519 0701     		.2byte	0x107
 890 051b 71040000 		.4byte	0x471
 891 051f 20       		.byte	0x20
 892 0520 07       		.uleb128 0x7
 893 0521 73323500 		.ascii	"s25\000"
 894 0525 0A       		.byte	0xa
 895 0526 0801     		.2byte	0x108
 896 0528 71040000 		.4byte	0x471
 897 052c 24       		.byte	0x24
 898 052d 07       		.uleb128 0x7
 899 052e 73323600 		.ascii	"s26\000"
 900 0532 0A       		.byte	0xa
 901 0533 0901     		.2byte	0x109
 902 0535 71040000 		.4byte	0x471
 903 0539 28       		.byte	0x28
 904 053a 07       		.uleb128 0x7
 905 053b 73323700 		.ascii	"s27\000"
 906 053f 0A       		.byte	0xa
 907 0540 0A01     		.2byte	0x10a
 908 0542 71040000 		.4byte	0x471
 909 0546 2C       		.byte	0x2c
 910 0547 07       		.uleb128 0x7
 911 0548 73323800 		.ascii	"s28\000"
 912 054c 0A       		.byte	0xa
ARM GAS  /var/folders/m4/4md61f0s1_g0rzfghffqnxvr0000gn/T//ccH5Xk1a.s 			page 17


 913 054d 0B01     		.2byte	0x10b
 914 054f 71040000 		.4byte	0x471
 915 0553 30       		.byte	0x30
 916 0554 07       		.uleb128 0x7
 917 0555 73323900 		.ascii	"s29\000"
 918 0559 0A       		.byte	0xa
 919 055a 0C01     		.2byte	0x10c
 920 055c 71040000 		.4byte	0x471
 921 0560 34       		.byte	0x34
 922 0561 07       		.uleb128 0x7
 923 0562 73333000 		.ascii	"s30\000"
 924 0566 0A       		.byte	0xa
 925 0567 0D01     		.2byte	0x10d
 926 0569 71040000 		.4byte	0x471
 927 056d 38       		.byte	0x38
 928 056e 07       		.uleb128 0x7
 929 056f 73333100 		.ascii	"s31\000"
 930 0573 0A       		.byte	0xa
 931 0574 0E01     		.2byte	0x10e
 932 0576 71040000 		.4byte	0x471
 933 057a 3C       		.byte	0x3c
 934 057b 07       		.uleb128 0x7
 935 057c 723400   		.ascii	"r4\000"
 936 057f 0A       		.byte	0xa
 937 0580 1001     		.2byte	0x110
 938 0582 71040000 		.4byte	0x471
 939 0586 40       		.byte	0x40
 940 0587 07       		.uleb128 0x7
 941 0588 723500   		.ascii	"r5\000"
 942 058b 0A       		.byte	0xa
 943 058c 1101     		.2byte	0x111
 944 058e 71040000 		.4byte	0x471
 945 0592 44       		.byte	0x44
 946 0593 07       		.uleb128 0x7
 947 0594 723600   		.ascii	"r6\000"
 948 0597 0A       		.byte	0xa
 949 0598 1201     		.2byte	0x112
 950 059a 71040000 		.4byte	0x471
 951 059e 48       		.byte	0x48
 952 059f 07       		.uleb128 0x7
 953 05a0 723700   		.ascii	"r7\000"
 954 05a3 0A       		.byte	0xa
 955 05a4 1301     		.2byte	0x113
 956 05a6 71040000 		.4byte	0x471
 957 05aa 4C       		.byte	0x4c
 958 05ab 07       		.uleb128 0x7
 959 05ac 723800   		.ascii	"r8\000"
 960 05af 0A       		.byte	0xa
 961 05b0 1401     		.2byte	0x114
 962 05b2 71040000 		.4byte	0x471
 963 05b6 50       		.byte	0x50
 964 05b7 07       		.uleb128 0x7
 965 05b8 723900   		.ascii	"r9\000"
 966 05bb 0A       		.byte	0xa
 967 05bc 1501     		.2byte	0x115
 968 05be 71040000 		.4byte	0x471
 969 05c2 54       		.byte	0x54
ARM GAS  /var/folders/m4/4md61f0s1_g0rzfghffqnxvr0000gn/T//ccH5Xk1a.s 			page 18


 970 05c3 07       		.uleb128 0x7
 971 05c4 72313000 		.ascii	"r10\000"
 972 05c8 0A       		.byte	0xa
 973 05c9 1601     		.2byte	0x116
 974 05cb 71040000 		.4byte	0x471
 975 05cf 58       		.byte	0x58
 976 05d0 07       		.uleb128 0x7
 977 05d1 72313100 		.ascii	"r11\000"
 978 05d5 0A       		.byte	0xa
 979 05d6 1701     		.2byte	0x117
 980 05d8 71040000 		.4byte	0x471
 981 05dc 5C       		.byte	0x5c
 982 05dd 07       		.uleb128 0x7
 983 05de 6C7200   		.ascii	"lr\000"
 984 05e1 0A       		.byte	0xa
 985 05e2 1801     		.2byte	0x118
 986 05e4 71040000 		.4byte	0x471
 987 05e8 60       		.byte	0x60
 988 05e9 00       		.byte	0
 989 05ea 09       		.uleb128 0x9
 990 05eb 04       		.byte	0x4
 991 05ec A0040000 		.4byte	0x4a0
 992 05f0 10       		.uleb128 0x10
 993 05f1 04       		.byte	0x4
 994 05f2 0B       		.byte	0xb
 995 05f3 38       		.byte	0x38
 996 05f4 05060000 		.4byte	0x605
 997 05f8 06       		.uleb128 0x6
 998 05f9 BB050000 		.4byte	.LASF87
 999 05fd 0B       		.byte	0xb
 1000 05fe 3C       		.byte	0x3c
 1001 05ff CE000000 		.4byte	0xce
 1002 0603 00       		.byte	0
 1003 0604 00       		.byte	0
 1004 0605 03       		.uleb128 0x3
 1005 0606 EC020000 		.4byte	.LASF88
 1006 060a 0B       		.byte	0xb
 1007 060b 3D       		.byte	0x3d
 1008 060c F0050000 		.4byte	0x5f0
 1009 0610 11       		.uleb128 0x11
 1010 0611 04       		.byte	0x4
 1011 0612 08       		.byte	0x8
 1012 0613 FA       		.byte	0xfa
 1013 0614 6D060000 		.4byte	0x66d
 1014 0618 12       		.uleb128 0x12
 1015 0619 47000000 		.4byte	.LASF89
 1016 061d 08       		.byte	0x8
 1017 061e 0101     		.2byte	0x101
 1018 0620 10010000 		.4byte	0x110
 1019 0624 12       		.uleb128 0x12
 1020 0625 A9000000 		.4byte	.LASF90
 1021 0629 08       		.byte	0x8
 1022 062a 0801     		.2byte	0x108
 1023 062c 10010000 		.4byte	0x110
 1024 0630 12       		.uleb128 0x12
 1025 0631 15060000 		.4byte	.LASF91
 1026 0635 08       		.byte	0x8
ARM GAS  /var/folders/m4/4md61f0s1_g0rzfghffqnxvr0000gn/T//ccH5Xk1a.s 			page 19


 1027 0636 0F01     		.2byte	0x10f
 1028 0638 34030000 		.4byte	0x334
 1029 063c 12       		.uleb128 0x12
 1030 063d 3F010000 		.4byte	.LASF92
 1031 0641 08       		.byte	0x8
 1032 0642 1601     		.2byte	0x116
 1033 0644 6D060000 		.4byte	0x66d
 1034 0648 12       		.uleb128 0x12
 1035 0649 E6010000 		.4byte	.LASF93
 1036 064d 08       		.byte	0x8
 1037 064e 1E01     		.2byte	0x11e
 1038 0650 98060000 		.4byte	0x698
 1039 0654 12       		.uleb128 0x12
 1040 0655 08040000 		.4byte	.LASF94
 1041 0659 08       		.byte	0x8
 1042 065a 2701     		.2byte	0x127
 1043 065c CF060000 		.4byte	0x6cf
 1044 0660 12       		.uleb128 0x12
 1045 0661 AD030000 		.4byte	.LASF95
 1046 0665 08       		.byte	0x8
 1047 0666 2F01     		.2byte	0x12f
 1048 0668 1B010000 		.4byte	0x11b
 1049 066c 00       		.byte	0
 1050 066d 09       		.uleb128 0x9
 1051 066e 04       		.byte	0x4
 1052 066f 4C020000 		.4byte	0x24c
 1053 0673 05       		.uleb128 0x5
 1054 0674 E7030000 		.4byte	.LASF96
 1055 0678 0C       		.byte	0xc
 1056 0679 0C       		.byte	0xc
 1057 067a 34       		.byte	0x34
 1058 067b 98060000 		.4byte	0x698
 1059 067f 06       		.uleb128 0x6
 1060 0680 69010000 		.4byte	.LASF97
 1061 0684 0C       		.byte	0xc
 1062 0685 35       		.byte	0x35
 1063 0686 81020000 		.4byte	0x281
 1064 068a 00       		.byte	0
 1065 068b 06       		.uleb128 0x6
 1066 068c 01020000 		.4byte	.LASF98
 1067 0690 0C       		.byte	0xc
 1068 0691 37       		.byte	0x37
 1069 0692 26010000 		.4byte	0x126
 1070 0696 08       		.byte	0x8
 1071 0697 00       		.byte	0
 1072 0698 09       		.uleb128 0x9
 1073 0699 04       		.byte	0x4
 1074 069a 73060000 		.4byte	0x673
 1075 069e 05       		.uleb128 0x5
 1076 069f F7050000 		.4byte	.LASF99
 1077 06a3 10       		.byte	0x10
 1078 06a4 0D       		.byte	0xd
 1079 06a5 39       		.byte	0x39
 1080 06a6 CF060000 		.4byte	0x6cf
 1081 06aa 06       		.uleb128 0x6
 1082 06ab 1A010000 		.4byte	.LASF100
 1083 06af 0D       		.byte	0xd
ARM GAS  /var/folders/m4/4md61f0s1_g0rzfghffqnxvr0000gn/T//ccH5Xk1a.s 			page 20


 1084 06b0 3A       		.byte	0x3a
 1085 06b1 81020000 		.4byte	0x281
 1086 06b5 00       		.byte	0
 1087 06b6 06       		.uleb128 0x6
 1088 06b7 45060000 		.4byte	.LASF101
 1089 06bb 0D       		.byte	0xd
 1090 06bc 3C       		.byte	0x3c
 1091 06bd 57020000 		.4byte	0x257
 1092 06c1 08       		.byte	0x8
 1093 06c2 06       		.uleb128 0x6
 1094 06c3 4F040000 		.4byte	.LASF102
 1095 06c7 0D       		.byte	0xd
 1096 06c8 3E       		.byte	0x3e
 1097 06c9 12070000 		.4byte	0x712
 1098 06cd 0C       		.byte	0xc
 1099 06ce 00       		.byte	0
 1100 06cf 09       		.uleb128 0x9
 1101 06d0 04       		.byte	0x4
 1102 06d1 9E060000 		.4byte	0x69e
 1103 06d5 09       		.uleb128 0x9
 1104 06d6 04       		.byte	0x4
 1105 06d7 DB060000 		.4byte	0x6db
 1106 06db 13       		.uleb128 0x13
 1107 06dc E0060000 		.4byte	0x6e0
 1108 06e0 04       		.uleb128 0x4
 1109 06e1 01       		.byte	0x1
 1110 06e2 08       		.byte	0x8
 1111 06e3 39040000 		.4byte	.LASF103
 1112 06e7 14       		.uleb128 0x14
 1113 06e8 31010000 		.4byte	0x131
 1114 06ec 09       		.uleb128 0x9
 1115 06ed 04       		.byte	0x4
 1116 06ee 36030000 		.4byte	0x336
 1117 06f2 14       		.uleb128 0x14
 1118 06f3 D5060000 		.4byte	0x6d5
 1119 06f7 15       		.uleb128 0x15
 1120 06f8 7C040000 		.4byte	0x47c
 1121 06fc 07070000 		.4byte	0x707
 1122 0700 16       		.uleb128 0x16
 1123 0701 6A040000 		.4byte	0x46a
 1124 0705 3A       		.byte	0x3a
 1125 0706 00       		.byte	0
 1126 0707 03       		.uleb128 0x3
 1127 0708 A7010000 		.4byte	.LASF104
 1128 070c 0D       		.byte	0xd
 1129 070d 34       		.byte	0x34
 1130 070e 9E060000 		.4byte	0x69e
 1131 0712 09       		.uleb128 0x9
 1132 0713 04       		.byte	0x4
 1133 0714 07070000 		.4byte	0x707
 1134 0718 09       		.uleb128 0x9
 1135 0719 04       		.byte	0x4
 1136 071a A2000000 		.4byte	0xa2
 1137 071e 17       		.uleb128 0x17
 1138 071f 7F040000 		.4byte	.LASF110
 1139 0723 02       		.byte	0x2
 1140 0724 2202     		.2byte	0x222
ARM GAS  /var/folders/m4/4md61f0s1_g0rzfghffqnxvr0000gn/T//ccH5Xk1a.s 			page 21


 1141 0726 03       		.byte	0x3
 1142 0727 38070000 		.4byte	0x738
 1143 072b 18       		.uleb128 0x18
 1144 072c AF010000 		.4byte	.LASF108
 1145 0730 02       		.byte	0x2
 1146 0731 2202     		.2byte	0x222
 1147 0733 B8000000 		.4byte	0xb8
 1148 0737 00       		.byte	0
 1149 0738 19       		.uleb128 0x19
 1150 0739 88000000 		.4byte	.LASF105
 1151 073d 0A       		.byte	0xa
 1152 073e C801     		.2byte	0x1c8
 1153 0740 03       		.byte	0x3
 1154 0741 19       		.uleb128 0x19
 1155 0742 29010000 		.4byte	.LASF106
 1156 0746 0A       		.byte	0xa
 1157 0747 E001     		.2byte	0x1e0
 1158 0749 03       		.byte	0x3
 1159 074a 19       		.uleb128 0x19
 1160 074b CC030000 		.4byte	.LASF107
 1161 074f 0E       		.byte	0xe
 1162 0750 5A01     		.2byte	0x15a
 1163 0752 03       		.byte	0x3
 1164 0753 1A       		.uleb128 0x1a
 1165 0754 71010000 		.4byte	.LASF121
 1166 0758 01       		.byte	0x1
 1167 0759 83       		.byte	0x83
 1168 075a 34030000 		.4byte	0x334
 1169 075e 01       		.byte	0x1
 1170 075f 78070000 		.4byte	0x778
 1171 0763 1B       		.uleb128 0x1b
 1172 0764 23060000 		.4byte	.LASF109
 1173 0768 01       		.byte	0x1
 1174 0769 83       		.byte	0x83
 1175 076a 2C000000 		.4byte	0x2c
 1176 076e 1C       		.uleb128 0x1c
 1177 076f 7000     		.ascii	"p\000"
 1178 0771 01       		.byte	0x1
 1179 0772 84       		.byte	0x84
 1180 0773 34030000 		.4byte	0x334
 1181 0777 00       		.byte	0
 1182 0778 17       		.uleb128 0x17
 1183 0779 33060000 		.4byte	.LASF111
 1184 077d 0E       		.byte	0xe
 1185 077e 6601     		.2byte	0x166
 1186 0780 03       		.byte	0x3
 1187 0781 93070000 		.4byte	0x793
 1188 0785 1D       		.uleb128 0x1d
 1189 0786 C3030000 		.4byte	.LASF112
 1190 078a A3070000 		.4byte	0x7a3
 1191 078e 33060000 		.4byte	.LASF111
 1192 0792 00       		.byte	0
 1193 0793 15       		.uleb128 0x15
 1194 0794 E0060000 		.4byte	0x6e0
 1195 0798 A3070000 		.4byte	0x7a3
 1196 079c 16       		.uleb128 0x16
 1197 079d 6A040000 		.4byte	0x46a
ARM GAS  /var/folders/m4/4md61f0s1_g0rzfghffqnxvr0000gn/T//ccH5Xk1a.s 			page 22


 1198 07a1 0B       		.byte	0xb
 1199 07a2 00       		.byte	0
 1200 07a3 13       		.uleb128 0x13
 1201 07a4 93070000 		.4byte	0x793
 1202 07a8 1E       		.uleb128 0x1e
 1203 07a9 68030000 		.4byte	.LASF122
 1204 07ad 01       		.byte	0x1
 1205 07ae 4E       		.byte	0x4e
 1206 07af 00000000 		.4byte	.LFB231
 1207 07b3 28000000 		.4byte	.LFE231-.LFB231
 1208 07b7 01       		.uleb128 0x1
 1209 07b8 9C       		.byte	0x9c
 1210 07b9 D4070000 		.4byte	0x7d4
 1211 07bd 1F       		.uleb128 0x1f
 1212 07be D9050000 		.4byte	.LASF113
 1213 07c2 01       		.byte	0x1
 1214 07c3 50       		.byte	0x50
 1215 07c4 D4070000 		.4byte	0x7d4
 1216 07c8 1F       		.uleb128 0x1f
 1217 07c9 99030000 		.4byte	.LASF114
 1218 07cd 01       		.byte	0x1
 1219 07ce 51       		.byte	0x51
 1220 07cf D4070000 		.4byte	0x7d4
 1221 07d3 00       		.byte	0
 1222 07d4 15       		.uleb128 0x15
 1223 07d5 A2000000 		.4byte	0xa2
 1224 07d9 DF070000 		.4byte	0x7df
 1225 07dd 20       		.uleb128 0x20
 1226 07de 00       		.byte	0
 1227 07df 21       		.uleb128 0x21
 1228 07e0 57000000 		.4byte	.LASF123
 1229 07e4 01       		.byte	0x1
 1230 07e5 6D       		.byte	0x6d
 1231 07e6 34030000 		.4byte	0x334
 1232 07ea 00000000 		.4byte	.LFB232
 1233 07ee 38000000 		.4byte	.LFE232-.LFB232
 1234 07f2 01       		.uleb128 0x1
 1235 07f3 9C       		.byte	0x9c
 1236 07f4 C2080000 		.4byte	0x8c2
 1237 07f8 22       		.uleb128 0x22
 1238 07f9 23060000 		.4byte	.LASF109
 1239 07fd 01       		.byte	0x1
 1240 07fe 6D       		.byte	0x6d
 1241 07ff 2C000000 		.4byte	0x2c
 1242 0803 00000000 		.4byte	.LLST0
 1243 0807 1C       		.uleb128 0x1c
 1244 0808 7000     		.ascii	"p\000"
 1245 080a 01       		.byte	0x1
 1246 080b 6E       		.byte	0x6e
 1247 080c 34030000 		.4byte	0x334
 1248 0810 23       		.uleb128 0x23
 1249 0811 4A070000 		.4byte	0x74a
 1250 0815 02000000 		.4byte	.LBB26
 1251 0819 06000000 		.4byte	.LBE26-.LBB26
 1252 081d 01       		.byte	0x1
 1253 081e 70       		.byte	0x70
 1254 081f 4C080000 		.4byte	0x84c
ARM GAS  /var/folders/m4/4md61f0s1_g0rzfghffqnxvr0000gn/T//ccH5Xk1a.s 			page 23


 1255 0823 24       		.uleb128 0x24
 1256 0824 38070000 		.4byte	0x738
 1257 0828 02000000 		.4byte	.LBB27
 1258 082c 06000000 		.4byte	.LBE27-.LBB27
 1259 0830 0E       		.byte	0xe
 1260 0831 5C01     		.2byte	0x15c
 1261 0833 24       		.uleb128 0x24
 1262 0834 1E070000 		.4byte	0x71e
 1263 0838 02000000 		.4byte	.LBB28
 1264 083c 06000000 		.4byte	.LBE28-.LBB28
 1265 0840 0A       		.byte	0xa
 1266 0841 D001     		.2byte	0x1d0
 1267 0843 25       		.uleb128 0x25
 1268 0844 2B070000 		.4byte	0x72b
 1269 0848 20       		.byte	0x20
 1270 0849 00       		.byte	0
 1271 084a 00       		.byte	0
 1272 084b 00       		.byte	0
 1273 084c 23       		.uleb128 0x23
 1274 084d 53070000 		.4byte	0x753
 1275 0851 08000000 		.4byte	.LBB30
 1276 0855 1C000000 		.4byte	.LBE30-.LBB30
 1277 0859 01       		.byte	0x1
 1278 085a 71       		.byte	0x71
 1279 085b 7A080000 		.4byte	0x87a
 1280 085f 26       		.uleb128 0x26
 1281 0860 63070000 		.4byte	0x763
 1282 0864 21000000 		.4byte	.LLST1
 1283 0868 27       		.uleb128 0x27
 1284 0869 08000000 		.4byte	.LBB31
 1285 086d 1C000000 		.4byte	.LBE31-.LBB31
 1286 0871 28       		.uleb128 0x28
 1287 0872 6E070000 		.4byte	0x76e
 1288 0876 01       		.uleb128 0x1
 1289 0877 52       		.byte	0x52
 1290 0878 00       		.byte	0
 1291 0879 00       		.byte	0
 1292 087a 29       		.uleb128 0x29
 1293 087b 78070000 		.4byte	0x778
 1294 087f 24000000 		.4byte	.LBB32
 1295 0883 06000000 		.4byte	.LBE32-.LBB32
 1296 0887 01       		.byte	0x1
 1297 0888 72       		.byte	0x72
 1298 0889 27       		.uleb128 0x27
 1299 088a 24000000 		.4byte	.LBB33
 1300 088e 06000000 		.4byte	.LBE33-.LBB33
 1301 0892 2A       		.uleb128 0x2a
 1302 0893 85070000 		.4byte	0x785
 1303 0897 24       		.uleb128 0x24
 1304 0898 41070000 		.4byte	0x741
 1305 089c 24000000 		.4byte	.LBB34
 1306 08a0 06000000 		.4byte	.LBE34-.LBB34
 1307 08a4 0E       		.byte	0xe
 1308 08a5 7301     		.2byte	0x173
 1309 08a7 24       		.uleb128 0x24
 1310 08a8 1E070000 		.4byte	0x71e
 1311 08ac 24000000 		.4byte	.LBB35
ARM GAS  /var/folders/m4/4md61f0s1_g0rzfghffqnxvr0000gn/T//ccH5Xk1a.s 			page 24


 1312 08b0 06000000 		.4byte	.LBE35-.LBB35
 1313 08b4 0A       		.byte	0xa
 1314 08b5 E301     		.2byte	0x1e3
 1315 08b7 25       		.uleb128 0x25
 1316 08b8 2B070000 		.4byte	0x72b
 1317 08bc 00       		.byte	0
 1318 08bd 00       		.byte	0
 1319 08be 00       		.byte	0
 1320 08bf 00       		.byte	0
 1321 08c0 00       		.byte	0
 1322 08c1 00       		.byte	0
 1323 08c2 2B       		.uleb128 0x2b
 1324 08c3 53070000 		.4byte	0x753
 1325 08c7 00000000 		.4byte	.LFB233
 1326 08cb 2C000000 		.4byte	.LFE233-.LFB233
 1327 08cf 01       		.uleb128 0x1
 1328 08d0 9C       		.byte	0x9c
 1329 08d1 E6080000 		.4byte	0x8e6
 1330 08d5 26       		.uleb128 0x26
 1331 08d6 63070000 		.4byte	0x763
 1332 08da 62000000 		.4byte	.LLST2
 1333 08de 28       		.uleb128 0x28
 1334 08df 6E070000 		.4byte	0x76e
 1335 08e3 01       		.uleb128 0x1
 1336 08e4 52       		.byte	0x52
 1337 08e5 00       		.byte	0
 1338 08e6 2C       		.uleb128 0x2c
 1339 08e7 41030000 		.4byte	.LASF124
 1340 08eb 01       		.byte	0x1
 1341 08ec 9B       		.byte	0x9b
 1342 08ed 2C000000 		.4byte	0x2c
 1343 08f1 00000000 		.4byte	.LFB234
 1344 08f5 14000000 		.4byte	.LFE234-.LFB234
 1345 08f9 01       		.uleb128 0x1
 1346 08fa 9C       		.byte	0x9c
 1347 08fb 2D       		.uleb128 0x2d
 1348 08fc 47040000 		.4byte	.LASF115
 1349 0900 01       		.byte	0x1
 1350 0901 3E       		.byte	0x3e
 1351 0902 18070000 		.4byte	0x718
 1352 0906 05       		.uleb128 0x5
 1353 0907 03       		.byte	0x3
 1354 0908 00000000 		.4byte	nextmem
 1355 090c 2D       		.uleb128 0x2d
 1356 090d 2C000000 		.4byte	.LASF116
 1357 0911 01       		.byte	0x1
 1358 0912 3F       		.byte	0x3f
 1359 0913 18070000 		.4byte	0x718
 1360 0917 05       		.uleb128 0x5
 1361 0918 03       		.byte	0x3
 1362 0919 00000000 		.4byte	endmem
 1363 091d 2E       		.uleb128 0x2e
 1364 091e D3000000 		.4byte	.LASF117
 1365 0922 0F       		.byte	0xf
 1366 0923 FA06     		.2byte	0x6fa
 1367 0925 29090000 		.4byte	0x929
 1368 0929 14       		.uleb128 0x14
ARM GAS  /var/folders/m4/4md61f0s1_g0rzfghffqnxvr0000gn/T//ccH5Xk1a.s 			page 25


 1369 092a AD000000 		.4byte	0xad
 1370 092e 2F       		.uleb128 0x2f
 1371 092f 636800   		.ascii	"ch\000"
 1372 0932 08       		.byte	0x8
 1373 0933 0902     		.2byte	0x209
 1374 0935 03040000 		.4byte	0x403
 1375 0939 1F       		.uleb128 0x1f
 1376 093a D9050000 		.4byte	.LASF113
 1377 093e 01       		.byte	0x1
 1378 093f 50       		.byte	0x50
 1379 0940 D4070000 		.4byte	0x7d4
 1380 0944 1F       		.uleb128 0x1f
 1381 0945 99030000 		.4byte	.LASF114
 1382 0949 01       		.byte	0x1
 1383 094a 51       		.byte	0x51
 1384 094b D4070000 		.4byte	0x7d4
 1385 094f 00       		.byte	0
 1386              		.section	.debug_abbrev,"",%progbits
 1387              	.Ldebug_abbrev0:
 1388 0000 01       		.uleb128 0x1
 1389 0001 11       		.uleb128 0x11
 1390 0002 01       		.byte	0x1
 1391 0003 25       		.uleb128 0x25
 1392 0004 0E       		.uleb128 0xe
 1393 0005 13       		.uleb128 0x13
 1394 0006 0B       		.uleb128 0xb
 1395 0007 03       		.uleb128 0x3
 1396 0008 0E       		.uleb128 0xe
 1397 0009 1B       		.uleb128 0x1b
 1398 000a 0E       		.uleb128 0xe
 1399 000b 55       		.uleb128 0x55
 1400 000c 17       		.uleb128 0x17
 1401 000d 11       		.uleb128 0x11
 1402 000e 01       		.uleb128 0x1
 1403 000f 10       		.uleb128 0x10
 1404 0010 17       		.uleb128 0x17
 1405 0011 00       		.byte	0
 1406 0012 00       		.byte	0
 1407 0013 02       		.uleb128 0x2
 1408 0014 24       		.uleb128 0x24
 1409 0015 00       		.byte	0
 1410 0016 0B       		.uleb128 0xb
 1411 0017 0B       		.uleb128 0xb
 1412 0018 3E       		.uleb128 0x3e
 1413 0019 0B       		.uleb128 0xb
 1414 001a 03       		.uleb128 0x3
 1415 001b 08       		.uleb128 0x8
 1416 001c 00       		.byte	0
 1417 001d 00       		.byte	0
 1418 001e 03       		.uleb128 0x3
 1419 001f 16       		.uleb128 0x16
 1420 0020 00       		.byte	0
 1421 0021 03       		.uleb128 0x3
 1422 0022 0E       		.uleb128 0xe
 1423 0023 3A       		.uleb128 0x3a
 1424 0024 0B       		.uleb128 0xb
 1425 0025 3B       		.uleb128 0x3b
ARM GAS  /var/folders/m4/4md61f0s1_g0rzfghffqnxvr0000gn/T//ccH5Xk1a.s 			page 26


 1426 0026 0B       		.uleb128 0xb
 1427 0027 49       		.uleb128 0x49
 1428 0028 13       		.uleb128 0x13
 1429 0029 00       		.byte	0
 1430 002a 00       		.byte	0
 1431 002b 04       		.uleb128 0x4
 1432 002c 24       		.uleb128 0x24
 1433 002d 00       		.byte	0
 1434 002e 0B       		.uleb128 0xb
 1435 002f 0B       		.uleb128 0xb
 1436 0030 3E       		.uleb128 0x3e
 1437 0031 0B       		.uleb128 0xb
 1438 0032 03       		.uleb128 0x3
 1439 0033 0E       		.uleb128 0xe
 1440 0034 00       		.byte	0
 1441 0035 00       		.byte	0
 1442 0036 05       		.uleb128 0x5
 1443 0037 13       		.uleb128 0x13
 1444 0038 01       		.byte	0x1
 1445 0039 03       		.uleb128 0x3
 1446 003a 0E       		.uleb128 0xe
 1447 003b 0B       		.uleb128 0xb
 1448 003c 0B       		.uleb128 0xb
 1449 003d 3A       		.uleb128 0x3a
 1450 003e 0B       		.uleb128 0xb
 1451 003f 3B       		.uleb128 0x3b
 1452 0040 0B       		.uleb128 0xb
 1453 0041 01       		.uleb128 0x1
 1454 0042 13       		.uleb128 0x13
 1455 0043 00       		.byte	0
 1456 0044 00       		.byte	0
 1457 0045 06       		.uleb128 0x6
 1458 0046 0D       		.uleb128 0xd
 1459 0047 00       		.byte	0
 1460 0048 03       		.uleb128 0x3
 1461 0049 0E       		.uleb128 0xe
 1462 004a 3A       		.uleb128 0x3a
 1463 004b 0B       		.uleb128 0xb
 1464 004c 3B       		.uleb128 0x3b
 1465 004d 0B       		.uleb128 0xb
 1466 004e 49       		.uleb128 0x49
 1467 004f 13       		.uleb128 0x13
 1468 0050 38       		.uleb128 0x38
 1469 0051 0B       		.uleb128 0xb
 1470 0052 00       		.byte	0
 1471 0053 00       		.byte	0
 1472 0054 07       		.uleb128 0x7
 1473 0055 0D       		.uleb128 0xd
 1474 0056 00       		.byte	0
 1475 0057 03       		.uleb128 0x3
 1476 0058 08       		.uleb128 0x8
 1477 0059 3A       		.uleb128 0x3a
 1478 005a 0B       		.uleb128 0xb
 1479 005b 3B       		.uleb128 0x3b
 1480 005c 05       		.uleb128 0x5
 1481 005d 49       		.uleb128 0x49
 1482 005e 13       		.uleb128 0x13
ARM GAS  /var/folders/m4/4md61f0s1_g0rzfghffqnxvr0000gn/T//ccH5Xk1a.s 			page 27


 1483 005f 38       		.uleb128 0x38
 1484 0060 0B       		.uleb128 0xb
 1485 0061 00       		.byte	0
 1486 0062 00       		.byte	0
 1487 0063 08       		.uleb128 0x8
 1488 0064 0D       		.uleb128 0xd
 1489 0065 00       		.byte	0
 1490 0066 03       		.uleb128 0x3
 1491 0067 0E       		.uleb128 0xe
 1492 0068 3A       		.uleb128 0x3a
 1493 0069 0B       		.uleb128 0xb
 1494 006a 3B       		.uleb128 0x3b
 1495 006b 05       		.uleb128 0x5
 1496 006c 49       		.uleb128 0x49
 1497 006d 13       		.uleb128 0x13
 1498 006e 38       		.uleb128 0x38
 1499 006f 0B       		.uleb128 0xb
 1500 0070 00       		.byte	0
 1501 0071 00       		.byte	0
 1502 0072 09       		.uleb128 0x9
 1503 0073 0F       		.uleb128 0xf
 1504 0074 00       		.byte	0
 1505 0075 0B       		.uleb128 0xb
 1506 0076 0B       		.uleb128 0xb
 1507 0077 49       		.uleb128 0x49
 1508 0078 13       		.uleb128 0x13
 1509 0079 00       		.byte	0
 1510 007a 00       		.byte	0
 1511 007b 0A       		.uleb128 0xa
 1512 007c 13       		.uleb128 0x13
 1513 007d 01       		.byte	0x1
 1514 007e 03       		.uleb128 0x3
 1515 007f 0E       		.uleb128 0xe
 1516 0080 0B       		.uleb128 0xb
 1517 0081 0B       		.uleb128 0xb
 1518 0082 3A       		.uleb128 0x3a
 1519 0083 0B       		.uleb128 0xb
 1520 0084 3B       		.uleb128 0x3b
 1521 0085 05       		.uleb128 0x5
 1522 0086 01       		.uleb128 0x1
 1523 0087 13       		.uleb128 0x13
 1524 0088 00       		.byte	0
 1525 0089 00       		.byte	0
 1526 008a 0B       		.uleb128 0xb
 1527 008b 15       		.uleb128 0x15
 1528 008c 01       		.byte	0x1
 1529 008d 27       		.uleb128 0x27
 1530 008e 19       		.uleb128 0x19
 1531 008f 01       		.uleb128 0x1
 1532 0090 13       		.uleb128 0x13
 1533 0091 00       		.byte	0
 1534 0092 00       		.byte	0
 1535 0093 0C       		.uleb128 0xc
 1536 0094 05       		.uleb128 0x5
 1537 0095 00       		.byte	0
 1538 0096 49       		.uleb128 0x49
 1539 0097 13       		.uleb128 0x13
ARM GAS  /var/folders/m4/4md61f0s1_g0rzfghffqnxvr0000gn/T//ccH5Xk1a.s 			page 28


 1540 0098 00       		.byte	0
 1541 0099 00       		.byte	0
 1542 009a 0D       		.uleb128 0xd
 1543 009b 0F       		.uleb128 0xf
 1544 009c 00       		.byte	0
 1545 009d 0B       		.uleb128 0xb
 1546 009e 0B       		.uleb128 0xb
 1547 009f 00       		.byte	0
 1548 00a0 00       		.byte	0
 1549 00a1 0E       		.uleb128 0xe
 1550 00a2 13       		.uleb128 0x13
 1551 00a3 01       		.byte	0x1
 1552 00a4 03       		.uleb128 0x3
 1553 00a5 0E       		.uleb128 0xe
 1554 00a6 0B       		.uleb128 0xb
 1555 00a7 05       		.uleb128 0x5
 1556 00a8 3A       		.uleb128 0x3a
 1557 00a9 0B       		.uleb128 0xb
 1558 00aa 3B       		.uleb128 0x3b
 1559 00ab 05       		.uleb128 0x5
 1560 00ac 01       		.uleb128 0x1
 1561 00ad 13       		.uleb128 0x13
 1562 00ae 00       		.byte	0
 1563 00af 00       		.byte	0
 1564 00b0 0F       		.uleb128 0xf
 1565 00b1 0D       		.uleb128 0xd
 1566 00b2 00       		.byte	0
 1567 00b3 03       		.uleb128 0x3
 1568 00b4 08       		.uleb128 0x8
 1569 00b5 3A       		.uleb128 0x3a
 1570 00b6 0B       		.uleb128 0xb
 1571 00b7 3B       		.uleb128 0x3b
 1572 00b8 0B       		.uleb128 0xb
 1573 00b9 49       		.uleb128 0x49
 1574 00ba 13       		.uleb128 0x13
 1575 00bb 38       		.uleb128 0x38
 1576 00bc 0B       		.uleb128 0xb
 1577 00bd 00       		.byte	0
 1578 00be 00       		.byte	0
 1579 00bf 10       		.uleb128 0x10
 1580 00c0 13       		.uleb128 0x13
 1581 00c1 01       		.byte	0x1
 1582 00c2 0B       		.uleb128 0xb
 1583 00c3 0B       		.uleb128 0xb
 1584 00c4 3A       		.uleb128 0x3a
 1585 00c5 0B       		.uleb128 0xb
 1586 00c6 3B       		.uleb128 0x3b
 1587 00c7 0B       		.uleb128 0xb
 1588 00c8 01       		.uleb128 0x1
 1589 00c9 13       		.uleb128 0x13
 1590 00ca 00       		.byte	0
 1591 00cb 00       		.byte	0
 1592 00cc 11       		.uleb128 0x11
 1593 00cd 17       		.uleb128 0x17
 1594 00ce 01       		.byte	0x1
 1595 00cf 0B       		.uleb128 0xb
 1596 00d0 0B       		.uleb128 0xb
ARM GAS  /var/folders/m4/4md61f0s1_g0rzfghffqnxvr0000gn/T//ccH5Xk1a.s 			page 29


 1597 00d1 3A       		.uleb128 0x3a
 1598 00d2 0B       		.uleb128 0xb
 1599 00d3 3B       		.uleb128 0x3b
 1600 00d4 0B       		.uleb128 0xb
 1601 00d5 01       		.uleb128 0x1
 1602 00d6 13       		.uleb128 0x13
 1603 00d7 00       		.byte	0
 1604 00d8 00       		.byte	0
 1605 00d9 12       		.uleb128 0x12
 1606 00da 0D       		.uleb128 0xd
 1607 00db 00       		.byte	0
 1608 00dc 03       		.uleb128 0x3
 1609 00dd 0E       		.uleb128 0xe
 1610 00de 3A       		.uleb128 0x3a
 1611 00df 0B       		.uleb128 0xb
 1612 00e0 3B       		.uleb128 0x3b
 1613 00e1 05       		.uleb128 0x5
 1614 00e2 49       		.uleb128 0x49
 1615 00e3 13       		.uleb128 0x13
 1616 00e4 00       		.byte	0
 1617 00e5 00       		.byte	0
 1618 00e6 13       		.uleb128 0x13
 1619 00e7 26       		.uleb128 0x26
 1620 00e8 00       		.byte	0
 1621 00e9 49       		.uleb128 0x49
 1622 00ea 13       		.uleb128 0x13
 1623 00eb 00       		.byte	0
 1624 00ec 00       		.byte	0
 1625 00ed 14       		.uleb128 0x14
 1626 00ee 35       		.uleb128 0x35
 1627 00ef 00       		.byte	0
 1628 00f0 49       		.uleb128 0x49
 1629 00f1 13       		.uleb128 0x13
 1630 00f2 00       		.byte	0
 1631 00f3 00       		.byte	0
 1632 00f4 15       		.uleb128 0x15
 1633 00f5 01       		.uleb128 0x1
 1634 00f6 01       		.byte	0x1
 1635 00f7 49       		.uleb128 0x49
 1636 00f8 13       		.uleb128 0x13
 1637 00f9 01       		.uleb128 0x1
 1638 00fa 13       		.uleb128 0x13
 1639 00fb 00       		.byte	0
 1640 00fc 00       		.byte	0
 1641 00fd 16       		.uleb128 0x16
 1642 00fe 21       		.uleb128 0x21
 1643 00ff 00       		.byte	0
 1644 0100 49       		.uleb128 0x49
 1645 0101 13       		.uleb128 0x13
 1646 0102 2F       		.uleb128 0x2f
 1647 0103 0B       		.uleb128 0xb
 1648 0104 00       		.byte	0
 1649 0105 00       		.byte	0
 1650 0106 17       		.uleb128 0x17
 1651 0107 2E       		.uleb128 0x2e
 1652 0108 01       		.byte	0x1
 1653 0109 03       		.uleb128 0x3
ARM GAS  /var/folders/m4/4md61f0s1_g0rzfghffqnxvr0000gn/T//ccH5Xk1a.s 			page 30


 1654 010a 0E       		.uleb128 0xe
 1655 010b 3A       		.uleb128 0x3a
 1656 010c 0B       		.uleb128 0xb
 1657 010d 3B       		.uleb128 0x3b
 1658 010e 05       		.uleb128 0x5
 1659 010f 27       		.uleb128 0x27
 1660 0110 19       		.uleb128 0x19
 1661 0111 20       		.uleb128 0x20
 1662 0112 0B       		.uleb128 0xb
 1663 0113 01       		.uleb128 0x1
 1664 0114 13       		.uleb128 0x13
 1665 0115 00       		.byte	0
 1666 0116 00       		.byte	0
 1667 0117 18       		.uleb128 0x18
 1668 0118 05       		.uleb128 0x5
 1669 0119 00       		.byte	0
 1670 011a 03       		.uleb128 0x3
 1671 011b 0E       		.uleb128 0xe
 1672 011c 3A       		.uleb128 0x3a
 1673 011d 0B       		.uleb128 0xb
 1674 011e 3B       		.uleb128 0x3b
 1675 011f 05       		.uleb128 0x5
 1676 0120 49       		.uleb128 0x49
 1677 0121 13       		.uleb128 0x13
 1678 0122 00       		.byte	0
 1679 0123 00       		.byte	0
 1680 0124 19       		.uleb128 0x19
 1681 0125 2E       		.uleb128 0x2e
 1682 0126 00       		.byte	0
 1683 0127 03       		.uleb128 0x3
 1684 0128 0E       		.uleb128 0xe
 1685 0129 3A       		.uleb128 0x3a
 1686 012a 0B       		.uleb128 0xb
 1687 012b 3B       		.uleb128 0x3b
 1688 012c 05       		.uleb128 0x5
 1689 012d 27       		.uleb128 0x27
 1690 012e 19       		.uleb128 0x19
 1691 012f 20       		.uleb128 0x20
 1692 0130 0B       		.uleb128 0xb
 1693 0131 00       		.byte	0
 1694 0132 00       		.byte	0
 1695 0133 1A       		.uleb128 0x1a
 1696 0134 2E       		.uleb128 0x2e
 1697 0135 01       		.byte	0x1
 1698 0136 3F       		.uleb128 0x3f
 1699 0137 19       		.uleb128 0x19
 1700 0138 03       		.uleb128 0x3
 1701 0139 0E       		.uleb128 0xe
 1702 013a 3A       		.uleb128 0x3a
 1703 013b 0B       		.uleb128 0xb
 1704 013c 3B       		.uleb128 0x3b
 1705 013d 0B       		.uleb128 0xb
 1706 013e 27       		.uleb128 0x27
 1707 013f 19       		.uleb128 0x19
 1708 0140 49       		.uleb128 0x49
 1709 0141 13       		.uleb128 0x13
 1710 0142 20       		.uleb128 0x20
ARM GAS  /var/folders/m4/4md61f0s1_g0rzfghffqnxvr0000gn/T//ccH5Xk1a.s 			page 31


 1711 0143 0B       		.uleb128 0xb
 1712 0144 01       		.uleb128 0x1
 1713 0145 13       		.uleb128 0x13
 1714 0146 00       		.byte	0
 1715 0147 00       		.byte	0
 1716 0148 1B       		.uleb128 0x1b
 1717 0149 05       		.uleb128 0x5
 1718 014a 00       		.byte	0
 1719 014b 03       		.uleb128 0x3
 1720 014c 0E       		.uleb128 0xe
 1721 014d 3A       		.uleb128 0x3a
 1722 014e 0B       		.uleb128 0xb
 1723 014f 3B       		.uleb128 0x3b
 1724 0150 0B       		.uleb128 0xb
 1725 0151 49       		.uleb128 0x49
 1726 0152 13       		.uleb128 0x13
 1727 0153 00       		.byte	0
 1728 0154 00       		.byte	0
 1729 0155 1C       		.uleb128 0x1c
 1730 0156 34       		.uleb128 0x34
 1731 0157 00       		.byte	0
 1732 0158 03       		.uleb128 0x3
 1733 0159 08       		.uleb128 0x8
 1734 015a 3A       		.uleb128 0x3a
 1735 015b 0B       		.uleb128 0xb
 1736 015c 3B       		.uleb128 0x3b
 1737 015d 0B       		.uleb128 0xb
 1738 015e 49       		.uleb128 0x49
 1739 015f 13       		.uleb128 0x13
 1740 0160 00       		.byte	0
 1741 0161 00       		.byte	0
 1742 0162 1D       		.uleb128 0x1d
 1743 0163 34       		.uleb128 0x34
 1744 0164 00       		.byte	0
 1745 0165 03       		.uleb128 0x3
 1746 0166 0E       		.uleb128 0xe
 1747 0167 49       		.uleb128 0x49
 1748 0168 13       		.uleb128 0x13
 1749 0169 34       		.uleb128 0x34
 1750 016a 19       		.uleb128 0x19
 1751 016b 1C       		.uleb128 0x1c
 1752 016c 0E       		.uleb128 0xe
 1753 016d 00       		.byte	0
 1754 016e 00       		.byte	0
 1755 016f 1E       		.uleb128 0x1e
 1756 0170 2E       		.uleb128 0x2e
 1757 0171 01       		.byte	0x1
 1758 0172 3F       		.uleb128 0x3f
 1759 0173 19       		.uleb128 0x19
 1760 0174 03       		.uleb128 0x3
 1761 0175 0E       		.uleb128 0xe
 1762 0176 3A       		.uleb128 0x3a
 1763 0177 0B       		.uleb128 0xb
 1764 0178 3B       		.uleb128 0x3b
 1765 0179 0B       		.uleb128 0xb
 1766 017a 27       		.uleb128 0x27
 1767 017b 19       		.uleb128 0x19
ARM GAS  /var/folders/m4/4md61f0s1_g0rzfghffqnxvr0000gn/T//ccH5Xk1a.s 			page 32


 1768 017c 11       		.uleb128 0x11
 1769 017d 01       		.uleb128 0x1
 1770 017e 12       		.uleb128 0x12
 1771 017f 06       		.uleb128 0x6
 1772 0180 40       		.uleb128 0x40
 1773 0181 18       		.uleb128 0x18
 1774 0182 9742     		.uleb128 0x2117
 1775 0184 19       		.uleb128 0x19
 1776 0185 01       		.uleb128 0x1
 1777 0186 13       		.uleb128 0x13
 1778 0187 00       		.byte	0
 1779 0188 00       		.byte	0
 1780 0189 1F       		.uleb128 0x1f
 1781 018a 34       		.uleb128 0x34
 1782 018b 00       		.byte	0
 1783 018c 03       		.uleb128 0x3
 1784 018d 0E       		.uleb128 0xe
 1785 018e 3A       		.uleb128 0x3a
 1786 018f 0B       		.uleb128 0xb
 1787 0190 3B       		.uleb128 0x3b
 1788 0191 0B       		.uleb128 0xb
 1789 0192 49       		.uleb128 0x49
 1790 0193 13       		.uleb128 0x13
 1791 0194 3F       		.uleb128 0x3f
 1792 0195 19       		.uleb128 0x19
 1793 0196 3C       		.uleb128 0x3c
 1794 0197 19       		.uleb128 0x19
 1795 0198 00       		.byte	0
 1796 0199 00       		.byte	0
 1797 019a 20       		.uleb128 0x20
 1798 019b 21       		.uleb128 0x21
 1799 019c 00       		.byte	0
 1800 019d 00       		.byte	0
 1801 019e 00       		.byte	0
 1802 019f 21       		.uleb128 0x21
 1803 01a0 2E       		.uleb128 0x2e
 1804 01a1 01       		.byte	0x1
 1805 01a2 3F       		.uleb128 0x3f
 1806 01a3 19       		.uleb128 0x19
 1807 01a4 03       		.uleb128 0x3
 1808 01a5 0E       		.uleb128 0xe
 1809 01a6 3A       		.uleb128 0x3a
 1810 01a7 0B       		.uleb128 0xb
 1811 01a8 3B       		.uleb128 0x3b
 1812 01a9 0B       		.uleb128 0xb
 1813 01aa 27       		.uleb128 0x27
 1814 01ab 19       		.uleb128 0x19
 1815 01ac 49       		.uleb128 0x49
 1816 01ad 13       		.uleb128 0x13
 1817 01ae 11       		.uleb128 0x11
 1818 01af 01       		.uleb128 0x1
 1819 01b0 12       		.uleb128 0x12
 1820 01b1 06       		.uleb128 0x6
 1821 01b2 40       		.uleb128 0x40
 1822 01b3 18       		.uleb128 0x18
 1823 01b4 9742     		.uleb128 0x2117
 1824 01b6 19       		.uleb128 0x19
ARM GAS  /var/folders/m4/4md61f0s1_g0rzfghffqnxvr0000gn/T//ccH5Xk1a.s 			page 33


 1825 01b7 01       		.uleb128 0x1
 1826 01b8 13       		.uleb128 0x13
 1827 01b9 00       		.byte	0
 1828 01ba 00       		.byte	0
 1829 01bb 22       		.uleb128 0x22
 1830 01bc 05       		.uleb128 0x5
 1831 01bd 00       		.byte	0
 1832 01be 03       		.uleb128 0x3
 1833 01bf 0E       		.uleb128 0xe
 1834 01c0 3A       		.uleb128 0x3a
 1835 01c1 0B       		.uleb128 0xb
 1836 01c2 3B       		.uleb128 0x3b
 1837 01c3 0B       		.uleb128 0xb
 1838 01c4 49       		.uleb128 0x49
 1839 01c5 13       		.uleb128 0x13
 1840 01c6 02       		.uleb128 0x2
 1841 01c7 17       		.uleb128 0x17
 1842 01c8 00       		.byte	0
 1843 01c9 00       		.byte	0
 1844 01ca 23       		.uleb128 0x23
 1845 01cb 1D       		.uleb128 0x1d
 1846 01cc 01       		.byte	0x1
 1847 01cd 31       		.uleb128 0x31
 1848 01ce 13       		.uleb128 0x13
 1849 01cf 11       		.uleb128 0x11
 1850 01d0 01       		.uleb128 0x1
 1851 01d1 12       		.uleb128 0x12
 1852 01d2 06       		.uleb128 0x6
 1853 01d3 58       		.uleb128 0x58
 1854 01d4 0B       		.uleb128 0xb
 1855 01d5 59       		.uleb128 0x59
 1856 01d6 0B       		.uleb128 0xb
 1857 01d7 01       		.uleb128 0x1
 1858 01d8 13       		.uleb128 0x13
 1859 01d9 00       		.byte	0
 1860 01da 00       		.byte	0
 1861 01db 24       		.uleb128 0x24
 1862 01dc 1D       		.uleb128 0x1d
 1863 01dd 01       		.byte	0x1
 1864 01de 31       		.uleb128 0x31
 1865 01df 13       		.uleb128 0x13
 1866 01e0 11       		.uleb128 0x11
 1867 01e1 01       		.uleb128 0x1
 1868 01e2 12       		.uleb128 0x12
 1869 01e3 06       		.uleb128 0x6
 1870 01e4 58       		.uleb128 0x58
 1871 01e5 0B       		.uleb128 0xb
 1872 01e6 59       		.uleb128 0x59
 1873 01e7 05       		.uleb128 0x5
 1874 01e8 00       		.byte	0
 1875 01e9 00       		.byte	0
 1876 01ea 25       		.uleb128 0x25
 1877 01eb 05       		.uleb128 0x5
 1878 01ec 00       		.byte	0
 1879 01ed 31       		.uleb128 0x31
 1880 01ee 13       		.uleb128 0x13
 1881 01ef 1C       		.uleb128 0x1c
ARM GAS  /var/folders/m4/4md61f0s1_g0rzfghffqnxvr0000gn/T//ccH5Xk1a.s 			page 34


 1882 01f0 0B       		.uleb128 0xb
 1883 01f1 00       		.byte	0
 1884 01f2 00       		.byte	0
 1885 01f3 26       		.uleb128 0x26
 1886 01f4 05       		.uleb128 0x5
 1887 01f5 00       		.byte	0
 1888 01f6 31       		.uleb128 0x31
 1889 01f7 13       		.uleb128 0x13
 1890 01f8 02       		.uleb128 0x2
 1891 01f9 17       		.uleb128 0x17
 1892 01fa 00       		.byte	0
 1893 01fb 00       		.byte	0
 1894 01fc 27       		.uleb128 0x27
 1895 01fd 0B       		.uleb128 0xb
 1896 01fe 01       		.byte	0x1
 1897 01ff 11       		.uleb128 0x11
 1898 0200 01       		.uleb128 0x1
 1899 0201 12       		.uleb128 0x12
 1900 0202 06       		.uleb128 0x6
 1901 0203 00       		.byte	0
 1902 0204 00       		.byte	0
 1903 0205 28       		.uleb128 0x28
 1904 0206 34       		.uleb128 0x34
 1905 0207 00       		.byte	0
 1906 0208 31       		.uleb128 0x31
 1907 0209 13       		.uleb128 0x13
 1908 020a 02       		.uleb128 0x2
 1909 020b 18       		.uleb128 0x18
 1910 020c 00       		.byte	0
 1911 020d 00       		.byte	0
 1912 020e 29       		.uleb128 0x29
 1913 020f 1D       		.uleb128 0x1d
 1914 0210 01       		.byte	0x1
 1915 0211 31       		.uleb128 0x31
 1916 0212 13       		.uleb128 0x13
 1917 0213 11       		.uleb128 0x11
 1918 0214 01       		.uleb128 0x1
 1919 0215 12       		.uleb128 0x12
 1920 0216 06       		.uleb128 0x6
 1921 0217 58       		.uleb128 0x58
 1922 0218 0B       		.uleb128 0xb
 1923 0219 59       		.uleb128 0x59
 1924 021a 0B       		.uleb128 0xb
 1925 021b 00       		.byte	0
 1926 021c 00       		.byte	0
 1927 021d 2A       		.uleb128 0x2a
 1928 021e 34       		.uleb128 0x34
 1929 021f 00       		.byte	0
 1930 0220 31       		.uleb128 0x31
 1931 0221 13       		.uleb128 0x13
 1932 0222 00       		.byte	0
 1933 0223 00       		.byte	0
 1934 0224 2B       		.uleb128 0x2b
 1935 0225 2E       		.uleb128 0x2e
 1936 0226 01       		.byte	0x1
 1937 0227 31       		.uleb128 0x31
 1938 0228 13       		.uleb128 0x13
ARM GAS  /var/folders/m4/4md61f0s1_g0rzfghffqnxvr0000gn/T//ccH5Xk1a.s 			page 35


 1939 0229 11       		.uleb128 0x11
 1940 022a 01       		.uleb128 0x1
 1941 022b 12       		.uleb128 0x12
 1942 022c 06       		.uleb128 0x6
 1943 022d 40       		.uleb128 0x40
 1944 022e 18       		.uleb128 0x18
 1945 022f 9742     		.uleb128 0x2117
 1946 0231 19       		.uleb128 0x19
 1947 0232 01       		.uleb128 0x1
 1948 0233 13       		.uleb128 0x13
 1949 0234 00       		.byte	0
 1950 0235 00       		.byte	0
 1951 0236 2C       		.uleb128 0x2c
 1952 0237 2E       		.uleb128 0x2e
 1953 0238 00       		.byte	0
 1954 0239 3F       		.uleb128 0x3f
 1955 023a 19       		.uleb128 0x19
 1956 023b 03       		.uleb128 0x3
 1957 023c 0E       		.uleb128 0xe
 1958 023d 3A       		.uleb128 0x3a
 1959 023e 0B       		.uleb128 0xb
 1960 023f 3B       		.uleb128 0x3b
 1961 0240 0B       		.uleb128 0xb
 1962 0241 27       		.uleb128 0x27
 1963 0242 19       		.uleb128 0x19
 1964 0243 49       		.uleb128 0x49
 1965 0244 13       		.uleb128 0x13
 1966 0245 11       		.uleb128 0x11
 1967 0246 01       		.uleb128 0x1
 1968 0247 12       		.uleb128 0x12
 1969 0248 06       		.uleb128 0x6
 1970 0249 40       		.uleb128 0x40
 1971 024a 18       		.uleb128 0x18
 1972 024b 9742     		.uleb128 0x2117
 1973 024d 19       		.uleb128 0x19
 1974 024e 00       		.byte	0
 1975 024f 00       		.byte	0
 1976 0250 2D       		.uleb128 0x2d
 1977 0251 34       		.uleb128 0x34
 1978 0252 00       		.byte	0
 1979 0253 03       		.uleb128 0x3
 1980 0254 0E       		.uleb128 0xe
 1981 0255 3A       		.uleb128 0x3a
 1982 0256 0B       		.uleb128 0xb
 1983 0257 3B       		.uleb128 0x3b
 1984 0258 0B       		.uleb128 0xb
 1985 0259 49       		.uleb128 0x49
 1986 025a 13       		.uleb128 0x13
 1987 025b 02       		.uleb128 0x2
 1988 025c 18       		.uleb128 0x18
 1989 025d 00       		.byte	0
 1990 025e 00       		.byte	0
 1991 025f 2E       		.uleb128 0x2e
 1992 0260 34       		.uleb128 0x34
 1993 0261 00       		.byte	0
 1994 0262 03       		.uleb128 0x3
 1995 0263 0E       		.uleb128 0xe
ARM GAS  /var/folders/m4/4md61f0s1_g0rzfghffqnxvr0000gn/T//ccH5Xk1a.s 			page 36


 1996 0264 3A       		.uleb128 0x3a
 1997 0265 0B       		.uleb128 0xb
 1998 0266 3B       		.uleb128 0x3b
 1999 0267 05       		.uleb128 0x5
 2000 0268 49       		.uleb128 0x49
 2001 0269 13       		.uleb128 0x13
 2002 026a 3F       		.uleb128 0x3f
 2003 026b 19       		.uleb128 0x19
 2004 026c 3C       		.uleb128 0x3c
 2005 026d 19       		.uleb128 0x19
 2006 026e 00       		.byte	0
 2007 026f 00       		.byte	0
 2008 0270 2F       		.uleb128 0x2f
 2009 0271 34       		.uleb128 0x34
 2010 0272 00       		.byte	0
 2011 0273 03       		.uleb128 0x3
 2012 0274 08       		.uleb128 0x8
 2013 0275 3A       		.uleb128 0x3a
 2014 0276 0B       		.uleb128 0xb
 2015 0277 3B       		.uleb128 0x3b
 2016 0278 05       		.uleb128 0x5
 2017 0279 49       		.uleb128 0x49
 2018 027a 13       		.uleb128 0x13
 2019 027b 3F       		.uleb128 0x3f
 2020 027c 19       		.uleb128 0x19
 2021 027d 3C       		.uleb128 0x3c
 2022 027e 19       		.uleb128 0x19
 2023 027f 00       		.byte	0
 2024 0280 00       		.byte	0
 2025 0281 00       		.byte	0
 2026              		.section	.debug_loc,"",%progbits
 2027              	.Ldebug_loc0:
 2028              	.LLST0:
 2029 0000 00000000 		.4byte	.LVL0
 2030 0004 22000000 		.4byte	.LVL5
 2031 0008 0100     		.2byte	0x1
 2032 000a 50       		.byte	0x50
 2033 000b 22000000 		.4byte	.LVL5
 2034 000f 38000000 		.4byte	.LFE232
 2035 0013 0400     		.2byte	0x4
 2036 0015 F3       		.byte	0xf3
 2037 0016 01       		.uleb128 0x1
 2038 0017 50       		.byte	0x50
 2039 0018 9F       		.byte	0x9f
 2040 0019 00000000 		.4byte	0
 2041 001d 00000000 		.4byte	0
 2042              	.LLST1:
 2043 0021 08000000 		.4byte	.LVL1
 2044 0025 16000000 		.4byte	.LVL2
 2045 0029 0100     		.2byte	0x1
 2046 002b 50       		.byte	0x50
 2047 002c 16000000 		.4byte	.LVL2
 2048 0030 1E000000 		.4byte	.LVL4
 2049 0034 0100     		.2byte	0x1
 2050 0036 53       		.byte	0x53
 2051 0037 1E000000 		.4byte	.LVL4
 2052 003b 22000000 		.4byte	.LVL5
ARM GAS  /var/folders/m4/4md61f0s1_g0rzfghffqnxvr0000gn/T//ccH5Xk1a.s 			page 37


 2053 003f 0600     		.2byte	0x6
 2054 0041 70       		.byte	0x70
 2055 0042 07       		.sleb128 7
 2056 0043 09       		.byte	0x9
 2057 0044 F8       		.byte	0xf8
 2058 0045 1A       		.byte	0x1a
 2059 0046 9F       		.byte	0x9f
 2060 0047 22000000 		.4byte	.LVL5
 2061 004b 38000000 		.4byte	.LFE232
 2062 004f 0900     		.2byte	0x9
 2063 0051 F3       		.byte	0xf3
 2064 0052 01       		.uleb128 0x1
 2065 0053 50       		.byte	0x50
 2066 0054 23       		.byte	0x23
 2067 0055 07       		.uleb128 0x7
 2068 0056 09       		.byte	0x9
 2069 0057 F8       		.byte	0xf8
 2070 0058 1A       		.byte	0x1a
 2071 0059 9F       		.byte	0x9f
 2072 005a 00000000 		.4byte	0
 2073 005e 00000000 		.4byte	0
 2074              	.LLST2:
 2075 0062 00000000 		.4byte	.LVL7
 2076 0066 0C000000 		.4byte	.LVL8
 2077 006a 0100     		.2byte	0x1
 2078 006c 50       		.byte	0x50
 2079 006d 0C000000 		.4byte	.LVL8
 2080 0071 10000000 		.4byte	.LVL9
 2081 0075 0300     		.2byte	0x3
 2082 0077 70       		.byte	0x70
 2083 0078 79       		.sleb128 -7
 2084 0079 9F       		.byte	0x9f
 2085 007a 10000000 		.4byte	.LVL9
 2086 007e 18000000 		.4byte	.LVL11
 2087 0082 0100     		.2byte	0x1
 2088 0084 53       		.byte	0x53
 2089 0085 18000000 		.4byte	.LVL11
 2090 0089 1C000000 		.4byte	.LVL12
 2091 008d 0600     		.2byte	0x6
 2092 008f 70       		.byte	0x70
 2093 0090 00       		.sleb128 0
 2094 0091 09       		.byte	0x9
 2095 0092 F8       		.byte	0xf8
 2096 0093 1A       		.byte	0x1a
 2097 0094 9F       		.byte	0x9f
 2098 0095 1C000000 		.4byte	.LVL12
 2099 0099 2C000000 		.4byte	.LFE233
 2100 009d 0900     		.2byte	0x9
 2101 009f F3       		.byte	0xf3
 2102 00a0 01       		.uleb128 0x1
 2103 00a1 50       		.byte	0x50
 2104 00a2 23       		.byte	0x23
 2105 00a3 07       		.uleb128 0x7
 2106 00a4 09       		.byte	0x9
 2107 00a5 F8       		.byte	0xf8
 2108 00a6 1A       		.byte	0x1a
 2109 00a7 9F       		.byte	0x9f
ARM GAS  /var/folders/m4/4md61f0s1_g0rzfghffqnxvr0000gn/T//ccH5Xk1a.s 			page 38


 2110 00a8 00000000 		.4byte	0
 2111 00ac 00000000 		.4byte	0
 2112              		.section	.debug_aranges,"",%progbits
 2113 0000 34000000 		.4byte	0x34
 2114 0004 0200     		.2byte	0x2
 2115 0006 00000000 		.4byte	.Ldebug_info0
 2116 000a 04       		.byte	0x4
 2117 000b 00       		.byte	0
 2118 000c 0000     		.2byte	0
 2119 000e 0000     		.2byte	0
 2120 0010 00000000 		.4byte	.LFB231
 2121 0014 28000000 		.4byte	.LFE231-.LFB231
 2122 0018 00000000 		.4byte	.LFB232
 2123 001c 38000000 		.4byte	.LFE232-.LFB232
 2124 0020 00000000 		.4byte	.LFB233
 2125 0024 2C000000 		.4byte	.LFE233-.LFB233
 2126 0028 00000000 		.4byte	.LFB234
 2127 002c 14000000 		.4byte	.LFE234-.LFB234
 2128 0030 00000000 		.4byte	0
 2129 0034 00000000 		.4byte	0
 2130              		.section	.debug_ranges,"",%progbits
 2131              	.Ldebug_ranges0:
 2132 0000 00000000 		.4byte	.LFB231
 2133 0004 28000000 		.4byte	.LFE231
 2134 0008 00000000 		.4byte	.LFB232
 2135 000c 38000000 		.4byte	.LFE232
 2136 0010 00000000 		.4byte	.LFB233
 2137 0014 2C000000 		.4byte	.LFE233
 2138 0018 00000000 		.4byte	.LFB234
 2139 001c 14000000 		.4byte	.LFE234
 2140 0020 00000000 		.4byte	0
 2141 0024 00000000 		.4byte	0
 2142              		.section	.debug_line,"",%progbits
 2143              	.Ldebug_line0:
 2144 0000 EA020000 		.section	.debug_str,"MS",%progbits,1
 2144      02007602 
 2144      00000201 
 2144      FB0E0D00 
 2144      01010101 
 2145              	.LASF120:
 2146 0000 2F557365 		.ascii	"/Users/raphael/Documents/pcb-quadrotor/code\000"
 2146      72732F72 
 2146      61706861 
 2146      656C2F44 
 2146      6F63756D 
 2147              	.LASF116:
 2148 002c 656E646D 		.ascii	"endmem\000"
 2148      656D00
 2149              	.LASF54:
 2150 0033 72656164 		.ascii	"ready_list_t\000"
 2150      795F6C69 
 2150      73745F74 
 2150      00
 2151              	.LASF2:
 2152 0040 73697A65 		.ascii	"size_t\000"
 2152      5F7400
 2153              	.LASF89:
ARM GAS  /var/folders/m4/4md61f0s1_g0rzfghffqnxvr0000gn/T//ccH5Xk1a.s 			page 39


 2154 0047 7264796D 		.ascii	"rdymsg\000"
 2154      736700
 2155              	.LASF17:
 2156 004e 75696E74 		.ascii	"uint64_t\000"
 2156      36345F74 
 2156      00
 2157              	.LASF123:
 2158 0057 6368436F 		.ascii	"chCoreAlloc\000"
 2158      7265416C 
 2158      6C6F6300 
 2159              	.LASF3:
 2160 0063 5F5F7569 		.ascii	"__uint8_t\000"
 2160      6E74385F 
 2160      7400
 2161              	.LASF86:
 2162 006d 706F7274 		.ascii	"port_intctx\000"
 2162      5F696E74 
 2162      63747800 
 2163              	.LASF73:
 2164 0079 73797374 		.ascii	"system_debug_t\000"
 2164      656D5F64 
 2164      65627567 
 2164      5F7400
 2165              	.LASF105:
 2166 0088 706F7274 		.ascii	"port_lock\000"
 2166      5F6C6F63 
 2166      6B00
 2167              	.LASF13:
 2168 0092 6C6F6E67 		.ascii	"long long unsigned int\000"
 2168      206C6F6E 
 2168      6720756E 
 2168      7369676E 
 2168      65642069 
 2169              	.LASF90:
 2170 00a9 65786974 		.ascii	"exitcode\000"
 2170      636F6465 
 2170      00
 2171              	.LASF80:
 2172 00b2 6D61696E 		.ascii	"mainthread\000"
 2172      74687265 
 2172      616400
 2173              	.LASF70:
 2174 00bd 76697274 		.ascii	"virtual_timers_list_t\000"
 2174      75616C5F 
 2174      74696D65 
 2174      72735F6C 
 2174      6973745F 
 2175              	.LASF117:
 2176 00d3 49544D5F 		.ascii	"ITM_RxBuffer\000"
 2176      52784275 
 2176      66666572 
 2176      00
 2177              	.LASF53:
 2178 00e0 63685F74 		.ascii	"ch_threads_queue\000"
 2178      68726561 
 2178      64735F71 
 2178      75657565 
ARM GAS  /var/folders/m4/4md61f0s1_g0rzfghffqnxvr0000gn/T//ccH5Xk1a.s 			page 40


 2178      00
 2179              	.LASF31:
 2180 00f1 705F7072 		.ascii	"p_prio\000"
 2180      696F00
 2181              	.LASF11:
 2182 00f8 6C6F6E67 		.ascii	"long long int\000"
 2182      206C6F6E 
 2182      6720696E 
 2182      7400
 2183              	.LASF1:
 2184 0106 7369676E 		.ascii	"signed char\000"
 2184      65642063 
 2184      68617200 
 2185              	.LASF47:
 2186 0112 705F6D70 		.ascii	"p_mpool\000"
 2186      6F6F6C00 
 2187              	.LASF100:
 2188 011a 6D5F7175 		.ascii	"m_queue\000"
 2188      65756500 
 2189              	.LASF79:
 2190 0122 76746C69 		.ascii	"vtlist\000"
 2190      737400
 2191              	.LASF106:
 2192 0129 706F7274 		.ascii	"port_unlock\000"
 2192      5F756E6C 
 2192      6F636B00 
 2193              	.LASF22:
 2194 0135 74736C69 		.ascii	"tslices_t\000"
 2194      6365735F 
 2194      7400
 2195              	.LASF92:
 2196 013f 77747472 		.ascii	"wttrp\000"
 2196      7000
 2197              	.LASF77:
 2198 0145 63685F73 		.ascii	"ch_system\000"
 2198      79737465 
 2198      6D00
 2199              	.LASF8:
 2200 014f 6C6F6E67 		.ascii	"long int\000"
 2200      20696E74 
 2200      00
 2201              	.LASF20:
 2202 0158 74737461 		.ascii	"tstate_t\000"
 2202      74655F74 
 2202      00
 2203              	.LASF33:
 2204 0161 705F6E65 		.ascii	"p_newer\000"
 2204      77657200 
 2205              	.LASF97:
 2206 0169 735F7175 		.ascii	"s_queue\000"
 2206      65756500 
 2207              	.LASF121:
 2208 0171 6368436F 		.ascii	"chCoreAllocI\000"
 2208      7265416C 
 2208      6C6F6349 
 2208      00
 2209              	.LASF59:
ARM GAS  /var/folders/m4/4md61f0s1_g0rzfghffqnxvr0000gn/T//ccH5Xk1a.s 			page 41


 2210 017e 725F6E65 		.ascii	"r_newer\000"
 2210      77657200 
 2211              	.LASF83:
 2212 0186 72656761 		.ascii	"regarm_t\000"
 2212      726D5F74 
 2212      00
 2213              	.LASF66:
 2214 018f 76745F70 		.ascii	"vt_prev\000"
 2214      72657600 
 2215              	.LASF74:
 2216 0197 63685F73 		.ascii	"ch_system_debug\000"
 2216      79737465 
 2216      6D5F6465 
 2216      62756700 
 2217              	.LASF104:
 2218 01a7 6D757465 		.ascii	"mutex_t\000"
 2218      785F7400 
 2219              	.LASF108:
 2220 01af 76616C75 		.ascii	"value\000"
 2220      6500
 2221              	.LASF81:
 2222 01b5 69646C65 		.ascii	"idle_thread_wa\000"
 2222      5F746872 
 2222      6561645F 
 2222      776100
 2223              	.LASF26:
 2224 01c4 636E745F 		.ascii	"cnt_t\000"
 2224      7400
 2225              	.LASF0:
 2226 01ca 756E7369 		.ascii	"unsigned int\000"
 2226      676E6564 
 2226      20696E74 
 2226      00
 2227              	.LASF65:
 2228 01d7 76745F6E 		.ascii	"vt_next\000"
 2228      65787400 
 2229              	.LASF40:
 2230 01df 705F7469 		.ascii	"p_time\000"
 2230      6D6500
 2231              	.LASF93:
 2232 01e6 77747365 		.ascii	"wtsemp\000"
 2232      6D7000
 2233              	.LASF67:
 2234 01ed 76745F64 		.ascii	"vt_delta\000"
 2234      656C7461 
 2234      00
 2235              	.LASF42:
 2236 01f6 705F6D73 		.ascii	"p_msgqueue\000"
 2236      67717565 
 2236      756500
 2237              	.LASF98:
 2238 0201 735F636E 		.ascii	"s_cnt\000"
 2238      7400
 2239              	.LASF6:
 2240 0207 73686F72 		.ascii	"short unsigned int\000"
 2240      7420756E 
 2240      7369676E 
ARM GAS  /var/folders/m4/4md61f0s1_g0rzfghffqnxvr0000gn/T//ccH5Xk1a.s 			page 42


 2240      65642069 
 2240      6E7400
 2241              	.LASF50:
 2242 021a 63685F74 		.ascii	"ch_thread\000"
 2242      68726561 
 2242      6400
 2243              	.LASF24:
 2244 0224 6D73675F 		.ascii	"msg_t\000"
 2244      7400
 2245              	.LASF76:
 2246 022a 63685F73 		.ascii	"ch_system_t\000"
 2246      79737465 
 2246      6D5F7400 
 2247              	.LASF19:
 2248 0236 746D6F64 		.ascii	"tmode_t\000"
 2248      655F7400 
 2249              	.LASF55:
 2250 023e 63685F72 		.ascii	"ch_ready_list\000"
 2250      65616479 
 2250      5F6C6973 
 2250      7400
 2251              	.LASF25:
 2252 024c 6576656E 		.ascii	"eventmask_t\000"
 2252      746D6173 
 2252      6B5F7400 
 2253              	.LASF7:
 2254 0258 5F5F696E 		.ascii	"__int32_t\000"
 2254      7433325F 
 2254      7400
 2255              	.LASF84:
 2256 0262 73746B61 		.ascii	"stkalign_t\000"
 2256      6C69676E 
 2256      5F7400
 2257              	.LASF49:
 2258 026d 74687265 		.ascii	"threads_list_t\000"
 2258      6164735F 
 2258      6C697374 
 2258      5F7400
 2259              	.LASF41:
 2260 027c 705F7761 		.ascii	"p_waiting\000"
 2260      6974696E 
 2260      6700
 2261              	.LASF82:
 2262 0286 73697A65 		.ascii	"sizetype\000"
 2262      74797065 
 2262      00
 2263              	.LASF48:
 2264 028f 74687265 		.ascii	"thread_reference_t\000"
 2264      61645F72 
 2264      65666572 
 2264      656E6365 
 2264      5F7400
 2265              	.LASF71:
 2266 02a2 63685F76 		.ascii	"ch_virtual_timers_list\000"
 2266      69727475 
 2266      616C5F74 
 2266      696D6572 
ARM GAS  /var/folders/m4/4md61f0s1_g0rzfghffqnxvr0000gn/T//ccH5Xk1a.s 			page 43


 2266      735F6C69 
 2267              	.LASF119:
 2268 02b9 43686962 		.ascii	"ChibiOS_16.1.4/os/rt/src/chmemcore.c\000"
 2268      694F535F 
 2268      31362E31 
 2268      2E342F6F 
 2268      732F7274 
 2269              	.LASF34:
 2270 02de 705F6F6C 		.ascii	"p_older\000"
 2270      64657200 
 2271              	.LASF58:
 2272 02e6 725F6374 		.ascii	"r_ctx\000"
 2272      7800
 2273              	.LASF88:
 2274 02ec 746D5F63 		.ascii	"tm_calibration_t\000"
 2274      616C6962 
 2274      72617469 
 2274      6F6E5F74 
 2274      00
 2275              	.LASF61:
 2276 02fd 725F6375 		.ascii	"r_current\000"
 2276      7272656E 
 2276      7400
 2277              	.LASF60:
 2278 0307 725F6F6C 		.ascii	"r_older\000"
 2278      64657200 
 2279              	.LASF12:
 2280 030f 5F5F7569 		.ascii	"__uint64_t\000"
 2280      6E743634 
 2280      5F7400
 2281              	.LASF21:
 2282 031a 74726566 		.ascii	"trefs_t\000"
 2282      735F7400 
 2283              	.LASF63:
 2284 0322 76697274 		.ascii	"virtual_timer_t\000"
 2284      75616C5F 
 2284      74696D65 
 2284      725F7400 
 2285              	.LASF30:
 2286 0332 705F7072 		.ascii	"p_prev\000"
 2286      657600
 2287              	.LASF23:
 2288 0339 74707269 		.ascii	"tprio_t\000"
 2288      6F5F7400 
 2289              	.LASF124:
 2290 0341 6368436F 		.ascii	"chCoreGetStatusX\000"
 2290      72654765 
 2290      74537461 
 2290      74757358 
 2290      00
 2291              	.LASF15:
 2292 0352 696E7433 		.ascii	"int32_t\000"
 2292      325F7400 
 2293              	.LASF4:
 2294 035a 756E7369 		.ascii	"unsigned char\000"
 2294      676E6564 
 2294      20636861 
ARM GAS  /var/folders/m4/4md61f0s1_g0rzfghffqnxvr0000gn/T//ccH5Xk1a.s 			page 44


 2294      7200
 2295              	.LASF122:
 2296 0368 5F636F72 		.ascii	"_core_init\000"
 2296      655F696E 
 2296      697400
 2297              	.LASF45:
 2298 0373 705F6D74 		.ascii	"p_mtxlist\000"
 2298      786C6973 
 2298      7400
 2299              	.LASF5:
 2300 037d 73686F72 		.ascii	"short int\000"
 2300      7420696E 
 2300      7400
 2301              	.LASF36:
 2302 0387 705F7374 		.ascii	"p_state\000"
 2302      61746500 
 2303              	.LASF39:
 2304 038f 705F7072 		.ascii	"p_preempt\000"
 2304      65656D70 
 2304      7400
 2305              	.LASF114:
 2306 0399 5F5F6865 		.ascii	"__heap_end__\000"
 2306      61705F65 
 2306      6E645F5F 
 2306      00
 2307              	.LASF57:
 2308 03a6 725F7072 		.ascii	"r_prio\000"
 2308      696F00
 2309              	.LASF95:
 2310 03ad 65776D61 		.ascii	"ewmask\000"
 2310      736B00
 2311              	.LASF29:
 2312 03b4 705F6E65 		.ascii	"p_next\000"
 2312      787400
 2313              	.LASF37:
 2314 03bb 705F666C 		.ascii	"p_flags\000"
 2314      61677300 
 2315              	.LASF112:
 2316 03c3 5F5F6675 		.ascii	"__func__\000"
 2316      6E635F5F 
 2316      00
 2317              	.LASF107:
 2318 03cc 63685379 		.ascii	"chSysLock\000"
 2318      734C6F63 
 2318      6B00
 2319              	.LASF64:
 2320 03d6 63685F76 		.ascii	"ch_virtual_timer\000"
 2320      69727475 
 2320      616C5F74 
 2320      696D6572 
 2320      00
 2321              	.LASF96:
 2322 03e7 63685F73 		.ascii	"ch_semaphore\000"
 2322      656D6170 
 2322      686F7265 
 2322      00
 2323              	.LASF44:
ARM GAS  /var/folders/m4/4md61f0s1_g0rzfghffqnxvr0000gn/T//ccH5Xk1a.s 			page 45


 2324 03f4 705F6570 		.ascii	"p_epending\000"
 2324      656E6469 
 2324      6E6700
 2325              	.LASF16:
 2326 03ff 75696E74 		.ascii	"uint32_t\000"
 2326      33325F74 
 2326      00
 2327              	.LASF94:
 2328 0408 77746D74 		.ascii	"wtmtxp\000"
 2328      787000
 2329              	.LASF56:
 2330 040f 725F7175 		.ascii	"r_queue\000"
 2330      65756500 
 2331              	.LASF51:
 2332 0417 63685F74 		.ascii	"ch_threads_list\000"
 2332      68726561 
 2332      64735F6C 
 2332      69737400 
 2333              	.LASF10:
 2334 0427 6C6F6E67 		.ascii	"long unsigned int\000"
 2334      20756E73 
 2334      69676E65 
 2334      6420696E 
 2334      7400
 2335              	.LASF103:
 2336 0439 63686172 		.ascii	"char\000"
 2336      00
 2337              	.LASF28:
 2338 043e 74687265 		.ascii	"thread_t\000"
 2338      61645F74 
 2338      00
 2339              	.LASF115:
 2340 0447 6E657874 		.ascii	"nextmem\000"
 2340      6D656D00 
 2341              	.LASF102:
 2342 044f 6D5F6E65 		.ascii	"m_next\000"
 2342      787400
 2343              	.LASF27:
 2344 0456 73797374 		.ascii	"systime_t\000"
 2344      696D655F 
 2344      7400
 2345              	.LASF46:
 2346 0460 705F7265 		.ascii	"p_realprio\000"
 2346      616C7072 
 2346      696F00
 2347              	.LASF62:
 2348 046b 76746675 		.ascii	"vtfunc_t\000"
 2348      6E635F74 
 2348      00
 2349              	.LASF9:
 2350 0474 5F5F7569 		.ascii	"__uint32_t\000"
 2350      6E743332 
 2350      5F7400
 2351              	.LASF110:
 2352 047f 5F5F7365 		.ascii	"__set_BASEPRI\000"
 2352      745F4241 
 2352      53455052 
ARM GAS  /var/folders/m4/4md61f0s1_g0rzfghffqnxvr0000gn/T//ccH5Xk1a.s 			page 46


 2352      4900
 2353              	.LASF118:
 2354 048d 474E5520 		.ascii	"GNU C 4.9.3 20150529 (release) [ARM/embedded-4_9-br"
 2354      4320342E 
 2354      392E3320 
 2354      32303135 
 2354      30353239 
 2355 04c0 616E6368 		.ascii	"anch revision 224288] -mcpu=cortex-m4 -mfloat-abi=h"
 2355      20726576 
 2355      6973696F 
 2355      6E203232 
 2355      34323838 
 2356 04f3 61726420 		.ascii	"ard -mfpu=fpv4-sp-d16 -mno-thumb-interwork -mthumb "
 2356      2D6D6670 
 2356      753D6670 
 2356      76342D73 
 2356      702D6431 
 2357 0526 2D676764 		.ascii	"-ggdb -O2 -std=gnu99 -fomit-frame-pointer -falign-f"
 2357      62202D4F 
 2357      32202D73 
 2357      74643D67 
 2357      6E753939 
 2358 0559 756E6374 		.ascii	"unctions=16 -ffunction-sections -fdata-sections -fn"
 2358      696F6E73 
 2358      3D313620 
 2358      2D666675 
 2358      6E637469 
 2359 058c 6F2D636F 		.ascii	"o-common -fsingle-precision-constant\000"
 2359      6D6D6F6E 
 2359      202D6673 
 2359      696E676C 
 2359      652D7072 
 2360              	.LASF75:
 2361 05b1 70616E69 		.ascii	"panic_msg\000"
 2361      635F6D73 
 2361      6700
 2362              	.LASF87:
 2363 05bb 6F666673 		.ascii	"offset\000"
 2363      657400
 2364              	.LASF85:
 2365 05c2 636F6E74 		.ascii	"context\000"
 2365      65787400 
 2366              	.LASF18:
 2367 05ca 7274636E 		.ascii	"rtcnt_t\000"
 2367      745F7400 
 2368              	.LASF69:
 2369 05d2 76745F70 		.ascii	"vt_par\000"
 2369      617200
 2370              	.LASF113:
 2371 05d9 5F5F6865 		.ascii	"__heap_base__\000"
 2371      61705F62 
 2371      6173655F 
 2371      5F00
 2372              	.LASF52:
 2373 05e7 74687265 		.ascii	"threads_queue_t\000"
 2373      6164735F 
 2373      71756575 
ARM GAS  /var/folders/m4/4md61f0s1_g0rzfghffqnxvr0000gn/T//ccH5Xk1a.s 			page 47


 2373      655F7400 
 2374              	.LASF99:
 2375 05f7 63685F6D 		.ascii	"ch_mutex\000"
 2375      75746578 
 2375      00
 2376              	.LASF38:
 2377 0600 705F7265 		.ascii	"p_refs\000"
 2377      667300
 2378              	.LASF78:
 2379 0607 726C6973 		.ascii	"rlist\000"
 2379      7400
 2380              	.LASF14:
 2381 060d 75696E74 		.ascii	"uint8_t\000"
 2381      385F7400 
 2382              	.LASF91:
 2383 0615 77746F62 		.ascii	"wtobjp\000"
 2383      6A7000
 2384              	.LASF35:
 2385 061c 705F6E61 		.ascii	"p_name\000"
 2385      6D6500
 2386              	.LASF109:
 2387 0623 73697A65 		.ascii	"size\000"
 2387      00
 2388              	.LASF72:
 2389 0628 76745F73 		.ascii	"vt_systime\000"
 2389      79737469 
 2389      6D6500
 2390              	.LASF111:
 2391 0633 63685379 		.ascii	"chSysUnlock\000"
 2391      73556E6C 
 2391      6F636B00 
 2392              	.LASF43:
 2393 063f 705F6D73 		.ascii	"p_msg\000"
 2393      6700
 2394              	.LASF101:
 2395 0645 6D5F6F77 		.ascii	"m_owner\000"
 2395      6E657200 
 2396              	.LASF32:
 2397 064d 705F6374 		.ascii	"p_ctx\000"
 2397      7800
 2398              	.LASF68:
 2399 0653 76745F66 		.ascii	"vt_func\000"
 2399      756E6300 
 2400              		.ident	"GCC: (GNU Tools for ARM Embedded Processors) 4.9.3 20150529 (release) [ARM/embedded-4_9-br
ARM GAS  /var/folders/m4/4md61f0s1_g0rzfghffqnxvr0000gn/T//ccH5Xk1a.s 			page 48


DEFINED SYMBOLS
                            *ABS*:0000000000000000 chmemcore.c
/var/folders/m4/4md61f0s1_g0rzfghffqnxvr0000gn/T//ccH5Xk1a.s:21     .text._core_init:0000000000000000 $t
/var/folders/m4/4md61f0s1_g0rzfghffqnxvr0000gn/T//ccH5Xk1a.s:27     .text._core_init:0000000000000000 _core_init
/var/folders/m4/4md61f0s1_g0rzfghffqnxvr0000gn/T//ccH5Xk1a.s:55     .text._core_init:0000000000000018 $d
/var/folders/m4/4md61f0s1_g0rzfghffqnxvr0000gn/T//ccH5Xk1a.s:63     .text.chCoreAlloc:0000000000000000 $t
/var/folders/m4/4md61f0s1_g0rzfghffqnxvr0000gn/T//ccH5Xk1a.s:69     .text.chCoreAlloc:0000000000000000 chCoreAlloc
/var/folders/m4/4md61f0s1_g0rzfghffqnxvr0000gn/T//ccH5Xk1a.s:148    .text.chCoreAlloc:0000000000000030 $d
/var/folders/m4/4md61f0s1_g0rzfghffqnxvr0000gn/T//ccH5Xk1a.s:154    .text.chCoreAllocI:0000000000000000 $t
/var/folders/m4/4md61f0s1_g0rzfghffqnxvr0000gn/T//ccH5Xk1a.s:160    .text.chCoreAllocI:0000000000000000 chCoreAllocI
/var/folders/m4/4md61f0s1_g0rzfghffqnxvr0000gn/T//ccH5Xk1a.s:203    .text.chCoreAllocI:0000000000000024 $d
/var/folders/m4/4md61f0s1_g0rzfghffqnxvr0000gn/T//ccH5Xk1a.s:209    .text.chCoreGetStatusX:0000000000000000 $t
/var/folders/m4/4md61f0s1_g0rzfghffqnxvr0000gn/T//ccH5Xk1a.s:215    .text.chCoreGetStatusX:0000000000000000 chCoreGetStatusX
/var/folders/m4/4md61f0s1_g0rzfghffqnxvr0000gn/T//ccH5Xk1a.s:233    .text.chCoreGetStatusX:000000000000000c $d
/var/folders/m4/4md61f0s1_g0rzfghffqnxvr0000gn/T//ccH5Xk1a.s:239    .bss.endmem:0000000000000000 $d
/var/folders/m4/4md61f0s1_g0rzfghffqnxvr0000gn/T//ccH5Xk1a.s:243    .bss.endmem:0000000000000000 endmem
/var/folders/m4/4md61f0s1_g0rzfghffqnxvr0000gn/T//ccH5Xk1a.s:246    .bss.nextmem:0000000000000000 $d
/var/folders/m4/4md61f0s1_g0rzfghffqnxvr0000gn/T//ccH5Xk1a.s:250    .bss.nextmem:0000000000000000 nextmem
                     .debug_frame:0000000000000010 $d

UNDEFINED SYMBOLS
__heap_base__
__heap_end__
