ARM GAS  /var/folders/m4/4md61f0s1_g0rzfghffqnxvr0000gn/T//ccyiuNWh.s 			page 1


   1              		.syntax unified
   2              		.cpu cortex-m4
   3              		.eabi_attribute 27, 1
   4              		.eabi_attribute 28, 1
   5              		.fpu fpv4-sp-d16
   6              		.eabi_attribute 20, 1
   7              		.eabi_attribute 21, 1
   8              		.eabi_attribute 23, 3
   9              		.eabi_attribute 24, 1
  10              		.eabi_attribute 25, 1
  11              		.eabi_attribute 26, 1
  12              		.eabi_attribute 30, 2
  13              		.eabi_attribute 34, 1
  14              		.eabi_attribute 18, 4
  15              		.thumb
  16              		.file	"chregistry.c"
  17              		.text
  18              	.Ltext0:
  19              		.cfi_sections	.debug_frame
  20              		.section	.text.chRegFirstThread,"ax",%progbits
  21              		.align	2
  22              		.p2align 4,,15
  23              		.global	chRegFirstThread
  24              		.thumb
  25              		.thumb_func
  26              		.type	chRegFirstThread, %function
  27              	chRegFirstThread:
  28              	.LFB231:
  29              		.file 1 "ChibiOS_16.1.4/os/rt/src/chregistry.c"
  30              		.loc 1 131 0
  31              		.cfi_startproc
  32              		@ args = 0, pretend = 0, frame = 0
  33              		@ frame_needed = 0, uses_anonymous_args = 0
  34              		@ link register save eliminated.
  35              	.LVL0:
  36              	.LBB34:
  37              	.LBB35:
  38              	.LBB36:
  39              	.LBB37:
  40              		.file 2 "ChibiOS_16.1.4/os/ext/CMSIS/include/core_cmFunc.h"
  41              		.loc 2 548 0
  42 0000 2023     		movs	r3, #32
  43              	@ 548 "ChibiOS_16.1.4/os/ext/CMSIS/include/core_cmFunc.h" 1
  44 0002 83F31188 		MSR basepri, r3
  45              	@ 0 "" 2
  46              		.thumb
  47              	.LBE37:
  48              	.LBE36:
  49              	.LBE35:
  50              	.LBE34:
  51              		.loc 1 135 0
  52 0006 044B     		ldr	r3, .L2
  53 0008 1869     		ldr	r0, [r3, #16]
  54              	.LVL1:
  55              		.loc 1 137 0
  56 000a 837F     		ldrb	r3, [r0, #30]	@ zero_extendqisi2
  57 000c 0133     		adds	r3, r3, #1
ARM GAS  /var/folders/m4/4md61f0s1_g0rzfghffqnxvr0000gn/T//ccyiuNWh.s 			page 2


  58 000e 8377     		strb	r3, [r0, #30]
  59              	.LVL2:
  60              	.LBB38:
  61              	.LBB39:
  62              	.LBB40:
  63              	.LBB41:
  64              	.LBB42:
  65              		.loc 2 548 0
  66 0010 0023     		movs	r3, #0
  67              	@ 548 "ChibiOS_16.1.4/os/ext/CMSIS/include/core_cmFunc.h" 1
  68 0012 83F31188 		MSR basepri, r3
  69              	@ 0 "" 2
  70              		.thumb
  71              	.LBE42:
  72              	.LBE41:
  73              	.LBE40:
  74              	.LBE39:
  75              	.LBE38:
  76              		.loc 1 142 0
  77 0016 7047     		bx	lr
  78              	.L3:
  79              		.align	2
  80              	.L2:
  81 0018 00000000 		.word	ch
  82              		.cfi_endproc
  83              	.LFE231:
  84              		.size	chRegFirstThread, .-chRegFirstThread
  85              		.section	.text.chRegNextThread,"ax",%progbits
  86              		.align	2
  87              		.p2align 4,,15
  88              		.global	chRegNextThread
  89              		.thumb
  90              		.thumb_func
  91              		.type	chRegNextThread, %function
  92              	chRegNextThread:
  93              	.LFB232:
  94              		.loc 1 155 0
  95              		.cfi_startproc
  96              		@ args = 0, pretend = 0, frame = 0
  97              		@ frame_needed = 0, uses_anonymous_args = 0
  98              	.LVL3:
  99 0000 10B5     		push	{r4, lr}
 100              		.cfi_def_cfa_offset 8
 101              		.cfi_offset 4, -8
 102              		.cfi_offset 14, -4
 103              	.LBB43:
 104              	.LBB44:
 105              	.LBB45:
 106              	.LBB46:
 107              		.loc 2 548 0
 108 0002 2023     		movs	r3, #32
 109              	@ 548 "ChibiOS_16.1.4/os/ext/CMSIS/include/core_cmFunc.h" 1
 110 0004 83F31188 		MSR basepri, r3
 111              	@ 0 "" 2
 112              		.thumb
 113              	.LBE46:
 114              	.LBE45:
ARM GAS  /var/folders/m4/4md61f0s1_g0rzfghffqnxvr0000gn/T//ccyiuNWh.s 			page 3


 115              	.LBE44:
 116              	.LBE43:
 117              		.loc 1 161 0
 118 0008 074B     		ldr	r3, .L8
 119              		.loc 1 159 0
 120 000a 0469     		ldr	r4, [r0, #16]
 121              	.LVL4:
 122              		.loc 1 161 0
 123 000c 9C42     		cmp	r4, r3
 124              		.loc 1 168 0
 125 000e 1DBF     		ittte	ne
 126 0010 A37F     		ldrbne	r3, [r4, #30]	@ zero_extendqisi2
 127 0012 0133     		addne	r3, r3, #1
 128 0014 A377     		strbne	r3, [r4, #30]
 129              		.loc 1 163 0
 130 0016 0024     		moveq	r4, #0
 131              	.LVL5:
 132              	.LBB47:
 133              	.LBB48:
 134              	.LBB49:
 135              	.LBB50:
 136              	.LBB51:
 137              		.loc 2 548 0
 138 0018 0023     		movs	r3, #0
 139              	@ 548 "ChibiOS_16.1.4/os/ext/CMSIS/include/core_cmFunc.h" 1
 140 001a 83F31188 		MSR basepri, r3
 141              	@ 0 "" 2
 142              		.thumb
 143              	.LBE51:
 144              	.LBE50:
 145              	.LBE49:
 146              	.LBE48:
 147              	.LBE47:
 148              		.loc 1 173 0
 149 001e FFF7FEFF 		bl	chThdRelease
 150              	.LVL6:
 151              		.loc 1 177 0
 152 0022 2046     		mov	r0, r4
 153 0024 10BD     		pop	{r4, pc}
 154              	.LVL7:
 155              	.L9:
 156 0026 00BF     		.align	2
 157              	.L8:
 158 0028 00000000 		.word	ch
 159              		.cfi_endproc
 160              	.LFE232:
 161              		.size	chRegNextThread, .-chRegNextThread
 162              		.global	ch_debug
 163              		.section	.rodata.ch_debug,"a",%progbits
 164              		.align	2
 165              		.type	ch_debug, %object
 166              		.size	ch_debug, 22
 167              	ch_debug:
 168 0000 6D       		.byte	109
 169 0001 61       		.byte	97
 170 0002 69       		.byte	105
 171 0003 6E       		.byte	110
ARM GAS  /var/folders/m4/4md61f0s1_g0rzfghffqnxvr0000gn/T//ccyiuNWh.s 			page 4


 172 0004 00       		.byte	0
 173 0005 16       		.byte	22
 174 0006 4318     		.short	6211
 175 0008 04       		.byte	4
 176 0009 04       		.byte	4
 177 000a 48       		.byte	72
 178 000b 08       		.byte	8
 179 000c 0C       		.byte	12
 180 000d 10       		.byte	16
 181 000e 14       		.byte	20
 182 000f 18       		.byte	24
 183 0010 00       		.byte	0
 184 0011 1C       		.byte	28
 185 0012 1D       		.byte	29
 186 0013 1E       		.byte	30
 187 0014 1F       		.byte	31
 188 0015 20       		.byte	32
 189              		.text
 190              	.Letext0:
 191              		.file 3 "/usr/local/Cellar/gcc-arm-none-eabi-49/20150609/lib/gcc/arm-none-eabi/4.9.3/include/stdde
 192              		.file 4 "/usr/local/Cellar/gcc-arm-none-eabi-49/20150609/arm-none-eabi/include/machine/_default_ty
 193              		.file 5 "/usr/local/Cellar/gcc-arm-none-eabi-49/20150609/arm-none-eabi/include/sys/_stdint.h"
 194              		.file 6 "ChibiOS_16.1.4/os/rt/ports/ARMCMx/compilers/GCC/chtypes.h"
 195              		.file 7 "ChibiOS_16.1.4/os/rt/include/chsystypes.h"
 196              		.file 8 "ChibiOS_16.1.4/os/rt/include/chschd.h"
 197              		.file 9 "ChibiOS_16.1.4/os/rt/ports/ARMCMx/chcore.h"
 198              		.file 10 "ChibiOS_16.1.4/os/rt/ports/ARMCMx/chcore_v7m.h"
 199              		.file 11 "ChibiOS_16.1.4/os/rt/include/chtm.h"
 200              		.file 12 "ChibiOS_16.1.4/os/rt/include/chsem.h"
 201              		.file 13 "ChibiOS_16.1.4/os/rt/include/chmtx.h"
 202              		.file 14 "ChibiOS_16.1.4/os/rt/include/chregistry.h"
 203              		.file 15 "ChibiOS_16.1.4/os/rt/include/chsys.h"
 204              		.file 16 "ChibiOS_16.1.4/os/ext/CMSIS/include/core_cm4.h"
 205              		.file 17 "ChibiOS_16.1.4/os/rt/include/chdynamic.h"
 206              		.section	.debug_info,"",%progbits
 207              	.Ldebug_info0:
 208 0000 610A0000 		.4byte	0xa61
 209 0004 0400     		.2byte	0x4
 210 0006 00000000 		.4byte	.Ldebug_abbrev0
 211 000a 04       		.byte	0x4
 212 000b 01       		.uleb128 0x1
 213 000c 4D050000 		.4byte	.LASF135
 214 0010 01       		.byte	0x1
 215 0011 22010000 		.4byte	.LASF136
 216 0015 00000000 		.4byte	.LASF137
 217 0019 00000000 		.4byte	.Ldebug_ranges0+0
 218 001d 00000000 		.4byte	0
 219 0021 00000000 		.4byte	.Ldebug_line0
 220 0025 02       		.uleb128 0x2
 221 0026 04       		.byte	0x4
 222 0027 05       		.byte	0x5
 223 0028 696E7400 		.ascii	"int\000"
 224 002c 03       		.uleb128 0x3
 225 002d 46000000 		.4byte	.LASF2
 226 0031 03       		.byte	0x3
 227 0032 D4       		.byte	0xd4
 228 0033 37000000 		.4byte	0x37
ARM GAS  /var/folders/m4/4md61f0s1_g0rzfghffqnxvr0000gn/T//ccyiuNWh.s 			page 5


 229 0037 04       		.uleb128 0x4
 230 0038 04       		.byte	0x4
 231 0039 07       		.byte	0x7
 232 003a 0A020000 		.4byte	.LASF0
 233 003e 04       		.uleb128 0x4
 234 003f 01       		.byte	0x1
 235 0040 06       		.byte	0x6
 236 0041 16010000 		.4byte	.LASF1
 237 0045 03       		.uleb128 0x3
 238 0046 5D000000 		.4byte	.LASF3
 239 004a 04       		.byte	0x4
 240 004b 1D       		.byte	0x1d
 241 004c 50000000 		.4byte	0x50
 242 0050 04       		.uleb128 0x4
 243 0051 01       		.byte	0x1
 244 0052 08       		.byte	0x8
 245 0053 CA030000 		.4byte	.LASF4
 246 0057 04       		.uleb128 0x4
 247 0058 02       		.byte	0x2
 248 0059 05       		.byte	0x5
 249 005a E2030000 		.4byte	.LASF5
 250 005e 03       		.uleb128 0x3
 251 005f FB040000 		.4byte	.LASF6
 252 0063 04       		.byte	0x4
 253 0064 2B       		.byte	0x2b
 254 0065 69000000 		.4byte	0x69
 255 0069 04       		.uleb128 0x4
 256 006a 02       		.byte	0x2
 257 006b 07       		.byte	0x7
 258 006c 59020000 		.4byte	.LASF7
 259 0070 03       		.uleb128 0x3
 260 0071 AE020000 		.4byte	.LASF8
 261 0075 04       		.byte	0x4
 262 0076 3F       		.byte	0x3f
 263 0077 7B000000 		.4byte	0x7b
 264 007b 04       		.uleb128 0x4
 265 007c 04       		.byte	0x4
 266 007d 05       		.byte	0x5
 267 007e A2010000 		.4byte	.LASF9
 268 0082 03       		.uleb128 0x3
 269 0083 34050000 		.4byte	.LASF10
 270 0087 04       		.byte	0x4
 271 0088 41       		.byte	0x41
 272 0089 8D000000 		.4byte	0x8d
 273 008d 04       		.uleb128 0x4
 274 008e 04       		.byte	0x4
 275 008f 07       		.byte	0x7
 276 0090 CD040000 		.4byte	.LASF11
 277 0094 04       		.uleb128 0x4
 278 0095 08       		.byte	0x8
 279 0096 05       		.byte	0x5
 280 0097 08010000 		.4byte	.LASF12
 281 009b 03       		.uleb128 0x3
 282 009c 75030000 		.4byte	.LASF13
 283 00a0 04       		.byte	0x4
 284 00a1 5B       		.byte	0x5b
 285 00a2 A6000000 		.4byte	0xa6
ARM GAS  /var/folders/m4/4md61f0s1_g0rzfghffqnxvr0000gn/T//ccyiuNWh.s 			page 6


 286 00a6 04       		.uleb128 0x4
 287 00a7 08       		.byte	0x8
 288 00a8 07       		.byte	0x7
 289 00a9 8C000000 		.4byte	.LASF14
 290 00ad 03       		.uleb128 0x3
 291 00ae C0060000 		.4byte	.LASF15
 292 00b2 05       		.byte	0x5
 293 00b3 14       		.byte	0x14
 294 00b4 45000000 		.4byte	0x45
 295 00b8 03       		.uleb128 0x3
 296 00b9 1F020000 		.4byte	.LASF16
 297 00bd 05       		.byte	0x5
 298 00be 1A       		.byte	0x1a
 299 00bf 5E000000 		.4byte	0x5e
 300 00c3 03       		.uleb128 0x3
 301 00c4 C2030000 		.4byte	.LASF17
 302 00c8 05       		.byte	0x5
 303 00c9 1F       		.byte	0x1f
 304 00ca 70000000 		.4byte	0x70
 305 00ce 03       		.uleb128 0x3
 306 00cf 98040000 		.4byte	.LASF18
 307 00d3 05       		.byte	0x5
 308 00d4 20       		.byte	0x20
 309 00d5 82000000 		.4byte	0x82
 310 00d9 03       		.uleb128 0x3
 311 00da 54000000 		.4byte	.LASF19
 312 00de 05       		.byte	0x5
 313 00df 26       		.byte	0x26
 314 00e0 9B000000 		.4byte	0x9b
 315 00e4 03       		.uleb128 0x3
 316 00e5 90060000 		.4byte	.LASF20
 317 00e9 06       		.byte	0x6
 318 00ea 39       		.byte	0x39
 319 00eb CE000000 		.4byte	0xce
 320 00ef 03       		.uleb128 0x3
 321 00f0 13040000 		.4byte	.LASF21
 322 00f4 06       		.byte	0x6
 323 00f5 3C       		.byte	0x3c
 324 00f6 AD000000 		.4byte	0xad
 325 00fa 03       		.uleb128 0x3
 326 00fb AB010000 		.4byte	.LASF22
 327 00ff 06       		.byte	0x6
 328 0100 3D       		.byte	0x3d
 329 0101 AD000000 		.4byte	0xad
 330 0105 03       		.uleb128 0x3
 331 0106 80030000 		.4byte	.LASF23
 332 010a 06       		.byte	0x6
 333 010b 3E       		.byte	0x3e
 334 010c AD000000 		.4byte	0xad
 335 0110 03       		.uleb128 0x3
 336 0111 88010000 		.4byte	.LASF24
 337 0115 06       		.byte	0x6
 338 0116 3F       		.byte	0x3f
 339 0117 AD000000 		.4byte	0xad
 340 011b 03       		.uleb128 0x3
 341 011c AA030000 		.4byte	.LASF25
 342 0120 06       		.byte	0x6
ARM GAS  /var/folders/m4/4md61f0s1_g0rzfghffqnxvr0000gn/T//ccyiuNWh.s 			page 7


 343 0121 40       		.byte	0x40
 344 0122 CE000000 		.4byte	0xce
 345 0126 03       		.uleb128 0x3
 346 0127 76020000 		.4byte	.LASF26
 347 012b 06       		.byte	0x6
 348 012c 41       		.byte	0x41
 349 012d C3000000 		.4byte	0xc3
 350 0131 03       		.uleb128 0x3
 351 0132 A2020000 		.4byte	.LASF27
 352 0136 06       		.byte	0x6
 353 0137 43       		.byte	0x43
 354 0138 CE000000 		.4byte	0xce
 355 013c 03       		.uleb128 0x3
 356 013d 04020000 		.4byte	.LASF28
 357 0141 06       		.byte	0x6
 358 0142 45       		.byte	0x45
 359 0143 C3000000 		.4byte	0xc3
 360 0147 03       		.uleb128 0x3
 361 0148 16050000 		.4byte	.LASF29
 362 014c 07       		.byte	0x7
 363 014d 33       		.byte	0x33
 364 014e CE000000 		.4byte	0xce
 365 0152 03       		.uleb128 0x3
 366 0153 06050000 		.4byte	.LASF30
 367 0157 07       		.byte	0x7
 368 0158 3F       		.byte	0x3f
 369 0159 5D010000 		.4byte	0x15d
 370 015d 05       		.uleb128 0x5
 371 015e 6C020000 		.4byte	.LASF52
 372 0162 48       		.byte	0x48
 373 0163 08       		.byte	0x8
 374 0164 C2       		.byte	0xc2
 375 0165 62020000 		.4byte	0x262
 376 0169 06       		.uleb128 0x6
 377 016a 0C040000 		.4byte	.LASF31
 378 016e 08       		.byte	0x8
 379 016f C3       		.byte	0xc3
 380 0170 6D020000 		.4byte	0x26d
 381 0174 00       		.byte	0
 382 0175 06       		.uleb128 0x6
 383 0176 A3030000 		.4byte	.LASF32
 384 017a 08       		.byte	0x8
 385 017b C5       		.byte	0xc5
 386 017c 6D020000 		.4byte	0x26d
 387 0180 04       		.byte	0x4
 388 0181 06       		.uleb128 0x6
 389 0182 F4000000 		.4byte	.LASF33
 390 0186 08       		.byte	0x8
 391 0187 C7       		.byte	0xc7
 392 0188 1B010000 		.4byte	0x11b
 393 018c 08       		.byte	0x8
 394 018d 06       		.uleb128 0x6
 395 018e 4C030000 		.4byte	.LASF34
 396 0192 08       		.byte	0x8
 397 0193 C8       		.byte	0xc8
 398 0194 9D040000 		.4byte	0x49d
 399 0198 0C       		.byte	0xc
ARM GAS  /var/folders/m4/4md61f0s1_g0rzfghffqnxvr0000gn/T//ccyiuNWh.s 			page 8


 400 0199 06       		.uleb128 0x6
 401 019a BE010000 		.4byte	.LASF35
 402 019e 08       		.byte	0x8
 403 019f CA       		.byte	0xca
 404 01a0 6D020000 		.4byte	0x26d
 405 01a4 10       		.byte	0x10
 406 01a5 06       		.uleb128 0x6
 407 01a6 3E030000 		.4byte	.LASF36
 408 01aa 08       		.byte	0x8
 409 01ab CB       		.byte	0xcb
 410 01ac 6D020000 		.4byte	0x26d
 411 01b0 14       		.byte	0x14
 412 01b1 06       		.uleb128 0x6
 413 01b2 E2060000 		.4byte	.LASF37
 414 01b6 08       		.byte	0x8
 415 01b7 D2       		.byte	0xd2
 416 01b8 EB060000 		.4byte	0x6eb
 417 01bc 18       		.byte	0x18
 418 01bd 06       		.uleb128 0x6
 419 01be EC030000 		.4byte	.LASF38
 420 01c2 08       		.byte	0x8
 421 01c3 DD       		.byte	0xdd
 422 01c4 FA000000 		.4byte	0xfa
 423 01c8 1C       		.byte	0x1c
 424 01c9 06       		.uleb128 0x6
 425 01ca 2A040000 		.4byte	.LASF39
 426 01ce 08       		.byte	0x8
 427 01cf E1       		.byte	0xe1
 428 01d0 EF000000 		.4byte	0xef
 429 01d4 1D       		.byte	0x1d
 430 01d5 06       		.uleb128 0x6
 431 01d6 B3060000 		.4byte	.LASF40
 432 01da 08       		.byte	0x8
 433 01db E6       		.byte	0xe6
 434 01dc 05010000 		.4byte	0x105
 435 01e0 1E       		.byte	0x1e
 436 01e1 06       		.uleb128 0x6
 437 01e2 F4030000 		.4byte	.LASF41
 438 01e6 08       		.byte	0x8
 439 01e7 EC       		.byte	0xec
 440 01e8 10010000 		.4byte	0x110
 441 01ec 1F       		.byte	0x1f
 442 01ed 06       		.uleb128 0x6
 443 01ee 28020000 		.4byte	.LASF42
 444 01f2 08       		.byte	0x8
 445 01f3 F3       		.byte	0xf3
 446 01f4 FD060000 		.4byte	0x6fd
 447 01f8 20       		.byte	0x20
 448 01f9 07       		.uleb128 0x7
 449 01fa 705F7500 		.ascii	"p_u\000"
 450 01fe 08       		.byte	0x8
 451 01ff 3101     		.2byte	0x131
 452 0201 26060000 		.4byte	0x626
 453 0205 24       		.byte	0x24
 454 0206 08       		.uleb128 0x8
 455 0207 FC020000 		.4byte	.LASF43
 456 020b 08       		.byte	0x8
ARM GAS  /var/folders/m4/4md61f0s1_g0rzfghffqnxvr0000gn/T//ccyiuNWh.s 			page 9


 457 020c 3601     		.2byte	0x136
 458 020e 73020000 		.4byte	0x273
 459 0212 28       		.byte	0x28
 460 0213 08       		.uleb128 0x8
 461 0214 3F020000 		.4byte	.LASF44
 462 0218 08       		.byte	0x8
 463 0219 3C01     		.2byte	0x13c
 464 021b 97020000 		.4byte	0x297
 465 021f 2C       		.byte	0x2c
 466 0220 08       		.uleb128 0x8
 467 0221 8A060000 		.4byte	.LASF45
 468 0225 08       		.byte	0x8
 469 0226 4001     		.2byte	0x140
 470 0228 26010000 		.4byte	0x126
 471 022c 34       		.byte	0x34
 472 022d 08       		.uleb128 0x8
 473 022e 8D040000 		.4byte	.LASF46
 474 0232 08       		.byte	0x8
 475 0233 4601     		.2byte	0x146
 476 0235 31010000 		.4byte	0x131
 477 0239 38       		.byte	0x38
 478 023a 08       		.uleb128 0x8
 479 023b D8030000 		.4byte	.LASF47
 480 023f 08       		.byte	0x8
 481 0240 4D01     		.2byte	0x14d
 482 0242 E5060000 		.4byte	0x6e5
 483 0246 3C       		.byte	0x3c
 484 0247 08       		.uleb128 0x8
 485 0248 20050000 		.4byte	.LASF48
 486 024c 08       		.byte	0x8
 487 024d 5101     		.2byte	0x151
 488 024f 1B010000 		.4byte	0x11b
 489 0253 40       		.byte	0x40
 490 0254 08       		.uleb128 0x8
 491 0255 65010000 		.4byte	.LASF49
 492 0259 08       		.byte	0x8
 493 025a 5801     		.2byte	0x158
 494 025c 4A030000 		.4byte	0x34a
 495 0260 44       		.byte	0x44
 496 0261 00       		.byte	0
 497 0262 03       		.uleb128 0x3
 498 0263 C8060000 		.4byte	.LASF50
 499 0267 07       		.byte	0x7
 500 0268 44       		.byte	0x44
 501 0269 6D020000 		.4byte	0x26d
 502 026d 09       		.uleb128 0x9
 503 026e 04       		.byte	0x4
 504 026f 52010000 		.4byte	0x152
 505 0273 03       		.uleb128 0x3
 506 0274 D9020000 		.4byte	.LASF51
 507 0278 07       		.byte	0x7
 508 0279 49       		.byte	0x49
 509 027a 7E020000 		.4byte	0x27e
 510 027e 05       		.uleb128 0x5
 511 027f B5040000 		.4byte	.LASF53
 512 0283 04       		.byte	0x4
 513 0284 08       		.byte	0x8
ARM GAS  /var/folders/m4/4md61f0s1_g0rzfghffqnxvr0000gn/T//ccyiuNWh.s 			page 10


 514 0285 B0       		.byte	0xb0
 515 0286 97020000 		.4byte	0x297
 516 028a 06       		.uleb128 0x6
 517 028b 0C040000 		.4byte	.LASF31
 518 028f 08       		.byte	0x8
 519 0290 B1       		.byte	0xb1
 520 0291 6D020000 		.4byte	0x26d
 521 0295 00       		.byte	0
 522 0296 00       		.byte	0
 523 0297 03       		.uleb128 0x3
 524 0298 52040000 		.4byte	.LASF54
 525 029c 07       		.byte	0x7
 526 029d 50       		.byte	0x50
 527 029e A2020000 		.4byte	0x2a2
 528 02a2 05       		.uleb128 0x5
 529 02a3 E3000000 		.4byte	.LASF55
 530 02a7 08       		.byte	0x8
 531 02a8 08       		.byte	0x8
 532 02a9 B7       		.byte	0xb7
 533 02aa C7020000 		.4byte	0x2c7
 534 02ae 06       		.uleb128 0x6
 535 02af 0C040000 		.4byte	.LASF31
 536 02b3 08       		.byte	0x8
 537 02b4 B8       		.byte	0xb8
 538 02b5 6D020000 		.4byte	0x26d
 539 02b9 00       		.byte	0
 540 02ba 06       		.uleb128 0x6
 541 02bb A3030000 		.4byte	.LASF32
 542 02bf 08       		.byte	0x8
 543 02c0 B9       		.byte	0xb9
 544 02c1 6D020000 		.4byte	0x26d
 545 02c5 04       		.byte	0x4
 546 02c6 00       		.byte	0
 547 02c7 03       		.uleb128 0x3
 548 02c8 39000000 		.4byte	.LASF56
 549 02cc 07       		.byte	0x7
 550 02cd 57       		.byte	0x57
 551 02ce D2020000 		.4byte	0x2d2
 552 02d2 0A       		.uleb128 0xa
 553 02d3 94020000 		.4byte	.LASF57
 554 02d7 1C       		.byte	0x1c
 555 02d8 08       		.byte	0x8
 556 02d9 9001     		.2byte	0x190
 557 02db 2E030000 		.4byte	0x32e
 558 02df 08       		.uleb128 0x8
 559 02e0 AD040000 		.4byte	.LASF58
 560 02e4 08       		.byte	0x8
 561 02e5 9101     		.2byte	0x191
 562 02e7 97020000 		.4byte	0x297
 563 02eb 00       		.byte	0
 564 02ec 08       		.uleb128 0x8
 565 02ed FE030000 		.4byte	.LASF59
 566 02f1 08       		.byte	0x8
 567 02f2 9201     		.2byte	0x192
 568 02f4 1B010000 		.4byte	0x11b
 569 02f8 08       		.byte	0x8
 570 02f9 08       		.uleb128 0x8
ARM GAS  /var/folders/m4/4md61f0s1_g0rzfghffqnxvr0000gn/T//ccyiuNWh.s 			page 11


 571 02fa 46030000 		.4byte	.LASF60
 572 02fe 08       		.byte	0x8
 573 02ff 9401     		.2byte	0x194
 574 0301 9D040000 		.4byte	0x49d
 575 0305 0C       		.byte	0xc
 576 0306 08       		.uleb128 0x8
 577 0307 CE010000 		.4byte	.LASF61
 578 030b 08       		.byte	0x8
 579 030c 9701     		.2byte	0x197
 580 030e 6D020000 		.4byte	0x26d
 581 0312 10       		.byte	0x10
 582 0313 08       		.uleb128 0x8
 583 0314 6D030000 		.4byte	.LASF62
 584 0318 08       		.byte	0x8
 585 0319 9801     		.2byte	0x198
 586 031b 6D020000 		.4byte	0x26d
 587 031f 14       		.byte	0x14
 588 0320 08       		.uleb128 0x8
 589 0321 63030000 		.4byte	.LASF63
 590 0325 08       		.byte	0x8
 591 0326 9B01     		.2byte	0x19b
 592 0328 6D020000 		.4byte	0x26d
 593 032c 18       		.byte	0x18
 594 032d 00       		.byte	0
 595 032e 03       		.uleb128 0x3
 596 032f 2B050000 		.4byte	.LASF64
 597 0333 07       		.byte	0x7
 598 0334 5C       		.byte	0x5c
 599 0335 39030000 		.4byte	0x339
 600 0339 09       		.uleb128 0x9
 601 033a 04       		.byte	0x4
 602 033b 3F030000 		.4byte	0x33f
 603 033f 0B       		.uleb128 0xb
 604 0340 4A030000 		.4byte	0x34a
 605 0344 0C       		.uleb128 0xc
 606 0345 4A030000 		.4byte	0x34a
 607 0349 00       		.byte	0
 608 034a 0D       		.uleb128 0xd
 609 034b 04       		.byte	0x4
 610 034c 03       		.uleb128 0x3
 611 034d 93030000 		.4byte	.LASF65
 612 0351 07       		.byte	0x7
 613 0352 61       		.byte	0x61
 614 0353 57030000 		.4byte	0x357
 615 0357 0A       		.uleb128 0xa
 616 0358 62040000 		.4byte	.LASF66
 617 035c 14       		.byte	0x14
 618 035d 08       		.byte	0x8
 619 035e 6B01     		.2byte	0x16b
 620 0360 A6030000 		.4byte	0x3a6
 621 0364 08       		.uleb128 0x8
 622 0365 17020000 		.4byte	.LASF67
 623 0369 08       		.byte	0x8
 624 036a 6C01     		.2byte	0x16c
 625 036c 02070000 		.4byte	0x702
 626 0370 00       		.byte	0
 627 0371 08       		.uleb128 0x8
ARM GAS  /var/folders/m4/4md61f0s1_g0rzfghffqnxvr0000gn/T//ccyiuNWh.s 			page 12


 628 0372 DF010000 		.4byte	.LASF68
 629 0376 08       		.byte	0x8
 630 0377 6D01     		.2byte	0x16d
 631 0379 02070000 		.4byte	0x702
 632 037d 04       		.byte	0x4
 633 037e 08       		.uleb128 0x8
 634 037f 36020000 		.4byte	.LASF69
 635 0383 08       		.byte	0x8
 636 0384 6E01     		.2byte	0x16e
 637 0386 47010000 		.4byte	0x147
 638 038a 08       		.byte	0x8
 639 038b 08       		.uleb128 0x8
 640 038c 21070000 		.4byte	.LASF70
 641 0390 08       		.byte	0x8
 642 0391 6F01     		.2byte	0x16f
 643 0393 2E030000 		.4byte	0x32e
 644 0397 0C       		.byte	0xc
 645 0398 08       		.uleb128 0x8
 646 0399 98060000 		.4byte	.LASF71
 647 039d 08       		.byte	0x8
 648 039e 7101     		.2byte	0x171
 649 03a0 4A030000 		.4byte	0x34a
 650 03a4 10       		.byte	0x10
 651 03a5 00       		.byte	0
 652 03a6 03       		.uleb128 0x3
 653 03a7 B8020000 		.4byte	.LASF72
 654 03ab 07       		.byte	0x7
 655 03ac 66       		.byte	0x66
 656 03ad B1030000 		.4byte	0x3b1
 657 03b1 0A       		.uleb128 0xa
 658 03b2 0F030000 		.4byte	.LASF73
 659 03b6 10       		.byte	0x10
 660 03b7 08       		.byte	0x8
 661 03b8 7B01     		.2byte	0x17b
 662 03ba F3030000 		.4byte	0x3f3
 663 03be 08       		.uleb128 0x8
 664 03bf 17020000 		.4byte	.LASF67
 665 03c3 08       		.byte	0x8
 666 03c4 7C01     		.2byte	0x17c
 667 03c6 02070000 		.4byte	0x702
 668 03ca 00       		.byte	0
 669 03cb 08       		.uleb128 0x8
 670 03cc DF010000 		.4byte	.LASF68
 671 03d0 08       		.byte	0x8
 672 03d1 7E01     		.2byte	0x17e
 673 03d3 02070000 		.4byte	0x702
 674 03d7 04       		.byte	0x4
 675 03d8 08       		.uleb128 0x8
 676 03d9 36020000 		.4byte	.LASF69
 677 03dd 08       		.byte	0x8
 678 03de 8001     		.2byte	0x180
 679 03e0 47010000 		.4byte	0x147
 680 03e4 08       		.byte	0x8
 681 03e5 08       		.uleb128 0x8
 682 03e6 E9060000 		.4byte	.LASF74
 683 03ea 08       		.byte	0x8
 684 03eb 8201     		.2byte	0x182
ARM GAS  /var/folders/m4/4md61f0s1_g0rzfghffqnxvr0000gn/T//ccyiuNWh.s 			page 13


 685 03ed FD060000 		.4byte	0x6fd
 686 03f1 0C       		.byte	0xc
 687 03f2 00       		.byte	0
 688 03f3 03       		.uleb128 0x3
 689 03f4 73000000 		.4byte	.LASF75
 690 03f8 07       		.byte	0x7
 691 03f9 6B       		.byte	0x6b
 692 03fa FE030000 		.4byte	0x3fe
 693 03fe 0A       		.uleb128 0xa
 694 03ff B2030000 		.4byte	.LASF76
 695 0403 04       		.byte	0x4
 696 0404 08       		.byte	0x8
 697 0405 A201     		.2byte	0x1a2
 698 0407 19040000 		.4byte	0x419
 699 040b 08       		.uleb128 0x8
 700 040c 71060000 		.4byte	.LASF77
 701 0410 08       		.byte	0x8
 702 0411 AA01     		.2byte	0x1aa
 703 0413 08070000 		.4byte	0x708
 704 0417 00       		.byte	0
 705 0418 00       		.byte	0
 706 0419 03       		.uleb128 0x3
 707 041a 7C020000 		.4byte	.LASF78
 708 041e 07       		.byte	0x7
 709 041f 70       		.byte	0x70
 710 0420 24040000 		.4byte	0x424
 711 0424 0E       		.uleb128 0xe
 712 0425 98010000 		.4byte	.LASF79
 713 0429 5802     		.2byte	0x258
 714 042b 08       		.byte	0x8
 715 042c C201     		.2byte	0x1c2
 716 042e 80040000 		.4byte	0x480
 717 0432 08       		.uleb128 0x8
 718 0433 BA060000 		.4byte	.LASF80
 719 0437 08       		.byte	0x8
 720 0438 C601     		.2byte	0x1c6
 721 043a C7020000 		.4byte	0x2c7
 722 043e 00       		.byte	0
 723 043f 08       		.uleb128 0x8
 724 0440 75010000 		.4byte	.LASF81
 725 0444 08       		.byte	0x8
 726 0445 CA01     		.2byte	0x1ca
 727 0447 A6030000 		.4byte	0x3a6
 728 044b 1C       		.byte	0x1c
 729 044c 07       		.uleb128 0x7
 730 044d 64626700 		.ascii	"dbg\000"
 731 0451 08       		.byte	0x8
 732 0452 CE01     		.2byte	0x1ce
 733 0454 F3030000 		.4byte	0x3f3
 734 0458 2C       		.byte	0x2c
 735 0459 08       		.uleb128 0x8
 736 045a BA000000 		.4byte	.LASF82
 737 045e 08       		.byte	0x8
 738 045f D201     		.2byte	0x1d2
 739 0461 52010000 		.4byte	0x152
 740 0465 30       		.byte	0x30
 741 0466 07       		.uleb128 0x7
ARM GAS  /var/folders/m4/4md61f0s1_g0rzfghffqnxvr0000gn/T//ccyiuNWh.s 			page 14


 742 0467 746D00   		.ascii	"tm\000"
 743 046a 08       		.byte	0x8
 744 046b D701     		.2byte	0x1d7
 745 046d 1B060000 		.4byte	0x61b
 746 0471 78       		.byte	0x78
 747 0472 08       		.uleb128 0x8
 748 0473 F5010000 		.4byte	.LASF83
 749 0477 08       		.byte	0x8
 750 0478 E301     		.2byte	0x1e3
 751 047a 0D070000 		.4byte	0x70d
 752 047e 80       		.byte	0x80
 753 047f 00       		.byte	0
 754 0480 04       		.uleb128 0x4
 755 0481 04       		.byte	0x4
 756 0482 07       		.byte	0x7
 757 0483 06030000 		.4byte	.LASF84
 758 0487 03       		.uleb128 0x3
 759 0488 D6010000 		.4byte	.LASF85
 760 048c 09       		.byte	0x9
 761 048d 65       		.byte	0x65
 762 048e 4A030000 		.4byte	0x34a
 763 0492 03       		.uleb128 0x3
 764 0493 CE020000 		.4byte	.LASF86
 765 0497 09       		.byte	0x9
 766 0498 6D       		.byte	0x6d
 767 0499 D9000000 		.4byte	0xd9
 768 049d 05       		.uleb128 0x5
 769 049e 82060000 		.4byte	.LASF87
 770 04a2 04       		.byte	0x4
 771 04a3 09       		.byte	0x9
 772 04a4 89       		.byte	0x89
 773 04a5 B6040000 		.4byte	0x4b6
 774 04a9 0F       		.uleb128 0xf
 775 04aa 72313300 		.ascii	"r13\000"
 776 04ae 09       		.byte	0x9
 777 04af 8A       		.byte	0x8a
 778 04b0 00060000 		.4byte	0x600
 779 04b4 00       		.byte	0
 780 04b5 00       		.byte	0
 781 04b6 05       		.uleb128 0x5
 782 04b7 67000000 		.4byte	.LASF88
 783 04bb 64       		.byte	0x64
 784 04bc 0A       		.byte	0xa
 785 04bd FD       		.byte	0xfd
 786 04be 00060000 		.4byte	0x600
 787 04c2 0F       		.uleb128 0xf
 788 04c3 73313600 		.ascii	"s16\000"
 789 04c7 0A       		.byte	0xa
 790 04c8 FF       		.byte	0xff
 791 04c9 87040000 		.4byte	0x487
 792 04cd 00       		.byte	0
 793 04ce 07       		.uleb128 0x7
 794 04cf 73313700 		.ascii	"s17\000"
 795 04d3 0A       		.byte	0xa
 796 04d4 0001     		.2byte	0x100
 797 04d6 87040000 		.4byte	0x487
 798 04da 04       		.byte	0x4
ARM GAS  /var/folders/m4/4md61f0s1_g0rzfghffqnxvr0000gn/T//ccyiuNWh.s 			page 15


 799 04db 07       		.uleb128 0x7
 800 04dc 73313800 		.ascii	"s18\000"
 801 04e0 0A       		.byte	0xa
 802 04e1 0101     		.2byte	0x101
 803 04e3 87040000 		.4byte	0x487
 804 04e7 08       		.byte	0x8
 805 04e8 07       		.uleb128 0x7
 806 04e9 73313900 		.ascii	"s19\000"
 807 04ed 0A       		.byte	0xa
 808 04ee 0201     		.2byte	0x102
 809 04f0 87040000 		.4byte	0x487
 810 04f4 0C       		.byte	0xc
 811 04f5 07       		.uleb128 0x7
 812 04f6 73323000 		.ascii	"s20\000"
 813 04fa 0A       		.byte	0xa
 814 04fb 0301     		.2byte	0x103
 815 04fd 87040000 		.4byte	0x487
 816 0501 10       		.byte	0x10
 817 0502 07       		.uleb128 0x7
 818 0503 73323100 		.ascii	"s21\000"
 819 0507 0A       		.byte	0xa
 820 0508 0401     		.2byte	0x104
 821 050a 87040000 		.4byte	0x487
 822 050e 14       		.byte	0x14
 823 050f 07       		.uleb128 0x7
 824 0510 73323200 		.ascii	"s22\000"
 825 0514 0A       		.byte	0xa
 826 0515 0501     		.2byte	0x105
 827 0517 87040000 		.4byte	0x487
 828 051b 18       		.byte	0x18
 829 051c 07       		.uleb128 0x7
 830 051d 73323300 		.ascii	"s23\000"
 831 0521 0A       		.byte	0xa
 832 0522 0601     		.2byte	0x106
 833 0524 87040000 		.4byte	0x487
 834 0528 1C       		.byte	0x1c
 835 0529 07       		.uleb128 0x7
 836 052a 73323400 		.ascii	"s24\000"
 837 052e 0A       		.byte	0xa
 838 052f 0701     		.2byte	0x107
 839 0531 87040000 		.4byte	0x487
 840 0535 20       		.byte	0x20
 841 0536 07       		.uleb128 0x7
 842 0537 73323500 		.ascii	"s25\000"
 843 053b 0A       		.byte	0xa
 844 053c 0801     		.2byte	0x108
 845 053e 87040000 		.4byte	0x487
 846 0542 24       		.byte	0x24
 847 0543 07       		.uleb128 0x7
 848 0544 73323600 		.ascii	"s26\000"
 849 0548 0A       		.byte	0xa
 850 0549 0901     		.2byte	0x109
 851 054b 87040000 		.4byte	0x487
 852 054f 28       		.byte	0x28
 853 0550 07       		.uleb128 0x7
 854 0551 73323700 		.ascii	"s27\000"
 855 0555 0A       		.byte	0xa
ARM GAS  /var/folders/m4/4md61f0s1_g0rzfghffqnxvr0000gn/T//ccyiuNWh.s 			page 16


 856 0556 0A01     		.2byte	0x10a
 857 0558 87040000 		.4byte	0x487
 858 055c 2C       		.byte	0x2c
 859 055d 07       		.uleb128 0x7
 860 055e 73323800 		.ascii	"s28\000"
 861 0562 0A       		.byte	0xa
 862 0563 0B01     		.2byte	0x10b
 863 0565 87040000 		.4byte	0x487
 864 0569 30       		.byte	0x30
 865 056a 07       		.uleb128 0x7
 866 056b 73323900 		.ascii	"s29\000"
 867 056f 0A       		.byte	0xa
 868 0570 0C01     		.2byte	0x10c
 869 0572 87040000 		.4byte	0x487
 870 0576 34       		.byte	0x34
 871 0577 07       		.uleb128 0x7
 872 0578 73333000 		.ascii	"s30\000"
 873 057c 0A       		.byte	0xa
 874 057d 0D01     		.2byte	0x10d
 875 057f 87040000 		.4byte	0x487
 876 0583 38       		.byte	0x38
 877 0584 07       		.uleb128 0x7
 878 0585 73333100 		.ascii	"s31\000"
 879 0589 0A       		.byte	0xa
 880 058a 0E01     		.2byte	0x10e
 881 058c 87040000 		.4byte	0x487
 882 0590 3C       		.byte	0x3c
 883 0591 07       		.uleb128 0x7
 884 0592 723400   		.ascii	"r4\000"
 885 0595 0A       		.byte	0xa
 886 0596 1001     		.2byte	0x110
 887 0598 87040000 		.4byte	0x487
 888 059c 40       		.byte	0x40
 889 059d 07       		.uleb128 0x7
 890 059e 723500   		.ascii	"r5\000"
 891 05a1 0A       		.byte	0xa
 892 05a2 1101     		.2byte	0x111
 893 05a4 87040000 		.4byte	0x487
 894 05a8 44       		.byte	0x44
 895 05a9 07       		.uleb128 0x7
 896 05aa 723600   		.ascii	"r6\000"
 897 05ad 0A       		.byte	0xa
 898 05ae 1201     		.2byte	0x112
 899 05b0 87040000 		.4byte	0x487
 900 05b4 48       		.byte	0x48
 901 05b5 07       		.uleb128 0x7
 902 05b6 723700   		.ascii	"r7\000"
 903 05b9 0A       		.byte	0xa
 904 05ba 1301     		.2byte	0x113
 905 05bc 87040000 		.4byte	0x487
 906 05c0 4C       		.byte	0x4c
 907 05c1 07       		.uleb128 0x7
 908 05c2 723800   		.ascii	"r8\000"
 909 05c5 0A       		.byte	0xa
 910 05c6 1401     		.2byte	0x114
 911 05c8 87040000 		.4byte	0x487
 912 05cc 50       		.byte	0x50
ARM GAS  /var/folders/m4/4md61f0s1_g0rzfghffqnxvr0000gn/T//ccyiuNWh.s 			page 17


 913 05cd 07       		.uleb128 0x7
 914 05ce 723900   		.ascii	"r9\000"
 915 05d1 0A       		.byte	0xa
 916 05d2 1501     		.2byte	0x115
 917 05d4 87040000 		.4byte	0x487
 918 05d8 54       		.byte	0x54
 919 05d9 07       		.uleb128 0x7
 920 05da 72313000 		.ascii	"r10\000"
 921 05de 0A       		.byte	0xa
 922 05df 1601     		.2byte	0x116
 923 05e1 87040000 		.4byte	0x487
 924 05e5 58       		.byte	0x58
 925 05e6 07       		.uleb128 0x7
 926 05e7 72313100 		.ascii	"r11\000"
 927 05eb 0A       		.byte	0xa
 928 05ec 1701     		.2byte	0x117
 929 05ee 87040000 		.4byte	0x487
 930 05f2 5C       		.byte	0x5c
 931 05f3 07       		.uleb128 0x7
 932 05f4 6C7200   		.ascii	"lr\000"
 933 05f7 0A       		.byte	0xa
 934 05f8 1801     		.2byte	0x118
 935 05fa 87040000 		.4byte	0x487
 936 05fe 60       		.byte	0x60
 937 05ff 00       		.byte	0
 938 0600 09       		.uleb128 0x9
 939 0601 04       		.byte	0x4
 940 0602 B6040000 		.4byte	0x4b6
 941 0606 10       		.uleb128 0x10
 942 0607 04       		.byte	0x4
 943 0608 0B       		.byte	0xb
 944 0609 38       		.byte	0x38
 945 060a 1B060000 		.4byte	0x61b
 946 060e 06       		.uleb128 0x6
 947 060f 7B060000 		.4byte	.LASF89
 948 0613 0B       		.byte	0xb
 949 0614 3C       		.byte	0x3c
 950 0615 E4000000 		.4byte	0xe4
 951 0619 00       		.byte	0
 952 061a 00       		.byte	0
 953 061b 03       		.uleb128 0x3
 954 061c 52030000 		.4byte	.LASF90
 955 0620 0B       		.byte	0xb
 956 0621 3D       		.byte	0x3d
 957 0622 06060000 		.4byte	0x606
 958 0626 11       		.uleb128 0x11
 959 0627 04       		.byte	0x4
 960 0628 08       		.byte	0x8
 961 0629 FA       		.byte	0xfa
 962 062a 83060000 		.4byte	0x683
 963 062e 12       		.uleb128 0x12
 964 062f 4D000000 		.4byte	.LASF91
 965 0633 08       		.byte	0x8
 966 0634 0101     		.2byte	0x101
 967 0636 26010000 		.4byte	0x126
 968 063a 12       		.uleb128 0x12
 969 063b B1000000 		.4byte	.LASF92
ARM GAS  /var/folders/m4/4md61f0s1_g0rzfghffqnxvr0000gn/T//ccyiuNWh.s 			page 18


 970 063f 08       		.byte	0x8
 971 0640 0801     		.2byte	0x108
 972 0642 26010000 		.4byte	0x126
 973 0646 12       		.uleb128 0x12
 974 0647 DB060000 		.4byte	.LASF93
 975 064b 08       		.byte	0x8
 976 064c 0F01     		.2byte	0x10f
 977 064e 4A030000 		.4byte	0x34a
 978 0652 12       		.uleb128 0x12
 979 0653 92010000 		.4byte	.LASF94
 980 0657 08       		.byte	0x8
 981 0658 1601     		.2byte	0x116
 982 065a 83060000 		.4byte	0x683
 983 065e 12       		.uleb128 0x12
 984 065f 2F020000 		.4byte	.LASF95
 985 0663 08       		.byte	0x8
 986 0664 1E01     		.2byte	0x11e
 987 0666 AE060000 		.4byte	0x6ae
 988 066a 12       		.uleb128 0x12
 989 066b F4040000 		.4byte	.LASF96
 990 066f 08       		.byte	0x8
 991 0670 2701     		.2byte	0x127
 992 0672 E5060000 		.4byte	0x6e5
 993 0676 12       		.uleb128 0x12
 994 0677 05040000 		.4byte	.LASF97
 995 067b 08       		.byte	0x8
 996 067c 2F01     		.2byte	0x12f
 997 067e 31010000 		.4byte	0x131
 998 0682 00       		.byte	0
 999 0683 09       		.uleb128 0x9
 1000 0684 04       		.byte	0x4
 1001 0685 62020000 		.4byte	0x262
 1002 0689 05       		.uleb128 0x5
 1003 068a 80040000 		.4byte	.LASF98
 1004 068e 0C       		.byte	0xc
 1005 068f 0C       		.byte	0xc
 1006 0690 34       		.byte	0x34
 1007 0691 AE060000 		.4byte	0x6ae
 1008 0695 06       		.uleb128 0x6
 1009 0696 C6010000 		.4byte	.LASF99
 1010 069a 0C       		.byte	0xc
 1011 069b 35       		.byte	0x35
 1012 069c 97020000 		.4byte	0x297
 1013 06a0 00       		.byte	0
 1014 06a1 06       		.uleb128 0x6
 1015 06a2 53020000 		.4byte	.LASF100
 1016 06a6 0C       		.byte	0xc
 1017 06a7 37       		.byte	0x37
 1018 06a8 3C010000 		.4byte	0x13c
 1019 06ac 08       		.byte	0x8
 1020 06ad 00       		.byte	0
 1021 06ae 09       		.uleb128 0x9
 1022 06af 04       		.byte	0x4
 1023 06b0 89060000 		.4byte	0x689
 1024 06b4 05       		.uleb128 0x5
 1025 06b5 AA060000 		.4byte	.LASF101
 1026 06b9 10       		.byte	0x10
ARM GAS  /var/folders/m4/4md61f0s1_g0rzfghffqnxvr0000gn/T//ccyiuNWh.s 			page 19


 1027 06ba 0D       		.byte	0xd
 1028 06bb 39       		.byte	0x39
 1029 06bc E5060000 		.4byte	0x6e5
 1030 06c0 06       		.uleb128 0x6
 1031 06c1 6D010000 		.4byte	.LASF102
 1032 06c5 0D       		.byte	0xd
 1033 06c6 3A       		.byte	0x3a
 1034 06c7 97020000 		.4byte	0x297
 1035 06cb 00       		.byte	0
 1036 06cc 06       		.uleb128 0x6
 1037 06cd 0B070000 		.4byte	.LASF103
 1038 06d1 0D       		.byte	0xd
 1039 06d2 3C       		.byte	0x3c
 1040 06d3 6D020000 		.4byte	0x26d
 1041 06d7 08       		.byte	0x8
 1042 06d8 06       		.uleb128 0x6
 1043 06d9 0F050000 		.4byte	.LASF104
 1044 06dd 0D       		.byte	0xd
 1045 06de 3E       		.byte	0x3e
 1046 06df 24080000 		.4byte	0x824
 1047 06e3 0C       		.byte	0xc
 1048 06e4 00       		.byte	0
 1049 06e5 09       		.uleb128 0x9
 1050 06e6 04       		.byte	0x4
 1051 06e7 B4060000 		.4byte	0x6b4
 1052 06eb 09       		.uleb128 0x9
 1053 06ec 04       		.byte	0x4
 1054 06ed F1060000 		.4byte	0x6f1
 1055 06f1 13       		.uleb128 0x13
 1056 06f2 F6060000 		.4byte	0x6f6
 1057 06f6 04       		.uleb128 0x4
 1058 06f7 01       		.byte	0x1
 1059 06f8 08       		.byte	0x8
 1060 06f9 DF040000 		.4byte	.LASF105
 1061 06fd 14       		.uleb128 0x14
 1062 06fe 47010000 		.4byte	0x147
 1063 0702 09       		.uleb128 0x9
 1064 0703 04       		.byte	0x4
 1065 0704 4C030000 		.4byte	0x34c
 1066 0708 14       		.uleb128 0x14
 1067 0709 EB060000 		.4byte	0x6eb
 1068 070d 15       		.uleb128 0x15
 1069 070e 92040000 		.4byte	0x492
 1070 0712 1D070000 		.4byte	0x71d
 1071 0716 16       		.uleb128 0x16
 1072 0717 80040000 		.4byte	0x480
 1073 071b 3A       		.byte	0x3a
 1074 071c 00       		.byte	0
 1075 071d 10       		.uleb128 0x10
 1076 071e 16       		.byte	0x16
 1077 071f 0E       		.byte	0xe
 1078 0720 34       		.byte	0x34
 1079 0721 FE070000 		.4byte	0x7fe
 1080 0725 06       		.uleb128 0x6
 1081 0726 13070000 		.4byte	.LASF106
 1082 072a 0E       		.byte	0xe
 1083 072b 35       		.byte	0x35
ARM GAS  /var/folders/m4/4md61f0s1_g0rzfghffqnxvr0000gn/T//ccyiuNWh.s 			page 20


 1084 072c FE070000 		.4byte	0x7fe
 1085 0730 00       		.byte	0
 1086 0731 06       		.uleb128 0x6
 1087 0732 E8020000 		.4byte	.LASF107
 1088 0736 0E       		.byte	0xe
 1089 0737 36       		.byte	0x36
 1090 0738 AD000000 		.4byte	0xad
 1091 073c 04       		.byte	0x4
 1092 073d 06       		.uleb128 0x6
 1093 073e C5040000 		.4byte	.LASF108
 1094 0742 0E       		.byte	0xe
 1095 0743 37       		.byte	0x37
 1096 0744 AD000000 		.4byte	0xad
 1097 0748 05       		.byte	0x5
 1098 0749 06       		.uleb128 0x6
 1099 074a 00070000 		.4byte	.LASF109
 1100 074e 0E       		.byte	0xe
 1101 074f 38       		.byte	0x38
 1102 0750 B8000000 		.4byte	0xb8
 1103 0754 06       		.byte	0x6
 1104 0755 06       		.uleb128 0x6
 1105 0756 88030000 		.4byte	.LASF110
 1106 075a 0E       		.byte	0xe
 1107 075b 39       		.byte	0x39
 1108 075c AD000000 		.4byte	0xad
 1109 0760 08       		.byte	0x8
 1110 0761 06       		.uleb128 0x6
 1111 0762 26030000 		.4byte	.LASF111
 1112 0766 0E       		.byte	0xe
 1113 0767 3A       		.byte	0x3a
 1114 0768 AD000000 		.4byte	0xad
 1115 076c 09       		.byte	0x9
 1116 076d 06       		.uleb128 0x6
 1117 076e A3000000 		.4byte	.LASF112
 1118 0772 0E       		.byte	0xe
 1119 0773 3B       		.byte	0x3b
 1120 0774 AD000000 		.4byte	0xad
 1121 0778 0A       		.byte	0xa
 1122 0779 06       		.uleb128 0x6
 1123 077a A1040000 		.4byte	.LASF113
 1124 077e 0E       		.byte	0xe
 1125 077f 3C       		.byte	0x3c
 1126 0780 AD000000 		.4byte	0xad
 1127 0784 0B       		.byte	0xb
 1128 0785 06       		.uleb128 0x6
 1129 0786 9F060000 		.4byte	.LASF114
 1130 078a 0E       		.byte	0xe
 1131 078b 3D       		.byte	0x3d
 1132 078c AD000000 		.4byte	0xad
 1133 0790 0C       		.byte	0xc
 1134 0791 06       		.uleb128 0x6
 1135 0792 73040000 		.4byte	.LASF115
 1136 0796 0E       		.byte	0xe
 1137 0797 3E       		.byte	0x3e
 1138 0798 AD000000 		.4byte	0xad
 1139 079c 0D       		.byte	0xd
 1140 079d 06       		.uleb128 0x6
ARM GAS  /var/folders/m4/4md61f0s1_g0rzfghffqnxvr0000gn/T//ccyiuNWh.s 			page 21


 1141 079e 2C000000 		.4byte	.LASF116
 1142 07a2 0E       		.byte	0xe
 1143 07a3 3F       		.byte	0x3f
 1144 07a4 AD000000 		.4byte	0xad
 1145 07a8 0E       		.byte	0xe
 1146 07a9 06       		.uleb128 0x6
 1147 07aa 32030000 		.4byte	.LASF117
 1148 07ae 0E       		.byte	0xe
 1149 07af 40       		.byte	0x40
 1150 07b0 AD000000 		.4byte	0xad
 1151 07b4 0F       		.byte	0xf
 1152 07b5 06       		.uleb128 0x6
 1153 07b6 48010000 		.4byte	.LASF118
 1154 07ba 0E       		.byte	0xe
 1155 07bb 41       		.byte	0x41
 1156 07bc AD000000 		.4byte	0xad
 1157 07c0 10       		.byte	0x10
 1158 07c1 06       		.uleb128 0x6
 1159 07c2 FB000000 		.4byte	.LASF119
 1160 07c6 0E       		.byte	0xe
 1161 07c7 43       		.byte	0x43
 1162 07c8 AD000000 		.4byte	0xad
 1163 07cc 11       		.byte	0x11
 1164 07cd 06       		.uleb128 0x6
 1165 07ce 58010000 		.4byte	.LASF120
 1166 07d2 0E       		.byte	0xe
 1167 07d3 44       		.byte	0x44
 1168 07d4 AD000000 		.4byte	0xad
 1169 07d8 12       		.byte	0x12
 1170 07d9 06       		.uleb128 0x6
 1171 07da F0020000 		.4byte	.LASF121
 1172 07de 0E       		.byte	0xe
 1173 07df 45       		.byte	0x45
 1174 07e0 AD000000 		.4byte	0xad
 1175 07e4 13       		.byte	0x13
 1176 07e5 06       		.uleb128 0x6
 1177 07e6 1B040000 		.4byte	.LASF122
 1178 07ea 0E       		.byte	0xe
 1179 07eb 46       		.byte	0x46
 1180 07ec AD000000 		.4byte	0xad
 1181 07f0 14       		.byte	0x14
 1182 07f1 06       		.uleb128 0x6
 1183 07f2 88020000 		.4byte	.LASF123
 1184 07f6 0E       		.byte	0xe
 1185 07f7 48       		.byte	0x48
 1186 07f8 AD000000 		.4byte	0xad
 1187 07fc 15       		.byte	0x15
 1188 07fd 00       		.byte	0
 1189 07fe 15       		.uleb128 0x15
 1190 07ff F6060000 		.4byte	0x6f6
 1191 0803 0E080000 		.4byte	0x80e
 1192 0807 16       		.uleb128 0x16
 1193 0808 80040000 		.4byte	0x480
 1194 080c 03       		.byte	0x3
 1195 080d 00       		.byte	0
 1196 080e 03       		.uleb128 0x3
 1197 080f B4010000 		.4byte	.LASF124
ARM GAS  /var/folders/m4/4md61f0s1_g0rzfghffqnxvr0000gn/T//ccyiuNWh.s 			page 22


 1198 0813 0E       		.byte	0xe
 1199 0814 49       		.byte	0x49
 1200 0815 1D070000 		.4byte	0x71d
 1201 0819 03       		.uleb128 0x3
 1202 081a E7010000 		.4byte	.LASF125
 1203 081e 0D       		.byte	0xd
 1204 081f 34       		.byte	0x34
 1205 0820 B4060000 		.4byte	0x6b4
 1206 0824 09       		.uleb128 0x9
 1207 0825 04       		.byte	0x4
 1208 0826 19080000 		.4byte	0x819
 1209 082a 17       		.uleb128 0x17
 1210 082b 3F050000 		.4byte	.LASF129
 1211 082f 02       		.byte	0x2
 1212 0830 2202     		.2byte	0x222
 1213 0832 03       		.byte	0x3
 1214 0833 44080000 		.4byte	0x844
 1215 0837 18       		.uleb128 0x18
 1216 0838 EF010000 		.4byte	.LASF138
 1217 083c 02       		.byte	0x2
 1218 083d 2202     		.2byte	0x222
 1219 083f CE000000 		.4byte	0xce
 1220 0843 00       		.byte	0
 1221 0844 19       		.uleb128 0x19
 1222 0845 82000000 		.4byte	.LASF126
 1223 0849 0A       		.byte	0xa
 1224 084a C801     		.2byte	0x1c8
 1225 084c 03       		.byte	0x3
 1226 084d 19       		.uleb128 0x19
 1227 084e 7C010000 		.4byte	.LASF127
 1228 0852 0A       		.byte	0xa
 1229 0853 E001     		.2byte	0x1e0
 1230 0855 03       		.byte	0x3
 1231 0856 19       		.uleb128 0x19
 1232 0857 3B040000 		.4byte	.LASF128
 1233 085b 0F       		.byte	0xf
 1234 085c 5A01     		.2byte	0x15a
 1235 085e 03       		.byte	0x3
 1236 085f 17       		.uleb128 0x17
 1237 0860 F4060000 		.4byte	.LASF130
 1238 0864 0F       		.byte	0xf
 1239 0865 6601     		.2byte	0x166
 1240 0867 03       		.byte	0x3
 1241 0868 7A080000 		.4byte	0x87a
 1242 086c 1A       		.uleb128 0x1a
 1243 086d 32040000 		.4byte	.LASF139
 1244 0871 8A080000 		.4byte	0x88a
 1245 0875 F4060000 		.4byte	.LASF130
 1246 0879 00       		.byte	0
 1247 087a 15       		.uleb128 0x15
 1248 087b F6060000 		.4byte	0x6f6
 1249 087f 8A080000 		.4byte	0x88a
 1250 0883 16       		.uleb128 0x16
 1251 0884 80040000 		.4byte	0x480
 1252 0888 0B       		.byte	0xb
 1253 0889 00       		.byte	0
 1254 088a 13       		.uleb128 0x13
ARM GAS  /var/folders/m4/4md61f0s1_g0rzfghffqnxvr0000gn/T//ccyiuNWh.s 			page 23


 1255 088b 7A080000 		.4byte	0x87a
 1256 088f 1B       		.uleb128 0x1b
 1257 0890 C5000000 		.4byte	.LASF131
 1258 0894 01       		.byte	0x1
 1259 0895 83       		.byte	0x83
 1260 0896 6D020000 		.4byte	0x26d
 1261 089a 00000000 		.4byte	.LFB231
 1262 089e 1C000000 		.4byte	.LFE231-.LFB231
 1263 08a2 01       		.uleb128 0x1
 1264 08a3 9C       		.byte	0x9c
 1265 08a4 38090000 		.4byte	0x938
 1266 08a8 1C       		.uleb128 0x1c
 1267 08a9 747000   		.ascii	"tp\000"
 1268 08ac 01       		.byte	0x1
 1269 08ad 84       		.byte	0x84
 1270 08ae 6D020000 		.4byte	0x26d
 1271 08b2 01       		.uleb128 0x1
 1272 08b3 50       		.byte	0x50
 1273 08b4 1D       		.uleb128 0x1d
 1274 08b5 56080000 		.4byte	0x856
 1275 08b9 00000000 		.4byte	.LBB34
 1276 08bd 06000000 		.4byte	.LBE34-.LBB34
 1277 08c1 01       		.byte	0x1
 1278 08c2 86       		.byte	0x86
 1279 08c3 F0080000 		.4byte	0x8f0
 1280 08c7 1E       		.uleb128 0x1e
 1281 08c8 44080000 		.4byte	0x844
 1282 08cc 00000000 		.4byte	.LBB35
 1283 08d0 06000000 		.4byte	.LBE35-.LBB35
 1284 08d4 0F       		.byte	0xf
 1285 08d5 5C01     		.2byte	0x15c
 1286 08d7 1E       		.uleb128 0x1e
 1287 08d8 2A080000 		.4byte	0x82a
 1288 08dc 00000000 		.4byte	.LBB36
 1289 08e0 06000000 		.4byte	.LBE36-.LBB36
 1290 08e4 0A       		.byte	0xa
 1291 08e5 D001     		.2byte	0x1d0
 1292 08e7 1F       		.uleb128 0x1f
 1293 08e8 37080000 		.4byte	0x837
 1294 08ec 20       		.byte	0x20
 1295 08ed 00       		.byte	0
 1296 08ee 00       		.byte	0
 1297 08ef 00       		.byte	0
 1298 08f0 20       		.uleb128 0x20
 1299 08f1 5F080000 		.4byte	0x85f
 1300 08f5 10000000 		.4byte	.LBB38
 1301 08f9 06000000 		.4byte	.LBE38-.LBB38
 1302 08fd 01       		.byte	0x1
 1303 08fe 8B       		.byte	0x8b
 1304 08ff 21       		.uleb128 0x21
 1305 0900 10000000 		.4byte	.LBB39
 1306 0904 06000000 		.4byte	.LBE39-.LBB39
 1307 0908 22       		.uleb128 0x22
 1308 0909 6C080000 		.4byte	0x86c
 1309 090d 1E       		.uleb128 0x1e
 1310 090e 4D080000 		.4byte	0x84d
 1311 0912 10000000 		.4byte	.LBB40
ARM GAS  /var/folders/m4/4md61f0s1_g0rzfghffqnxvr0000gn/T//ccyiuNWh.s 			page 24


 1312 0916 06000000 		.4byte	.LBE40-.LBB40
 1313 091a 0F       		.byte	0xf
 1314 091b 7301     		.2byte	0x173
 1315 091d 1E       		.uleb128 0x1e
 1316 091e 2A080000 		.4byte	0x82a
 1317 0922 10000000 		.4byte	.LBB41
 1318 0926 06000000 		.4byte	.LBE41-.LBB41
 1319 092a 0A       		.byte	0xa
 1320 092b E301     		.2byte	0x1e3
 1321 092d 1F       		.uleb128 0x1f
 1322 092e 37080000 		.4byte	0x837
 1323 0932 00       		.byte	0
 1324 0933 00       		.byte	0
 1325 0934 00       		.byte	0
 1326 0935 00       		.byte	0
 1327 0936 00       		.byte	0
 1328 0937 00       		.byte	0
 1329 0938 1B       		.uleb128 0x1b
 1330 0939 E4040000 		.4byte	.LASF132
 1331 093d 01       		.byte	0x1
 1332 093e 9B       		.byte	0x9b
 1333 093f 6D020000 		.4byte	0x26d
 1334 0943 00000000 		.4byte	.LFB232
 1335 0947 2C000000 		.4byte	.LFE232-.LFB232
 1336 094b 01       		.uleb128 0x1
 1337 094c 9C       		.byte	0x9c
 1338 094d 100A0000 		.4byte	0xa10
 1339 0951 23       		.uleb128 0x23
 1340 0952 747000   		.ascii	"tp\000"
 1341 0955 01       		.byte	0x1
 1342 0956 9B       		.byte	0x9b
 1343 0957 6D020000 		.4byte	0x26d
 1344 095b 00000000 		.4byte	.LLST0
 1345 095f 24       		.uleb128 0x24
 1346 0960 6E747000 		.ascii	"ntp\000"
 1347 0964 01       		.byte	0x1
 1348 0965 9C       		.byte	0x9c
 1349 0966 6D020000 		.4byte	0x26d
 1350 096a 21000000 		.4byte	.LLST1
 1351 096e 25       		.uleb128 0x25
 1352 096f 32040000 		.4byte	.LASF139
 1353 0973 200A0000 		.4byte	0xa20
 1354 0977 1D       		.uleb128 0x1d
 1355 0978 56080000 		.4byte	0x856
 1356 097c 02000000 		.4byte	.LBB43
 1357 0980 06000000 		.4byte	.LBE43-.LBB43
 1358 0984 01       		.byte	0x1
 1359 0985 9E       		.byte	0x9e
 1360 0986 B3090000 		.4byte	0x9b3
 1361 098a 1E       		.uleb128 0x1e
 1362 098b 44080000 		.4byte	0x844
 1363 098f 02000000 		.4byte	.LBB44
 1364 0993 06000000 		.4byte	.LBE44-.LBB44
 1365 0997 0F       		.byte	0xf
 1366 0998 5C01     		.2byte	0x15c
 1367 099a 1E       		.uleb128 0x1e
 1368 099b 2A080000 		.4byte	0x82a
ARM GAS  /var/folders/m4/4md61f0s1_g0rzfghffqnxvr0000gn/T//ccyiuNWh.s 			page 25


 1369 099f 02000000 		.4byte	.LBB45
 1370 09a3 06000000 		.4byte	.LBE45-.LBB45
 1371 09a7 0A       		.byte	0xa
 1372 09a8 D001     		.2byte	0x1d0
 1373 09aa 1F       		.uleb128 0x1f
 1374 09ab 37080000 		.4byte	0x837
 1375 09af 20       		.byte	0x20
 1376 09b0 00       		.byte	0
 1377 09b1 00       		.byte	0
 1378 09b2 00       		.byte	0
 1379 09b3 1D       		.uleb128 0x1d
 1380 09b4 5F080000 		.4byte	0x85f
 1381 09b8 18000000 		.4byte	.LBB47
 1382 09bc 06000000 		.4byte	.LBE47-.LBB47
 1383 09c0 01       		.byte	0x1
 1384 09c1 AB       		.byte	0xab
 1385 09c2 FE090000 		.4byte	0x9fe
 1386 09c6 21       		.uleb128 0x21
 1387 09c7 18000000 		.4byte	.LBB48
 1388 09cb 06000000 		.4byte	.LBE48-.LBB48
 1389 09cf 22       		.uleb128 0x22
 1390 09d0 6C080000 		.4byte	0x86c
 1391 09d4 1E       		.uleb128 0x1e
 1392 09d5 4D080000 		.4byte	0x84d
 1393 09d9 18000000 		.4byte	.LBB49
 1394 09dd 06000000 		.4byte	.LBE49-.LBB49
 1395 09e1 0F       		.byte	0xf
 1396 09e2 7301     		.2byte	0x173
 1397 09e4 1E       		.uleb128 0x1e
 1398 09e5 2A080000 		.4byte	0x82a
 1399 09e9 18000000 		.4byte	.LBB50
 1400 09ed 06000000 		.4byte	.LBE50-.LBB50
 1401 09f1 0A       		.byte	0xa
 1402 09f2 E301     		.2byte	0x1e3
 1403 09f4 1F       		.uleb128 0x1f
 1404 09f5 37080000 		.4byte	0x837
 1405 09f9 00       		.byte	0
 1406 09fa 00       		.byte	0
 1407 09fb 00       		.byte	0
 1408 09fc 00       		.byte	0
 1409 09fd 00       		.byte	0
 1410 09fe 26       		.uleb128 0x26
 1411 09ff 22000000 		.4byte	.LVL6
 1412 0a03 570A0000 		.4byte	0xa57
 1413 0a07 27       		.uleb128 0x27
 1414 0a08 01       		.uleb128 0x1
 1415 0a09 50       		.byte	0x50
 1416 0a0a 03       		.uleb128 0x3
 1417 0a0b F3       		.byte	0xf3
 1418 0a0c 01       		.uleb128 0x1
 1419 0a0d 50       		.byte	0x50
 1420 0a0e 00       		.byte	0
 1421 0a0f 00       		.byte	0
 1422 0a10 15       		.uleb128 0x15
 1423 0a11 F6060000 		.4byte	0x6f6
 1424 0a15 200A0000 		.4byte	0xa20
 1425 0a19 16       		.uleb128 0x16
ARM GAS  /var/folders/m4/4md61f0s1_g0rzfghffqnxvr0000gn/T//ccyiuNWh.s 			page 26


 1426 0a1a 80040000 		.4byte	0x480
 1427 0a1e 0F       		.byte	0xf
 1428 0a1f 00       		.byte	0
 1429 0a20 13       		.uleb128 0x13
 1430 0a21 100A0000 		.4byte	0xa10
 1431 0a25 28       		.uleb128 0x28
 1432 0a26 D6000000 		.4byte	.LASF133
 1433 0a2a 10       		.byte	0x10
 1434 0a2b FA06     		.2byte	0x6fa
 1435 0a2d 310A0000 		.4byte	0xa31
 1436 0a31 14       		.uleb128 0x14
 1437 0a32 C3000000 		.4byte	0xc3
 1438 0a36 29       		.uleb128 0x29
 1439 0a37 636800   		.ascii	"ch\000"
 1440 0a3a 08       		.byte	0x8
 1441 0a3b 0902     		.2byte	0x209
 1442 0a3d 19040000 		.4byte	0x419
 1443 0a41 2A       		.uleb128 0x2a
 1444 0a42 4A020000 		.4byte	.LASF134
 1445 0a46 01       		.byte	0x1
 1446 0a47 50       		.byte	0x50
 1447 0a48 520A0000 		.4byte	0xa52
 1448 0a4c 05       		.uleb128 0x5
 1449 0a4d 03       		.byte	0x3
 1450 0a4e 00000000 		.4byte	ch_debug
 1451 0a52 13       		.uleb128 0x13
 1452 0a53 0E080000 		.4byte	0x80e
 1453 0a57 2B       		.uleb128 0x2b
 1454 0a58 45040000 		.4byte	.LASF140
 1455 0a5c 11       		.byte	0x11
 1456 0a5d 4B       		.byte	0x4b
 1457 0a5e 0C       		.uleb128 0xc
 1458 0a5f 6D020000 		.4byte	0x26d
 1459 0a63 00       		.byte	0
 1460 0a64 00       		.byte	0
 1461              		.section	.debug_abbrev,"",%progbits
 1462              	.Ldebug_abbrev0:
 1463 0000 01       		.uleb128 0x1
 1464 0001 11       		.uleb128 0x11
 1465 0002 01       		.byte	0x1
 1466 0003 25       		.uleb128 0x25
 1467 0004 0E       		.uleb128 0xe
 1468 0005 13       		.uleb128 0x13
 1469 0006 0B       		.uleb128 0xb
 1470 0007 03       		.uleb128 0x3
 1471 0008 0E       		.uleb128 0xe
 1472 0009 1B       		.uleb128 0x1b
 1473 000a 0E       		.uleb128 0xe
 1474 000b 55       		.uleb128 0x55
 1475 000c 17       		.uleb128 0x17
 1476 000d 11       		.uleb128 0x11
 1477 000e 01       		.uleb128 0x1
 1478 000f 10       		.uleb128 0x10
 1479 0010 17       		.uleb128 0x17
 1480 0011 00       		.byte	0
 1481 0012 00       		.byte	0
 1482 0013 02       		.uleb128 0x2
ARM GAS  /var/folders/m4/4md61f0s1_g0rzfghffqnxvr0000gn/T//ccyiuNWh.s 			page 27


 1483 0014 24       		.uleb128 0x24
 1484 0015 00       		.byte	0
 1485 0016 0B       		.uleb128 0xb
 1486 0017 0B       		.uleb128 0xb
 1487 0018 3E       		.uleb128 0x3e
 1488 0019 0B       		.uleb128 0xb
 1489 001a 03       		.uleb128 0x3
 1490 001b 08       		.uleb128 0x8
 1491 001c 00       		.byte	0
 1492 001d 00       		.byte	0
 1493 001e 03       		.uleb128 0x3
 1494 001f 16       		.uleb128 0x16
 1495 0020 00       		.byte	0
 1496 0021 03       		.uleb128 0x3
 1497 0022 0E       		.uleb128 0xe
 1498 0023 3A       		.uleb128 0x3a
 1499 0024 0B       		.uleb128 0xb
 1500 0025 3B       		.uleb128 0x3b
 1501 0026 0B       		.uleb128 0xb
 1502 0027 49       		.uleb128 0x49
 1503 0028 13       		.uleb128 0x13
 1504 0029 00       		.byte	0
 1505 002a 00       		.byte	0
 1506 002b 04       		.uleb128 0x4
 1507 002c 24       		.uleb128 0x24
 1508 002d 00       		.byte	0
 1509 002e 0B       		.uleb128 0xb
 1510 002f 0B       		.uleb128 0xb
 1511 0030 3E       		.uleb128 0x3e
 1512 0031 0B       		.uleb128 0xb
 1513 0032 03       		.uleb128 0x3
 1514 0033 0E       		.uleb128 0xe
 1515 0034 00       		.byte	0
 1516 0035 00       		.byte	0
 1517 0036 05       		.uleb128 0x5
 1518 0037 13       		.uleb128 0x13
 1519 0038 01       		.byte	0x1
 1520 0039 03       		.uleb128 0x3
 1521 003a 0E       		.uleb128 0xe
 1522 003b 0B       		.uleb128 0xb
 1523 003c 0B       		.uleb128 0xb
 1524 003d 3A       		.uleb128 0x3a
 1525 003e 0B       		.uleb128 0xb
 1526 003f 3B       		.uleb128 0x3b
 1527 0040 0B       		.uleb128 0xb
 1528 0041 01       		.uleb128 0x1
 1529 0042 13       		.uleb128 0x13
 1530 0043 00       		.byte	0
 1531 0044 00       		.byte	0
 1532 0045 06       		.uleb128 0x6
 1533 0046 0D       		.uleb128 0xd
 1534 0047 00       		.byte	0
 1535 0048 03       		.uleb128 0x3
 1536 0049 0E       		.uleb128 0xe
 1537 004a 3A       		.uleb128 0x3a
 1538 004b 0B       		.uleb128 0xb
 1539 004c 3B       		.uleb128 0x3b
ARM GAS  /var/folders/m4/4md61f0s1_g0rzfghffqnxvr0000gn/T//ccyiuNWh.s 			page 28


 1540 004d 0B       		.uleb128 0xb
 1541 004e 49       		.uleb128 0x49
 1542 004f 13       		.uleb128 0x13
 1543 0050 38       		.uleb128 0x38
 1544 0051 0B       		.uleb128 0xb
 1545 0052 00       		.byte	0
 1546 0053 00       		.byte	0
 1547 0054 07       		.uleb128 0x7
 1548 0055 0D       		.uleb128 0xd
 1549 0056 00       		.byte	0
 1550 0057 03       		.uleb128 0x3
 1551 0058 08       		.uleb128 0x8
 1552 0059 3A       		.uleb128 0x3a
 1553 005a 0B       		.uleb128 0xb
 1554 005b 3B       		.uleb128 0x3b
 1555 005c 05       		.uleb128 0x5
 1556 005d 49       		.uleb128 0x49
 1557 005e 13       		.uleb128 0x13
 1558 005f 38       		.uleb128 0x38
 1559 0060 0B       		.uleb128 0xb
 1560 0061 00       		.byte	0
 1561 0062 00       		.byte	0
 1562 0063 08       		.uleb128 0x8
 1563 0064 0D       		.uleb128 0xd
 1564 0065 00       		.byte	0
 1565 0066 03       		.uleb128 0x3
 1566 0067 0E       		.uleb128 0xe
 1567 0068 3A       		.uleb128 0x3a
 1568 0069 0B       		.uleb128 0xb
 1569 006a 3B       		.uleb128 0x3b
 1570 006b 05       		.uleb128 0x5
 1571 006c 49       		.uleb128 0x49
 1572 006d 13       		.uleb128 0x13
 1573 006e 38       		.uleb128 0x38
 1574 006f 0B       		.uleb128 0xb
 1575 0070 00       		.byte	0
 1576 0071 00       		.byte	0
 1577 0072 09       		.uleb128 0x9
 1578 0073 0F       		.uleb128 0xf
 1579 0074 00       		.byte	0
 1580 0075 0B       		.uleb128 0xb
 1581 0076 0B       		.uleb128 0xb
 1582 0077 49       		.uleb128 0x49
 1583 0078 13       		.uleb128 0x13
 1584 0079 00       		.byte	0
 1585 007a 00       		.byte	0
 1586 007b 0A       		.uleb128 0xa
 1587 007c 13       		.uleb128 0x13
 1588 007d 01       		.byte	0x1
 1589 007e 03       		.uleb128 0x3
 1590 007f 0E       		.uleb128 0xe
 1591 0080 0B       		.uleb128 0xb
 1592 0081 0B       		.uleb128 0xb
 1593 0082 3A       		.uleb128 0x3a
 1594 0083 0B       		.uleb128 0xb
 1595 0084 3B       		.uleb128 0x3b
 1596 0085 05       		.uleb128 0x5
ARM GAS  /var/folders/m4/4md61f0s1_g0rzfghffqnxvr0000gn/T//ccyiuNWh.s 			page 29


 1597 0086 01       		.uleb128 0x1
 1598 0087 13       		.uleb128 0x13
 1599 0088 00       		.byte	0
 1600 0089 00       		.byte	0
 1601 008a 0B       		.uleb128 0xb
 1602 008b 15       		.uleb128 0x15
 1603 008c 01       		.byte	0x1
 1604 008d 27       		.uleb128 0x27
 1605 008e 19       		.uleb128 0x19
 1606 008f 01       		.uleb128 0x1
 1607 0090 13       		.uleb128 0x13
 1608 0091 00       		.byte	0
 1609 0092 00       		.byte	0
 1610 0093 0C       		.uleb128 0xc
 1611 0094 05       		.uleb128 0x5
 1612 0095 00       		.byte	0
 1613 0096 49       		.uleb128 0x49
 1614 0097 13       		.uleb128 0x13
 1615 0098 00       		.byte	0
 1616 0099 00       		.byte	0
 1617 009a 0D       		.uleb128 0xd
 1618 009b 0F       		.uleb128 0xf
 1619 009c 00       		.byte	0
 1620 009d 0B       		.uleb128 0xb
 1621 009e 0B       		.uleb128 0xb
 1622 009f 00       		.byte	0
 1623 00a0 00       		.byte	0
 1624 00a1 0E       		.uleb128 0xe
 1625 00a2 13       		.uleb128 0x13
 1626 00a3 01       		.byte	0x1
 1627 00a4 03       		.uleb128 0x3
 1628 00a5 0E       		.uleb128 0xe
 1629 00a6 0B       		.uleb128 0xb
 1630 00a7 05       		.uleb128 0x5
 1631 00a8 3A       		.uleb128 0x3a
 1632 00a9 0B       		.uleb128 0xb
 1633 00aa 3B       		.uleb128 0x3b
 1634 00ab 05       		.uleb128 0x5
 1635 00ac 01       		.uleb128 0x1
 1636 00ad 13       		.uleb128 0x13
 1637 00ae 00       		.byte	0
 1638 00af 00       		.byte	0
 1639 00b0 0F       		.uleb128 0xf
 1640 00b1 0D       		.uleb128 0xd
 1641 00b2 00       		.byte	0
 1642 00b3 03       		.uleb128 0x3
 1643 00b4 08       		.uleb128 0x8
 1644 00b5 3A       		.uleb128 0x3a
 1645 00b6 0B       		.uleb128 0xb
 1646 00b7 3B       		.uleb128 0x3b
 1647 00b8 0B       		.uleb128 0xb
 1648 00b9 49       		.uleb128 0x49
 1649 00ba 13       		.uleb128 0x13
 1650 00bb 38       		.uleb128 0x38
 1651 00bc 0B       		.uleb128 0xb
 1652 00bd 00       		.byte	0
 1653 00be 00       		.byte	0
ARM GAS  /var/folders/m4/4md61f0s1_g0rzfghffqnxvr0000gn/T//ccyiuNWh.s 			page 30


 1654 00bf 10       		.uleb128 0x10
 1655 00c0 13       		.uleb128 0x13
 1656 00c1 01       		.byte	0x1
 1657 00c2 0B       		.uleb128 0xb
 1658 00c3 0B       		.uleb128 0xb
 1659 00c4 3A       		.uleb128 0x3a
 1660 00c5 0B       		.uleb128 0xb
 1661 00c6 3B       		.uleb128 0x3b
 1662 00c7 0B       		.uleb128 0xb
 1663 00c8 01       		.uleb128 0x1
 1664 00c9 13       		.uleb128 0x13
 1665 00ca 00       		.byte	0
 1666 00cb 00       		.byte	0
 1667 00cc 11       		.uleb128 0x11
 1668 00cd 17       		.uleb128 0x17
 1669 00ce 01       		.byte	0x1
 1670 00cf 0B       		.uleb128 0xb
 1671 00d0 0B       		.uleb128 0xb
 1672 00d1 3A       		.uleb128 0x3a
 1673 00d2 0B       		.uleb128 0xb
 1674 00d3 3B       		.uleb128 0x3b
 1675 00d4 0B       		.uleb128 0xb
 1676 00d5 01       		.uleb128 0x1
 1677 00d6 13       		.uleb128 0x13
 1678 00d7 00       		.byte	0
 1679 00d8 00       		.byte	0
 1680 00d9 12       		.uleb128 0x12
 1681 00da 0D       		.uleb128 0xd
 1682 00db 00       		.byte	0
 1683 00dc 03       		.uleb128 0x3
 1684 00dd 0E       		.uleb128 0xe
 1685 00de 3A       		.uleb128 0x3a
 1686 00df 0B       		.uleb128 0xb
 1687 00e0 3B       		.uleb128 0x3b
 1688 00e1 05       		.uleb128 0x5
 1689 00e2 49       		.uleb128 0x49
 1690 00e3 13       		.uleb128 0x13
 1691 00e4 00       		.byte	0
 1692 00e5 00       		.byte	0
 1693 00e6 13       		.uleb128 0x13
 1694 00e7 26       		.uleb128 0x26
 1695 00e8 00       		.byte	0
 1696 00e9 49       		.uleb128 0x49
 1697 00ea 13       		.uleb128 0x13
 1698 00eb 00       		.byte	0
 1699 00ec 00       		.byte	0
 1700 00ed 14       		.uleb128 0x14
 1701 00ee 35       		.uleb128 0x35
 1702 00ef 00       		.byte	0
 1703 00f0 49       		.uleb128 0x49
 1704 00f1 13       		.uleb128 0x13
 1705 00f2 00       		.byte	0
 1706 00f3 00       		.byte	0
 1707 00f4 15       		.uleb128 0x15
 1708 00f5 01       		.uleb128 0x1
 1709 00f6 01       		.byte	0x1
 1710 00f7 49       		.uleb128 0x49
ARM GAS  /var/folders/m4/4md61f0s1_g0rzfghffqnxvr0000gn/T//ccyiuNWh.s 			page 31


 1711 00f8 13       		.uleb128 0x13
 1712 00f9 01       		.uleb128 0x1
 1713 00fa 13       		.uleb128 0x13
 1714 00fb 00       		.byte	0
 1715 00fc 00       		.byte	0
 1716 00fd 16       		.uleb128 0x16
 1717 00fe 21       		.uleb128 0x21
 1718 00ff 00       		.byte	0
 1719 0100 49       		.uleb128 0x49
 1720 0101 13       		.uleb128 0x13
 1721 0102 2F       		.uleb128 0x2f
 1722 0103 0B       		.uleb128 0xb
 1723 0104 00       		.byte	0
 1724 0105 00       		.byte	0
 1725 0106 17       		.uleb128 0x17
 1726 0107 2E       		.uleb128 0x2e
 1727 0108 01       		.byte	0x1
 1728 0109 03       		.uleb128 0x3
 1729 010a 0E       		.uleb128 0xe
 1730 010b 3A       		.uleb128 0x3a
 1731 010c 0B       		.uleb128 0xb
 1732 010d 3B       		.uleb128 0x3b
 1733 010e 05       		.uleb128 0x5
 1734 010f 27       		.uleb128 0x27
 1735 0110 19       		.uleb128 0x19
 1736 0111 20       		.uleb128 0x20
 1737 0112 0B       		.uleb128 0xb
 1738 0113 01       		.uleb128 0x1
 1739 0114 13       		.uleb128 0x13
 1740 0115 00       		.byte	0
 1741 0116 00       		.byte	0
 1742 0117 18       		.uleb128 0x18
 1743 0118 05       		.uleb128 0x5
 1744 0119 00       		.byte	0
 1745 011a 03       		.uleb128 0x3
 1746 011b 0E       		.uleb128 0xe
 1747 011c 3A       		.uleb128 0x3a
 1748 011d 0B       		.uleb128 0xb
 1749 011e 3B       		.uleb128 0x3b
 1750 011f 05       		.uleb128 0x5
 1751 0120 49       		.uleb128 0x49
 1752 0121 13       		.uleb128 0x13
 1753 0122 00       		.byte	0
 1754 0123 00       		.byte	0
 1755 0124 19       		.uleb128 0x19
 1756 0125 2E       		.uleb128 0x2e
 1757 0126 00       		.byte	0
 1758 0127 03       		.uleb128 0x3
 1759 0128 0E       		.uleb128 0xe
 1760 0129 3A       		.uleb128 0x3a
 1761 012a 0B       		.uleb128 0xb
 1762 012b 3B       		.uleb128 0x3b
 1763 012c 05       		.uleb128 0x5
 1764 012d 27       		.uleb128 0x27
 1765 012e 19       		.uleb128 0x19
 1766 012f 20       		.uleb128 0x20
 1767 0130 0B       		.uleb128 0xb
ARM GAS  /var/folders/m4/4md61f0s1_g0rzfghffqnxvr0000gn/T//ccyiuNWh.s 			page 32


 1768 0131 00       		.byte	0
 1769 0132 00       		.byte	0
 1770 0133 1A       		.uleb128 0x1a
 1771 0134 34       		.uleb128 0x34
 1772 0135 00       		.byte	0
 1773 0136 03       		.uleb128 0x3
 1774 0137 0E       		.uleb128 0xe
 1775 0138 49       		.uleb128 0x49
 1776 0139 13       		.uleb128 0x13
 1777 013a 34       		.uleb128 0x34
 1778 013b 19       		.uleb128 0x19
 1779 013c 1C       		.uleb128 0x1c
 1780 013d 0E       		.uleb128 0xe
 1781 013e 00       		.byte	0
 1782 013f 00       		.byte	0
 1783 0140 1B       		.uleb128 0x1b
 1784 0141 2E       		.uleb128 0x2e
 1785 0142 01       		.byte	0x1
 1786 0143 3F       		.uleb128 0x3f
 1787 0144 19       		.uleb128 0x19
 1788 0145 03       		.uleb128 0x3
 1789 0146 0E       		.uleb128 0xe
 1790 0147 3A       		.uleb128 0x3a
 1791 0148 0B       		.uleb128 0xb
 1792 0149 3B       		.uleb128 0x3b
 1793 014a 0B       		.uleb128 0xb
 1794 014b 27       		.uleb128 0x27
 1795 014c 19       		.uleb128 0x19
 1796 014d 49       		.uleb128 0x49
 1797 014e 13       		.uleb128 0x13
 1798 014f 11       		.uleb128 0x11
 1799 0150 01       		.uleb128 0x1
 1800 0151 12       		.uleb128 0x12
 1801 0152 06       		.uleb128 0x6
 1802 0153 40       		.uleb128 0x40
 1803 0154 18       		.uleb128 0x18
 1804 0155 9742     		.uleb128 0x2117
 1805 0157 19       		.uleb128 0x19
 1806 0158 01       		.uleb128 0x1
 1807 0159 13       		.uleb128 0x13
 1808 015a 00       		.byte	0
 1809 015b 00       		.byte	0
 1810 015c 1C       		.uleb128 0x1c
 1811 015d 34       		.uleb128 0x34
 1812 015e 00       		.byte	0
 1813 015f 03       		.uleb128 0x3
 1814 0160 08       		.uleb128 0x8
 1815 0161 3A       		.uleb128 0x3a
 1816 0162 0B       		.uleb128 0xb
 1817 0163 3B       		.uleb128 0x3b
 1818 0164 0B       		.uleb128 0xb
 1819 0165 49       		.uleb128 0x49
 1820 0166 13       		.uleb128 0x13
 1821 0167 02       		.uleb128 0x2
 1822 0168 18       		.uleb128 0x18
 1823 0169 00       		.byte	0
 1824 016a 00       		.byte	0
ARM GAS  /var/folders/m4/4md61f0s1_g0rzfghffqnxvr0000gn/T//ccyiuNWh.s 			page 33


 1825 016b 1D       		.uleb128 0x1d
 1826 016c 1D       		.uleb128 0x1d
 1827 016d 01       		.byte	0x1
 1828 016e 31       		.uleb128 0x31
 1829 016f 13       		.uleb128 0x13
 1830 0170 11       		.uleb128 0x11
 1831 0171 01       		.uleb128 0x1
 1832 0172 12       		.uleb128 0x12
 1833 0173 06       		.uleb128 0x6
 1834 0174 58       		.uleb128 0x58
 1835 0175 0B       		.uleb128 0xb
 1836 0176 59       		.uleb128 0x59
 1837 0177 0B       		.uleb128 0xb
 1838 0178 01       		.uleb128 0x1
 1839 0179 13       		.uleb128 0x13
 1840 017a 00       		.byte	0
 1841 017b 00       		.byte	0
 1842 017c 1E       		.uleb128 0x1e
 1843 017d 1D       		.uleb128 0x1d
 1844 017e 01       		.byte	0x1
 1845 017f 31       		.uleb128 0x31
 1846 0180 13       		.uleb128 0x13
 1847 0181 11       		.uleb128 0x11
 1848 0182 01       		.uleb128 0x1
 1849 0183 12       		.uleb128 0x12
 1850 0184 06       		.uleb128 0x6
 1851 0185 58       		.uleb128 0x58
 1852 0186 0B       		.uleb128 0xb
 1853 0187 59       		.uleb128 0x59
 1854 0188 05       		.uleb128 0x5
 1855 0189 00       		.byte	0
 1856 018a 00       		.byte	0
 1857 018b 1F       		.uleb128 0x1f
 1858 018c 05       		.uleb128 0x5
 1859 018d 00       		.byte	0
 1860 018e 31       		.uleb128 0x31
 1861 018f 13       		.uleb128 0x13
 1862 0190 1C       		.uleb128 0x1c
 1863 0191 0B       		.uleb128 0xb
 1864 0192 00       		.byte	0
 1865 0193 00       		.byte	0
 1866 0194 20       		.uleb128 0x20
 1867 0195 1D       		.uleb128 0x1d
 1868 0196 01       		.byte	0x1
 1869 0197 31       		.uleb128 0x31
 1870 0198 13       		.uleb128 0x13
 1871 0199 11       		.uleb128 0x11
 1872 019a 01       		.uleb128 0x1
 1873 019b 12       		.uleb128 0x12
 1874 019c 06       		.uleb128 0x6
 1875 019d 58       		.uleb128 0x58
 1876 019e 0B       		.uleb128 0xb
 1877 019f 59       		.uleb128 0x59
 1878 01a0 0B       		.uleb128 0xb
 1879 01a1 00       		.byte	0
 1880 01a2 00       		.byte	0
 1881 01a3 21       		.uleb128 0x21
ARM GAS  /var/folders/m4/4md61f0s1_g0rzfghffqnxvr0000gn/T//ccyiuNWh.s 			page 34


 1882 01a4 0B       		.uleb128 0xb
 1883 01a5 01       		.byte	0x1
 1884 01a6 11       		.uleb128 0x11
 1885 01a7 01       		.uleb128 0x1
 1886 01a8 12       		.uleb128 0x12
 1887 01a9 06       		.uleb128 0x6
 1888 01aa 00       		.byte	0
 1889 01ab 00       		.byte	0
 1890 01ac 22       		.uleb128 0x22
 1891 01ad 34       		.uleb128 0x34
 1892 01ae 00       		.byte	0
 1893 01af 31       		.uleb128 0x31
 1894 01b0 13       		.uleb128 0x13
 1895 01b1 00       		.byte	0
 1896 01b2 00       		.byte	0
 1897 01b3 23       		.uleb128 0x23
 1898 01b4 05       		.uleb128 0x5
 1899 01b5 00       		.byte	0
 1900 01b6 03       		.uleb128 0x3
 1901 01b7 08       		.uleb128 0x8
 1902 01b8 3A       		.uleb128 0x3a
 1903 01b9 0B       		.uleb128 0xb
 1904 01ba 3B       		.uleb128 0x3b
 1905 01bb 0B       		.uleb128 0xb
 1906 01bc 49       		.uleb128 0x49
 1907 01bd 13       		.uleb128 0x13
 1908 01be 02       		.uleb128 0x2
 1909 01bf 17       		.uleb128 0x17
 1910 01c0 00       		.byte	0
 1911 01c1 00       		.byte	0
 1912 01c2 24       		.uleb128 0x24
 1913 01c3 34       		.uleb128 0x34
 1914 01c4 00       		.byte	0
 1915 01c5 03       		.uleb128 0x3
 1916 01c6 08       		.uleb128 0x8
 1917 01c7 3A       		.uleb128 0x3a
 1918 01c8 0B       		.uleb128 0xb
 1919 01c9 3B       		.uleb128 0x3b
 1920 01ca 0B       		.uleb128 0xb
 1921 01cb 49       		.uleb128 0x49
 1922 01cc 13       		.uleb128 0x13
 1923 01cd 02       		.uleb128 0x2
 1924 01ce 17       		.uleb128 0x17
 1925 01cf 00       		.byte	0
 1926 01d0 00       		.byte	0
 1927 01d1 25       		.uleb128 0x25
 1928 01d2 34       		.uleb128 0x34
 1929 01d3 00       		.byte	0
 1930 01d4 03       		.uleb128 0x3
 1931 01d5 0E       		.uleb128 0xe
 1932 01d6 49       		.uleb128 0x49
 1933 01d7 13       		.uleb128 0x13
 1934 01d8 34       		.uleb128 0x34
 1935 01d9 19       		.uleb128 0x19
 1936 01da 00       		.byte	0
 1937 01db 00       		.byte	0
 1938 01dc 26       		.uleb128 0x26
ARM GAS  /var/folders/m4/4md61f0s1_g0rzfghffqnxvr0000gn/T//ccyiuNWh.s 			page 35


 1939 01dd 898201   		.uleb128 0x4109
 1940 01e0 01       		.byte	0x1
 1941 01e1 11       		.uleb128 0x11
 1942 01e2 01       		.uleb128 0x1
 1943 01e3 31       		.uleb128 0x31
 1944 01e4 13       		.uleb128 0x13
 1945 01e5 00       		.byte	0
 1946 01e6 00       		.byte	0
 1947 01e7 27       		.uleb128 0x27
 1948 01e8 8A8201   		.uleb128 0x410a
 1949 01eb 00       		.byte	0
 1950 01ec 02       		.uleb128 0x2
 1951 01ed 18       		.uleb128 0x18
 1952 01ee 9142     		.uleb128 0x2111
 1953 01f0 18       		.uleb128 0x18
 1954 01f1 00       		.byte	0
 1955 01f2 00       		.byte	0
 1956 01f3 28       		.uleb128 0x28
 1957 01f4 34       		.uleb128 0x34
 1958 01f5 00       		.byte	0
 1959 01f6 03       		.uleb128 0x3
 1960 01f7 0E       		.uleb128 0xe
 1961 01f8 3A       		.uleb128 0x3a
 1962 01f9 0B       		.uleb128 0xb
 1963 01fa 3B       		.uleb128 0x3b
 1964 01fb 05       		.uleb128 0x5
 1965 01fc 49       		.uleb128 0x49
 1966 01fd 13       		.uleb128 0x13
 1967 01fe 3F       		.uleb128 0x3f
 1968 01ff 19       		.uleb128 0x19
 1969 0200 3C       		.uleb128 0x3c
 1970 0201 19       		.uleb128 0x19
 1971 0202 00       		.byte	0
 1972 0203 00       		.byte	0
 1973 0204 29       		.uleb128 0x29
 1974 0205 34       		.uleb128 0x34
 1975 0206 00       		.byte	0
 1976 0207 03       		.uleb128 0x3
 1977 0208 08       		.uleb128 0x8
 1978 0209 3A       		.uleb128 0x3a
 1979 020a 0B       		.uleb128 0xb
 1980 020b 3B       		.uleb128 0x3b
 1981 020c 05       		.uleb128 0x5
 1982 020d 49       		.uleb128 0x49
 1983 020e 13       		.uleb128 0x13
 1984 020f 3F       		.uleb128 0x3f
 1985 0210 19       		.uleb128 0x19
 1986 0211 3C       		.uleb128 0x3c
 1987 0212 19       		.uleb128 0x19
 1988 0213 00       		.byte	0
 1989 0214 00       		.byte	0
 1990 0215 2A       		.uleb128 0x2a
 1991 0216 34       		.uleb128 0x34
 1992 0217 00       		.byte	0
 1993 0218 03       		.uleb128 0x3
 1994 0219 0E       		.uleb128 0xe
 1995 021a 3A       		.uleb128 0x3a
ARM GAS  /var/folders/m4/4md61f0s1_g0rzfghffqnxvr0000gn/T//ccyiuNWh.s 			page 36


 1996 021b 0B       		.uleb128 0xb
 1997 021c 3B       		.uleb128 0x3b
 1998 021d 0B       		.uleb128 0xb
 1999 021e 49       		.uleb128 0x49
 2000 021f 13       		.uleb128 0x13
 2001 0220 3F       		.uleb128 0x3f
 2002 0221 19       		.uleb128 0x19
 2003 0222 02       		.uleb128 0x2
 2004 0223 18       		.uleb128 0x18
 2005 0224 00       		.byte	0
 2006 0225 00       		.byte	0
 2007 0226 2B       		.uleb128 0x2b
 2008 0227 2E       		.uleb128 0x2e
 2009 0228 01       		.byte	0x1
 2010 0229 3F       		.uleb128 0x3f
 2011 022a 19       		.uleb128 0x19
 2012 022b 03       		.uleb128 0x3
 2013 022c 0E       		.uleb128 0xe
 2014 022d 3A       		.uleb128 0x3a
 2015 022e 0B       		.uleb128 0xb
 2016 022f 3B       		.uleb128 0x3b
 2017 0230 0B       		.uleb128 0xb
 2018 0231 27       		.uleb128 0x27
 2019 0232 19       		.uleb128 0x19
 2020 0233 3C       		.uleb128 0x3c
 2021 0234 19       		.uleb128 0x19
 2022 0235 00       		.byte	0
 2023 0236 00       		.byte	0
 2024 0237 00       		.byte	0
 2025              		.section	.debug_loc,"",%progbits
 2026              	.Ldebug_loc0:
 2027              	.LLST0:
 2028 0000 00000000 		.4byte	.LVL3
 2029 0004 21000000 		.4byte	.LVL6-1
 2030 0008 0100     		.2byte	0x1
 2031 000a 50       		.byte	0x50
 2032 000b 21000000 		.4byte	.LVL6-1
 2033 000f 2C000000 		.4byte	.LFE232
 2034 0013 0400     		.2byte	0x4
 2035 0015 F3       		.byte	0xf3
 2036 0016 01       		.uleb128 0x1
 2037 0017 50       		.byte	0x50
 2038 0018 9F       		.byte	0x9f
 2039 0019 00000000 		.4byte	0
 2040 001d 00000000 		.4byte	0
 2041              	.LLST1:
 2042 0021 0C000000 		.4byte	.LVL4
 2043 0025 26000000 		.4byte	.LVL7
 2044 0029 0100     		.2byte	0x1
 2045 002b 54       		.byte	0x54
 2046 002c 26000000 		.4byte	.LVL7
 2047 0030 2C000000 		.4byte	.LFE232
 2048 0034 0100     		.2byte	0x1
 2049 0036 50       		.byte	0x50
 2050 0037 00000000 		.4byte	0
 2051 003b 00000000 		.4byte	0
 2052              		.section	.debug_aranges,"",%progbits
ARM GAS  /var/folders/m4/4md61f0s1_g0rzfghffqnxvr0000gn/T//ccyiuNWh.s 			page 37


 2053 0000 24000000 		.4byte	0x24
 2054 0004 0200     		.2byte	0x2
 2055 0006 00000000 		.4byte	.Ldebug_info0
 2056 000a 04       		.byte	0x4
 2057 000b 00       		.byte	0
 2058 000c 0000     		.2byte	0
 2059 000e 0000     		.2byte	0
 2060 0010 00000000 		.4byte	.LFB231
 2061 0014 1C000000 		.4byte	.LFE231-.LFB231
 2062 0018 00000000 		.4byte	.LFB232
 2063 001c 2C000000 		.4byte	.LFE232-.LFB232
 2064 0020 00000000 		.4byte	0
 2065 0024 00000000 		.4byte	0
 2066              		.section	.debug_ranges,"",%progbits
 2067              	.Ldebug_ranges0:
 2068 0000 00000000 		.4byte	.LFB231
 2069 0004 1C000000 		.4byte	.LFE231
 2070 0008 00000000 		.4byte	.LFB232
 2071 000c 2C000000 		.4byte	.LFE232
 2072 0010 00000000 		.4byte	0
 2073 0014 00000000 		.4byte	0
 2074              		.section	.debug_line,"",%progbits
 2075              	.Ldebug_line0:
 2076 0000 F2020000 		.section	.debug_str,"MS",%progbits,1
 2076      02009602 
 2076      00000201 
 2076      FB0E0D00 
 2076      01010101 
 2077              	.LASF137:
 2078 0000 2F557365 		.ascii	"/Users/raphael/Documents/pcb-quadrotor/code\000"
 2078      72732F72 
 2078      61706861 
 2078      656C2F44 
 2078      6F63756D 
 2079              	.LASF116:
 2080 002c 63665F6F 		.ascii	"cf_off_older\000"
 2080      66665F6F 
 2080      6C646572 
 2080      00
 2081              	.LASF56:
 2082 0039 72656164 		.ascii	"ready_list_t\000"
 2082      795F6C69 
 2082      73745F74 
 2082      00
 2083              	.LASF2:
 2084 0046 73697A65 		.ascii	"size_t\000"
 2084      5F7400
 2085              	.LASF91:
 2086 004d 7264796D 		.ascii	"rdymsg\000"
 2086      736700
 2087              	.LASF19:
 2088 0054 75696E74 		.ascii	"uint64_t\000"
 2088      36345F74 
 2088      00
 2089              	.LASF3:
 2090 005d 5F5F7569 		.ascii	"__uint8_t\000"
 2090      6E74385F 
ARM GAS  /var/folders/m4/4md61f0s1_g0rzfghffqnxvr0000gn/T//ccyiuNWh.s 			page 38


 2090      7400
 2091              	.LASF88:
 2092 0067 706F7274 		.ascii	"port_intctx\000"
 2092      5F696E74 
 2092      63747800 
 2093              	.LASF75:
 2094 0073 73797374 		.ascii	"system_debug_t\000"
 2094      656D5F64 
 2094      65627567 
 2094      5F7400
 2095              	.LASF126:
 2096 0082 706F7274 		.ascii	"port_lock\000"
 2096      5F6C6F63 
 2096      6B00
 2097              	.LASF14:
 2098 008c 6C6F6E67 		.ascii	"long long unsigned int\000"
 2098      206C6F6E 
 2098      6720756E 
 2098      7369676E 
 2098      65642069 
 2099              	.LASF112:
 2100 00a3 63685F74 		.ascii	"ch_threadsize\000"
 2100      68726561 
 2100      6473697A 
 2100      6500
 2101              	.LASF92:
 2102 00b1 65786974 		.ascii	"exitcode\000"
 2102      636F6465 
 2102      00
 2103              	.LASF82:
 2104 00ba 6D61696E 		.ascii	"mainthread\000"
 2104      74687265 
 2104      616400
 2105              	.LASF131:
 2106 00c5 63685265 		.ascii	"chRegFirstThread\000"
 2106      67466972 
 2106      73745468 
 2106      72656164 
 2106      00
 2107              	.LASF133:
 2108 00d6 49544D5F 		.ascii	"ITM_RxBuffer\000"
 2108      52784275 
 2108      66666572 
 2108      00
 2109              	.LASF55:
 2110 00e3 63685F74 		.ascii	"ch_threads_queue\000"
 2110      68726561 
 2110      64735F71 
 2110      75657565 
 2110      00
 2111              	.LASF33:
 2112 00f4 705F7072 		.ascii	"p_prio\000"
 2112      696F00
 2113              	.LASF119:
 2114 00fb 63665F6F 		.ascii	"cf_off_state\000"
 2114      66665F73 
 2114      74617465 
ARM GAS  /var/folders/m4/4md61f0s1_g0rzfghffqnxvr0000gn/T//ccyiuNWh.s 			page 39


 2114      00
 2115              	.LASF12:
 2116 0108 6C6F6E67 		.ascii	"long long int\000"
 2116      206C6F6E 
 2116      6720696E 
 2116      7400
 2117              	.LASF1:
 2118 0116 7369676E 		.ascii	"signed char\000"
 2118      65642063 
 2118      68617200 
 2119              	.LASF136:
 2120 0122 43686962 		.ascii	"ChibiOS_16.1.4/os/rt/src/chregistry.c\000"
 2120      694F535F 
 2120      31362E31 
 2120      2E342F6F 
 2120      732F7274 
 2121              	.LASF118:
 2122 0148 63665F6F 		.ascii	"cf_off_stklimit\000"
 2122      66665F73 
 2122      746B6C69 
 2122      6D697400 
 2123              	.LASF120:
 2124 0158 63665F6F 		.ascii	"cf_off_flags\000"
 2124      66665F66 
 2124      6C616773 
 2124      00
 2125              	.LASF49:
 2126 0165 705F6D70 		.ascii	"p_mpool\000"
 2126      6F6F6C00 
 2127              	.LASF102:
 2128 016d 6D5F7175 		.ascii	"m_queue\000"
 2128      65756500 
 2129              	.LASF81:
 2130 0175 76746C69 		.ascii	"vtlist\000"
 2130      737400
 2131              	.LASF127:
 2132 017c 706F7274 		.ascii	"port_unlock\000"
 2132      5F756E6C 
 2132      6F636B00 
 2133              	.LASF24:
 2134 0188 74736C69 		.ascii	"tslices_t\000"
 2134      6365735F 
 2134      7400
 2135              	.LASF94:
 2136 0192 77747472 		.ascii	"wttrp\000"
 2136      7000
 2137              	.LASF79:
 2138 0198 63685F73 		.ascii	"ch_system\000"
 2138      79737465 
 2138      6D00
 2139              	.LASF9:
 2140 01a2 6C6F6E67 		.ascii	"long int\000"
 2140      20696E74 
 2140      00
 2141              	.LASF22:
 2142 01ab 74737461 		.ascii	"tstate_t\000"
 2142      74655F74 
ARM GAS  /var/folders/m4/4md61f0s1_g0rzfghffqnxvr0000gn/T//ccyiuNWh.s 			page 40


 2142      00
 2143              	.LASF124:
 2144 01b4 63686465 		.ascii	"chdebug_t\000"
 2144      6275675F 
 2144      7400
 2145              	.LASF35:
 2146 01be 705F6E65 		.ascii	"p_newer\000"
 2146      77657200 
 2147              	.LASF99:
 2148 01c6 735F7175 		.ascii	"s_queue\000"
 2148      65756500 
 2149              	.LASF61:
 2150 01ce 725F6E65 		.ascii	"r_newer\000"
 2150      77657200 
 2151              	.LASF85:
 2152 01d6 72656761 		.ascii	"regarm_t\000"
 2152      726D5F74 
 2152      00
 2153              	.LASF68:
 2154 01df 76745F70 		.ascii	"vt_prev\000"
 2154      72657600 
 2155              	.LASF125:
 2156 01e7 6D757465 		.ascii	"mutex_t\000"
 2156      785F7400 
 2157              	.LASF138:
 2158 01ef 76616C75 		.ascii	"value\000"
 2158      6500
 2159              	.LASF83:
 2160 01f5 69646C65 		.ascii	"idle_thread_wa\000"
 2160      5F746872 
 2160      6561645F 
 2160      776100
 2161              	.LASF28:
 2162 0204 636E745F 		.ascii	"cnt_t\000"
 2162      7400
 2163              	.LASF0:
 2164 020a 756E7369 		.ascii	"unsigned int\000"
 2164      676E6564 
 2164      20696E74 
 2164      00
 2165              	.LASF67:
 2166 0217 76745F6E 		.ascii	"vt_next\000"
 2166      65787400 
 2167              	.LASF16:
 2168 021f 75696E74 		.ascii	"uint16_t\000"
 2168      31365F74 
 2168      00
 2169              	.LASF42:
 2170 0228 705F7469 		.ascii	"p_time\000"
 2170      6D6500
 2171              	.LASF95:
 2172 022f 77747365 		.ascii	"wtsemp\000"
 2172      6D7000
 2173              	.LASF69:
 2174 0236 76745F64 		.ascii	"vt_delta\000"
 2174      656C7461 
 2174      00
ARM GAS  /var/folders/m4/4md61f0s1_g0rzfghffqnxvr0000gn/T//ccyiuNWh.s 			page 41


 2175              	.LASF44:
 2176 023f 705F6D73 		.ascii	"p_msgqueue\000"
 2176      67717565 
 2176      756500
 2177              	.LASF134:
 2178 024a 63685F64 		.ascii	"ch_debug\000"
 2178      65627567 
 2178      00
 2179              	.LASF100:
 2180 0253 735F636E 		.ascii	"s_cnt\000"
 2180      7400
 2181              	.LASF7:
 2182 0259 73686F72 		.ascii	"short unsigned int\000"
 2182      7420756E 
 2182      7369676E 
 2182      65642069 
 2182      6E7400
 2183              	.LASF52:
 2184 026c 63685F74 		.ascii	"ch_thread\000"
 2184      68726561 
 2184      6400
 2185              	.LASF26:
 2186 0276 6D73675F 		.ascii	"msg_t\000"
 2186      7400
 2187              	.LASF78:
 2188 027c 63685F73 		.ascii	"ch_system_t\000"
 2188      79737465 
 2188      6D5F7400 
 2189              	.LASF123:
 2190 0288 63665F6F 		.ascii	"cf_off_time\000"
 2190      66665F74 
 2190      696D6500 
 2191              	.LASF57:
 2192 0294 63685F72 		.ascii	"ch_ready_list\000"
 2192      65616479 
 2192      5F6C6973 
 2192      7400
 2193              	.LASF27:
 2194 02a2 6576656E 		.ascii	"eventmask_t\000"
 2194      746D6173 
 2194      6B5F7400 
 2195              	.LASF8:
 2196 02ae 5F5F696E 		.ascii	"__int32_t\000"
 2196      7433325F 
 2196      7400
 2197              	.LASF72:
 2198 02b8 76697274 		.ascii	"virtual_timers_list_t\000"
 2198      75616C5F 
 2198      74696D65 
 2198      72735F6C 
 2198      6973745F 
 2199              	.LASF86:
 2200 02ce 73746B61 		.ascii	"stkalign_t\000"
 2200      6C69676E 
 2200      5F7400
 2201              	.LASF51:
 2202 02d9 74687265 		.ascii	"threads_list_t\000"
ARM GAS  /var/folders/m4/4md61f0s1_g0rzfghffqnxvr0000gn/T//ccyiuNWh.s 			page 42


 2202      6164735F 
 2202      6C697374 
 2202      5F7400
 2203              	.LASF107:
 2204 02e8 63685F7A 		.ascii	"ch_zero\000"
 2204      65726F00 
 2205              	.LASF121:
 2206 02f0 63665F6F 		.ascii	"cf_off_refs\000"
 2206      66665F72 
 2206      65667300 
 2207              	.LASF43:
 2208 02fc 705F7761 		.ascii	"p_waiting\000"
 2208      6974696E 
 2208      6700
 2209              	.LASF84:
 2210 0306 73697A65 		.ascii	"sizetype\000"
 2210      74797065 
 2210      00
 2211              	.LASF73:
 2212 030f 63685F76 		.ascii	"ch_virtual_timers_list\000"
 2212      69727475 
 2212      616C5F74 
 2212      696D6572 
 2212      735F6C69 
 2213              	.LASF111:
 2214 0326 63685F74 		.ascii	"ch_timesize\000"
 2214      696D6573 
 2214      697A6500 
 2215              	.LASF117:
 2216 0332 63665F6F 		.ascii	"cf_off_name\000"
 2216      66665F6E 
 2216      616D6500 
 2217              	.LASF36:
 2218 033e 705F6F6C 		.ascii	"p_older\000"
 2218      64657200 
 2219              	.LASF60:
 2220 0346 725F6374 		.ascii	"r_ctx\000"
 2220      7800
 2221              	.LASF34:
 2222 034c 705F6374 		.ascii	"p_ctx\000"
 2222      7800
 2223              	.LASF90:
 2224 0352 746D5F63 		.ascii	"tm_calibration_t\000"
 2224      616C6962 
 2224      72617469 
 2224      6F6E5F74 
 2224      00
 2225              	.LASF63:
 2226 0363 725F6375 		.ascii	"r_current\000"
 2226      7272656E 
 2226      7400
 2227              	.LASF62:
 2228 036d 725F6F6C 		.ascii	"r_older\000"
 2228      64657200 
 2229              	.LASF13:
 2230 0375 5F5F7569 		.ascii	"__uint64_t\000"
 2230      6E743634 
ARM GAS  /var/folders/m4/4md61f0s1_g0rzfghffqnxvr0000gn/T//ccyiuNWh.s 			page 43


 2230      5F7400
 2231              	.LASF23:
 2232 0380 74726566 		.ascii	"trefs_t\000"
 2232      735F7400 
 2233              	.LASF110:
 2234 0388 63685F70 		.ascii	"ch_ptrsize\000"
 2234      74727369 
 2234      7A6500
 2235              	.LASF65:
 2236 0393 76697274 		.ascii	"virtual_timer_t\000"
 2236      75616C5F 
 2236      74696D65 
 2236      725F7400 
 2237              	.LASF32:
 2238 03a3 705F7072 		.ascii	"p_prev\000"
 2238      657600
 2239              	.LASF25:
 2240 03aa 74707269 		.ascii	"tprio_t\000"
 2240      6F5F7400 
 2241              	.LASF76:
 2242 03b2 63685F73 		.ascii	"ch_system_debug\000"
 2242      79737465 
 2242      6D5F6465 
 2242      62756700 
 2243              	.LASF17:
 2244 03c2 696E7433 		.ascii	"int32_t\000"
 2244      325F7400 
 2245              	.LASF4:
 2246 03ca 756E7369 		.ascii	"unsigned char\000"
 2246      676E6564 
 2246      20636861 
 2246      7200
 2247              	.LASF47:
 2248 03d8 705F6D74 		.ascii	"p_mtxlist\000"
 2248      786C6973 
 2248      7400
 2249              	.LASF5:
 2250 03e2 73686F72 		.ascii	"short int\000"
 2250      7420696E 
 2250      7400
 2251              	.LASF38:
 2252 03ec 705F7374 		.ascii	"p_state\000"
 2252      61746500 
 2253              	.LASF41:
 2254 03f4 705F7072 		.ascii	"p_preempt\000"
 2254      65656D70 
 2254      7400
 2255              	.LASF59:
 2256 03fe 725F7072 		.ascii	"r_prio\000"
 2256      696F00
 2257              	.LASF97:
 2258 0405 65776D61 		.ascii	"ewmask\000"
 2258      736B00
 2259              	.LASF31:
 2260 040c 705F6E65 		.ascii	"p_next\000"
 2260      787400
 2261              	.LASF21:
ARM GAS  /var/folders/m4/4md61f0s1_g0rzfghffqnxvr0000gn/T//ccyiuNWh.s 			page 44


 2262 0413 746D6F64 		.ascii	"tmode_t\000"
 2262      655F7400 
 2263              	.LASF122:
 2264 041b 63665F6F 		.ascii	"cf_off_preempt\000"
 2264      66665F70 
 2264      7265656D 
 2264      707400
 2265              	.LASF39:
 2266 042a 705F666C 		.ascii	"p_flags\000"
 2266      61677300 
 2267              	.LASF139:
 2268 0432 5F5F6675 		.ascii	"__func__\000"
 2268      6E635F5F 
 2268      00
 2269              	.LASF128:
 2270 043b 63685379 		.ascii	"chSysLock\000"
 2270      734C6F63 
 2270      6B00
 2271              	.LASF140:
 2272 0445 63685468 		.ascii	"chThdRelease\000"
 2272      6452656C 
 2272      65617365 
 2272      00
 2273              	.LASF54:
 2274 0452 74687265 		.ascii	"threads_queue_t\000"
 2274      6164735F 
 2274      71756575 
 2274      655F7400 
 2275              	.LASF66:
 2276 0462 63685F76 		.ascii	"ch_virtual_timer\000"
 2276      69727475 
 2276      616C5F74 
 2276      696D6572 
 2276      00
 2277              	.LASF115:
 2278 0473 63665F6F 		.ascii	"cf_off_newer\000"
 2278      66665F6E 
 2278      65776572 
 2278      00
 2279              	.LASF98:
 2280 0480 63685F73 		.ascii	"ch_semaphore\000"
 2280      656D6170 
 2280      686F7265 
 2280      00
 2281              	.LASF46:
 2282 048d 705F6570 		.ascii	"p_epending\000"
 2282      656E6469 
 2282      6E6700
 2283              	.LASF18:
 2284 0498 75696E74 		.ascii	"uint32_t\000"
 2284      33325F74 
 2284      00
 2285              	.LASF113:
 2286 04a1 63665F6F 		.ascii	"cf_off_prio\000"
 2286      66665F70 
 2286      72696F00 
 2287              	.LASF58:
ARM GAS  /var/folders/m4/4md61f0s1_g0rzfghffqnxvr0000gn/T//ccyiuNWh.s 			page 45


 2288 04ad 725F7175 		.ascii	"r_queue\000"
 2288      65756500 
 2289              	.LASF53:
 2290 04b5 63685F74 		.ascii	"ch_threads_list\000"
 2290      68726561 
 2290      64735F6C 
 2290      69737400 
 2291              	.LASF108:
 2292 04c5 63685F73 		.ascii	"ch_size\000"
 2292      697A6500 
 2293              	.LASF11:
 2294 04cd 6C6F6E67 		.ascii	"long unsigned int\000"
 2294      20756E73 
 2294      69676E65 
 2294      6420696E 
 2294      7400
 2295              	.LASF105:
 2296 04df 63686172 		.ascii	"char\000"
 2296      00
 2297              	.LASF132:
 2298 04e4 63685265 		.ascii	"chRegNextThread\000"
 2298      674E6578 
 2298      74546872 
 2298      65616400 
 2299              	.LASF96:
 2300 04f4 77746D74 		.ascii	"wtmtxp\000"
 2300      787000
 2301              	.LASF6:
 2302 04fb 5F5F7569 		.ascii	"__uint16_t\000"
 2302      6E743136 
 2302      5F7400
 2303              	.LASF30:
 2304 0506 74687265 		.ascii	"thread_t\000"
 2304      61645F74 
 2304      00
 2305              	.LASF104:
 2306 050f 6D5F6E65 		.ascii	"m_next\000"
 2306      787400
 2307              	.LASF29:
 2308 0516 73797374 		.ascii	"systime_t\000"
 2308      696D655F 
 2308      7400
 2309              	.LASF48:
 2310 0520 705F7265 		.ascii	"p_realprio\000"
 2310      616C7072 
 2310      696F00
 2311              	.LASF64:
 2312 052b 76746675 		.ascii	"vtfunc_t\000"
 2312      6E635F74 
 2312      00
 2313              	.LASF10:
 2314 0534 5F5F7569 		.ascii	"__uint32_t\000"
 2314      6E743332 
 2314      5F7400
 2315              	.LASF129:
 2316 053f 5F5F7365 		.ascii	"__set_BASEPRI\000"
 2316      745F4241 
ARM GAS  /var/folders/m4/4md61f0s1_g0rzfghffqnxvr0000gn/T//ccyiuNWh.s 			page 46


 2316      53455052 
 2316      4900
 2317              	.LASF135:
 2318 054d 474E5520 		.ascii	"GNU C 4.9.3 20150529 (release) [ARM/embedded-4_9-br"
 2318      4320342E 
 2318      392E3320 
 2318      32303135 
 2318      30353239 
 2319 0580 616E6368 		.ascii	"anch revision 224288] -mcpu=cortex-m4 -mfloat-abi=h"
 2319      20726576 
 2319      6973696F 
 2319      6E203232 
 2319      34323838 
 2320 05b3 61726420 		.ascii	"ard -mfpu=fpv4-sp-d16 -mno-thumb-interwork -mthumb "
 2320      2D6D6670 
 2320      753D6670 
 2320      76342D73 
 2320      702D6431 
 2321 05e6 2D676764 		.ascii	"-ggdb -O2 -std=gnu99 -fomit-frame-pointer -falign-f"
 2321      62202D4F 
 2321      32202D73 
 2321      74643D67 
 2321      6E753939 
 2322 0619 756E6374 		.ascii	"unctions=16 -ffunction-sections -fdata-sections -fn"
 2322      696F6E73 
 2322      3D313620 
 2322      2D666675 
 2322      6E637469 
 2323 064c 6F2D636F 		.ascii	"o-common -fsingle-precision-constant\000"
 2323      6D6D6F6E 
 2323      202D6673 
 2323      696E676C 
 2323      652D7072 
 2324              	.LASF77:
 2325 0671 70616E69 		.ascii	"panic_msg\000"
 2325      635F6D73 
 2325      6700
 2326              	.LASF89:
 2327 067b 6F666673 		.ascii	"offset\000"
 2327      657400
 2328              	.LASF87:
 2329 0682 636F6E74 		.ascii	"context\000"
 2329      65787400 
 2330              	.LASF45:
 2331 068a 705F6D73 		.ascii	"p_msg\000"
 2331      6700
 2332              	.LASF20:
 2333 0690 7274636E 		.ascii	"rtcnt_t\000"
 2333      745F7400 
 2334              	.LASF71:
 2335 0698 76745F70 		.ascii	"vt_par\000"
 2335      617200
 2336              	.LASF114:
 2337 069f 63665F6F 		.ascii	"cf_off_ctx\000"
 2337      66665F63 
 2337      747800
 2338              	.LASF101:
ARM GAS  /var/folders/m4/4md61f0s1_g0rzfghffqnxvr0000gn/T//ccyiuNWh.s 			page 47


 2339 06aa 63685F6D 		.ascii	"ch_mutex\000"
 2339      75746578 
 2339      00
 2340              	.LASF40:
 2341 06b3 705F7265 		.ascii	"p_refs\000"
 2341      667300
 2342              	.LASF80:
 2343 06ba 726C6973 		.ascii	"rlist\000"
 2343      7400
 2344              	.LASF15:
 2345 06c0 75696E74 		.ascii	"uint8_t\000"
 2345      385F7400 
 2346              	.LASF50:
 2347 06c8 74687265 		.ascii	"thread_reference_t\000"
 2347      61645F72 
 2347      65666572 
 2347      656E6365 
 2347      5F7400
 2348              	.LASF93:
 2349 06db 77746F62 		.ascii	"wtobjp\000"
 2349      6A7000
 2350              	.LASF37:
 2351 06e2 705F6E61 		.ascii	"p_name\000"
 2351      6D6500
 2352              	.LASF74:
 2353 06e9 76745F73 		.ascii	"vt_systime\000"
 2353      79737469 
 2353      6D6500
 2354              	.LASF130:
 2355 06f4 63685379 		.ascii	"chSysUnlock\000"
 2355      73556E6C 
 2355      6F636B00 
 2356              	.LASF109:
 2357 0700 63685F76 		.ascii	"ch_version\000"
 2357      65727369 
 2357      6F6E00
 2358              	.LASF103:
 2359 070b 6D5F6F77 		.ascii	"m_owner\000"
 2359      6E657200 
 2360              	.LASF106:
 2361 0713 63685F69 		.ascii	"ch_identifier\000"
 2361      64656E74 
 2361      69666965 
 2361      7200
 2362              	.LASF70:
 2363 0721 76745F66 		.ascii	"vt_func\000"
 2363      756E6300 
 2364              		.ident	"GCC: (GNU Tools for ARM Embedded Processors) 4.9.3 20150529 (release) [ARM/embedded-4_9-br
ARM GAS  /var/folders/m4/4md61f0s1_g0rzfghffqnxvr0000gn/T//ccyiuNWh.s 			page 48


DEFINED SYMBOLS
                            *ABS*:0000000000000000 chregistry.c
/var/folders/m4/4md61f0s1_g0rzfghffqnxvr0000gn/T//ccyiuNWh.s:21     .text.chRegFirstThread:0000000000000000 $t
/var/folders/m4/4md61f0s1_g0rzfghffqnxvr0000gn/T//ccyiuNWh.s:27     .text.chRegFirstThread:0000000000000000 chRegFirstThread
/var/folders/m4/4md61f0s1_g0rzfghffqnxvr0000gn/T//ccyiuNWh.s:81     .text.chRegFirstThread:0000000000000018 $d
/var/folders/m4/4md61f0s1_g0rzfghffqnxvr0000gn/T//ccyiuNWh.s:86     .text.chRegNextThread:0000000000000000 $t
/var/folders/m4/4md61f0s1_g0rzfghffqnxvr0000gn/T//ccyiuNWh.s:92     .text.chRegNextThread:0000000000000000 chRegNextThread
/var/folders/m4/4md61f0s1_g0rzfghffqnxvr0000gn/T//ccyiuNWh.s:158    .text.chRegNextThread:0000000000000028 $d
/var/folders/m4/4md61f0s1_g0rzfghffqnxvr0000gn/T//ccyiuNWh.s:167    .rodata.ch_debug:0000000000000000 ch_debug
/var/folders/m4/4md61f0s1_g0rzfghffqnxvr0000gn/T//ccyiuNWh.s:164    .rodata.ch_debug:0000000000000000 $d
                     .debug_frame:0000000000000010 $d

UNDEFINED SYMBOLS
ch
chThdRelease
