ARM GAS  /var/folders/m4/4md61f0s1_g0rzfghffqnxvr0000gn/T//cc0RGt34.s 			page 1


   1              		.syntax unified
   2              		.cpu cortex-m4
   3              		.eabi_attribute 27, 1
   4              		.eabi_attribute 28, 1
   5              		.fpu fpv4-sp-d16
   6              		.eabi_attribute 20, 1
   7              		.eabi_attribute 21, 1
   8              		.eabi_attribute 23, 3
   9              		.eabi_attribute 24, 1
  10              		.eabi_attribute 25, 1
  11              		.eabi_attribute 26, 1
  12              		.eabi_attribute 30, 2
  13              		.eabi_attribute 34, 1
  14              		.eabi_attribute 18, 4
  15              		.thumb
  16              		.file	"hal.c"
  17              		.text
  18              	.Ltext0:
  19              		.cfi_sections	.debug_frame
  20              		.section	.text.halInit,"ax",%progbits
  21              		.align	2
  22              		.p2align 4,,15
  23              		.global	halInit
  24              		.thumb
  25              		.thumb_func
  26              		.type	halInit, %function
  27              	halInit:
  28              	.LFB268:
  29              		.file 1 "ChibiOS_16.1.4/os/hal/src/hal.c"
  30              		.loc 1 56 0
  31              		.cfi_startproc
  32              		@ args = 0, pretend = 0, frame = 0
  33              		@ frame_needed = 0, uses_anonymous_args = 0
  34 0000 08B5     		push	{r3, lr}
  35              		.cfi_def_cfa_offset 8
  36              		.cfi_offset 3, -8
  37              		.cfi_offset 14, -4
  38              		.loc 1 62 0
  39 0002 FFF7FEFF 		bl	hal_lld_init
  40              	.LVL0:
  41              		.loc 1 65 0
  42 0006 0A48     		ldr	r0, .L3
  43 0008 FFF7FEFF 		bl	_pal_lld_init
  44              	.LVL1:
  45              		.loc 1 68 0
  46 000c FFF7FEFF 		bl	adcInit
  47              	.LVL2:
  48              		.loc 1 83 0
  49 0010 FFF7FEFF 		bl	i2cInit
  50              	.LVL3:
  51              		.loc 1 95 0
  52 0014 FFF7FEFF 		bl	pwmInit
  53              	.LVL4:
  54              		.loc 1 104 0
  55 0018 FFF7FEFF 		bl	spiInit
  56              	.LVL5:
  57              		.loc 1 110 0
ARM GAS  /var/folders/m4/4md61f0s1_g0rzfghffqnxvr0000gn/T//cc0RGt34.s 			page 2


  58 001c FFF7FEFF 		bl	usbInit
  59              	.LVL6:
  60              		.loc 1 116 0
  61 0020 FFF7FEFF 		bl	sduInit
  62              	.LVL7:
  63              		.loc 1 133 0
  64 0024 FFF7FEFF 		bl	boardInit
  65              	.LVL8:
  66              		.loc 1 142 0
  67 0028 BDE80840 		pop	{r3, lr}
  68              		.cfi_restore 14
  69              		.cfi_restore 3
  70              		.cfi_def_cfa_offset 0
  71              		.loc 1 140 0
  72 002c FFF7FEBF 		b	stInit
  73              	.LVL9:
  74              	.L4:
  75              		.align	2
  76              	.L3:
  77 0030 00000000 		.word	pal_default_config
  78              		.cfi_endproc
  79              	.LFE268:
  80              		.size	halInit, .-halInit
  81              		.text
  82              	.Letext0:
  83              		.file 2 "/usr/local/Cellar/gcc-arm-none-eabi-49/20150609/arm-none-eabi/include/machine/_default_ty
  84              		.file 3 "/usr/local/Cellar/gcc-arm-none-eabi-49/20150609/arm-none-eabi/include/sys/_stdint.h"
  85              		.file 4 "ChibiOS_16.1.4/os/rt/ports/ARMCMx/compilers/GCC/chtypes.h"
  86              		.file 5 "ChibiOS_16.1.4/os/rt/include/chsystypes.h"
  87              		.file 6 "ChibiOS_16.1.4/os/rt/include/chschd.h"
  88              		.file 7 "ChibiOS_16.1.4/os/rt/ports/ARMCMx/chcore.h"
  89              		.file 8 "ChibiOS_16.1.4/os/rt/ports/ARMCMx/chcore_v7m.h"
  90              		.file 9 "ChibiOS_16.1.4/os/rt/include/chtm.h"
  91              		.file 10 "ChibiOS_16.1.4/os/rt/include/chsem.h"
  92              		.file 11 "ChibiOS_16.1.4/os/rt/include/chmtx.h"
  93              		.file 12 "ChibiOS_16.1.4/os/hal/ports/STM32/LLD/GPIOv2/pal_lld.h"
  94              		.file 13 "ChibiOS_16.1.4/os/ext/CMSIS/include/core_cm4.h"
  95              		.file 14 "ChibiOS_16.1.4/os/hal/ports/STM32/STM32F4xx/hal_lld.h"
  96              		.file 15 "ChibiOS_16.1.4/os/hal/include/adc.h"
  97              		.file 16 "ChibiOS_16.1.4/os/hal/include/i2c.h"
  98              		.file 17 "ChibiOS_16.1.4/os/hal/include/pwm.h"
  99              		.file 18 "ChibiOS_16.1.4/os/hal/include/spi.h"
 100              		.file 19 "ChibiOS_16.1.4/os/hal/include/usb.h"
 101              		.file 20 "ChibiOS_16.1.4/os/hal/include/serial_usb.h"
 102              		.file 21 "board/board.h"
 103              		.file 22 "ChibiOS_16.1.4/os/hal/include/st.h"
 104              		.file 23 "ChibiOS_16.1.4/os/hal/osal/rt/osal.h"
 105              		.section	.debug_info,"",%progbits
 106              	.Ldebug_info0:
 107 0000 FC080000 		.4byte	0x8fc
 108 0004 0400     		.2byte	0x4
 109 0006 00000000 		.4byte	.Ldebug_abbrev0
 110 000a 04       		.byte	0x4
 111 000b 01       		.uleb128 0x1
 112 000c A2040000 		.4byte	.LASF132
 113 0010 01       		.byte	0x1
 114 0011 9B020000 		.4byte	.LASF133
ARM GAS  /var/folders/m4/4md61f0s1_g0rzfghffqnxvr0000gn/T//cc0RGt34.s 			page 3


 115 0015 00000000 		.4byte	.LASF134
 116 0019 00000000 		.4byte	.Ldebug_ranges0+0
 117 001d 00000000 		.4byte	0
 118 0021 00000000 		.4byte	.Ldebug_line0
 119 0025 02       		.uleb128 0x2
 120 0026 04       		.byte	0x4
 121 0027 05       		.byte	0x5
 122 0028 696E7400 		.ascii	"int\000"
 123 002c 03       		.uleb128 0x3
 124 002d 04       		.byte	0x4
 125 002e 07       		.byte	0x7
 126 002f BA010000 		.4byte	.LASF0
 127 0033 03       		.uleb128 0x3
 128 0034 01       		.byte	0x1
 129 0035 06       		.byte	0x6
 130 0036 0F010000 		.4byte	.LASF1
 131 003a 04       		.uleb128 0x4
 132 003b 69000000 		.4byte	.LASF5
 133 003f 02       		.byte	0x2
 134 0040 1D       		.byte	0x1d
 135 0041 45000000 		.4byte	0x45
 136 0045 03       		.uleb128 0x3
 137 0046 01       		.byte	0x1
 138 0047 08       		.byte	0x8
 139 0048 8E030000 		.4byte	.LASF2
 140 004c 03       		.uleb128 0x3
 141 004d 02       		.byte	0x2
 142 004e 05       		.byte	0x5
 143 004f B9030000 		.4byte	.LASF3
 144 0053 03       		.uleb128 0x3
 145 0054 02       		.byte	0x2
 146 0055 07       		.byte	0x7
 147 0056 08020000 		.4byte	.LASF4
 148 005a 04       		.uleb128 0x4
 149 005b 60020000 		.4byte	.LASF6
 150 005f 02       		.byte	0x2
 151 0060 3F       		.byte	0x3f
 152 0061 65000000 		.4byte	0x65
 153 0065 03       		.uleb128 0x3
 154 0066 04       		.byte	0x4
 155 0067 05       		.byte	0x5
 156 0068 45010000 		.4byte	.LASF7
 157 006c 04       		.uleb128 0x4
 158 006d 97040000 		.4byte	.LASF8
 159 0071 02       		.byte	0x2
 160 0072 41       		.byte	0x41
 161 0073 77000000 		.4byte	0x77
 162 0077 03       		.uleb128 0x3
 163 0078 04       		.byte	0x4
 164 0079 07       		.byte	0x7
 165 007a 4A040000 		.4byte	.LASF9
 166 007e 03       		.uleb128 0x3
 167 007f 08       		.byte	0x8
 168 0080 05       		.byte	0x5
 169 0081 01010000 		.4byte	.LASF10
 170 0085 04       		.uleb128 0x4
 171 0086 35030000 		.4byte	.LASF11
ARM GAS  /var/folders/m4/4md61f0s1_g0rzfghffqnxvr0000gn/T//cc0RGt34.s 			page 4


 172 008a 02       		.byte	0x2
 173 008b 5B       		.byte	0x5b
 174 008c 90000000 		.4byte	0x90
 175 0090 03       		.uleb128 0x3
 176 0091 08       		.byte	0x8
 177 0092 07       		.byte	0x7
 178 0093 95000000 		.4byte	.LASF12
 179 0097 04       		.uleb128 0x4
 180 0098 39060000 		.4byte	.LASF13
 181 009c 03       		.byte	0x3
 182 009d 14       		.byte	0x14
 183 009e 3A000000 		.4byte	0x3a
 184 00a2 04       		.uleb128 0x4
 185 00a3 86030000 		.4byte	.LASF14
 186 00a7 03       		.byte	0x3
 187 00a8 1F       		.byte	0x1f
 188 00a9 5A000000 		.4byte	0x5a
 189 00ad 04       		.uleb128 0x4
 190 00ae 22040000 		.4byte	.LASF15
 191 00b2 03       		.byte	0x3
 192 00b3 20       		.byte	0x20
 193 00b4 6C000000 		.4byte	0x6c
 194 00b8 04       		.uleb128 0x4
 195 00b9 60000000 		.4byte	.LASF16
 196 00bd 03       		.byte	0x3
 197 00be 26       		.byte	0x26
 198 00bf 85000000 		.4byte	0x85
 199 00c3 04       		.uleb128 0x4
 200 00c4 EC050000 		.4byte	.LASF17
 201 00c8 04       		.byte	0x4
 202 00c9 39       		.byte	0x39
 203 00ca AD000000 		.4byte	0xad
 204 00ce 04       		.uleb128 0x4
 205 00cf 3E020000 		.4byte	.LASF18
 206 00d3 04       		.byte	0x4
 207 00d4 3C       		.byte	0x3c
 208 00d5 97000000 		.4byte	0x97
 209 00d9 04       		.uleb128 0x4
 210 00da 55010000 		.4byte	.LASF19
 211 00de 04       		.byte	0x4
 212 00df 3D       		.byte	0x3d
 213 00e0 97000000 		.4byte	0x97
 214 00e4 04       		.uleb128 0x4
 215 00e5 40030000 		.4byte	.LASF20
 216 00e9 04       		.byte	0x4
 217 00ea 3E       		.byte	0x3e
 218 00eb 97000000 		.4byte	0x97
 219 00ef 04       		.uleb128 0x4
 220 00f0 31010000 		.4byte	.LASF21
 221 00f4 04       		.byte	0x4
 222 00f5 3F       		.byte	0x3f
 223 00f6 97000000 		.4byte	0x97
 224 00fa 04       		.uleb128 0x4
 225 00fb 68030000 		.4byte	.LASF22
 226 00ff 04       		.byte	0x4
 227 0100 40       		.byte	0x40
 228 0101 AD000000 		.4byte	0xad
ARM GAS  /var/folders/m4/4md61f0s1_g0rzfghffqnxvr0000gn/T//cc0RGt34.s 			page 5


 229 0105 04       		.uleb128 0x4
 230 0106 2C020000 		.4byte	.LASF23
 231 010a 04       		.byte	0x4
 232 010b 41       		.byte	0x41
 233 010c A2000000 		.4byte	0xa2
 234 0110 04       		.uleb128 0x4
 235 0111 54020000 		.4byte	.LASF24
 236 0115 04       		.byte	0x4
 237 0116 43       		.byte	0x43
 238 0117 AD000000 		.4byte	0xad
 239 011b 04       		.uleb128 0x4
 240 011c B4010000 		.4byte	.LASF25
 241 0120 04       		.byte	0x4
 242 0121 45       		.byte	0x45
 243 0122 A2000000 		.4byte	0xa2
 244 0126 04       		.uleb128 0x4
 245 0127 79040000 		.4byte	.LASF26
 246 012b 05       		.byte	0x5
 247 012c 33       		.byte	0x33
 248 012d AD000000 		.4byte	0xad
 249 0131 04       		.uleb128 0x4
 250 0132 69040000 		.4byte	.LASF27
 251 0136 05       		.byte	0x5
 252 0137 3F       		.byte	0x3f
 253 0138 3C010000 		.4byte	0x13c
 254 013c 05       		.uleb128 0x5
 255 013d 22020000 		.4byte	.LASF49
 256 0141 48       		.byte	0x48
 257 0142 06       		.byte	0x6
 258 0143 C2       		.byte	0xc2
 259 0144 41020000 		.4byte	0x241
 260 0148 06       		.uleb128 0x6
 261 0149 EA030000 		.4byte	.LASF28
 262 014d 06       		.byte	0x6
 263 014e C3       		.byte	0xc3
 264 014f 4C020000 		.4byte	0x24c
 265 0153 00       		.byte	0
 266 0154 06       		.uleb128 0x6
 267 0155 58030000 		.4byte	.LASF29
 268 0159 06       		.byte	0x6
 269 015a C5       		.byte	0xc5
 270 015b 4C020000 		.4byte	0x24c
 271 015f 04       		.byte	0x4
 272 0160 06       		.uleb128 0x6
 273 0161 FA000000 		.4byte	.LASF30
 274 0165 06       		.byte	0x6
 275 0166 C7       		.byte	0xc7
 276 0167 FA000000 		.4byte	0xfa
 277 016b 08       		.byte	0x8
 278 016c 06       		.uleb128 0x6
 279 016d 94060000 		.4byte	.LASF31
 280 0171 06       		.byte	0x6
 281 0172 C8       		.byte	0xc8
 282 0173 7C040000 		.4byte	0x47c
 283 0177 0C       		.byte	0xc
 284 0178 06       		.uleb128 0x6
 285 0179 66010000 		.4byte	.LASF32
ARM GAS  /var/folders/m4/4md61f0s1_g0rzfghffqnxvr0000gn/T//cc0RGt34.s 			page 6


 286 017d 06       		.byte	0x6
 287 017e CA       		.byte	0xca
 288 017f 4C020000 		.4byte	0x24c
 289 0183 10       		.byte	0x10
 290 0184 06       		.uleb128 0x6
 291 0185 F8020000 		.4byte	.LASF33
 292 0189 06       		.byte	0x6
 293 018a CB       		.byte	0xcb
 294 018b 4C020000 		.4byte	0x24c
 295 018f 14       		.byte	0x14
 296 0190 06       		.uleb128 0x6
 297 0191 48060000 		.4byte	.LASF34
 298 0195 06       		.byte	0x6
 299 0196 D2       		.byte	0xd2
 300 0197 CA060000 		.4byte	0x6ca
 301 019b 18       		.byte	0x18
 302 019c 06       		.uleb128 0x6
 303 019d C3030000 		.4byte	.LASF35
 304 01a1 06       		.byte	0x6
 305 01a2 DD       		.byte	0xdd
 306 01a3 D9000000 		.4byte	0xd9
 307 01a7 1C       		.byte	0x1c
 308 01a8 06       		.uleb128 0x6
 309 01a9 F1030000 		.4byte	.LASF36
 310 01ad 06       		.byte	0x6
 311 01ae E1       		.byte	0xe1
 312 01af CE000000 		.4byte	0xce
 313 01b3 1D       		.byte	0x1d
 314 01b4 06       		.uleb128 0x6
 315 01b5 14060000 		.4byte	.LASF37
 316 01b9 06       		.byte	0x6
 317 01ba E6       		.byte	0xe6
 318 01bb E4000000 		.4byte	0xe4
 319 01bf 1E       		.byte	0x1e
 320 01c0 06       		.uleb128 0x6
 321 01c1 CB030000 		.4byte	.LASF38
 322 01c5 06       		.byte	0x6
 323 01c6 EC       		.byte	0xec
 324 01c7 EF000000 		.4byte	0xef
 325 01cb 1F       		.byte	0x1f
 326 01cc 06       		.uleb128 0x6
 327 01cd CF010000 		.4byte	.LASF39
 328 01d1 06       		.byte	0x6
 329 01d2 F3       		.byte	0xf3
 330 01d3 DC060000 		.4byte	0x6dc
 331 01d7 20       		.byte	0x20
 332 01d8 07       		.uleb128 0x7
 333 01d9 705F7500 		.ascii	"p_u\000"
 334 01dd 06       		.byte	0x6
 335 01de 3101     		.2byte	0x131
 336 01e0 05060000 		.4byte	0x605
 337 01e4 24       		.byte	0x24
 338 01e5 08       		.uleb128 0x8
 339 01e6 BB020000 		.4byte	.LASF40
 340 01ea 06       		.byte	0x6
 341 01eb 3601     		.2byte	0x136
 342 01ed 52020000 		.4byte	0x252
ARM GAS  /var/folders/m4/4md61f0s1_g0rzfghffqnxvr0000gn/T//cc0RGt34.s 			page 7


 343 01f1 28       		.byte	0x28
 344 01f2 08       		.uleb128 0x8
 345 01f3 E6010000 		.4byte	.LASF41
 346 01f7 06       		.byte	0x6
 347 01f8 3C01     		.2byte	0x13c
 348 01fa 76020000 		.4byte	0x276
 349 01fe 2C       		.byte	0x2c
 350 01ff 08       		.uleb128 0x8
 351 0200 69060000 		.4byte	.LASF42
 352 0204 06       		.byte	0x6
 353 0205 4001     		.2byte	0x140
 354 0207 05010000 		.4byte	0x105
 355 020b 34       		.byte	0x34
 356 020c 08       		.uleb128 0x8
 357 020d 17040000 		.4byte	.LASF43
 358 0211 06       		.byte	0x6
 359 0212 4601     		.2byte	0x146
 360 0214 10010000 		.4byte	0x110
 361 0218 38       		.byte	0x38
 362 0219 08       		.uleb128 0x8
 363 021a AF030000 		.4byte	.LASF44
 364 021e 06       		.byte	0x6
 365 021f 4D01     		.2byte	0x14d
 366 0221 C4060000 		.4byte	0x6c4
 367 0225 3C       		.byte	0x3c
 368 0226 08       		.uleb128 0x8
 369 0227 83040000 		.4byte	.LASF45
 370 022b 06       		.byte	0x6
 371 022c 5101     		.2byte	0x151
 372 022e FA000000 		.4byte	0xfa
 373 0232 40       		.byte	0x40
 374 0233 08       		.uleb128 0x8
 375 0234 1B010000 		.4byte	.LASF46
 376 0238 06       		.byte	0x6
 377 0239 5801     		.2byte	0x158
 378 023b 29030000 		.4byte	0x329
 379 023f 44       		.byte	0x44
 380 0240 00       		.byte	0
 381 0241 04       		.uleb128 0x4
 382 0242 CE020000 		.4byte	.LASF47
 383 0246 05       		.byte	0x5
 384 0247 44       		.byte	0x44
 385 0248 4C020000 		.4byte	0x24c
 386 024c 09       		.uleb128 0x9
 387 024d 04       		.byte	0x4
 388 024e 31010000 		.4byte	0x131
 389 0252 04       		.uleb128 0x4
 390 0253 8C020000 		.4byte	.LASF48
 391 0257 05       		.byte	0x5
 392 0258 49       		.byte	0x49
 393 0259 5D020000 		.4byte	0x25d
 394 025d 05       		.uleb128 0x5
 395 025e 3A040000 		.4byte	.LASF50
 396 0262 04       		.byte	0x4
 397 0263 06       		.byte	0x6
 398 0264 B0       		.byte	0xb0
 399 0265 76020000 		.4byte	0x276
ARM GAS  /var/folders/m4/4md61f0s1_g0rzfghffqnxvr0000gn/T//cc0RGt34.s 			page 8


 400 0269 06       		.uleb128 0x6
 401 026a EA030000 		.4byte	.LASF28
 402 026e 06       		.byte	0x6
 403 026f B1       		.byte	0xb1
 404 0270 4C020000 		.4byte	0x24c
 405 0274 00       		.byte	0
 406 0275 00       		.byte	0
 407 0276 04       		.uleb128 0x4
 408 0277 FB050000 		.4byte	.LASF51
 409 027b 05       		.byte	0x5
 410 027c 50       		.byte	0x50
 411 027d 81020000 		.4byte	0x281
 412 0281 05       		.uleb128 0x5
 413 0282 E9000000 		.4byte	.LASF52
 414 0286 08       		.byte	0x8
 415 0287 06       		.byte	0x6
 416 0288 B7       		.byte	0xb7
 417 0289 A6020000 		.4byte	0x2a6
 418 028d 06       		.uleb128 0x6
 419 028e EA030000 		.4byte	.LASF28
 420 0292 06       		.byte	0x6
 421 0293 B8       		.byte	0xb8
 422 0294 4C020000 		.4byte	0x24c
 423 0298 00       		.byte	0
 424 0299 06       		.uleb128 0x6
 425 029a 58030000 		.4byte	.LASF29
 426 029e 06       		.byte	0x6
 427 029f B9       		.byte	0xb9
 428 02a0 4C020000 		.4byte	0x24c
 429 02a4 04       		.byte	0x4
 430 02a5 00       		.byte	0
 431 02a6 04       		.uleb128 0x4
 432 02a7 3F000000 		.4byte	.LASF53
 433 02ab 05       		.byte	0x5
 434 02ac 57       		.byte	0x57
 435 02ad B1020000 		.4byte	0x2b1
 436 02b1 0A       		.uleb128 0xa
 437 02b2 46020000 		.4byte	.LASF54
 438 02b6 1C       		.byte	0x1c
 439 02b7 06       		.byte	0x6
 440 02b8 9001     		.2byte	0x190
 441 02ba 0D030000 		.4byte	0x30d
 442 02be 08       		.uleb128 0x8
 443 02bf 32040000 		.4byte	.LASF55
 444 02c3 06       		.byte	0x6
 445 02c4 9101     		.2byte	0x191
 446 02c6 76020000 		.4byte	0x276
 447 02ca 00       		.byte	0
 448 02cb 08       		.uleb128 0x8
 449 02cc D5030000 		.4byte	.LASF56
 450 02d0 06       		.byte	0x6
 451 02d1 9201     		.2byte	0x192
 452 02d3 FA000000 		.4byte	0xfa
 453 02d7 08       		.byte	0x8
 454 02d8 08       		.uleb128 0x8
 455 02d9 00030000 		.4byte	.LASF57
 456 02dd 06       		.byte	0x6
ARM GAS  /var/folders/m4/4md61f0s1_g0rzfghffqnxvr0000gn/T//cc0RGt34.s 			page 9


 457 02de 9401     		.2byte	0x194
 458 02e0 7C040000 		.4byte	0x47c
 459 02e4 0C       		.byte	0xc
 460 02e5 08       		.uleb128 0x8
 461 02e6 76010000 		.4byte	.LASF58
 462 02ea 06       		.byte	0x6
 463 02eb 9701     		.2byte	0x197
 464 02ed 4C020000 		.4byte	0x24c
 465 02f1 10       		.byte	0x10
 466 02f2 08       		.uleb128 0x8
 467 02f3 2D030000 		.4byte	.LASF59
 468 02f7 06       		.byte	0x6
 469 02f8 9801     		.2byte	0x198
 470 02fa 4C020000 		.4byte	0x24c
 471 02fe 14       		.byte	0x14
 472 02ff 08       		.uleb128 0x8
 473 0300 23030000 		.4byte	.LASF60
 474 0304 06       		.byte	0x6
 475 0305 9B01     		.2byte	0x19b
 476 0307 4C020000 		.4byte	0x24c
 477 030b 18       		.byte	0x18
 478 030c 00       		.byte	0
 479 030d 04       		.uleb128 0x4
 480 030e 8E040000 		.4byte	.LASF61
 481 0312 05       		.byte	0x5
 482 0313 5C       		.byte	0x5c
 483 0314 18030000 		.4byte	0x318
 484 0318 09       		.uleb128 0x9
 485 0319 04       		.byte	0x4
 486 031a 1E030000 		.4byte	0x31e
 487 031e 0B       		.uleb128 0xb
 488 031f 29030000 		.4byte	0x329
 489 0323 0C       		.uleb128 0xc
 490 0324 29030000 		.4byte	0x329
 491 0328 00       		.byte	0
 492 0329 0D       		.uleb128 0xd
 493 032a 04       		.byte	0x4
 494 032b 04       		.uleb128 0x4
 495 032c 48030000 		.4byte	.LASF62
 496 0330 05       		.byte	0x5
 497 0331 61       		.byte	0x61
 498 0332 36030000 		.4byte	0x336
 499 0336 0A       		.uleb128 0xa
 500 0337 F9030000 		.4byte	.LASF63
 501 033b 14       		.byte	0x14
 502 033c 06       		.byte	0x6
 503 033d 6B01     		.2byte	0x16b
 504 033f 85030000 		.4byte	0x385
 505 0343 08       		.uleb128 0x8
 506 0344 C7010000 		.4byte	.LASF64
 507 0348 06       		.byte	0x6
 508 0349 6C01     		.2byte	0x16c
 509 034b E1060000 		.4byte	0x6e1
 510 034f 00       		.byte	0
 511 0350 08       		.uleb128 0x8
 512 0351 87010000 		.4byte	.LASF65
 513 0355 06       		.byte	0x6
ARM GAS  /var/folders/m4/4md61f0s1_g0rzfghffqnxvr0000gn/T//cc0RGt34.s 			page 10


 514 0356 6D01     		.2byte	0x16d
 515 0358 E1060000 		.4byte	0x6e1
 516 035c 04       		.byte	0x4
 517 035d 08       		.uleb128 0x8
 518 035e DD010000 		.4byte	.LASF66
 519 0362 06       		.byte	0x6
 520 0363 6E01     		.2byte	0x16e
 521 0365 26010000 		.4byte	0x126
 522 0369 08       		.byte	0x8
 523 036a 08       		.uleb128 0x8
 524 036b 9A060000 		.4byte	.LASF67
 525 036f 06       		.byte	0x6
 526 0370 6F01     		.2byte	0x16f
 527 0372 0D030000 		.4byte	0x30d
 528 0376 0C       		.byte	0xc
 529 0377 08       		.uleb128 0x8
 530 0378 F4050000 		.4byte	.LASF68
 531 037c 06       		.byte	0x6
 532 037d 7101     		.2byte	0x171
 533 037f 29030000 		.4byte	0x329
 534 0383 10       		.byte	0x10
 535 0384 00       		.byte	0
 536 0385 04       		.uleb128 0x4
 537 0386 C6000000 		.4byte	.LASF69
 538 038a 05       		.byte	0x5
 539 038b 66       		.byte	0x66
 540 038c 90030000 		.4byte	0x390
 541 0390 0A       		.uleb128 0xa
 542 0391 E1020000 		.4byte	.LASF70
 543 0395 10       		.byte	0x10
 544 0396 06       		.byte	0x6
 545 0397 7B01     		.2byte	0x17b
 546 0399 D2030000 		.4byte	0x3d2
 547 039d 08       		.uleb128 0x8
 548 039e C7010000 		.4byte	.LASF64
 549 03a2 06       		.byte	0x6
 550 03a3 7C01     		.2byte	0x17c
 551 03a5 E1060000 		.4byte	0x6e1
 552 03a9 00       		.byte	0
 553 03aa 08       		.uleb128 0x8
 554 03ab 87010000 		.4byte	.LASF65
 555 03af 06       		.byte	0x6
 556 03b0 7E01     		.2byte	0x17e
 557 03b2 E1060000 		.4byte	0x6e1
 558 03b6 04       		.byte	0x4
 559 03b7 08       		.uleb128 0x8
 560 03b8 DD010000 		.4byte	.LASF66
 561 03bc 06       		.byte	0x6
 562 03bd 8001     		.2byte	0x180
 563 03bf 26010000 		.4byte	0x126
 564 03c3 08       		.byte	0x8
 565 03c4 08       		.uleb128 0x8
 566 03c5 56060000 		.4byte	.LASF71
 567 03c9 06       		.byte	0x6
 568 03ca 8201     		.2byte	0x182
 569 03cc DC060000 		.4byte	0x6dc
 570 03d0 0C       		.byte	0xc
ARM GAS  /var/folders/m4/4md61f0s1_g0rzfghffqnxvr0000gn/T//cc0RGt34.s 			page 11


 571 03d1 00       		.byte	0
 572 03d2 04       		.uleb128 0x4
 573 03d3 7F000000 		.4byte	.LASF72
 574 03d7 05       		.byte	0x5
 575 03d8 6B       		.byte	0x6b
 576 03d9 DD030000 		.4byte	0x3dd
 577 03dd 0A       		.uleb128 0xa
 578 03de 70030000 		.4byte	.LASF73
 579 03e2 04       		.byte	0x4
 580 03e3 06       		.byte	0x6
 581 03e4 A201     		.2byte	0x1a2
 582 03e6 F8030000 		.4byte	0x3f8
 583 03ea 08       		.uleb128 0x8
 584 03eb C6050000 		.4byte	.LASF74
 585 03ef 06       		.byte	0x6
 586 03f0 AA01     		.2byte	0x1aa
 587 03f2 E7060000 		.4byte	0x6e7
 588 03f6 00       		.byte	0
 589 03f7 00       		.byte	0
 590 03f8 04       		.uleb128 0x4
 591 03f9 32020000 		.4byte	.LASF75
 592 03fd 05       		.byte	0x5
 593 03fe 70       		.byte	0x70
 594 03ff 03040000 		.4byte	0x403
 595 0403 0E       		.uleb128 0xe
 596 0404 3B010000 		.4byte	.LASF76
 597 0408 5802     		.2byte	0x258
 598 040a 06       		.byte	0x6
 599 040b C201     		.2byte	0x1c2
 600 040d 5F040000 		.4byte	0x45f
 601 0411 08       		.uleb128 0x8
 602 0412 33060000 		.4byte	.LASF77
 603 0416 06       		.byte	0x6
 604 0417 C601     		.2byte	0x1c6
 605 0419 A6020000 		.4byte	0x2a6
 606 041d 00       		.byte	0
 607 041e 08       		.uleb128 0x8
 608 041f 8F010000 		.4byte	.LASF78
 609 0423 06       		.byte	0x6
 610 0424 CA01     		.2byte	0x1ca
 611 0426 85030000 		.4byte	0x385
 612 042a 1C       		.byte	0x1c
 613 042b 07       		.uleb128 0x7
 614 042c 64626700 		.ascii	"dbg\000"
 615 0430 06       		.byte	0x6
 616 0431 CE01     		.2byte	0x1ce
 617 0433 D2030000 		.4byte	0x3d2
 618 0437 2C       		.byte	0x2c
 619 0438 08       		.uleb128 0x8
 620 0439 BB000000 		.4byte	.LASF79
 621 043d 06       		.byte	0x6
 622 043e D201     		.2byte	0x1d2
 623 0440 31010000 		.4byte	0x131
 624 0444 30       		.byte	0x30
 625 0445 07       		.uleb128 0x7
 626 0446 746D00   		.ascii	"tm\000"
 627 0449 06       		.byte	0x6
ARM GAS  /var/folders/m4/4md61f0s1_g0rzfghffqnxvr0000gn/T//cc0RGt34.s 			page 12


 628 044a D701     		.2byte	0x1d7
 629 044c FA050000 		.4byte	0x5fa
 630 0450 78       		.byte	0x78
 631 0451 08       		.uleb128 0x8
 632 0452 A5010000 		.4byte	.LASF80
 633 0456 06       		.byte	0x6
 634 0457 E301     		.2byte	0x1e3
 635 0459 EC060000 		.4byte	0x6ec
 636 045d 80       		.byte	0x80
 637 045e 00       		.byte	0
 638 045f 03       		.uleb128 0x3
 639 0460 04       		.byte	0x4
 640 0461 07       		.byte	0x7
 641 0462 C5020000 		.4byte	.LASF81
 642 0466 04       		.uleb128 0x4
 643 0467 7E010000 		.4byte	.LASF82
 644 046b 07       		.byte	0x7
 645 046c 65       		.byte	0x65
 646 046d 29030000 		.4byte	0x329
 647 0471 04       		.uleb128 0x4
 648 0472 79020000 		.4byte	.LASF83
 649 0476 07       		.byte	0x7
 650 0477 6D       		.byte	0x6d
 651 0478 B8000000 		.4byte	0xb8
 652 047c 05       		.uleb128 0x5
 653 047d D7050000 		.4byte	.LASF84
 654 0481 04       		.byte	0x4
 655 0482 07       		.byte	0x7
 656 0483 89       		.byte	0x89
 657 0484 95040000 		.4byte	0x495
 658 0488 0F       		.uleb128 0xf
 659 0489 72313300 		.ascii	"r13\000"
 660 048d 07       		.byte	0x7
 661 048e 8A       		.byte	0x8a
 662 048f DF050000 		.4byte	0x5df
 663 0493 00       		.byte	0
 664 0494 00       		.byte	0
 665 0495 05       		.uleb128 0x5
 666 0496 73000000 		.4byte	.LASF85
 667 049a 64       		.byte	0x64
 668 049b 08       		.byte	0x8
 669 049c FD       		.byte	0xfd
 670 049d DF050000 		.4byte	0x5df
 671 04a1 0F       		.uleb128 0xf
 672 04a2 73313600 		.ascii	"s16\000"
 673 04a6 08       		.byte	0x8
 674 04a7 FF       		.byte	0xff
 675 04a8 66040000 		.4byte	0x466
 676 04ac 00       		.byte	0
 677 04ad 07       		.uleb128 0x7
 678 04ae 73313700 		.ascii	"s17\000"
 679 04b2 08       		.byte	0x8
 680 04b3 0001     		.2byte	0x100
 681 04b5 66040000 		.4byte	0x466
 682 04b9 04       		.byte	0x4
 683 04ba 07       		.uleb128 0x7
 684 04bb 73313800 		.ascii	"s18\000"
ARM GAS  /var/folders/m4/4md61f0s1_g0rzfghffqnxvr0000gn/T//cc0RGt34.s 			page 13


 685 04bf 08       		.byte	0x8
 686 04c0 0101     		.2byte	0x101
 687 04c2 66040000 		.4byte	0x466
 688 04c6 08       		.byte	0x8
 689 04c7 07       		.uleb128 0x7
 690 04c8 73313900 		.ascii	"s19\000"
 691 04cc 08       		.byte	0x8
 692 04cd 0201     		.2byte	0x102
 693 04cf 66040000 		.4byte	0x466
 694 04d3 0C       		.byte	0xc
 695 04d4 07       		.uleb128 0x7
 696 04d5 73323000 		.ascii	"s20\000"
 697 04d9 08       		.byte	0x8
 698 04da 0301     		.2byte	0x103
 699 04dc 66040000 		.4byte	0x466
 700 04e0 10       		.byte	0x10
 701 04e1 07       		.uleb128 0x7
 702 04e2 73323100 		.ascii	"s21\000"
 703 04e6 08       		.byte	0x8
 704 04e7 0401     		.2byte	0x104
 705 04e9 66040000 		.4byte	0x466
 706 04ed 14       		.byte	0x14
 707 04ee 07       		.uleb128 0x7
 708 04ef 73323200 		.ascii	"s22\000"
 709 04f3 08       		.byte	0x8
 710 04f4 0501     		.2byte	0x105
 711 04f6 66040000 		.4byte	0x466
 712 04fa 18       		.byte	0x18
 713 04fb 07       		.uleb128 0x7
 714 04fc 73323300 		.ascii	"s23\000"
 715 0500 08       		.byte	0x8
 716 0501 0601     		.2byte	0x106
 717 0503 66040000 		.4byte	0x466
 718 0507 1C       		.byte	0x1c
 719 0508 07       		.uleb128 0x7
 720 0509 73323400 		.ascii	"s24\000"
 721 050d 08       		.byte	0x8
 722 050e 0701     		.2byte	0x107
 723 0510 66040000 		.4byte	0x466
 724 0514 20       		.byte	0x20
 725 0515 07       		.uleb128 0x7
 726 0516 73323500 		.ascii	"s25\000"
 727 051a 08       		.byte	0x8
 728 051b 0801     		.2byte	0x108
 729 051d 66040000 		.4byte	0x466
 730 0521 24       		.byte	0x24
 731 0522 07       		.uleb128 0x7
 732 0523 73323600 		.ascii	"s26\000"
 733 0527 08       		.byte	0x8
 734 0528 0901     		.2byte	0x109
 735 052a 66040000 		.4byte	0x466
 736 052e 28       		.byte	0x28
 737 052f 07       		.uleb128 0x7
 738 0530 73323700 		.ascii	"s27\000"
 739 0534 08       		.byte	0x8
 740 0535 0A01     		.2byte	0x10a
 741 0537 66040000 		.4byte	0x466
ARM GAS  /var/folders/m4/4md61f0s1_g0rzfghffqnxvr0000gn/T//cc0RGt34.s 			page 14


 742 053b 2C       		.byte	0x2c
 743 053c 07       		.uleb128 0x7
 744 053d 73323800 		.ascii	"s28\000"
 745 0541 08       		.byte	0x8
 746 0542 0B01     		.2byte	0x10b
 747 0544 66040000 		.4byte	0x466
 748 0548 30       		.byte	0x30
 749 0549 07       		.uleb128 0x7
 750 054a 73323900 		.ascii	"s29\000"
 751 054e 08       		.byte	0x8
 752 054f 0C01     		.2byte	0x10c
 753 0551 66040000 		.4byte	0x466
 754 0555 34       		.byte	0x34
 755 0556 07       		.uleb128 0x7
 756 0557 73333000 		.ascii	"s30\000"
 757 055b 08       		.byte	0x8
 758 055c 0D01     		.2byte	0x10d
 759 055e 66040000 		.4byte	0x466
 760 0562 38       		.byte	0x38
 761 0563 07       		.uleb128 0x7
 762 0564 73333100 		.ascii	"s31\000"
 763 0568 08       		.byte	0x8
 764 0569 0E01     		.2byte	0x10e
 765 056b 66040000 		.4byte	0x466
 766 056f 3C       		.byte	0x3c
 767 0570 07       		.uleb128 0x7
 768 0571 723400   		.ascii	"r4\000"
 769 0574 08       		.byte	0x8
 770 0575 1001     		.2byte	0x110
 771 0577 66040000 		.4byte	0x466
 772 057b 40       		.byte	0x40
 773 057c 07       		.uleb128 0x7
 774 057d 723500   		.ascii	"r5\000"
 775 0580 08       		.byte	0x8
 776 0581 1101     		.2byte	0x111
 777 0583 66040000 		.4byte	0x466
 778 0587 44       		.byte	0x44
 779 0588 07       		.uleb128 0x7
 780 0589 723600   		.ascii	"r6\000"
 781 058c 08       		.byte	0x8
 782 058d 1201     		.2byte	0x112
 783 058f 66040000 		.4byte	0x466
 784 0593 48       		.byte	0x48
 785 0594 07       		.uleb128 0x7
 786 0595 723700   		.ascii	"r7\000"
 787 0598 08       		.byte	0x8
 788 0599 1301     		.2byte	0x113
 789 059b 66040000 		.4byte	0x466
 790 059f 4C       		.byte	0x4c
 791 05a0 07       		.uleb128 0x7
 792 05a1 723800   		.ascii	"r8\000"
 793 05a4 08       		.byte	0x8
 794 05a5 1401     		.2byte	0x114
 795 05a7 66040000 		.4byte	0x466
 796 05ab 50       		.byte	0x50
 797 05ac 07       		.uleb128 0x7
 798 05ad 723900   		.ascii	"r9\000"
ARM GAS  /var/folders/m4/4md61f0s1_g0rzfghffqnxvr0000gn/T//cc0RGt34.s 			page 15


 799 05b0 08       		.byte	0x8
 800 05b1 1501     		.2byte	0x115
 801 05b3 66040000 		.4byte	0x466
 802 05b7 54       		.byte	0x54
 803 05b8 07       		.uleb128 0x7
 804 05b9 72313000 		.ascii	"r10\000"
 805 05bd 08       		.byte	0x8
 806 05be 1601     		.2byte	0x116
 807 05c0 66040000 		.4byte	0x466
 808 05c4 58       		.byte	0x58
 809 05c5 07       		.uleb128 0x7
 810 05c6 72313100 		.ascii	"r11\000"
 811 05ca 08       		.byte	0x8
 812 05cb 1701     		.2byte	0x117
 813 05cd 66040000 		.4byte	0x466
 814 05d1 5C       		.byte	0x5c
 815 05d2 07       		.uleb128 0x7
 816 05d3 6C7200   		.ascii	"lr\000"
 817 05d6 08       		.byte	0x8
 818 05d7 1801     		.2byte	0x118
 819 05d9 66040000 		.4byte	0x466
 820 05dd 60       		.byte	0x60
 821 05de 00       		.byte	0
 822 05df 09       		.uleb128 0x9
 823 05e0 04       		.byte	0x4
 824 05e1 95040000 		.4byte	0x495
 825 05e5 10       		.uleb128 0x10
 826 05e6 04       		.byte	0x4
 827 05e7 09       		.byte	0x9
 828 05e8 38       		.byte	0x38
 829 05e9 FA050000 		.4byte	0x5fa
 830 05ed 06       		.uleb128 0x6
 831 05ee D0050000 		.4byte	.LASF86
 832 05f2 09       		.byte	0x9
 833 05f3 3C       		.byte	0x3c
 834 05f4 C3000000 		.4byte	0xc3
 835 05f8 00       		.byte	0
 836 05f9 00       		.byte	0
 837 05fa 04       		.uleb128 0x4
 838 05fb 06030000 		.4byte	.LASF87
 839 05ff 09       		.byte	0x9
 840 0600 3D       		.byte	0x3d
 841 0601 E5050000 		.4byte	0x5e5
 842 0605 11       		.uleb128 0x11
 843 0606 04       		.byte	0x4
 844 0607 06       		.byte	0x6
 845 0608 FA       		.byte	0xfa
 846 0609 62060000 		.4byte	0x662
 847 060d 12       		.uleb128 0x12
 848 060e 59000000 		.4byte	.LASF88
 849 0612 06       		.byte	0x6
 850 0613 0101     		.2byte	0x101
 851 0615 05010000 		.4byte	0x105
 852 0619 12       		.uleb128 0x12
 853 061a B2000000 		.4byte	.LASF89
 854 061e 06       		.byte	0x6
 855 061f 0801     		.2byte	0x108
ARM GAS  /var/folders/m4/4md61f0s1_g0rzfghffqnxvr0000gn/T//cc0RGt34.s 			page 16


 856 0621 05010000 		.4byte	0x105
 857 0625 12       		.uleb128 0x12
 858 0626 41060000 		.4byte	.LASF90
 859 062a 06       		.byte	0x6
 860 062b 0F01     		.2byte	0x10f
 861 062d 29030000 		.4byte	0x329
 862 0631 12       		.uleb128 0x12
 863 0632 53000000 		.4byte	.LASF91
 864 0636 06       		.byte	0x6
 865 0637 1601     		.2byte	0x116
 866 0639 62060000 		.4byte	0x662
 867 063d 12       		.uleb128 0x12
 868 063e D6010000 		.4byte	.LASF92
 869 0642 06       		.byte	0x6
 870 0643 1E01     		.2byte	0x11e
 871 0645 8D060000 		.4byte	0x68d
 872 0649 12       		.uleb128 0x12
 873 064a 2B040000 		.4byte	.LASF93
 874 064e 06       		.byte	0x6
 875 064f 2701     		.2byte	0x127
 876 0651 C4060000 		.4byte	0x6c4
 877 0655 12       		.uleb128 0x12
 878 0656 E3030000 		.4byte	.LASF94
 879 065a 06       		.byte	0x6
 880 065b 2F01     		.2byte	0x12f
 881 065d 10010000 		.4byte	0x110
 882 0661 00       		.byte	0
 883 0662 09       		.uleb128 0x9
 884 0663 04       		.byte	0x4
 885 0664 41020000 		.4byte	0x241
 886 0668 05       		.uleb128 0x5
 887 0669 0A040000 		.4byte	.LASF95
 888 066d 0C       		.byte	0xc
 889 066e 0A       		.byte	0xa
 890 066f 34       		.byte	0x34
 891 0670 8D060000 		.4byte	0x68d
 892 0674 06       		.uleb128 0x6
 893 0675 6E010000 		.4byte	.LASF96
 894 0679 0A       		.byte	0xa
 895 067a 35       		.byte	0x35
 896 067b 76020000 		.4byte	0x276
 897 067f 00       		.byte	0
 898 0680 06       		.uleb128 0x6
 899 0681 A9030000 		.4byte	.LASF97
 900 0685 0A       		.byte	0xa
 901 0686 37       		.byte	0x37
 902 0687 1B010000 		.4byte	0x11b
 903 068b 08       		.byte	0x8
 904 068c 00       		.byte	0
 905 068d 09       		.uleb128 0x9
 906 068e 04       		.byte	0x4
 907 068f 68060000 		.4byte	0x668
 908 0693 05       		.uleb128 0x5
 909 0694 0B060000 		.4byte	.LASF98
 910 0698 10       		.byte	0x10
 911 0699 0B       		.byte	0xb
 912 069a 39       		.byte	0x39
ARM GAS  /var/folders/m4/4md61f0s1_g0rzfghffqnxvr0000gn/T//cc0RGt34.s 			page 17


 913 069b C4060000 		.4byte	0x6c4
 914 069f 06       		.uleb128 0x6
 915 06a0 23010000 		.4byte	.LASF99
 916 06a4 0B       		.byte	0xb
 917 06a5 3A       		.byte	0x3a
 918 06a6 76020000 		.4byte	0x276
 919 06aa 00       		.byte	0
 920 06ab 06       		.uleb128 0x6
 921 06ac 79060000 		.4byte	.LASF100
 922 06b0 0B       		.byte	0xb
 923 06b1 3C       		.byte	0x3c
 924 06b2 4C020000 		.4byte	0x24c
 925 06b6 08       		.byte	0x8
 926 06b7 06       		.uleb128 0x6
 927 06b8 72040000 		.4byte	.LASF101
 928 06bc 0B       		.byte	0xb
 929 06bd 3E       		.byte	0x3e
 930 06be 07070000 		.4byte	0x707
 931 06c2 0C       		.byte	0xc
 932 06c3 00       		.byte	0
 933 06c4 09       		.uleb128 0x9
 934 06c5 04       		.byte	0x4
 935 06c6 93060000 		.4byte	0x693
 936 06ca 09       		.uleb128 0x9
 937 06cb 04       		.byte	0x4
 938 06cc D0060000 		.4byte	0x6d0
 939 06d0 13       		.uleb128 0x13
 940 06d1 D5060000 		.4byte	0x6d5
 941 06d5 03       		.uleb128 0x3
 942 06d6 01       		.byte	0x1
 943 06d7 08       		.byte	0x8
 944 06d8 5C040000 		.4byte	.LASF102
 945 06dc 14       		.uleb128 0x14
 946 06dd 26010000 		.4byte	0x126
 947 06e1 09       		.uleb128 0x9
 948 06e2 04       		.byte	0x4
 949 06e3 2B030000 		.4byte	0x32b
 950 06e7 14       		.uleb128 0x14
 951 06e8 CA060000 		.4byte	0x6ca
 952 06ec 15       		.uleb128 0x15
 953 06ed 71040000 		.4byte	0x471
 954 06f1 FC060000 		.4byte	0x6fc
 955 06f5 16       		.uleb128 0x16
 956 06f6 5F040000 		.4byte	0x45f
 957 06fa 3A       		.byte	0x3a
 958 06fb 00       		.byte	0
 959 06fc 04       		.uleb128 0x4
 960 06fd 96010000 		.4byte	.LASF103
 961 0701 0B       		.byte	0xb
 962 0702 34       		.byte	0x34
 963 0703 93060000 		.4byte	0x693
 964 0707 09       		.uleb128 0x9
 965 0708 04       		.byte	0x4
 966 0709 FC060000 		.4byte	0x6fc
 967 070d 03       		.uleb128 0x3
 968 070e 01       		.byte	0x1
 969 070f 02       		.byte	0x2
ARM GAS  /var/folders/m4/4md61f0s1_g0rzfghffqnxvr0000gn/T//cc0RGt34.s 			page 18


 970 0710 80030000 		.4byte	.LASF104
 971 0714 10       		.uleb128 0x10
 972 0715 1C       		.byte	0x1c
 973 0716 0C       		.byte	0xc
 974 0717 F5       		.byte	0xf5
 975 0718 73070000 		.4byte	0x773
 976 071c 06       		.uleb128 0x6
 977 071d 2B010000 		.4byte	.LASF105
 978 0721 0C       		.byte	0xc
 979 0722 F7       		.byte	0xf7
 980 0723 AD000000 		.4byte	0xad
 981 0727 00       		.byte	0
 982 0728 06       		.uleb128 0x6
 983 0729 01020000 		.4byte	.LASF106
 984 072d 0C       		.byte	0xc
 985 072e F9       		.byte	0xf9
 986 072f AD000000 		.4byte	0xad
 987 0733 04       		.byte	0x4
 988 0734 06       		.uleb128 0x6
 989 0735 F9010000 		.4byte	.LASF107
 990 0739 0C       		.byte	0xc
 991 073a FB       		.byte	0xfb
 992 073b AD000000 		.4byte	0xad
 993 073f 08       		.byte	0x8
 994 0740 06       		.uleb128 0x6
 995 0741 AC000000 		.4byte	.LASF108
 996 0745 0C       		.byte	0xc
 997 0746 FD       		.byte	0xfd
 998 0747 AD000000 		.4byte	0xad
 999 074b 0C       		.byte	0xc
 1000 074c 0F       		.uleb128 0xf
 1001 074d 6F647200 		.ascii	"odr\000"
 1002 0751 0C       		.byte	0xc
 1003 0752 FF       		.byte	0xff
 1004 0753 AD000000 		.4byte	0xad
 1005 0757 10       		.byte	0x10
 1006 0758 08       		.uleb128 0x8
 1007 0759 A4030000 		.4byte	.LASF109
 1008 075d 0C       		.byte	0xc
 1009 075e 0101     		.2byte	0x101
 1010 0760 AD000000 		.4byte	0xad
 1011 0764 14       		.byte	0x14
 1012 0765 08       		.uleb128 0x8
 1013 0766 17030000 		.4byte	.LASF110
 1014 076a 0C       		.byte	0xc
 1015 076b 0301     		.2byte	0x103
 1016 076d AD000000 		.4byte	0xad
 1017 0771 18       		.byte	0x18
 1018 0772 00       		.byte	0
 1019 0773 17       		.uleb128 0x17
 1020 0774 2C000000 		.4byte	.LASF111
 1021 0778 0C       		.byte	0xc
 1022 0779 0401     		.2byte	0x104
 1023 077b 14070000 		.4byte	0x714
 1024 077f 18       		.uleb128 0x18
 1025 0780 E0       		.byte	0xe0
 1026 0781 0C       		.byte	0xc
ARM GAS  /var/folders/m4/4md61f0s1_g0rzfghffqnxvr0000gn/T//cc0RGt34.s 			page 19


 1027 0782 0D01     		.2byte	0x10d
 1028 0784 F1070000 		.4byte	0x7f1
 1029 0788 08       		.uleb128 0x8
 1030 0789 DC030000 		.4byte	.LASF112
 1031 078d 0C       		.byte	0xc
 1032 078e 1001     		.2byte	0x110
 1033 0790 73070000 		.4byte	0x773
 1034 0794 00       		.byte	0
 1035 0795 08       		.uleb128 0x8
 1036 0796 9E010000 		.4byte	.LASF113
 1037 079a 0C       		.byte	0xc
 1038 079b 1401     		.2byte	0x114
 1039 079d 73070000 		.4byte	0x773
 1040 07a1 1C       		.byte	0x1c
 1041 07a2 08       		.uleb128 0x8
 1042 07a3 4F060000 		.4byte	.LASF114
 1043 07a7 0C       		.byte	0xc
 1044 07a8 1801     		.2byte	0x118
 1045 07aa 73070000 		.4byte	0x773
 1046 07ae 38       		.byte	0x38
 1047 07af 08       		.uleb128 0x8
 1048 07b0 1C030000 		.4byte	.LASF115
 1049 07b4 0C       		.byte	0xc
 1050 07b5 1C01     		.2byte	0x11c
 1051 07b7 73070000 		.4byte	0x773
 1052 07bb 54       		.byte	0x54
 1053 07bc 08       		.uleb128 0x8
 1054 07bd 4E010000 		.4byte	.LASF116
 1055 07c1 0C       		.byte	0xc
 1056 07c2 2001     		.2byte	0x120
 1057 07c4 73070000 		.4byte	0x773
 1058 07c8 70       		.byte	0x70
 1059 07c9 08       		.uleb128 0x8
 1060 07ca 1B020000 		.4byte	.LASF117
 1061 07ce 0C       		.byte	0xc
 1062 07cf 2401     		.2byte	0x124
 1063 07d1 73070000 		.4byte	0x773
 1064 07d5 8C       		.byte	0x8c
 1065 07d6 08       		.uleb128 0x8
 1066 07d7 6A020000 		.4byte	.LASF118
 1067 07db 0C       		.byte	0xc
 1068 07dc 2801     		.2byte	0x128
 1069 07de 73070000 		.4byte	0x773
 1070 07e2 A8       		.byte	0xa8
 1071 07e3 08       		.uleb128 0x8
 1072 07e4 8E000000 		.4byte	.LASF119
 1073 07e8 0C       		.byte	0xc
 1074 07e9 2C01     		.2byte	0x12c
 1075 07eb 73070000 		.4byte	0x773
 1076 07ef C4       		.byte	0xc4
 1077 07f0 00       		.byte	0
 1078 07f1 17       		.uleb128 0x17
 1079 07f2 6F060000 		.4byte	.LASF120
 1080 07f6 0C       		.byte	0xc
 1081 07f7 3A01     		.2byte	0x13a
 1082 07f9 7F070000 		.4byte	0x77f
 1083 07fd 19       		.uleb128 0x19
ARM GAS  /var/folders/m4/4md61f0s1_g0rzfghffqnxvr0000gn/T//cc0RGt34.s 			page 20


 1084 07fe 5F030000 		.4byte	.LASF135
 1085 0802 17       		.byte	0x17
 1086 0803 C101     		.2byte	0x1c1
 1087 0805 03       		.byte	0x3
 1088 0806 1A       		.uleb128 0x1a
 1089 0807 F1010000 		.4byte	.LASF136
 1090 080b 01       		.byte	0x1
 1091 080c 38       		.byte	0x38
 1092 080d 00000000 		.4byte	.LFB268
 1093 0811 34000000 		.4byte	.LFE268-.LFB268
 1094 0815 01       		.uleb128 0x1
 1095 0816 9C       		.byte	0x9c
 1096 0817 76080000 		.4byte	0x876
 1097 081b 1B       		.uleb128 0x1b
 1098 081c 06000000 		.4byte	.LVL0
 1099 0820 A3080000 		.4byte	0x8a3
 1100 0824 1B       		.uleb128 0x1b
 1101 0825 0C000000 		.4byte	.LVL1
 1102 0829 AB080000 		.4byte	0x8ab
 1103 082d 1B       		.uleb128 0x1b
 1104 082e 10000000 		.4byte	.LVL2
 1105 0832 C3080000 		.4byte	0x8c3
 1106 0836 1B       		.uleb128 0x1b
 1107 0837 14000000 		.4byte	.LVL3
 1108 083b CA080000 		.4byte	0x8ca
 1109 083f 1B       		.uleb128 0x1b
 1110 0840 18000000 		.4byte	.LVL4
 1111 0844 D1080000 		.4byte	0x8d1
 1112 0848 1B       		.uleb128 0x1b
 1113 0849 1C000000 		.4byte	.LVL5
 1114 084d D9080000 		.4byte	0x8d9
 1115 0851 1B       		.uleb128 0x1b
 1116 0852 20000000 		.4byte	.LVL6
 1117 0856 E1080000 		.4byte	0x8e1
 1118 085a 1B       		.uleb128 0x1b
 1119 085b 24000000 		.4byte	.LVL7
 1120 085f E9080000 		.4byte	0x8e9
 1121 0863 1B       		.uleb128 0x1b
 1122 0864 28000000 		.4byte	.LVL8
 1123 0868 F0080000 		.4byte	0x8f0
 1124 086c 1C       		.uleb128 0x1c
 1125 086d 30000000 		.4byte	.LVL9
 1126 0871 F8080000 		.4byte	0x8f8
 1127 0875 00       		.byte	0
 1128 0876 1D       		.uleb128 0x1d
 1129 0877 DC000000 		.4byte	.LASF121
 1130 087b 0D       		.byte	0xd
 1131 087c FA06     		.2byte	0x6fa
 1132 087e 82080000 		.4byte	0x882
 1133 0882 14       		.uleb128 0x14
 1134 0883 A2000000 		.4byte	0xa2
 1135 0887 1E       		.uleb128 0x1e
 1136 0888 636800   		.ascii	"ch\000"
 1137 088b 06       		.byte	0x6
 1138 088c 0902     		.2byte	0x209
 1139 088e F8030000 		.4byte	0x3f8
 1140 0892 1D       		.uleb128 0x1d
ARM GAS  /var/folders/m4/4md61f0s1_g0rzfghffqnxvr0000gn/T//cc0RGt34.s 			page 21


 1141 0893 81060000 		.4byte	.LASF122
 1142 0897 0C       		.byte	0xc
 1143 0898 1E02     		.2byte	0x21e
 1144 089a 9E080000 		.4byte	0x89e
 1145 089e 13       		.uleb128 0x13
 1146 089f F1070000 		.4byte	0x7f1
 1147 08a3 1F       		.uleb128 0x1f
 1148 08a4 DF050000 		.4byte	.LASF123
 1149 08a8 0E       		.byte	0xe
 1150 08a9 2006     		.2byte	0x620
 1151 08ab 20       		.uleb128 0x20
 1152 08ac 1B060000 		.4byte	.LASF137
 1153 08b0 0C       		.byte	0xc
 1154 08b1 2302     		.2byte	0x223
 1155 08b3 BD080000 		.4byte	0x8bd
 1156 08b7 0C       		.uleb128 0xc
 1157 08b8 BD080000 		.4byte	0x8bd
 1158 08bc 00       		.byte	0
 1159 08bd 09       		.uleb128 0x9
 1160 08be 04       		.byte	0x4
 1161 08bf 9E080000 		.4byte	0x89e
 1162 08c3 21       		.uleb128 0x21
 1163 08c4 71020000 		.4byte	.LASF124
 1164 08c8 0F       		.byte	0xf
 1165 08c9 F6       		.byte	0xf6
 1166 08ca 21       		.uleb128 0x21
 1167 08cb 61060000 		.4byte	.LASF125
 1168 08cf 10       		.byte	0x10
 1169 08d0 8B       		.byte	0x8b
 1170 08d1 1F       		.uleb128 0x1f
 1171 08d2 5E010000 		.4byte	.LASF126
 1172 08d6 11       		.byte	0x11
 1173 08d7 1F01     		.2byte	0x11f
 1174 08d9 1F       		.uleb128 0x1f
 1175 08da 84020000 		.4byte	.LASF127
 1176 08de 12       		.byte	0x12
 1177 08df 0601     		.2byte	0x106
 1178 08e1 1F       		.uleb128 0x1f
 1179 08e2 61040000 		.4byte	.LASF128
 1180 08e6 13       		.byte	0x13
 1181 08e7 5902     		.2byte	0x259
 1182 08e9 21       		.uleb128 0x21
 1183 08ea 9C030000 		.4byte	.LASF129
 1184 08ee 14       		.byte	0x14
 1185 08ef B0       		.byte	0xb0
 1186 08f0 1F       		.uleb128 0x1f
 1187 08f1 29060000 		.4byte	.LASF130
 1188 08f5 15       		.byte	0x15
 1189 08f6 3405     		.2byte	0x534
 1190 08f8 21       		.uleb128 0x21
 1191 08f9 4C000000 		.4byte	.LASF131
 1192 08fd 16       		.byte	0x16
 1193 08fe 56       		.byte	0x56
 1194 08ff 00       		.byte	0
 1195              		.section	.debug_abbrev,"",%progbits
 1196              	.Ldebug_abbrev0:
 1197 0000 01       		.uleb128 0x1
ARM GAS  /var/folders/m4/4md61f0s1_g0rzfghffqnxvr0000gn/T//cc0RGt34.s 			page 22


 1198 0001 11       		.uleb128 0x11
 1199 0002 01       		.byte	0x1
 1200 0003 25       		.uleb128 0x25
 1201 0004 0E       		.uleb128 0xe
 1202 0005 13       		.uleb128 0x13
 1203 0006 0B       		.uleb128 0xb
 1204 0007 03       		.uleb128 0x3
 1205 0008 0E       		.uleb128 0xe
 1206 0009 1B       		.uleb128 0x1b
 1207 000a 0E       		.uleb128 0xe
 1208 000b 55       		.uleb128 0x55
 1209 000c 17       		.uleb128 0x17
 1210 000d 11       		.uleb128 0x11
 1211 000e 01       		.uleb128 0x1
 1212 000f 10       		.uleb128 0x10
 1213 0010 17       		.uleb128 0x17
 1214 0011 00       		.byte	0
 1215 0012 00       		.byte	0
 1216 0013 02       		.uleb128 0x2
 1217 0014 24       		.uleb128 0x24
 1218 0015 00       		.byte	0
 1219 0016 0B       		.uleb128 0xb
 1220 0017 0B       		.uleb128 0xb
 1221 0018 3E       		.uleb128 0x3e
 1222 0019 0B       		.uleb128 0xb
 1223 001a 03       		.uleb128 0x3
 1224 001b 08       		.uleb128 0x8
 1225 001c 00       		.byte	0
 1226 001d 00       		.byte	0
 1227 001e 03       		.uleb128 0x3
 1228 001f 24       		.uleb128 0x24
 1229 0020 00       		.byte	0
 1230 0021 0B       		.uleb128 0xb
 1231 0022 0B       		.uleb128 0xb
 1232 0023 3E       		.uleb128 0x3e
 1233 0024 0B       		.uleb128 0xb
 1234 0025 03       		.uleb128 0x3
 1235 0026 0E       		.uleb128 0xe
 1236 0027 00       		.byte	0
 1237 0028 00       		.byte	0
 1238 0029 04       		.uleb128 0x4
 1239 002a 16       		.uleb128 0x16
 1240 002b 00       		.byte	0
 1241 002c 03       		.uleb128 0x3
 1242 002d 0E       		.uleb128 0xe
 1243 002e 3A       		.uleb128 0x3a
 1244 002f 0B       		.uleb128 0xb
 1245 0030 3B       		.uleb128 0x3b
 1246 0031 0B       		.uleb128 0xb
 1247 0032 49       		.uleb128 0x49
 1248 0033 13       		.uleb128 0x13
 1249 0034 00       		.byte	0
 1250 0035 00       		.byte	0
 1251 0036 05       		.uleb128 0x5
 1252 0037 13       		.uleb128 0x13
 1253 0038 01       		.byte	0x1
 1254 0039 03       		.uleb128 0x3
ARM GAS  /var/folders/m4/4md61f0s1_g0rzfghffqnxvr0000gn/T//cc0RGt34.s 			page 23


 1255 003a 0E       		.uleb128 0xe
 1256 003b 0B       		.uleb128 0xb
 1257 003c 0B       		.uleb128 0xb
 1258 003d 3A       		.uleb128 0x3a
 1259 003e 0B       		.uleb128 0xb
 1260 003f 3B       		.uleb128 0x3b
 1261 0040 0B       		.uleb128 0xb
 1262 0041 01       		.uleb128 0x1
 1263 0042 13       		.uleb128 0x13
 1264 0043 00       		.byte	0
 1265 0044 00       		.byte	0
 1266 0045 06       		.uleb128 0x6
 1267 0046 0D       		.uleb128 0xd
 1268 0047 00       		.byte	0
 1269 0048 03       		.uleb128 0x3
 1270 0049 0E       		.uleb128 0xe
 1271 004a 3A       		.uleb128 0x3a
 1272 004b 0B       		.uleb128 0xb
 1273 004c 3B       		.uleb128 0x3b
 1274 004d 0B       		.uleb128 0xb
 1275 004e 49       		.uleb128 0x49
 1276 004f 13       		.uleb128 0x13
 1277 0050 38       		.uleb128 0x38
 1278 0051 0B       		.uleb128 0xb
 1279 0052 00       		.byte	0
 1280 0053 00       		.byte	0
 1281 0054 07       		.uleb128 0x7
 1282 0055 0D       		.uleb128 0xd
 1283 0056 00       		.byte	0
 1284 0057 03       		.uleb128 0x3
 1285 0058 08       		.uleb128 0x8
 1286 0059 3A       		.uleb128 0x3a
 1287 005a 0B       		.uleb128 0xb
 1288 005b 3B       		.uleb128 0x3b
 1289 005c 05       		.uleb128 0x5
 1290 005d 49       		.uleb128 0x49
 1291 005e 13       		.uleb128 0x13
 1292 005f 38       		.uleb128 0x38
 1293 0060 0B       		.uleb128 0xb
 1294 0061 00       		.byte	0
 1295 0062 00       		.byte	0
 1296 0063 08       		.uleb128 0x8
 1297 0064 0D       		.uleb128 0xd
 1298 0065 00       		.byte	0
 1299 0066 03       		.uleb128 0x3
 1300 0067 0E       		.uleb128 0xe
 1301 0068 3A       		.uleb128 0x3a
 1302 0069 0B       		.uleb128 0xb
 1303 006a 3B       		.uleb128 0x3b
 1304 006b 05       		.uleb128 0x5
 1305 006c 49       		.uleb128 0x49
 1306 006d 13       		.uleb128 0x13
 1307 006e 38       		.uleb128 0x38
 1308 006f 0B       		.uleb128 0xb
 1309 0070 00       		.byte	0
 1310 0071 00       		.byte	0
 1311 0072 09       		.uleb128 0x9
ARM GAS  /var/folders/m4/4md61f0s1_g0rzfghffqnxvr0000gn/T//cc0RGt34.s 			page 24


 1312 0073 0F       		.uleb128 0xf
 1313 0074 00       		.byte	0
 1314 0075 0B       		.uleb128 0xb
 1315 0076 0B       		.uleb128 0xb
 1316 0077 49       		.uleb128 0x49
 1317 0078 13       		.uleb128 0x13
 1318 0079 00       		.byte	0
 1319 007a 00       		.byte	0
 1320 007b 0A       		.uleb128 0xa
 1321 007c 13       		.uleb128 0x13
 1322 007d 01       		.byte	0x1
 1323 007e 03       		.uleb128 0x3
 1324 007f 0E       		.uleb128 0xe
 1325 0080 0B       		.uleb128 0xb
 1326 0081 0B       		.uleb128 0xb
 1327 0082 3A       		.uleb128 0x3a
 1328 0083 0B       		.uleb128 0xb
 1329 0084 3B       		.uleb128 0x3b
 1330 0085 05       		.uleb128 0x5
 1331 0086 01       		.uleb128 0x1
 1332 0087 13       		.uleb128 0x13
 1333 0088 00       		.byte	0
 1334 0089 00       		.byte	0
 1335 008a 0B       		.uleb128 0xb
 1336 008b 15       		.uleb128 0x15
 1337 008c 01       		.byte	0x1
 1338 008d 27       		.uleb128 0x27
 1339 008e 19       		.uleb128 0x19
 1340 008f 01       		.uleb128 0x1
 1341 0090 13       		.uleb128 0x13
 1342 0091 00       		.byte	0
 1343 0092 00       		.byte	0
 1344 0093 0C       		.uleb128 0xc
 1345 0094 05       		.uleb128 0x5
 1346 0095 00       		.byte	0
 1347 0096 49       		.uleb128 0x49
 1348 0097 13       		.uleb128 0x13
 1349 0098 00       		.byte	0
 1350 0099 00       		.byte	0
 1351 009a 0D       		.uleb128 0xd
 1352 009b 0F       		.uleb128 0xf
 1353 009c 00       		.byte	0
 1354 009d 0B       		.uleb128 0xb
 1355 009e 0B       		.uleb128 0xb
 1356 009f 00       		.byte	0
 1357 00a0 00       		.byte	0
 1358 00a1 0E       		.uleb128 0xe
 1359 00a2 13       		.uleb128 0x13
 1360 00a3 01       		.byte	0x1
 1361 00a4 03       		.uleb128 0x3
 1362 00a5 0E       		.uleb128 0xe
 1363 00a6 0B       		.uleb128 0xb
 1364 00a7 05       		.uleb128 0x5
 1365 00a8 3A       		.uleb128 0x3a
 1366 00a9 0B       		.uleb128 0xb
 1367 00aa 3B       		.uleb128 0x3b
 1368 00ab 05       		.uleb128 0x5
ARM GAS  /var/folders/m4/4md61f0s1_g0rzfghffqnxvr0000gn/T//cc0RGt34.s 			page 25


 1369 00ac 01       		.uleb128 0x1
 1370 00ad 13       		.uleb128 0x13
 1371 00ae 00       		.byte	0
 1372 00af 00       		.byte	0
 1373 00b0 0F       		.uleb128 0xf
 1374 00b1 0D       		.uleb128 0xd
 1375 00b2 00       		.byte	0
 1376 00b3 03       		.uleb128 0x3
 1377 00b4 08       		.uleb128 0x8
 1378 00b5 3A       		.uleb128 0x3a
 1379 00b6 0B       		.uleb128 0xb
 1380 00b7 3B       		.uleb128 0x3b
 1381 00b8 0B       		.uleb128 0xb
 1382 00b9 49       		.uleb128 0x49
 1383 00ba 13       		.uleb128 0x13
 1384 00bb 38       		.uleb128 0x38
 1385 00bc 0B       		.uleb128 0xb
 1386 00bd 00       		.byte	0
 1387 00be 00       		.byte	0
 1388 00bf 10       		.uleb128 0x10
 1389 00c0 13       		.uleb128 0x13
 1390 00c1 01       		.byte	0x1
 1391 00c2 0B       		.uleb128 0xb
 1392 00c3 0B       		.uleb128 0xb
 1393 00c4 3A       		.uleb128 0x3a
 1394 00c5 0B       		.uleb128 0xb
 1395 00c6 3B       		.uleb128 0x3b
 1396 00c7 0B       		.uleb128 0xb
 1397 00c8 01       		.uleb128 0x1
 1398 00c9 13       		.uleb128 0x13
 1399 00ca 00       		.byte	0
 1400 00cb 00       		.byte	0
 1401 00cc 11       		.uleb128 0x11
 1402 00cd 17       		.uleb128 0x17
 1403 00ce 01       		.byte	0x1
 1404 00cf 0B       		.uleb128 0xb
 1405 00d0 0B       		.uleb128 0xb
 1406 00d1 3A       		.uleb128 0x3a
 1407 00d2 0B       		.uleb128 0xb
 1408 00d3 3B       		.uleb128 0x3b
 1409 00d4 0B       		.uleb128 0xb
 1410 00d5 01       		.uleb128 0x1
 1411 00d6 13       		.uleb128 0x13
 1412 00d7 00       		.byte	0
 1413 00d8 00       		.byte	0
 1414 00d9 12       		.uleb128 0x12
 1415 00da 0D       		.uleb128 0xd
 1416 00db 00       		.byte	0
 1417 00dc 03       		.uleb128 0x3
 1418 00dd 0E       		.uleb128 0xe
 1419 00de 3A       		.uleb128 0x3a
 1420 00df 0B       		.uleb128 0xb
 1421 00e0 3B       		.uleb128 0x3b
 1422 00e1 05       		.uleb128 0x5
 1423 00e2 49       		.uleb128 0x49
 1424 00e3 13       		.uleb128 0x13
 1425 00e4 00       		.byte	0
ARM GAS  /var/folders/m4/4md61f0s1_g0rzfghffqnxvr0000gn/T//cc0RGt34.s 			page 26


 1426 00e5 00       		.byte	0
 1427 00e6 13       		.uleb128 0x13
 1428 00e7 26       		.uleb128 0x26
 1429 00e8 00       		.byte	0
 1430 00e9 49       		.uleb128 0x49
 1431 00ea 13       		.uleb128 0x13
 1432 00eb 00       		.byte	0
 1433 00ec 00       		.byte	0
 1434 00ed 14       		.uleb128 0x14
 1435 00ee 35       		.uleb128 0x35
 1436 00ef 00       		.byte	0
 1437 00f0 49       		.uleb128 0x49
 1438 00f1 13       		.uleb128 0x13
 1439 00f2 00       		.byte	0
 1440 00f3 00       		.byte	0
 1441 00f4 15       		.uleb128 0x15
 1442 00f5 01       		.uleb128 0x1
 1443 00f6 01       		.byte	0x1
 1444 00f7 49       		.uleb128 0x49
 1445 00f8 13       		.uleb128 0x13
 1446 00f9 01       		.uleb128 0x1
 1447 00fa 13       		.uleb128 0x13
 1448 00fb 00       		.byte	0
 1449 00fc 00       		.byte	0
 1450 00fd 16       		.uleb128 0x16
 1451 00fe 21       		.uleb128 0x21
 1452 00ff 00       		.byte	0
 1453 0100 49       		.uleb128 0x49
 1454 0101 13       		.uleb128 0x13
 1455 0102 2F       		.uleb128 0x2f
 1456 0103 0B       		.uleb128 0xb
 1457 0104 00       		.byte	0
 1458 0105 00       		.byte	0
 1459 0106 17       		.uleb128 0x17
 1460 0107 16       		.uleb128 0x16
 1461 0108 00       		.byte	0
 1462 0109 03       		.uleb128 0x3
 1463 010a 0E       		.uleb128 0xe
 1464 010b 3A       		.uleb128 0x3a
 1465 010c 0B       		.uleb128 0xb
 1466 010d 3B       		.uleb128 0x3b
 1467 010e 05       		.uleb128 0x5
 1468 010f 49       		.uleb128 0x49
 1469 0110 13       		.uleb128 0x13
 1470 0111 00       		.byte	0
 1471 0112 00       		.byte	0
 1472 0113 18       		.uleb128 0x18
 1473 0114 13       		.uleb128 0x13
 1474 0115 01       		.byte	0x1
 1475 0116 0B       		.uleb128 0xb
 1476 0117 0B       		.uleb128 0xb
 1477 0118 3A       		.uleb128 0x3a
 1478 0119 0B       		.uleb128 0xb
 1479 011a 3B       		.uleb128 0x3b
 1480 011b 05       		.uleb128 0x5
 1481 011c 01       		.uleb128 0x1
 1482 011d 13       		.uleb128 0x13
ARM GAS  /var/folders/m4/4md61f0s1_g0rzfghffqnxvr0000gn/T//cc0RGt34.s 			page 27


 1483 011e 00       		.byte	0
 1484 011f 00       		.byte	0
 1485 0120 19       		.uleb128 0x19
 1486 0121 2E       		.uleb128 0x2e
 1487 0122 00       		.byte	0
 1488 0123 03       		.uleb128 0x3
 1489 0124 0E       		.uleb128 0xe
 1490 0125 3A       		.uleb128 0x3a
 1491 0126 0B       		.uleb128 0xb
 1492 0127 3B       		.uleb128 0x3b
 1493 0128 05       		.uleb128 0x5
 1494 0129 27       		.uleb128 0x27
 1495 012a 19       		.uleb128 0x19
 1496 012b 20       		.uleb128 0x20
 1497 012c 0B       		.uleb128 0xb
 1498 012d 00       		.byte	0
 1499 012e 00       		.byte	0
 1500 012f 1A       		.uleb128 0x1a
 1501 0130 2E       		.uleb128 0x2e
 1502 0131 01       		.byte	0x1
 1503 0132 3F       		.uleb128 0x3f
 1504 0133 19       		.uleb128 0x19
 1505 0134 03       		.uleb128 0x3
 1506 0135 0E       		.uleb128 0xe
 1507 0136 3A       		.uleb128 0x3a
 1508 0137 0B       		.uleb128 0xb
 1509 0138 3B       		.uleb128 0x3b
 1510 0139 0B       		.uleb128 0xb
 1511 013a 27       		.uleb128 0x27
 1512 013b 19       		.uleb128 0x19
 1513 013c 11       		.uleb128 0x11
 1514 013d 01       		.uleb128 0x1
 1515 013e 12       		.uleb128 0x12
 1516 013f 06       		.uleb128 0x6
 1517 0140 40       		.uleb128 0x40
 1518 0141 18       		.uleb128 0x18
 1519 0142 9742     		.uleb128 0x2117
 1520 0144 19       		.uleb128 0x19
 1521 0145 01       		.uleb128 0x1
 1522 0146 13       		.uleb128 0x13
 1523 0147 00       		.byte	0
 1524 0148 00       		.byte	0
 1525 0149 1B       		.uleb128 0x1b
 1526 014a 898201   		.uleb128 0x4109
 1527 014d 00       		.byte	0
 1528 014e 11       		.uleb128 0x11
 1529 014f 01       		.uleb128 0x1
 1530 0150 31       		.uleb128 0x31
 1531 0151 13       		.uleb128 0x13
 1532 0152 00       		.byte	0
 1533 0153 00       		.byte	0
 1534 0154 1C       		.uleb128 0x1c
 1535 0155 898201   		.uleb128 0x4109
 1536 0158 00       		.byte	0
 1537 0159 11       		.uleb128 0x11
 1538 015a 01       		.uleb128 0x1
 1539 015b 9542     		.uleb128 0x2115
ARM GAS  /var/folders/m4/4md61f0s1_g0rzfghffqnxvr0000gn/T//cc0RGt34.s 			page 28


 1540 015d 19       		.uleb128 0x19
 1541 015e 31       		.uleb128 0x31
 1542 015f 13       		.uleb128 0x13
 1543 0160 00       		.byte	0
 1544 0161 00       		.byte	0
 1545 0162 1D       		.uleb128 0x1d
 1546 0163 34       		.uleb128 0x34
 1547 0164 00       		.byte	0
 1548 0165 03       		.uleb128 0x3
 1549 0166 0E       		.uleb128 0xe
 1550 0167 3A       		.uleb128 0x3a
 1551 0168 0B       		.uleb128 0xb
 1552 0169 3B       		.uleb128 0x3b
 1553 016a 05       		.uleb128 0x5
 1554 016b 49       		.uleb128 0x49
 1555 016c 13       		.uleb128 0x13
 1556 016d 3F       		.uleb128 0x3f
 1557 016e 19       		.uleb128 0x19
 1558 016f 3C       		.uleb128 0x3c
 1559 0170 19       		.uleb128 0x19
 1560 0171 00       		.byte	0
 1561 0172 00       		.byte	0
 1562 0173 1E       		.uleb128 0x1e
 1563 0174 34       		.uleb128 0x34
 1564 0175 00       		.byte	0
 1565 0176 03       		.uleb128 0x3
 1566 0177 08       		.uleb128 0x8
 1567 0178 3A       		.uleb128 0x3a
 1568 0179 0B       		.uleb128 0xb
 1569 017a 3B       		.uleb128 0x3b
 1570 017b 05       		.uleb128 0x5
 1571 017c 49       		.uleb128 0x49
 1572 017d 13       		.uleb128 0x13
 1573 017e 3F       		.uleb128 0x3f
 1574 017f 19       		.uleb128 0x19
 1575 0180 3C       		.uleb128 0x3c
 1576 0181 19       		.uleb128 0x19
 1577 0182 00       		.byte	0
 1578 0183 00       		.byte	0
 1579 0184 1F       		.uleb128 0x1f
 1580 0185 2E       		.uleb128 0x2e
 1581 0186 00       		.byte	0
 1582 0187 3F       		.uleb128 0x3f
 1583 0188 19       		.uleb128 0x19
 1584 0189 03       		.uleb128 0x3
 1585 018a 0E       		.uleb128 0xe
 1586 018b 3A       		.uleb128 0x3a
 1587 018c 0B       		.uleb128 0xb
 1588 018d 3B       		.uleb128 0x3b
 1589 018e 05       		.uleb128 0x5
 1590 018f 27       		.uleb128 0x27
 1591 0190 19       		.uleb128 0x19
 1592 0191 3C       		.uleb128 0x3c
 1593 0192 19       		.uleb128 0x19
 1594 0193 00       		.byte	0
 1595 0194 00       		.byte	0
 1596 0195 20       		.uleb128 0x20
ARM GAS  /var/folders/m4/4md61f0s1_g0rzfghffqnxvr0000gn/T//cc0RGt34.s 			page 29


 1597 0196 2E       		.uleb128 0x2e
 1598 0197 01       		.byte	0x1
 1599 0198 3F       		.uleb128 0x3f
 1600 0199 19       		.uleb128 0x19
 1601 019a 03       		.uleb128 0x3
 1602 019b 0E       		.uleb128 0xe
 1603 019c 3A       		.uleb128 0x3a
 1604 019d 0B       		.uleb128 0xb
 1605 019e 3B       		.uleb128 0x3b
 1606 019f 05       		.uleb128 0x5
 1607 01a0 27       		.uleb128 0x27
 1608 01a1 19       		.uleb128 0x19
 1609 01a2 3C       		.uleb128 0x3c
 1610 01a3 19       		.uleb128 0x19
 1611 01a4 01       		.uleb128 0x1
 1612 01a5 13       		.uleb128 0x13
 1613 01a6 00       		.byte	0
 1614 01a7 00       		.byte	0
 1615 01a8 21       		.uleb128 0x21
 1616 01a9 2E       		.uleb128 0x2e
 1617 01aa 00       		.byte	0
 1618 01ab 3F       		.uleb128 0x3f
 1619 01ac 19       		.uleb128 0x19
 1620 01ad 03       		.uleb128 0x3
 1621 01ae 0E       		.uleb128 0xe
 1622 01af 3A       		.uleb128 0x3a
 1623 01b0 0B       		.uleb128 0xb
 1624 01b1 3B       		.uleb128 0x3b
 1625 01b2 0B       		.uleb128 0xb
 1626 01b3 27       		.uleb128 0x27
 1627 01b4 19       		.uleb128 0x19
 1628 01b5 3C       		.uleb128 0x3c
 1629 01b6 19       		.uleb128 0x19
 1630 01b7 00       		.byte	0
 1631 01b8 00       		.byte	0
 1632 01b9 00       		.byte	0
 1633              		.section	.debug_aranges,"",%progbits
 1634 0000 1C000000 		.4byte	0x1c
 1635 0004 0200     		.2byte	0x2
 1636 0006 00000000 		.4byte	.Ldebug_info0
 1637 000a 04       		.byte	0x4
 1638 000b 00       		.byte	0
 1639 000c 0000     		.2byte	0
 1640 000e 0000     		.2byte	0
 1641 0010 00000000 		.4byte	.LFB268
 1642 0014 34000000 		.4byte	.LFE268-.LFB268
 1643 0018 00000000 		.4byte	0
 1644 001c 00000000 		.4byte	0
 1645              		.section	.debug_ranges,"",%progbits
 1646              	.Ldebug_ranges0:
 1647 0000 00000000 		.4byte	.LFB268
 1648 0004 34000000 		.4byte	.LFE268
 1649 0008 00000000 		.4byte	0
 1650 000c 00000000 		.4byte	0
 1651              		.section	.debug_line,"",%progbits
 1652              	.Ldebug_line0:
 1653 0000 2E030000 		.section	.debug_str,"MS",%progbits,1
ARM GAS  /var/folders/m4/4md61f0s1_g0rzfghffqnxvr0000gn/T//cc0RGt34.s 			page 30


 1653      02000403 
 1653      00000201 
 1653      FB0E0D00 
 1653      01010101 
 1654              	.LASF134:
 1655 0000 2F557365 		.ascii	"/Users/raphael/Documents/pcb-quadrotor/code\000"
 1655      72732F72 
 1655      61706861 
 1655      656C2F44 
 1655      6F63756D 
 1656              	.LASF111:
 1657 002c 73746D33 		.ascii	"stm32_gpio_setup_t\000"
 1657      325F6770 
 1657      696F5F73 
 1657      65747570 
 1657      5F7400
 1658              	.LASF53:
 1659 003f 72656164 		.ascii	"ready_list_t\000"
 1659      795F6C69 
 1659      73745F74 
 1659      00
 1660              	.LASF131:
 1661 004c 7374496E 		.ascii	"stInit\000"
 1661      697400
 1662              	.LASF91:
 1663 0053 77747472 		.ascii	"wttrp\000"
 1663      7000
 1664              	.LASF88:
 1665 0059 7264796D 		.ascii	"rdymsg\000"
 1665      736700
 1666              	.LASF16:
 1667 0060 75696E74 		.ascii	"uint64_t\000"
 1667      36345F74 
 1667      00
 1668              	.LASF5:
 1669 0069 5F5F7569 		.ascii	"__uint8_t\000"
 1669      6E74385F 
 1669      7400
 1670              	.LASF85:
 1671 0073 706F7274 		.ascii	"port_intctx\000"
 1671      5F696E74 
 1671      63747800 
 1672              	.LASF72:
 1673 007f 73797374 		.ascii	"system_debug_t\000"
 1673      656D5F64 
 1673      65627567 
 1673      5F7400
 1674              	.LASF119:
 1675 008e 50484461 		.ascii	"PHData\000"
 1675      746100
 1676              	.LASF12:
 1677 0095 6C6F6E67 		.ascii	"long long unsigned int\000"
 1677      206C6F6E 
 1677      6720756E 
 1677      7369676E 
 1677      65642069 
 1678              	.LASF108:
ARM GAS  /var/folders/m4/4md61f0s1_g0rzfghffqnxvr0000gn/T//cc0RGt34.s 			page 31


 1679 00ac 70757064 		.ascii	"pupdr\000"
 1679      7200
 1680              	.LASF89:
 1681 00b2 65786974 		.ascii	"exitcode\000"
 1681      636F6465 
 1681      00
 1682              	.LASF79:
 1683 00bb 6D61696E 		.ascii	"mainthread\000"
 1683      74687265 
 1683      616400
 1684              	.LASF69:
 1685 00c6 76697274 		.ascii	"virtual_timers_list_t\000"
 1685      75616C5F 
 1685      74696D65 
 1685      72735F6C 
 1685      6973745F 
 1686              	.LASF121:
 1687 00dc 49544D5F 		.ascii	"ITM_RxBuffer\000"
 1687      52784275 
 1687      66666572 
 1687      00
 1688              	.LASF52:
 1689 00e9 63685F74 		.ascii	"ch_threads_queue\000"
 1689      68726561 
 1689      64735F71 
 1689      75657565 
 1689      00
 1690              	.LASF30:
 1691 00fa 705F7072 		.ascii	"p_prio\000"
 1691      696F00
 1692              	.LASF10:
 1693 0101 6C6F6E67 		.ascii	"long long int\000"
 1693      206C6F6E 
 1693      6720696E 
 1693      7400
 1694              	.LASF1:
 1695 010f 7369676E 		.ascii	"signed char\000"
 1695      65642063 
 1695      68617200 
 1696              	.LASF46:
 1697 011b 705F6D70 		.ascii	"p_mpool\000"
 1697      6F6F6C00 
 1698              	.LASF99:
 1699 0123 6D5F7175 		.ascii	"m_queue\000"
 1699      65756500 
 1700              	.LASF105:
 1701 012b 6D6F6465 		.ascii	"moder\000"
 1701      7200
 1702              	.LASF21:
 1703 0131 74736C69 		.ascii	"tslices_t\000"
 1703      6365735F 
 1703      7400
 1704              	.LASF76:
 1705 013b 63685F73 		.ascii	"ch_system\000"
 1705      79737465 
 1705      6D00
 1706              	.LASF7:
ARM GAS  /var/folders/m4/4md61f0s1_g0rzfghffqnxvr0000gn/T//cc0RGt34.s 			page 32


 1707 0145 6C6F6E67 		.ascii	"long int\000"
 1707      20696E74 
 1707      00
 1708              	.LASF116:
 1709 014e 50454461 		.ascii	"PEData\000"
 1709      746100
 1710              	.LASF19:
 1711 0155 74737461 		.ascii	"tstate_t\000"
 1711      74655F74 
 1711      00
 1712              	.LASF126:
 1713 015e 70776D49 		.ascii	"pwmInit\000"
 1713      6E697400 
 1714              	.LASF32:
 1715 0166 705F6E65 		.ascii	"p_newer\000"
 1715      77657200 
 1716              	.LASF96:
 1717 016e 735F7175 		.ascii	"s_queue\000"
 1717      65756500 
 1718              	.LASF58:
 1719 0176 725F6E65 		.ascii	"r_newer\000"
 1719      77657200 
 1720              	.LASF82:
 1721 017e 72656761 		.ascii	"regarm_t\000"
 1721      726D5F74 
 1721      00
 1722              	.LASF65:
 1723 0187 76745F70 		.ascii	"vt_prev\000"
 1723      72657600 
 1724              	.LASF78:
 1725 018f 76746C69 		.ascii	"vtlist\000"
 1725      737400
 1726              	.LASF103:
 1727 0196 6D757465 		.ascii	"mutex_t\000"
 1727      785F7400 
 1728              	.LASF113:
 1729 019e 50424461 		.ascii	"PBData\000"
 1729      746100
 1730              	.LASF80:
 1731 01a5 69646C65 		.ascii	"idle_thread_wa\000"
 1731      5F746872 
 1731      6561645F 
 1731      776100
 1732              	.LASF25:
 1733 01b4 636E745F 		.ascii	"cnt_t\000"
 1733      7400
 1734              	.LASF0:
 1735 01ba 756E7369 		.ascii	"unsigned int\000"
 1735      676E6564 
 1735      20696E74 
 1735      00
 1736              	.LASF64:
 1737 01c7 76745F6E 		.ascii	"vt_next\000"
 1737      65787400 
 1738              	.LASF39:
 1739 01cf 705F7469 		.ascii	"p_time\000"
 1739      6D6500
ARM GAS  /var/folders/m4/4md61f0s1_g0rzfghffqnxvr0000gn/T//cc0RGt34.s 			page 33


 1740              	.LASF92:
 1741 01d6 77747365 		.ascii	"wtsemp\000"
 1741      6D7000
 1742              	.LASF66:
 1743 01dd 76745F64 		.ascii	"vt_delta\000"
 1743      656C7461 
 1743      00
 1744              	.LASF41:
 1745 01e6 705F6D73 		.ascii	"p_msgqueue\000"
 1745      67717565 
 1745      756500
 1746              	.LASF136:
 1747 01f1 68616C49 		.ascii	"halInit\000"
 1747      6E697400 
 1748              	.LASF107:
 1749 01f9 6F737065 		.ascii	"ospeedr\000"
 1749      65647200 
 1750              	.LASF106:
 1751 0201 6F747970 		.ascii	"otyper\000"
 1751      657200
 1752              	.LASF4:
 1753 0208 73686F72 		.ascii	"short unsigned int\000"
 1753      7420756E 
 1753      7369676E 
 1753      65642069 
 1753      6E7400
 1754              	.LASF117:
 1755 021b 50464461 		.ascii	"PFData\000"
 1755      746100
 1756              	.LASF49:
 1757 0222 63685F74 		.ascii	"ch_thread\000"
 1757      68726561 
 1757      6400
 1758              	.LASF23:
 1759 022c 6D73675F 		.ascii	"msg_t\000"
 1759      7400
 1760              	.LASF75:
 1761 0232 63685F73 		.ascii	"ch_system_t\000"
 1761      79737465 
 1761      6D5F7400 
 1762              	.LASF18:
 1763 023e 746D6F64 		.ascii	"tmode_t\000"
 1763      655F7400 
 1764              	.LASF54:
 1765 0246 63685F72 		.ascii	"ch_ready_list\000"
 1765      65616479 
 1765      5F6C6973 
 1765      7400
 1766              	.LASF24:
 1767 0254 6576656E 		.ascii	"eventmask_t\000"
 1767      746D6173 
 1767      6B5F7400 
 1768              	.LASF6:
 1769 0260 5F5F696E 		.ascii	"__int32_t\000"
 1769      7433325F 
 1769      7400
 1770              	.LASF118:
ARM GAS  /var/folders/m4/4md61f0s1_g0rzfghffqnxvr0000gn/T//cc0RGt34.s 			page 34


 1771 026a 50474461 		.ascii	"PGData\000"
 1771      746100
 1772              	.LASF124:
 1773 0271 61646349 		.ascii	"adcInit\000"
 1773      6E697400 
 1774              	.LASF83:
 1775 0279 73746B61 		.ascii	"stkalign_t\000"
 1775      6C69676E 
 1775      5F7400
 1776              	.LASF127:
 1777 0284 73706949 		.ascii	"spiInit\000"
 1777      6E697400 
 1778              	.LASF48:
 1779 028c 74687265 		.ascii	"threads_list_t\000"
 1779      6164735F 
 1779      6C697374 
 1779      5F7400
 1780              	.LASF133:
 1781 029b 43686962 		.ascii	"ChibiOS_16.1.4/os/hal/src/hal.c\000"
 1781      694F535F 
 1781      31362E31 
 1781      2E342F6F 
 1781      732F6861 
 1782              	.LASF40:
 1783 02bb 705F7761 		.ascii	"p_waiting\000"
 1783      6974696E 
 1783      6700
 1784              	.LASF81:
 1785 02c5 73697A65 		.ascii	"sizetype\000"
 1785      74797065 
 1785      00
 1786              	.LASF47:
 1787 02ce 74687265 		.ascii	"thread_reference_t\000"
 1787      61645F72 
 1787      65666572 
 1787      656E6365 
 1787      5F7400
 1788              	.LASF70:
 1789 02e1 63685F76 		.ascii	"ch_virtual_timers_list\000"
 1789      69727475 
 1789      616C5F74 
 1789      696D6572 
 1789      735F6C69 
 1790              	.LASF33:
 1791 02f8 705F6F6C 		.ascii	"p_older\000"
 1791      64657200 
 1792              	.LASF57:
 1793 0300 725F6374 		.ascii	"r_ctx\000"
 1793      7800
 1794              	.LASF87:
 1795 0306 746D5F63 		.ascii	"tm_calibration_t\000"
 1795      616C6962 
 1795      72617469 
 1795      6F6E5F74 
 1795      00
 1796              	.LASF110:
 1797 0317 61667268 		.ascii	"afrh\000"
ARM GAS  /var/folders/m4/4md61f0s1_g0rzfghffqnxvr0000gn/T//cc0RGt34.s 			page 35


 1797      00
 1798              	.LASF115:
 1799 031c 50444461 		.ascii	"PDData\000"
 1799      746100
 1800              	.LASF60:
 1801 0323 725F6375 		.ascii	"r_current\000"
 1801      7272656E 
 1801      7400
 1802              	.LASF59:
 1803 032d 725F6F6C 		.ascii	"r_older\000"
 1803      64657200 
 1804              	.LASF11:
 1805 0335 5F5F7569 		.ascii	"__uint64_t\000"
 1805      6E743634 
 1805      5F7400
 1806              	.LASF20:
 1807 0340 74726566 		.ascii	"trefs_t\000"
 1807      735F7400 
 1808              	.LASF62:
 1809 0348 76697274 		.ascii	"virtual_timer_t\000"
 1809      75616C5F 
 1809      74696D65 
 1809      725F7400 
 1810              	.LASF29:
 1811 0358 705F7072 		.ascii	"p_prev\000"
 1811      657600
 1812              	.LASF135:
 1813 035f 6F73616C 		.ascii	"osalInit\000"
 1813      496E6974 
 1813      00
 1814              	.LASF22:
 1815 0368 74707269 		.ascii	"tprio_t\000"
 1815      6F5F7400 
 1816              	.LASF73:
 1817 0370 63685F73 		.ascii	"ch_system_debug\000"
 1817      79737465 
 1817      6D5F6465 
 1817      62756700 
 1818              	.LASF104:
 1819 0380 5F426F6F 		.ascii	"_Bool\000"
 1819      6C00
 1820              	.LASF14:
 1821 0386 696E7433 		.ascii	"int32_t\000"
 1821      325F7400 
 1822              	.LASF2:
 1823 038e 756E7369 		.ascii	"unsigned char\000"
 1823      676E6564 
 1823      20636861 
 1823      7200
 1824              	.LASF129:
 1825 039c 73647549 		.ascii	"sduInit\000"
 1825      6E697400 
 1826              	.LASF109:
 1827 03a4 6166726C 		.ascii	"afrl\000"
 1827      00
 1828              	.LASF97:
 1829 03a9 735F636E 		.ascii	"s_cnt\000"
ARM GAS  /var/folders/m4/4md61f0s1_g0rzfghffqnxvr0000gn/T//cc0RGt34.s 			page 36


 1829      7400
 1830              	.LASF44:
 1831 03af 705F6D74 		.ascii	"p_mtxlist\000"
 1831      786C6973 
 1831      7400
 1832              	.LASF3:
 1833 03b9 73686F72 		.ascii	"short int\000"
 1833      7420696E 
 1833      7400
 1834              	.LASF35:
 1835 03c3 705F7374 		.ascii	"p_state\000"
 1835      61746500 
 1836              	.LASF38:
 1837 03cb 705F7072 		.ascii	"p_preempt\000"
 1837      65656D70 
 1837      7400
 1838              	.LASF56:
 1839 03d5 725F7072 		.ascii	"r_prio\000"
 1839      696F00
 1840              	.LASF112:
 1841 03dc 50414461 		.ascii	"PAData\000"
 1841      746100
 1842              	.LASF94:
 1843 03e3 65776D61 		.ascii	"ewmask\000"
 1843      736B00
 1844              	.LASF28:
 1845 03ea 705F6E65 		.ascii	"p_next\000"
 1845      787400
 1846              	.LASF36:
 1847 03f1 705F666C 		.ascii	"p_flags\000"
 1847      61677300 
 1848              	.LASF63:
 1849 03f9 63685F76 		.ascii	"ch_virtual_timer\000"
 1849      69727475 
 1849      616C5F74 
 1849      696D6572 
 1849      00
 1850              	.LASF95:
 1851 040a 63685F73 		.ascii	"ch_semaphore\000"
 1851      656D6170 
 1851      686F7265 
 1851      00
 1852              	.LASF43:
 1853 0417 705F6570 		.ascii	"p_epending\000"
 1853      656E6469 
 1853      6E6700
 1854              	.LASF15:
 1855 0422 75696E74 		.ascii	"uint32_t\000"
 1855      33325F74 
 1855      00
 1856              	.LASF93:
 1857 042b 77746D74 		.ascii	"wtmtxp\000"
 1857      787000
 1858              	.LASF55:
 1859 0432 725F7175 		.ascii	"r_queue\000"
 1859      65756500 
 1860              	.LASF50:
ARM GAS  /var/folders/m4/4md61f0s1_g0rzfghffqnxvr0000gn/T//cc0RGt34.s 			page 37


 1861 043a 63685F74 		.ascii	"ch_threads_list\000"
 1861      68726561 
 1861      64735F6C 
 1861      69737400 
 1862              	.LASF9:
 1863 044a 6C6F6E67 		.ascii	"long unsigned int\000"
 1863      20756E73 
 1863      69676E65 
 1863      6420696E 
 1863      7400
 1864              	.LASF102:
 1865 045c 63686172 		.ascii	"char\000"
 1865      00
 1866              	.LASF128:
 1867 0461 75736249 		.ascii	"usbInit\000"
 1867      6E697400 
 1868              	.LASF27:
 1869 0469 74687265 		.ascii	"thread_t\000"
 1869      61645F74 
 1869      00
 1870              	.LASF101:
 1871 0472 6D5F6E65 		.ascii	"m_next\000"
 1871      787400
 1872              	.LASF26:
 1873 0479 73797374 		.ascii	"systime_t\000"
 1873      696D655F 
 1873      7400
 1874              	.LASF45:
 1875 0483 705F7265 		.ascii	"p_realprio\000"
 1875      616C7072 
 1875      696F00
 1876              	.LASF61:
 1877 048e 76746675 		.ascii	"vtfunc_t\000"
 1877      6E635F74 
 1877      00
 1878              	.LASF8:
 1879 0497 5F5F7569 		.ascii	"__uint32_t\000"
 1879      6E743332 
 1879      5F7400
 1880              	.LASF132:
 1881 04a2 474E5520 		.ascii	"GNU C 4.9.3 20150529 (release) [ARM/embedded-4_9-br"
 1881      4320342E 
 1881      392E3320 
 1881      32303135 
 1881      30353239 
 1882 04d5 616E6368 		.ascii	"anch revision 224288] -mcpu=cortex-m4 -mfloat-abi=h"
 1882      20726576 
 1882      6973696F 
 1882      6E203232 
 1882      34323838 
 1883 0508 61726420 		.ascii	"ard -mfpu=fpv4-sp-d16 -mno-thumb-interwork -mthumb "
 1883      2D6D6670 
 1883      753D6670 
 1883      76342D73 
 1883      702D6431 
 1884 053b 2D676764 		.ascii	"-ggdb -O2 -std=gnu99 -fomit-frame-pointer -falign-f"
 1884      62202D4F 
ARM GAS  /var/folders/m4/4md61f0s1_g0rzfghffqnxvr0000gn/T//cc0RGt34.s 			page 38


 1884      32202D73 
 1884      74643D67 
 1884      6E753939 
 1885 056e 756E6374 		.ascii	"unctions=16 -ffunction-sections -fdata-sections -fn"
 1885      696F6E73 
 1885      3D313620 
 1885      2D666675 
 1885      6E637469 
 1886 05a1 6F2D636F 		.ascii	"o-common -fsingle-precision-constant\000"
 1886      6D6D6F6E 
 1886      202D6673 
 1886      696E676C 
 1886      652D7072 
 1887              	.LASF74:
 1888 05c6 70616E69 		.ascii	"panic_msg\000"
 1888      635F6D73 
 1888      6700
 1889              	.LASF86:
 1890 05d0 6F666673 		.ascii	"offset\000"
 1890      657400
 1891              	.LASF84:
 1892 05d7 636F6E74 		.ascii	"context\000"
 1892      65787400 
 1893              	.LASF123:
 1894 05df 68616C5F 		.ascii	"hal_lld_init\000"
 1894      6C6C645F 
 1894      696E6974 
 1894      00
 1895              	.LASF17:
 1896 05ec 7274636E 		.ascii	"rtcnt_t\000"
 1896      745F7400 
 1897              	.LASF68:
 1898 05f4 76745F70 		.ascii	"vt_par\000"
 1898      617200
 1899              	.LASF51:
 1900 05fb 74687265 		.ascii	"threads_queue_t\000"
 1900      6164735F 
 1900      71756575 
 1900      655F7400 
 1901              	.LASF98:
 1902 060b 63685F6D 		.ascii	"ch_mutex\000"
 1902      75746578 
 1902      00
 1903              	.LASF37:
 1904 0614 705F7265 		.ascii	"p_refs\000"
 1904      667300
 1905              	.LASF137:
 1906 061b 5F70616C 		.ascii	"_pal_lld_init\000"
 1906      5F6C6C64 
 1906      5F696E69 
 1906      7400
 1907              	.LASF130:
 1908 0629 626F6172 		.ascii	"boardInit\000"
 1908      64496E69 
 1908      7400
 1909              	.LASF77:
 1910 0633 726C6973 		.ascii	"rlist\000"
ARM GAS  /var/folders/m4/4md61f0s1_g0rzfghffqnxvr0000gn/T//cc0RGt34.s 			page 39


 1910      7400
 1911              	.LASF13:
 1912 0639 75696E74 		.ascii	"uint8_t\000"
 1912      385F7400 
 1913              	.LASF90:
 1914 0641 77746F62 		.ascii	"wtobjp\000"
 1914      6A7000
 1915              	.LASF34:
 1916 0648 705F6E61 		.ascii	"p_name\000"
 1916      6D6500
 1917              	.LASF114:
 1918 064f 50434461 		.ascii	"PCData\000"
 1918      746100
 1919              	.LASF71:
 1920 0656 76745F73 		.ascii	"vt_systime\000"
 1920      79737469 
 1920      6D6500
 1921              	.LASF125:
 1922 0661 69326349 		.ascii	"i2cInit\000"
 1922      6E697400 
 1923              	.LASF42:
 1924 0669 705F6D73 		.ascii	"p_msg\000"
 1924      6700
 1925              	.LASF120:
 1926 066f 50414C43 		.ascii	"PALConfig\000"
 1926      6F6E6669 
 1926      6700
 1927              	.LASF100:
 1928 0679 6D5F6F77 		.ascii	"m_owner\000"
 1928      6E657200 
 1929              	.LASF122:
 1930 0681 70616C5F 		.ascii	"pal_default_config\000"
 1930      64656661 
 1930      756C745F 
 1930      636F6E66 
 1930      696700
 1931              	.LASF31:
 1932 0694 705F6374 		.ascii	"p_ctx\000"
 1932      7800
 1933              	.LASF67:
 1934 069a 76745F66 		.ascii	"vt_func\000"
 1934      756E6300 
 1935              		.ident	"GCC: (GNU Tools for ARM Embedded Processors) 4.9.3 20150529 (release) [ARM/embedded-4_9-br
ARM GAS  /var/folders/m4/4md61f0s1_g0rzfghffqnxvr0000gn/T//cc0RGt34.s 			page 40


DEFINED SYMBOLS
                            *ABS*:0000000000000000 hal.c
/var/folders/m4/4md61f0s1_g0rzfghffqnxvr0000gn/T//cc0RGt34.s:21     .text.halInit:0000000000000000 $t
/var/folders/m4/4md61f0s1_g0rzfghffqnxvr0000gn/T//cc0RGt34.s:27     .text.halInit:0000000000000000 halInit
/var/folders/m4/4md61f0s1_g0rzfghffqnxvr0000gn/T//cc0RGt34.s:77     .text.halInit:0000000000000030 $d
                     .debug_frame:0000000000000010 $d

UNDEFINED SYMBOLS
hal_lld_init
_pal_lld_init
adcInit
i2cInit
pwmInit
spiInit
usbInit
sduInit
boardInit
stInit
pal_default_config
