ARM GAS  /var/folders/m4/4md61f0s1_g0rzfghffqnxvr0000gn/T//ccGtFtVa.s 			page 1


   1              		.syntax unified
   2              		.cpu cortex-m4
   3              		.eabi_attribute 27, 1
   4              		.eabi_attribute 28, 1
   5              		.fpu fpv4-sp-d16
   6              		.eabi_attribute 20, 1
   7              		.eabi_attribute 21, 1
   8              		.eabi_attribute 23, 3
   9              		.eabi_attribute 24, 1
  10              		.eabi_attribute 25, 1
  11              		.eabi_attribute 26, 1
  12              		.eabi_attribute 30, 2
  13              		.eabi_attribute 34, 1
  14              		.eabi_attribute 18, 4
  15              		.thumb
  16              		.file	"hal_lld.c"
  17              		.text
  18              	.Ltext0:
  19              		.cfi_sections	.debug_frame
  20              		.section	.text.hal_lld_init,"ax",%progbits
  21              		.align	2
  22              		.p2align 4,,15
  23              		.global	hal_lld_init
  24              		.thumb
  25              		.thumb_func
  26              		.type	hal_lld_init, %function
  27              	hal_lld_init:
  28              	.LFB269:
  29              		.file 1 "ChibiOS_16.1.4/os/hal/ports/STM32/STM32F4xx/hal_lld.c"
  30              		.loc 1 114 0
  31              		.cfi_startproc
  32              		@ args = 0, pretend = 0, frame = 0
  33              		@ frame_needed = 0, uses_anonymous_args = 0
  34              		@ link register save eliminated.
  35              		.loc 1 118 0
  36 0000 174B     		ldr	r3, .L8
  37 0002 4FF0FF31 		mov	r1, #-1
  38 0006 1A69     		ldr	r2, [r3, #16]
  39 0008 0022     		movs	r2, #0
  40              		.loc 1 114 0
  41 000a 10B4     		push	{r4}
  42              		.cfi_def_cfa_offset 4
  43              		.cfi_offset 4, -4
  44              		.loc 1 118 0
  45 000c 1961     		str	r1, [r3, #16]
  46 000e 1A61     		str	r2, [r3, #16]
  47              		.loc 1 119 0
  48 0010 5869     		ldr	r0, [r3, #20]
  49 0012 5961     		str	r1, [r3, #20]
  50 0014 5A61     		str	r2, [r3, #20]
  51              		.loc 1 120 0
  52 0016 186A     		ldr	r0, [r3, #32]
  53              	.LBB4:
  54              	.LBB5:
  55              		.loc 1 57 0
  56 0018 124C     		ldr	r4, .L8+4
  57              	.LBE5:
ARM GAS  /var/folders/m4/4md61f0s1_g0rzfghffqnxvr0000gn/T//ccGtFtVa.s 			page 2


  58              	.LBE4:
  59              		.loc 1 120 0
  60 001a 60F08050 		orn	r0, r0, #268435456
  61 001e 1862     		str	r0, [r3, #32]
  62 0020 1A62     		str	r2, [r3, #32]
  63              		.loc 1 121 0
  64 0022 586A     		ldr	r0, [r3, #36]
  65 0024 5962     		str	r1, [r3, #36]
  66 0026 5A62     		str	r2, [r3, #36]
  67              		.loc 1 124 0
  68 0028 196C     		ldr	r1, [r3, #64]
  69 002a 41F08051 		orr	r1, r1, #268435456
  70 002e 1964     		str	r1, [r3, #64]
  71              	.LBB8:
  72              	.LBB6:
  73              		.loc 1 57 0
  74 0030 2168     		ldr	r1, [r4]
  75 0032 41F48071 		orr	r1, r1, #256
  76 0036 2160     		str	r1, [r4]
  77              		.loc 1 60 0
  78 0038 196F     		ldr	r1, [r3, #112]
  79 003a 01F44071 		and	r1, r1, #768
  80 003e B1F5007F 		cmp	r1, #512
  81 0042 03D0     		beq	.L2
  82              		.loc 1 62 0
  83 0044 4FF48031 		mov	r1, #65536
  84 0048 1967     		str	r1, [r3, #112]
  85              		.loc 1 63 0
  86 004a 1A67     		str	r2, [r3, #112]
  87              	.L2:
  88              		.loc 1 97 0
  89 004c 054A     		ldr	r2, .L8+4
  90              	.LBE6:
  91              	.LBE8:
  92              		.loc 1 137 0
  93 004e 5DF8044B 		ldr	r4, [sp], #4
  94              		.cfi_restore 4
  95              		.cfi_def_cfa_offset 0
  96              	.LBB9:
  97              	.LBB7:
  98              		.loc 1 97 0
  99 0052 5368     		ldr	r3, [r2, #4]
 100 0054 23F40073 		bic	r3, r3, #512
 101 0058 5360     		str	r3, [r2, #4]
 102              	.LBE7:
 103              	.LBE9:
 104              		.loc 1 130 0
 105 005a FFF7FEBF 		b	dmaInit
 106              	.LVL0:
 107              	.L9:
 108 005e 00BF     		.align	2
 109              	.L8:
 110 0060 00380240 		.word	1073887232
 111 0064 00700040 		.word	1073770496
 112              		.cfi_endproc
 113              	.LFE269:
 114              		.size	hal_lld_init, .-hal_lld_init
ARM GAS  /var/folders/m4/4md61f0s1_g0rzfghffqnxvr0000gn/T//ccGtFtVa.s 			page 3


 115              		.section	.text.stm32_clock_init,"ax",%progbits
 116              		.align	2
 117              		.p2align 4,,15
 118              		.global	stm32_clock_init
 119              		.thumb
 120              		.thumb_func
 121              		.type	stm32_clock_init, %function
 122              	stm32_clock_init:
 123              	.LFB270:
 124              		.loc 1 146 0
 125              		.cfi_startproc
 126              		@ args = 0, pretend = 0, frame = 0
 127              		@ frame_needed = 0, uses_anonymous_args = 0
 128              		@ link register save eliminated.
 129              		.loc 1 150 0
 130 0000 2C49     		ldr	r1, .L31
 131              		.loc 1 154 0
 132 0002 2D4B     		ldr	r3, .L31+4
 133              		.loc 1 150 0
 134 0004 4FF08050 		mov	r0, #268435456
 135              		.loc 1 154 0
 136 0008 4FF44042 		mov	r2, #49152
 137              		.loc 1 150 0
 138 000c 0864     		str	r0, [r1, #64]
 139              		.loc 1 154 0
 140 000e 1A60     		str	r2, [r3]
 141              		.loc 1 161 0
 142 0010 0B68     		ldr	r3, [r1]
 143 0012 43F00103 		orr	r3, r3, #1
 144 0016 0B60     		str	r3, [r1]
 145              	.L11:
 146              		.loc 1 162 0 discriminator 1
 147 0018 0A68     		ldr	r2, [r1]
 148 001a 264B     		ldr	r3, .L31
 149 001c 9007     		lsls	r0, r2, #30
 150 001e FBD5     		bpl	.L11
 151              		.loc 1 168 0
 152 0020 9A68     		ldr	r2, [r3, #8]
 153 0022 22F00302 		bic	r2, r2, #3
 154 0026 9A60     		str	r2, [r3, #8]
 155              		.loc 1 169 0
 156 0028 9A68     		ldr	r2, [r3, #8]
 157 002a 9A60     		str	r2, [r3, #8]
 158              		.loc 1 170 0
 159 002c 1946     		mov	r1, r3
 160              	.L12:
 161              		.loc 1 170 0 is_stmt 0 discriminator 1
 162 002e 8B68     		ldr	r3, [r1, #8]
 163 0030 204A     		ldr	r2, .L31
 164 0032 13F00C03 		ands	r3, r3, #12
 165 0036 FAD1     		bne	.L12
 166              		.loc 1 174 0 is_stmt 1
 167 0038 1168     		ldr	r1, [r2]
 168 003a 01F0F901 		and	r1, r1, #249
 169 003e 1160     		str	r1, [r2]
 170              		.loc 1 175 0
 171 0040 9360     		str	r3, [r2, #8]
ARM GAS  /var/folders/m4/4md61f0s1_g0rzfghffqnxvr0000gn/T//ccGtFtVa.s 			page 4


 172              		.loc 1 184 0
 173 0042 1368     		ldr	r3, [r2]
 174 0044 43F48033 		orr	r3, r3, #65536
 175 0048 1360     		str	r3, [r2]
 176              	.L13:
 177              		.loc 1 186 0 discriminator 1
 178 004a 1168     		ldr	r1, [r2]
 179 004c 194B     		ldr	r3, .L31
 180 004e 8903     		lsls	r1, r1, #14
 181 0050 FBD5     		bpl	.L13
 182              		.loc 1 192 0
 183 0052 5A6F     		ldr	r2, [r3, #116]
 184 0054 42F00102 		orr	r2, r2, #1
 185 0058 5A67     		str	r2, [r3, #116]
 186              	.L14:
 187              		.loc 1 193 0 discriminator 1
 188 005a 5A6F     		ldr	r2, [r3, #116]
 189 005c 1549     		ldr	r1, .L31
 190 005e 9007     		lsls	r0, r2, #30
 191 0060 FBD5     		bpl	.L14
 192              		.loc 1 199 0
 193 0062 164B     		ldr	r3, .L31+8
 194 0064 4B60     		str	r3, [r1, #4]
 195              		.loc 1 201 0
 196 0066 0B68     		ldr	r3, [r1]
 197              		.loc 1 205 0
 198 0068 134A     		ldr	r2, .L31+4
 199              		.loc 1 201 0
 200 006a 43F08073 		orr	r3, r3, #16777216
 201 006e 0B60     		str	r3, [r1]
 202              	.L15:
 203              		.loc 1 205 0 discriminator 1
 204 0070 5368     		ldr	r3, [r2, #4]
 205 0072 5904     		lsls	r1, r3, #17
 206 0074 FCD5     		bpl	.L15
 207              		.loc 1 221 0 discriminator 1
 208 0076 0F49     		ldr	r1, .L31
 209              	.L25:
 210 0078 0A68     		ldr	r2, [r1]
 211 007a 0E4B     		ldr	r3, .L31
 212 007c 9201     		lsls	r2, r2, #6
 213 007e FBD5     		bpl	.L25
 214              		.loc 1 261 0
 215 0080 0F4A     		ldr	r2, .L31+12
 216              		.loc 1 247 0
 217 0082 1049     		ldr	r1, .L31+16
 218 0084 9960     		str	r1, [r3, #8]
 219              		.loc 1 261 0
 220 0086 40F20571 		movw	r1, #1797
 221 008a 1160     		str	r1, [r2]
 222              		.loc 1 267 0
 223 008c 9A68     		ldr	r2, [r3, #8]
 224 008e 42F00202 		orr	r2, r2, #2
 225 0092 9A60     		str	r2, [r3, #8]
 226              		.loc 1 268 0
 227 0094 1A46     		mov	r2, r3
 228              	.L17:
ARM GAS  /var/folders/m4/4md61f0s1_g0rzfghffqnxvr0000gn/T//ccGtFtVa.s 			page 5


 229              		.loc 1 268 0 is_stmt 0 discriminator 1
 230 0096 9368     		ldr	r3, [r2, #8]
 231 0098 0649     		ldr	r1, .L31
 232 009a 03F00C03 		and	r3, r3, #12
 233 009e 082B     		cmp	r3, #8
 234 00a0 F9D1     		bne	.L17
 235              		.loc 1 275 0 is_stmt 1
 236 00a2 4B6C     		ldr	r3, [r1, #68]
 237 00a4 43F48043 		orr	r3, r3, #16384
 238 00a8 4B64     		str	r3, [r1, #68]
 239 00aa 4B6E     		ldr	r3, [r1, #100]
 240 00ac 43F48043 		orr	r3, r3, #16384
 241 00b0 4B66     		str	r3, [r1, #100]
 242 00b2 7047     		bx	lr
 243              	.L32:
 244              		.align	2
 245              	.L31:
 246 00b4 00380240 		.word	1073887232
 247 00b8 00700040 		.word	1073770496
 248 00bc 08544007 		.word	121656328
 249 00c0 003C0240 		.word	1073888256
 250 00c4 00948838 		.word	948474880
 251              		.cfi_endproc
 252              	.LFE270:
 253              		.size	stm32_clock_init, .-stm32_clock_init
 254              		.global	SystemCoreClock
 255              		.section	.data.SystemCoreClock,"aw",%progbits
 256              		.align	2
 257              		.type	SystemCoreClock, %object
 258              		.size	SystemCoreClock, 4
 259              	SystemCoreClock:
 260 0000 007A030A 		.word	168000000
 261              		.text
 262              	.Letext0:
 263              		.file 2 "/usr/local/Cellar/gcc-arm-none-eabi-49/20150609/lib/gcc/arm-none-eabi/4.9.3/include/stdde
 264              		.file 3 "/usr/local/Cellar/gcc-arm-none-eabi-49/20150609/arm-none-eabi/include/machine/_default_ty
 265              		.file 4 "/usr/local/Cellar/gcc-arm-none-eabi-49/20150609/arm-none-eabi/include/sys/_stdint.h"
 266              		.file 5 "ChibiOS_16.1.4/os/rt/ports/ARMCMx/compilers/GCC/chtypes.h"
 267              		.file 6 "ChibiOS_16.1.4/os/rt/include/chsystypes.h"
 268              		.file 7 "ChibiOS_16.1.4/os/rt/include/chschd.h"
 269              		.file 8 "ChibiOS_16.1.4/os/ext/CMSIS/ST/STM32F4xx/stm32f446xx.h"
 270              		.file 9 "ChibiOS_16.1.4/os/rt/ports/ARMCMx/chcore.h"
 271              		.file 10 "ChibiOS_16.1.4/os/rt/ports/ARMCMx/chcore_v7m.h"
 272              		.file 11 "ChibiOS_16.1.4/os/rt/include/chtm.h"
 273              		.file 12 "ChibiOS_16.1.4/os/rt/include/chsem.h"
 274              		.file 13 "ChibiOS_16.1.4/os/rt/include/chmtx.h"
 275              		.file 14 "ChibiOS_16.1.4/os/ext/CMSIS/include/core_cm4.h"
 276              		.file 15 "ChibiOS_16.1.4/os/hal/ports/STM32/LLD/DMAv2/stm32_dma.h"
 277              		.section	.debug_info,"",%progbits
 278              	.Ldebug_info0:
 279 0000 1A0A0000 		.4byte	0xa1a
 280 0004 0400     		.2byte	0x4
 281 0006 00000000 		.4byte	.Ldebug_abbrev0
 282 000a 04       		.byte	0x4
 283 000b 01       		.uleb128 0x1
 284 000c 79050000 		.4byte	.LASF146
 285 0010 01       		.byte	0x1
ARM GAS  /var/folders/m4/4md61f0s1_g0rzfghffqnxvr0000gn/T//ccGtFtVa.s 			page 6


 286 0011 04040000 		.4byte	.LASF147
 287 0015 00000000 		.4byte	.LASF148
 288 0019 20000000 		.4byte	.Ldebug_ranges0+0x20
 289 001d 00000000 		.4byte	0
 290 0021 00000000 		.4byte	.Ldebug_line0
 291 0025 02       		.uleb128 0x2
 292 0026 04       		.byte	0x4
 293 0027 05       		.byte	0x5
 294 0028 696E7400 		.ascii	"int\000"
 295 002c 03       		.uleb128 0x3
 296 002d 39000000 		.4byte	.LASF2
 297 0031 02       		.byte	0x2
 298 0032 D4       		.byte	0xd4
 299 0033 37000000 		.4byte	0x37
 300 0037 04       		.uleb128 0x4
 301 0038 04       		.byte	0x4
 302 0039 07       		.byte	0x7
 303 003a F2010000 		.4byte	.LASF0
 304 003e 04       		.uleb128 0x4
 305 003f 01       		.byte	0x1
 306 0040 06       		.byte	0x6
 307 0041 08010000 		.4byte	.LASF1
 308 0045 03       		.uleb128 0x3
 309 0046 50000000 		.4byte	.LASF3
 310 004a 03       		.byte	0x3
 311 004b 1D       		.byte	0x1d
 312 004c 50000000 		.4byte	0x50
 313 0050 04       		.uleb128 0x4
 314 0051 01       		.byte	0x1
 315 0052 08       		.byte	0x8
 316 0053 58040000 		.4byte	.LASF4
 317 0057 04       		.uleb128 0x4
 318 0058 02       		.byte	0x2
 319 0059 05       		.byte	0x5
 320 005a 70040000 		.4byte	.LASF5
 321 005e 04       		.uleb128 0x4
 322 005f 02       		.byte	0x2
 323 0060 07       		.byte	0x7
 324 0061 56020000 		.4byte	.LASF6
 325 0065 03       		.uleb128 0x3
 326 0066 DF020000 		.4byte	.LASF7
 327 006a 03       		.byte	0x3
 328 006b 3F       		.byte	0x3f
 329 006c 70000000 		.4byte	0x70
 330 0070 04       		.uleb128 0x4
 331 0071 04       		.byte	0x4
 332 0072 05       		.byte	0x5
 333 0073 71010000 		.4byte	.LASF8
 334 0077 03       		.uleb128 0x3
 335 0078 6E050000 		.4byte	.LASF9
 336 007c 03       		.byte	0x3
 337 007d 41       		.byte	0x41
 338 007e 82000000 		.4byte	0x82
 339 0082 04       		.uleb128 0x4
 340 0083 04       		.byte	0x4
 341 0084 07       		.byte	0x7
 342 0085 20050000 		.4byte	.LASF10
ARM GAS  /var/folders/m4/4md61f0s1_g0rzfghffqnxvr0000gn/T//ccGtFtVa.s 			page 7


 343 0089 04       		.uleb128 0x4
 344 008a 08       		.byte	0x8
 345 008b 05       		.byte	0x5
 346 008c FA000000 		.4byte	.LASF11
 347 0090 03       		.uleb128 0x3
 348 0091 9B030000 		.4byte	.LASF12
 349 0095 03       		.byte	0x3
 350 0096 5B       		.byte	0x5b
 351 0097 9B000000 		.4byte	0x9b
 352 009b 04       		.uleb128 0x4
 353 009c 08       		.byte	0x8
 354 009d 07       		.byte	0x7
 355 009e 82000000 		.4byte	.LASF13
 356 00a2 03       		.uleb128 0x3
 357 00a3 24070000 		.4byte	.LASF14
 358 00a7 04       		.byte	0x4
 359 00a8 14       		.byte	0x14
 360 00a9 45000000 		.4byte	0x45
 361 00ad 03       		.uleb128 0x3
 362 00ae 50040000 		.4byte	.LASF15
 363 00b2 04       		.byte	0x4
 364 00b3 1F       		.byte	0x1f
 365 00b4 65000000 		.4byte	0x65
 366 00b8 03       		.uleb128 0x3
 367 00b9 F0040000 		.4byte	.LASF16
 368 00bd 04       		.byte	0x4
 369 00be 20       		.byte	0x20
 370 00bf 77000000 		.4byte	0x77
 371 00c3 03       		.uleb128 0x3
 372 00c4 47000000 		.4byte	.LASF17
 373 00c8 04       		.byte	0x4
 374 00c9 26       		.byte	0x26
 375 00ca 90000000 		.4byte	0x90
 376 00ce 03       		.uleb128 0x3
 377 00cf DB060000 		.4byte	.LASF18
 378 00d3 05       		.byte	0x5
 379 00d4 39       		.byte	0x39
 380 00d5 B8000000 		.4byte	0xb8
 381 00d9 03       		.uleb128 0x3
 382 00da B3020000 		.4byte	.LASF19
 383 00de 05       		.byte	0x5
 384 00df 3C       		.byte	0x3c
 385 00e0 A2000000 		.4byte	0xa2
 386 00e4 03       		.uleb128 0x3
 387 00e5 8D010000 		.4byte	.LASF20
 388 00e9 05       		.byte	0x5
 389 00ea 3D       		.byte	0x3d
 390 00eb A2000000 		.4byte	0xa2
 391 00ef 03       		.uleb128 0x3
 392 00f0 B1030000 		.4byte	.LASF21
 393 00f4 05       		.byte	0x5
 394 00f5 3E       		.byte	0x3e
 395 00f6 A2000000 		.4byte	0xa2
 396 00fa 03       		.uleb128 0x3
 397 00fb 57010000 		.4byte	.LASF22
 398 00ff 05       		.byte	0x5
 399 0100 3F       		.byte	0x3f
ARM GAS  /var/folders/m4/4md61f0s1_g0rzfghffqnxvr0000gn/T//ccGtFtVa.s 			page 8


 400 0101 A2000000 		.4byte	0xa2
 401 0105 03       		.uleb128 0x3
 402 0106 FC030000 		.4byte	.LASF23
 403 010a 05       		.byte	0x5
 404 010b 40       		.byte	0x40
 405 010c B8000000 		.4byte	0xb8
 406 0110 03       		.uleb128 0x3
 407 0111 7E020000 		.4byte	.LASF24
 408 0115 05       		.byte	0x5
 409 0116 41       		.byte	0x41
 410 0117 AD000000 		.4byte	0xad
 411 011b 03       		.uleb128 0x3
 412 011c D3020000 		.4byte	.LASF25
 413 0120 05       		.byte	0x5
 414 0121 43       		.byte	0x43
 415 0122 B8000000 		.4byte	0xb8
 416 0126 03       		.uleb128 0x3
 417 0127 EC010000 		.4byte	.LASF26
 418 012b 05       		.byte	0x5
 419 012c 45       		.byte	0x45
 420 012d AD000000 		.4byte	0xad
 421 0131 03       		.uleb128 0x3
 422 0132 50050000 		.4byte	.LASF27
 423 0136 06       		.byte	0x6
 424 0137 33       		.byte	0x33
 425 0138 B8000000 		.4byte	0xb8
 426 013c 03       		.uleb128 0x3
 427 013d 40050000 		.4byte	.LASF28
 428 0141 06       		.byte	0x6
 429 0142 3F       		.byte	0x3f
 430 0143 47010000 		.4byte	0x147
 431 0147 05       		.uleb128 0x5
 432 0148 69020000 		.4byte	.LASF50
 433 014c 48       		.byte	0x48
 434 014d 07       		.byte	0x7
 435 014e C2       		.byte	0xc2
 436 014f 4C020000 		.4byte	0x24c
 437 0153 06       		.uleb128 0x6
 438 0154 50030000 		.4byte	.LASF29
 439 0158 07       		.byte	0x7
 440 0159 C3       		.byte	0xc3
 441 015a 57020000 		.4byte	0x257
 442 015e 00       		.byte	0
 443 015f 06       		.uleb128 0x6
 444 0160 EB030000 		.4byte	.LASF30
 445 0164 07       		.byte	0x7
 446 0165 C5       		.byte	0xc5
 447 0166 57020000 		.4byte	0x257
 448 016a 04       		.byte	0x4
 449 016b 06       		.uleb128 0x6
 450 016c EB000000 		.4byte	.LASF31
 451 0170 07       		.byte	0x7
 452 0171 C7       		.byte	0xc7
 453 0172 05010000 		.4byte	0x105
 454 0176 08       		.byte	0x8
 455 0177 06       		.uleb128 0x6
 456 0178 5D070000 		.4byte	.LASF32
ARM GAS  /var/folders/m4/4md61f0s1_g0rzfghffqnxvr0000gn/T//ccGtFtVa.s 			page 9


 457 017c 07       		.byte	0x7
 458 017d C8       		.byte	0xc8
 459 017e 09070000 		.4byte	0x709
 460 0182 0C       		.byte	0xc
 461 0183 06       		.uleb128 0x6
 462 0184 96010000 		.4byte	.LASF33
 463 0188 07       		.byte	0x7
 464 0189 CA       		.byte	0xca
 465 018a 57020000 		.4byte	0x257
 466 018e 10       		.byte	0x10
 467 018f 06       		.uleb128 0x6
 468 0190 5F030000 		.4byte	.LASF34
 469 0194 07       		.byte	0x7
 470 0195 CB       		.byte	0xcb
 471 0196 57020000 		.4byte	0x257
 472 019a 14       		.byte	0x14
 473 019b 06       		.uleb128 0x6
 474 019c 33070000 		.4byte	.LASF35
 475 01a0 07       		.byte	0x7
 476 01a1 D2       		.byte	0xd2
 477 01a2 57090000 		.4byte	0x957
 478 01a6 18       		.byte	0x18
 479 01a7 06       		.uleb128 0x6
 480 01a8 7A040000 		.4byte	.LASF36
 481 01ac 07       		.byte	0x7
 482 01ad DD       		.byte	0xdd
 483 01ae E4000000 		.4byte	0xe4
 484 01b2 1C       		.byte	0x1c
 485 01b3 06       		.uleb128 0x6
 486 01b4 A4040000 		.4byte	.LASF37
 487 01b8 07       		.byte	0x7
 488 01b9 E1       		.byte	0xe1
 489 01ba D9000000 		.4byte	0xd9
 490 01be 1D       		.byte	0x1d
 491 01bf 06       		.uleb128 0x6
 492 01c0 09070000 		.4byte	.LASF38
 493 01c4 07       		.byte	0x7
 494 01c5 E6       		.byte	0xe6
 495 01c6 EF000000 		.4byte	0xef
 496 01ca 1E       		.byte	0x1e
 497 01cb 06       		.uleb128 0x6
 498 01cc 82040000 		.4byte	.LASF39
 499 01d0 07       		.byte	0x7
 500 01d1 EC       		.byte	0xec
 501 01d2 FA000000 		.4byte	0xfa
 502 01d6 1F       		.byte	0x1f
 503 01d7 06       		.uleb128 0x6
 504 01d8 17020000 		.4byte	.LASF40
 505 01dc 07       		.byte	0x7
 506 01dd F3       		.byte	0xf3
 507 01de 69090000 		.4byte	0x969
 508 01e2 20       		.byte	0x20
 509 01e3 07       		.uleb128 0x7
 510 01e4 705F7500 		.ascii	"p_u\000"
 511 01e8 07       		.byte	0x7
 512 01e9 3101     		.2byte	0x131
 513 01eb 92080000 		.4byte	0x892
ARM GAS  /var/folders/m4/4md61f0s1_g0rzfghffqnxvr0000gn/T//ccGtFtVa.s 			page 10


 514 01ef 24       		.byte	0x24
 515 01f0 08       		.uleb128 0x8
 516 01f1 13030000 		.4byte	.LASF41
 517 01f5 07       		.byte	0x7
 518 01f6 3601     		.2byte	0x136
 519 01f8 5D020000 		.4byte	0x25d
 520 01fc 28       		.byte	0x28
 521 01fd 08       		.uleb128 0x8
 522 01fe 39020000 		.4byte	.LASF42
 523 0202 07       		.byte	0x7
 524 0203 3C01     		.2byte	0x13c
 525 0205 81020000 		.4byte	0x281
 526 0209 2C       		.byte	0x2c
 527 020a 08       		.uleb128 0x8
 528 020b 4F070000 		.4byte	.LASF43
 529 020f 07       		.byte	0x7
 530 0210 4001     		.2byte	0x140
 531 0212 10010000 		.4byte	0x110
 532 0216 34       		.byte	0x34
 533 0217 08       		.uleb128 0x8
 534 0218 DB040000 		.4byte	.LASF44
 535 021c 07       		.byte	0x7
 536 021d 4601     		.2byte	0x146
 537 021f 1B010000 		.4byte	0x11b
 538 0223 38       		.byte	0x38
 539 0224 08       		.uleb128 0x8
 540 0225 66040000 		.4byte	.LASF45
 541 0229 07       		.byte	0x7
 542 022a 4D01     		.2byte	0x14d
 543 022c 51090000 		.4byte	0x951
 544 0230 3C       		.byte	0x3c
 545 0231 08       		.uleb128 0x8
 546 0232 5A050000 		.4byte	.LASF46
 547 0236 07       		.byte	0x7
 548 0237 5101     		.2byte	0x151
 549 0239 05010000 		.4byte	0x105
 550 023d 40       		.byte	0x40
 551 023e 08       		.uleb128 0x8
 552 023f 34010000 		.4byte	.LASF47
 553 0243 07       		.byte	0x7
 554 0244 5801     		.2byte	0x158
 555 0246 34030000 		.4byte	0x334
 556 024a 44       		.byte	0x44
 557 024b 00       		.byte	0
 558 024c 03       		.uleb128 0x3
 559 024d 26030000 		.4byte	.LASF48
 560 0251 06       		.byte	0x6
 561 0252 44       		.byte	0x44
 562 0253 57020000 		.4byte	0x257
 563 0257 09       		.uleb128 0x9
 564 0258 04       		.byte	0x4
 565 0259 3C010000 		.4byte	0x13c
 566 025d 03       		.uleb128 0x3
 567 025e F4020000 		.4byte	.LASF49
 568 0262 06       		.byte	0x6
 569 0263 49       		.byte	0x49
 570 0264 68020000 		.4byte	0x268
ARM GAS  /var/folders/m4/4md61f0s1_g0rzfghffqnxvr0000gn/T//ccGtFtVa.s 			page 11


 571 0268 05       		.uleb128 0x5
 572 0269 08050000 		.4byte	.LASF51
 573 026d 04       		.byte	0x4
 574 026e 07       		.byte	0x7
 575 026f B0       		.byte	0xb0
 576 0270 81020000 		.4byte	0x281
 577 0274 06       		.uleb128 0x6
 578 0275 50030000 		.4byte	.LASF29
 579 0279 07       		.byte	0x7
 580 027a B1       		.byte	0xb1
 581 027b 57020000 		.4byte	0x257
 582 027f 00       		.byte	0
 583 0280 00       		.byte	0
 584 0281 03       		.uleb128 0x3
 585 0282 F0060000 		.4byte	.LASF52
 586 0286 06       		.byte	0x6
 587 0287 50       		.byte	0x50
 588 0288 8C020000 		.4byte	0x28c
 589 028c 05       		.uleb128 0x5
 590 028d D0000000 		.4byte	.LASF53
 591 0291 08       		.byte	0x8
 592 0292 07       		.byte	0x7
 593 0293 B7       		.byte	0xb7
 594 0294 B1020000 		.4byte	0x2b1
 595 0298 06       		.uleb128 0x6
 596 0299 50030000 		.4byte	.LASF29
 597 029d 07       		.byte	0x7
 598 029e B8       		.byte	0xb8
 599 029f 57020000 		.4byte	0x257
 600 02a3 00       		.byte	0
 601 02a4 06       		.uleb128 0x6
 602 02a5 EB030000 		.4byte	.LASF30
 603 02a9 07       		.byte	0x7
 604 02aa B9       		.byte	0xb9
 605 02ab 57020000 		.4byte	0x257
 606 02af 04       		.byte	0x4
 607 02b0 00       		.byte	0
 608 02b1 03       		.uleb128 0x3
 609 02b2 2C000000 		.4byte	.LASF54
 610 02b6 06       		.byte	0x6
 611 02b7 57       		.byte	0x57
 612 02b8 BC020000 		.4byte	0x2bc
 613 02bc 0A       		.uleb128 0xa
 614 02bd C5020000 		.4byte	.LASF55
 615 02c1 1C       		.byte	0x1c
 616 02c2 07       		.byte	0x7
 617 02c3 9001     		.2byte	0x190
 618 02c5 18030000 		.4byte	0x318
 619 02c9 08       		.uleb128 0x8
 620 02ca 00050000 		.4byte	.LASF56
 621 02ce 07       		.byte	0x7
 622 02cf 9101     		.2byte	0x191
 623 02d1 81020000 		.4byte	0x281
 624 02d5 00       		.byte	0
 625 02d6 08       		.uleb128 0x8
 626 02d7 96040000 		.4byte	.LASF57
 627 02db 07       		.byte	0x7
ARM GAS  /var/folders/m4/4md61f0s1_g0rzfghffqnxvr0000gn/T//ccGtFtVa.s 			page 12


 628 02dc 9201     		.2byte	0x192
 629 02de 05010000 		.4byte	0x105
 630 02e2 08       		.byte	0x8
 631 02e3 08       		.uleb128 0x8
 632 02e4 67030000 		.4byte	.LASF58
 633 02e8 07       		.byte	0x7
 634 02e9 9401     		.2byte	0x194
 635 02eb 09070000 		.4byte	0x709
 636 02ef 0C       		.byte	0xc
 637 02f0 08       		.uleb128 0x8
 638 02f1 A6010000 		.4byte	.LASF59
 639 02f5 07       		.byte	0x7
 640 02f6 9701     		.2byte	0x197
 641 02f8 57020000 		.4byte	0x257
 642 02fc 10       		.byte	0x10
 643 02fd 08       		.uleb128 0x8
 644 02fe C6060000 		.4byte	.LASF60
 645 0302 07       		.byte	0x7
 646 0303 9801     		.2byte	0x198
 647 0305 57020000 		.4byte	0x257
 648 0309 14       		.byte	0x14
 649 030a 08       		.uleb128 0x8
 650 030b 88030000 		.4byte	.LASF61
 651 030f 07       		.byte	0x7
 652 0310 9B01     		.2byte	0x19b
 653 0312 57020000 		.4byte	0x257
 654 0316 18       		.byte	0x18
 655 0317 00       		.byte	0
 656 0318 03       		.uleb128 0x3
 657 0319 65050000 		.4byte	.LASF62
 658 031d 06       		.byte	0x6
 659 031e 5C       		.byte	0x5c
 660 031f 23030000 		.4byte	0x323
 661 0323 09       		.uleb128 0x9
 662 0324 04       		.byte	0x4
 663 0325 29030000 		.4byte	0x329
 664 0329 0B       		.uleb128 0xb
 665 032a 34030000 		.4byte	0x334
 666 032e 0C       		.uleb128 0xc
 667 032f 34030000 		.4byte	0x334
 668 0333 00       		.byte	0
 669 0334 0D       		.uleb128 0xd
 670 0335 04       		.byte	0x4
 671 0336 03       		.uleb128 0x3
 672 0337 03030000 		.4byte	.LASF63
 673 033b 06       		.byte	0x6
 674 033c 61       		.byte	0x61
 675 033d 41030000 		.4byte	0x341
 676 0341 0A       		.uleb128 0xa
 677 0342 BD040000 		.4byte	.LASF64
 678 0346 14       		.byte	0x14
 679 0347 07       		.byte	0x7
 680 0348 6B01     		.2byte	0x16b
 681 034a 90030000 		.4byte	0x390
 682 034e 08       		.uleb128 0x8
 683 034f FF010000 		.4byte	.LASF65
 684 0353 07       		.byte	0x7
ARM GAS  /var/folders/m4/4md61f0s1_g0rzfghffqnxvr0000gn/T//ccGtFtVa.s 			page 13


 685 0354 6C01     		.2byte	0x16c
 686 0356 6E090000 		.4byte	0x96e
 687 035a 00       		.byte	0
 688 035b 08       		.uleb128 0x8
 689 035c B7010000 		.4byte	.LASF66
 690 0360 07       		.byte	0x7
 691 0361 6D01     		.2byte	0x16d
 692 0363 6E090000 		.4byte	0x96e
 693 0367 04       		.byte	0x4
 694 0368 08       		.uleb128 0x8
 695 0369 30020000 		.4byte	.LASF67
 696 036d 07       		.byte	0x7
 697 036e 6E01     		.2byte	0x16e
 698 0370 31010000 		.4byte	0x131
 699 0374 08       		.byte	0x8
 700 0375 08       		.uleb128 0x8
 701 0376 63070000 		.4byte	.LASF68
 702 037a 07       		.byte	0x7
 703 037b 6F01     		.2byte	0x16f
 704 037d 18030000 		.4byte	0x318
 705 0381 0C       		.byte	0xc
 706 0382 08       		.uleb128 0x8
 707 0383 E3060000 		.4byte	.LASF69
 708 0387 07       		.byte	0x7
 709 0388 7101     		.2byte	0x171
 710 038a 34030000 		.4byte	0x334
 711 038e 10       		.byte	0x10
 712 038f 00       		.byte	0
 713 0390 03       		.uleb128 0x3
 714 0391 AD000000 		.4byte	.LASF70
 715 0395 06       		.byte	0x6
 716 0396 66       		.byte	0x66
 717 0397 9B030000 		.4byte	0x39b
 718 039b 0A       		.uleb128 0xa
 719 039c 39030000 		.4byte	.LASF71
 720 03a0 10       		.byte	0x10
 721 03a1 07       		.byte	0x7
 722 03a2 7B01     		.2byte	0x17b
 723 03a4 DD030000 		.4byte	0x3dd
 724 03a8 08       		.uleb128 0x8
 725 03a9 FF010000 		.4byte	.LASF65
 726 03ad 07       		.byte	0x7
 727 03ae 7C01     		.2byte	0x17c
 728 03b0 6E090000 		.4byte	0x96e
 729 03b4 00       		.byte	0
 730 03b5 08       		.uleb128 0x8
 731 03b6 B7010000 		.4byte	.LASF66
 732 03ba 07       		.byte	0x7
 733 03bb 7E01     		.2byte	0x17e
 734 03bd 6E090000 		.4byte	0x96e
 735 03c1 04       		.byte	0x4
 736 03c2 08       		.uleb128 0x8
 737 03c3 30020000 		.4byte	.LASF67
 738 03c7 07       		.byte	0x7
 739 03c8 8001     		.2byte	0x180
 740 03ca 31010000 		.4byte	0x131
 741 03ce 08       		.byte	0x8
ARM GAS  /var/folders/m4/4md61f0s1_g0rzfghffqnxvr0000gn/T//ccGtFtVa.s 			page 14


 742 03cf 08       		.uleb128 0x8
 743 03d0 25020000 		.4byte	.LASF72
 744 03d4 07       		.byte	0x7
 745 03d5 8201     		.2byte	0x182
 746 03d7 69090000 		.4byte	0x969
 747 03db 0C       		.byte	0xc
 748 03dc 00       		.byte	0
 749 03dd 03       		.uleb128 0x3
 750 03de 66000000 		.4byte	.LASF73
 751 03e2 06       		.byte	0x6
 752 03e3 6B       		.byte	0x6b
 753 03e4 E8030000 		.4byte	0x3e8
 754 03e8 0A       		.uleb128 0xa
 755 03e9 3A040000 		.4byte	.LASF74
 756 03ed 04       		.byte	0x4
 757 03ee 07       		.byte	0x7
 758 03ef A201     		.2byte	0x1a2
 759 03f1 03040000 		.4byte	0x403
 760 03f5 08       		.uleb128 0x8
 761 03f6 9D060000 		.4byte	.LASF75
 762 03fa 07       		.byte	0x7
 763 03fb AA01     		.2byte	0x1aa
 764 03fd 74090000 		.4byte	0x974
 765 0401 00       		.byte	0
 766 0402 00       		.byte	0
 767 0403 03       		.uleb128 0x3
 768 0404 A7020000 		.4byte	.LASF76
 769 0408 06       		.byte	0x6
 770 0409 70       		.byte	0x70
 771 040a 0E040000 		.4byte	0x40e
 772 040e 0E       		.uleb128 0xe
 773 040f 67010000 		.4byte	.LASF77
 774 0413 5802     		.2byte	0x258
 775 0415 07       		.byte	0x7
 776 0416 C201     		.2byte	0x1c2
 777 0418 6A040000 		.4byte	0x46a
 778 041c 08       		.uleb128 0x8
 779 041d 1E070000 		.4byte	.LASF78
 780 0421 07       		.byte	0x7
 781 0422 C601     		.2byte	0x1c6
 782 0424 B1020000 		.4byte	0x2b1
 783 0428 00       		.byte	0
 784 0429 08       		.uleb128 0x8
 785 042a 44010000 		.4byte	.LASF79
 786 042e 07       		.byte	0x7
 787 042f CA01     		.2byte	0x1ca
 788 0431 90030000 		.4byte	0x390
 789 0435 1C       		.byte	0x1c
 790 0436 07       		.uleb128 0x7
 791 0437 64626700 		.ascii	"dbg\000"
 792 043b 07       		.byte	0x7
 793 043c CE01     		.2byte	0x1ce
 794 043e DD030000 		.4byte	0x3dd
 795 0442 2C       		.byte	0x2c
 796 0443 08       		.uleb128 0x8
 797 0444 A2000000 		.4byte	.LASF80
 798 0448 07       		.byte	0x7
ARM GAS  /var/folders/m4/4md61f0s1_g0rzfghffqnxvr0000gn/T//ccGtFtVa.s 			page 15


 799 0449 D201     		.2byte	0x1d2
 800 044b 3C010000 		.4byte	0x13c
 801 044f 30       		.byte	0x30
 802 0450 07       		.uleb128 0x7
 803 0451 746D00   		.ascii	"tm\000"
 804 0454 07       		.byte	0x7
 805 0455 D701     		.2byte	0x1d7
 806 0457 87080000 		.4byte	0x887
 807 045b 78       		.byte	0x78
 808 045c 08       		.uleb128 0x8
 809 045d DD010000 		.4byte	.LASF81
 810 0461 07       		.byte	0x7
 811 0462 E301     		.2byte	0x1e3
 812 0464 79090000 		.4byte	0x979
 813 0468 80       		.byte	0x80
 814 0469 00       		.byte	0
 815 046a 04       		.uleb128 0x4
 816 046b 04       		.byte	0x4
 817 046c 07       		.byte	0x7
 818 046d 1D030000 		.4byte	.LASF82
 819 0471 0F       		.uleb128 0xf
 820 0472 B8000000 		.4byte	0xb8
 821 0476 10       		.uleb128 0x10
 822 0477 B8000000 		.4byte	0xb8
 823 047b 86040000 		.4byte	0x486
 824 047f 11       		.uleb128 0x11
 825 0480 6A040000 		.4byte	0x46a
 826 0484 01       		.byte	0x1
 827 0485 00       		.byte	0
 828 0486 12       		.uleb128 0x12
 829 0487 1C       		.byte	0x1c
 830 0488 08       		.byte	0x8
 831 0489 A201     		.2byte	0x1a2
 832 048b E9040000 		.4byte	0x4e9
 833 048f 07       		.uleb128 0x7
 834 0490 41435200 		.ascii	"ACR\000"
 835 0494 08       		.byte	0x8
 836 0495 A401     		.2byte	0x1a4
 837 0497 71040000 		.4byte	0x471
 838 049b 00       		.byte	0
 839 049c 08       		.uleb128 0x8
 840 049d BF010000 		.4byte	.LASF83
 841 04a1 08       		.byte	0x8
 842 04a2 A501     		.2byte	0x1a5
 843 04a4 71040000 		.4byte	0x471
 844 04a8 04       		.byte	0x4
 845 04a9 08       		.uleb128 0x8
 846 04aa 9E010000 		.4byte	.LASF84
 847 04ae 08       		.byte	0x8
 848 04af A601     		.2byte	0x1a6
 849 04b1 71040000 		.4byte	0x471
 850 04b5 08       		.byte	0x8
 851 04b6 07       		.uleb128 0x7
 852 04b7 535200   		.ascii	"SR\000"
 853 04ba 08       		.byte	0x8
 854 04bb A701     		.2byte	0x1a7
 855 04bd 71040000 		.4byte	0x471
ARM GAS  /var/folders/m4/4md61f0s1_g0rzfghffqnxvr0000gn/T//ccGtFtVa.s 			page 16


 856 04c1 0C       		.byte	0xc
 857 04c2 07       		.uleb128 0x7
 858 04c3 435200   		.ascii	"CR\000"
 859 04c6 08       		.byte	0x8
 860 04c7 A801     		.2byte	0x1a8
 861 04c9 71040000 		.4byte	0x471
 862 04cd 10       		.byte	0x10
 863 04ce 08       		.uleb128 0x8
 864 04cf 75000000 		.4byte	.LASF85
 865 04d3 08       		.byte	0x8
 866 04d4 A901     		.2byte	0x1a9
 867 04d6 71040000 		.4byte	0x471
 868 04da 14       		.byte	0x14
 869 04db 08       		.uleb128 0x8
 870 04dc 7B000000 		.4byte	.LASF86
 871 04e0 08       		.byte	0x8
 872 04e1 AA01     		.2byte	0x1aa
 873 04e3 71040000 		.4byte	0x471
 874 04e7 18       		.byte	0x18
 875 04e8 00       		.byte	0
 876 04e9 13       		.uleb128 0x13
 877 04ea 26010000 		.4byte	.LASF87
 878 04ee 08       		.byte	0x8
 879 04ef AB01     		.2byte	0x1ab
 880 04f1 86040000 		.4byte	0x486
 881 04f5 12       		.uleb128 0x12
 882 04f6 08       		.byte	0x8
 883 04f7 08       		.byte	0x8
 884 04f8 2F02     		.2byte	0x22f
 885 04fa 18050000 		.4byte	0x518
 886 04fe 07       		.uleb128 0x7
 887 04ff 435200   		.ascii	"CR\000"
 888 0502 08       		.byte	0x8
 889 0503 3102     		.2byte	0x231
 890 0505 71040000 		.4byte	0x471
 891 0509 00       		.byte	0
 892 050a 07       		.uleb128 0x7
 893 050b 43535200 		.ascii	"CSR\000"
 894 050f 08       		.byte	0x8
 895 0510 3202     		.2byte	0x232
 896 0512 71040000 		.4byte	0x471
 897 0516 04       		.byte	0x4
 898 0517 00       		.byte	0
 899 0518 13       		.uleb128 0x13
 900 0519 4B010000 		.4byte	.LASF88
 901 051d 08       		.byte	0x8
 902 051e 3302     		.2byte	0x233
 903 0520 F5040000 		.4byte	0x4f5
 904 0524 12       		.uleb128 0x12
 905 0525 98       		.byte	0x98
 906 0526 08       		.byte	0x8
 907 0527 3902     		.2byte	0x239
 908 0529 E7060000 		.4byte	0x6e7
 909 052d 07       		.uleb128 0x7
 910 052e 435200   		.ascii	"CR\000"
 911 0531 08       		.byte	0x8
 912 0532 3B02     		.2byte	0x23b
ARM GAS  /var/folders/m4/4md61f0s1_g0rzfghffqnxvr0000gn/T//ccGtFtVa.s 			page 17


 913 0534 71040000 		.4byte	0x471
 914 0538 00       		.byte	0
 915 0539 08       		.uleb128 0x8
 916 053a 84020000 		.4byte	.LASF89
 917 053e 08       		.byte	0x8
 918 053f 3C02     		.2byte	0x23c
 919 0541 71040000 		.4byte	0x471
 920 0545 04       		.byte	0x4
 921 0546 08       		.uleb128 0x8
 922 0547 42070000 		.4byte	.LASF90
 923 054b 08       		.byte	0x8
 924 054c 3D02     		.2byte	0x23d
 925 054e 71040000 		.4byte	0x471
 926 0552 08       		.byte	0x8
 927 0553 07       		.uleb128 0x7
 928 0554 43495200 		.ascii	"CIR\000"
 929 0558 08       		.byte	0x8
 930 0559 3E02     		.2byte	0x23e
 931 055b 71040000 		.4byte	0x471
 932 055f 0C       		.byte	0xc
 933 0560 08       		.uleb128 0x8
 934 0561 14010000 		.4byte	.LASF91
 935 0565 08       		.byte	0x8
 936 0566 3F02     		.2byte	0x23f
 937 0568 71040000 		.4byte	0x471
 938 056c 10       		.byte	0x10
 939 056d 08       		.uleb128 0x8
 940 056e 37050000 		.4byte	.LASF92
 941 0572 08       		.byte	0x8
 942 0573 4002     		.2byte	0x240
 943 0575 71040000 		.4byte	0x471
 944 0579 14       		.byte	0x14
 945 057a 08       		.uleb128 0x8
 946 057b B4040000 		.4byte	.LASF93
 947 057f 08       		.byte	0x8
 948 0580 4102     		.2byte	0x241
 949 0582 71040000 		.4byte	0x471
 950 0586 18       		.byte	0x18
 951 0587 08       		.uleb128 0x8
 952 0588 B9030000 		.4byte	.LASF94
 953 058c 08       		.byte	0x8
 954 058d 4202     		.2byte	0x242
 955 058f B8000000 		.4byte	0xb8
 956 0593 1C       		.byte	0x1c
 957 0594 08       		.uleb128 0x8
 958 0595 92030000 		.4byte	.LASF95
 959 0599 08       		.byte	0x8
 960 059a 4302     		.2byte	0x243
 961 059c 71040000 		.4byte	0x471
 962 05a0 20       		.byte	0x20
 963 05a1 08       		.uleb128 0x8
 964 05a2 7A010000 		.4byte	.LASF96
 965 05a6 08       		.byte	0x8
 966 05a7 4402     		.2byte	0x244
 967 05a9 71040000 		.4byte	0x471
 968 05ad 24       		.byte	0x24
 969 05ae 08       		.uleb128 0x8
ARM GAS  /var/folders/m4/4md61f0s1_g0rzfghffqnxvr0000gn/T//ccGtFtVa.s 			page 18


 970 05af C3030000 		.4byte	.LASF97
 971 05b3 08       		.byte	0x8
 972 05b4 4502     		.2byte	0x245
 973 05b6 76040000 		.4byte	0x476
 974 05ba 28       		.byte	0x28
 975 05bb 08       		.uleb128 0x8
 976 05bc 3A070000 		.4byte	.LASF98
 977 05c0 08       		.byte	0x8
 978 05c1 4602     		.2byte	0x246
 979 05c3 71040000 		.4byte	0x471
 980 05c7 30       		.byte	0x30
 981 05c8 08       		.uleb128 0x8
 982 05c9 B6060000 		.4byte	.LASF99
 983 05cd 08       		.byte	0x8
 984 05ce 4702     		.2byte	0x247
 985 05d0 71040000 		.4byte	0x471
 986 05d4 34       		.byte	0x34
 987 05d5 08       		.uleb128 0x8
 988 05d6 57030000 		.4byte	.LASF100
 989 05da 08       		.byte	0x8
 990 05db 4802     		.2byte	0x248
 991 05dd 71040000 		.4byte	0x471
 992 05e1 38       		.byte	0x38
 993 05e2 08       		.uleb128 0x8
 994 05e3 CD030000 		.4byte	.LASF101
 995 05e7 08       		.byte	0x8
 996 05e8 4902     		.2byte	0x249
 997 05ea B8000000 		.4byte	0xb8
 998 05ee 3C       		.byte	0x3c
 999 05ef 08       		.uleb128 0x8
 1000 05f0 AE060000 		.4byte	.LASF102
 1001 05f4 08       		.byte	0x8
 1002 05f5 4A02     		.2byte	0x24a
 1003 05f7 71040000 		.4byte	0x471
 1004 05fb 40       		.byte	0x40
 1005 05fc 08       		.uleb128 0x8
 1006 05fd AC040000 		.4byte	.LASF103
 1007 0601 08       		.byte	0x8
 1008 0602 4B02     		.2byte	0x24b
 1009 0604 71040000 		.4byte	0x471
 1010 0608 44       		.byte	0x44
 1011 0609 08       		.uleb128 0x8
 1012 060a D7030000 		.4byte	.LASF104
 1013 060e 08       		.byte	0x8
 1014 060f 4C02     		.2byte	0x24c
 1015 0611 76040000 		.4byte	0x476
 1016 0615 48       		.byte	0x48
 1017 0616 08       		.uleb128 0x8
 1018 0617 E1000000 		.4byte	.LASF105
 1019 061b 08       		.byte	0x8
 1020 061c 4D02     		.2byte	0x24d
 1021 061e 71040000 		.4byte	0x471
 1022 0622 50       		.byte	0x50
 1023 0623 08       		.uleb128 0x8
 1024 0624 6D030000 		.4byte	.LASF106
 1025 0628 08       		.byte	0x8
 1026 0629 4E02     		.2byte	0x24e
ARM GAS  /var/folders/m4/4md61f0s1_g0rzfghffqnxvr0000gn/T//ccGtFtVa.s 			page 19


 1027 062b 71040000 		.4byte	0x471
 1028 062f 54       		.byte	0x54
 1029 0630 08       		.uleb128 0x8
 1030 0631 8C040000 		.4byte	.LASF107
 1031 0635 08       		.byte	0x8
 1032 0636 4F02     		.2byte	0x24f
 1033 0638 71040000 		.4byte	0x471
 1034 063c 58       		.byte	0x58
 1035 063d 08       		.uleb128 0x8
 1036 063e E1030000 		.4byte	.LASF108
 1037 0642 08       		.byte	0x8
 1038 0643 5002     		.2byte	0x250
 1039 0645 B8000000 		.4byte	0xb8
 1040 0649 5C       		.byte	0x5c
 1041 064a 08       		.uleb128 0x8
 1042 064b 83010000 		.4byte	.LASF109
 1043 064f 08       		.byte	0x8
 1044 0650 5102     		.2byte	0x251
 1045 0652 71040000 		.4byte	0x471
 1046 0656 60       		.byte	0x60
 1047 0657 08       		.uleb128 0x8
 1048 0658 BB020000 		.4byte	.LASF110
 1049 065c 08       		.byte	0x8
 1050 065d 5202     		.2byte	0x252
 1051 065f 71040000 		.4byte	0x471
 1052 0663 64       		.byte	0x64
 1053 0664 08       		.uleb128 0x8
 1054 0665 E6040000 		.4byte	.LASF111
 1055 0669 08       		.byte	0x8
 1056 066a 5302     		.2byte	0x253
 1057 066c 76040000 		.4byte	0x476
 1058 0670 68       		.byte	0x68
 1059 0671 08       		.uleb128 0x8
 1060 0672 19070000 		.4byte	.LASF112
 1061 0676 08       		.byte	0x8
 1062 0677 5402     		.2byte	0x254
 1063 0679 71040000 		.4byte	0x471
 1064 067d 70       		.byte	0x70
 1065 067e 07       		.uleb128 0x7
 1066 067f 43535200 		.ascii	"CSR\000"
 1067 0683 08       		.byte	0x8
 1068 0684 5502     		.2byte	0x255
 1069 0686 71040000 		.4byte	0x471
 1070 068a 74       		.byte	0x74
 1071 068b 08       		.uleb128 0x8
 1072 068c F2030000 		.4byte	.LASF113
 1073 0690 08       		.byte	0x8
 1074 0691 5602     		.2byte	0x256
 1075 0693 76040000 		.4byte	0x476
 1076 0697 78       		.byte	0x78
 1077 0698 08       		.uleb128 0x8
 1078 0699 EA060000 		.4byte	.LASF114
 1079 069d 08       		.byte	0x8
 1080 069e 5702     		.2byte	0x257
 1081 06a0 71040000 		.4byte	0x471
 1082 06a4 80       		.byte	0x80
 1083 06a5 08       		.uleb128 0x8
ARM GAS  /var/folders/m4/4md61f0s1_g0rzfghffqnxvr0000gn/T//ccGtFtVa.s 			page 20


 1084 06a6 73020000 		.4byte	.LASF115
 1085 06aa 08       		.byte	0x8
 1086 06ab 5802     		.2byte	0x258
 1087 06ad 71040000 		.4byte	0x471
 1088 06b1 84       		.byte	0x84
 1089 06b2 08       		.uleb128 0x8
 1090 06b3 A6030000 		.4byte	.LASF116
 1091 06b7 08       		.byte	0x8
 1092 06b8 5902     		.2byte	0x259
 1093 06ba 71040000 		.4byte	0x471
 1094 06be 88       		.byte	0x88
 1095 06bf 08       		.uleb128 0x8
 1096 06c0 F2000000 		.4byte	.LASF117
 1097 06c4 08       		.byte	0x8
 1098 06c5 5A02     		.2byte	0x25a
 1099 06c7 71040000 		.4byte	0x471
 1100 06cb 8C       		.byte	0x8c
 1101 06cc 08       		.uleb128 0x8
 1102 06cd 10070000 		.4byte	.LASF118
 1103 06d1 08       		.byte	0x8
 1104 06d2 5B02     		.2byte	0x25b
 1105 06d4 71040000 		.4byte	0x471
 1106 06d8 90       		.byte	0x90
 1107 06d9 08       		.uleb128 0x8
 1108 06da 1D010000 		.4byte	.LASF119
 1109 06de 08       		.byte	0x8
 1110 06df 5C02     		.2byte	0x25c
 1111 06e1 71040000 		.4byte	0x471
 1112 06e5 94       		.byte	0x94
 1113 06e6 00       		.byte	0
 1114 06e7 13       		.uleb128 0x13
 1115 06e8 44020000 		.4byte	.LASF120
 1116 06ec 08       		.byte	0x8
 1117 06ed 5D02     		.2byte	0x25d
 1118 06ef 24050000 		.4byte	0x524
 1119 06f3 03       		.uleb128 0x3
 1120 06f4 AE010000 		.4byte	.LASF121
 1121 06f8 09       		.byte	0x9
 1122 06f9 65       		.byte	0x65
 1123 06fa 34030000 		.4byte	0x334
 1124 06fe 03       		.uleb128 0x3
 1125 06ff E9020000 		.4byte	.LASF122
 1126 0703 09       		.byte	0x9
 1127 0704 6D       		.byte	0x6d
 1128 0705 C3000000 		.4byte	0xc3
 1129 0709 05       		.uleb128 0x5
 1130 070a BE060000 		.4byte	.LASF123
 1131 070e 04       		.byte	0x4
 1132 070f 09       		.byte	0x9
 1133 0710 89       		.byte	0x89
 1134 0711 22070000 		.4byte	0x722
 1135 0715 14       		.uleb128 0x14
 1136 0716 72313300 		.ascii	"r13\000"
 1137 071a 09       		.byte	0x9
 1138 071b 8A       		.byte	0x8a
 1139 071c 6C080000 		.4byte	0x86c
 1140 0720 00       		.byte	0
ARM GAS  /var/folders/m4/4md61f0s1_g0rzfghffqnxvr0000gn/T//ccGtFtVa.s 			page 21


 1141 0721 00       		.byte	0
 1142 0722 05       		.uleb128 0x5
 1143 0723 5A000000 		.4byte	.LASF124
 1144 0727 64       		.byte	0x64
 1145 0728 0A       		.byte	0xa
 1146 0729 FD       		.byte	0xfd
 1147 072a 6C080000 		.4byte	0x86c
 1148 072e 14       		.uleb128 0x14
 1149 072f 73313600 		.ascii	"s16\000"
 1150 0733 0A       		.byte	0xa
 1151 0734 FF       		.byte	0xff
 1152 0735 F3060000 		.4byte	0x6f3
 1153 0739 00       		.byte	0
 1154 073a 07       		.uleb128 0x7
 1155 073b 73313700 		.ascii	"s17\000"
 1156 073f 0A       		.byte	0xa
 1157 0740 0001     		.2byte	0x100
 1158 0742 F3060000 		.4byte	0x6f3
 1159 0746 04       		.byte	0x4
 1160 0747 07       		.uleb128 0x7
 1161 0748 73313800 		.ascii	"s18\000"
 1162 074c 0A       		.byte	0xa
 1163 074d 0101     		.2byte	0x101
 1164 074f F3060000 		.4byte	0x6f3
 1165 0753 08       		.byte	0x8
 1166 0754 07       		.uleb128 0x7
 1167 0755 73313900 		.ascii	"s19\000"
 1168 0759 0A       		.byte	0xa
 1169 075a 0201     		.2byte	0x102
 1170 075c F3060000 		.4byte	0x6f3
 1171 0760 0C       		.byte	0xc
 1172 0761 07       		.uleb128 0x7
 1173 0762 73323000 		.ascii	"s20\000"
 1174 0766 0A       		.byte	0xa
 1175 0767 0301     		.2byte	0x103
 1176 0769 F3060000 		.4byte	0x6f3
 1177 076d 10       		.byte	0x10
 1178 076e 07       		.uleb128 0x7
 1179 076f 73323100 		.ascii	"s21\000"
 1180 0773 0A       		.byte	0xa
 1181 0774 0401     		.2byte	0x104
 1182 0776 F3060000 		.4byte	0x6f3
 1183 077a 14       		.byte	0x14
 1184 077b 07       		.uleb128 0x7
 1185 077c 73323200 		.ascii	"s22\000"
 1186 0780 0A       		.byte	0xa
 1187 0781 0501     		.2byte	0x105
 1188 0783 F3060000 		.4byte	0x6f3
 1189 0787 18       		.byte	0x18
 1190 0788 07       		.uleb128 0x7
 1191 0789 73323300 		.ascii	"s23\000"
 1192 078d 0A       		.byte	0xa
 1193 078e 0601     		.2byte	0x106
 1194 0790 F3060000 		.4byte	0x6f3
 1195 0794 1C       		.byte	0x1c
 1196 0795 07       		.uleb128 0x7
 1197 0796 73323400 		.ascii	"s24\000"
ARM GAS  /var/folders/m4/4md61f0s1_g0rzfghffqnxvr0000gn/T//ccGtFtVa.s 			page 22


 1198 079a 0A       		.byte	0xa
 1199 079b 0701     		.2byte	0x107
 1200 079d F3060000 		.4byte	0x6f3
 1201 07a1 20       		.byte	0x20
 1202 07a2 07       		.uleb128 0x7
 1203 07a3 73323500 		.ascii	"s25\000"
 1204 07a7 0A       		.byte	0xa
 1205 07a8 0801     		.2byte	0x108
 1206 07aa F3060000 		.4byte	0x6f3
 1207 07ae 24       		.byte	0x24
 1208 07af 07       		.uleb128 0x7
 1209 07b0 73323600 		.ascii	"s26\000"
 1210 07b4 0A       		.byte	0xa
 1211 07b5 0901     		.2byte	0x109
 1212 07b7 F3060000 		.4byte	0x6f3
 1213 07bb 28       		.byte	0x28
 1214 07bc 07       		.uleb128 0x7
 1215 07bd 73323700 		.ascii	"s27\000"
 1216 07c1 0A       		.byte	0xa
 1217 07c2 0A01     		.2byte	0x10a
 1218 07c4 F3060000 		.4byte	0x6f3
 1219 07c8 2C       		.byte	0x2c
 1220 07c9 07       		.uleb128 0x7
 1221 07ca 73323800 		.ascii	"s28\000"
 1222 07ce 0A       		.byte	0xa
 1223 07cf 0B01     		.2byte	0x10b
 1224 07d1 F3060000 		.4byte	0x6f3
 1225 07d5 30       		.byte	0x30
 1226 07d6 07       		.uleb128 0x7
 1227 07d7 73323900 		.ascii	"s29\000"
 1228 07db 0A       		.byte	0xa
 1229 07dc 0C01     		.2byte	0x10c
 1230 07de F3060000 		.4byte	0x6f3
 1231 07e2 34       		.byte	0x34
 1232 07e3 07       		.uleb128 0x7
 1233 07e4 73333000 		.ascii	"s30\000"
 1234 07e8 0A       		.byte	0xa
 1235 07e9 0D01     		.2byte	0x10d
 1236 07eb F3060000 		.4byte	0x6f3
 1237 07ef 38       		.byte	0x38
 1238 07f0 07       		.uleb128 0x7
 1239 07f1 73333100 		.ascii	"s31\000"
 1240 07f5 0A       		.byte	0xa
 1241 07f6 0E01     		.2byte	0x10e
 1242 07f8 F3060000 		.4byte	0x6f3
 1243 07fc 3C       		.byte	0x3c
 1244 07fd 07       		.uleb128 0x7
 1245 07fe 723400   		.ascii	"r4\000"
 1246 0801 0A       		.byte	0xa
 1247 0802 1001     		.2byte	0x110
 1248 0804 F3060000 		.4byte	0x6f3
 1249 0808 40       		.byte	0x40
 1250 0809 07       		.uleb128 0x7
 1251 080a 723500   		.ascii	"r5\000"
 1252 080d 0A       		.byte	0xa
 1253 080e 1101     		.2byte	0x111
 1254 0810 F3060000 		.4byte	0x6f3
ARM GAS  /var/folders/m4/4md61f0s1_g0rzfghffqnxvr0000gn/T//ccGtFtVa.s 			page 23


 1255 0814 44       		.byte	0x44
 1256 0815 07       		.uleb128 0x7
 1257 0816 723600   		.ascii	"r6\000"
 1258 0819 0A       		.byte	0xa
 1259 081a 1201     		.2byte	0x112
 1260 081c F3060000 		.4byte	0x6f3
 1261 0820 48       		.byte	0x48
 1262 0821 07       		.uleb128 0x7
 1263 0822 723700   		.ascii	"r7\000"
 1264 0825 0A       		.byte	0xa
 1265 0826 1301     		.2byte	0x113
 1266 0828 F3060000 		.4byte	0x6f3
 1267 082c 4C       		.byte	0x4c
 1268 082d 07       		.uleb128 0x7
 1269 082e 723800   		.ascii	"r8\000"
 1270 0831 0A       		.byte	0xa
 1271 0832 1401     		.2byte	0x114
 1272 0834 F3060000 		.4byte	0x6f3
 1273 0838 50       		.byte	0x50
 1274 0839 07       		.uleb128 0x7
 1275 083a 723900   		.ascii	"r9\000"
 1276 083d 0A       		.byte	0xa
 1277 083e 1501     		.2byte	0x115
 1278 0840 F3060000 		.4byte	0x6f3
 1279 0844 54       		.byte	0x54
 1280 0845 07       		.uleb128 0x7
 1281 0846 72313000 		.ascii	"r10\000"
 1282 084a 0A       		.byte	0xa
 1283 084b 1601     		.2byte	0x116
 1284 084d F3060000 		.4byte	0x6f3
 1285 0851 58       		.byte	0x58
 1286 0852 07       		.uleb128 0x7
 1287 0853 72313100 		.ascii	"r11\000"
 1288 0857 0A       		.byte	0xa
 1289 0858 1701     		.2byte	0x117
 1290 085a F3060000 		.4byte	0x6f3
 1291 085e 5C       		.byte	0x5c
 1292 085f 07       		.uleb128 0x7
 1293 0860 6C7200   		.ascii	"lr\000"
 1294 0863 0A       		.byte	0xa
 1295 0864 1801     		.2byte	0x118
 1296 0866 F3060000 		.4byte	0x6f3
 1297 086a 60       		.byte	0x60
 1298 086b 00       		.byte	0
 1299 086c 09       		.uleb128 0x9
 1300 086d 04       		.byte	0x4
 1301 086e 22070000 		.4byte	0x722
 1302 0872 15       		.uleb128 0x15
 1303 0873 04       		.byte	0x4
 1304 0874 0B       		.byte	0xb
 1305 0875 38       		.byte	0x38
 1306 0876 87080000 		.4byte	0x887
 1307 087a 06       		.uleb128 0x6
 1308 087b A7060000 		.4byte	.LASF125
 1309 087f 0B       		.byte	0xb
 1310 0880 3C       		.byte	0x3c
 1311 0881 CE000000 		.4byte	0xce
ARM GAS  /var/folders/m4/4md61f0s1_g0rzfghffqnxvr0000gn/T//ccGtFtVa.s 			page 24


 1312 0885 00       		.byte	0
 1313 0886 00       		.byte	0
 1314 0887 03       		.uleb128 0x3
 1315 0888 77030000 		.4byte	.LASF126
 1316 088c 0B       		.byte	0xb
 1317 088d 3D       		.byte	0x3d
 1318 088e 72080000 		.4byte	0x872
 1319 0892 16       		.uleb128 0x16
 1320 0893 04       		.byte	0x4
 1321 0894 07       		.byte	0x7
 1322 0895 FA       		.byte	0xfa
 1323 0896 EF080000 		.4byte	0x8ef
 1324 089a 17       		.uleb128 0x17
 1325 089b 40000000 		.4byte	.LASF127
 1326 089f 07       		.byte	0x7
 1327 08a0 0101     		.2byte	0x101
 1328 08a2 10010000 		.4byte	0x110
 1329 08a6 17       		.uleb128 0x17
 1330 08a7 99000000 		.4byte	.LASF128
 1331 08ab 07       		.byte	0x7
 1332 08ac 0801     		.2byte	0x108
 1333 08ae 10010000 		.4byte	0x110
 1334 08b2 17       		.uleb128 0x17
 1335 08b3 2C070000 		.4byte	.LASF129
 1336 08b7 07       		.byte	0x7
 1337 08b8 0F01     		.2byte	0x10f
 1338 08ba 34030000 		.4byte	0x334
 1339 08be 17       		.uleb128 0x17
 1340 08bf 61010000 		.4byte	.LASF130
 1341 08c3 07       		.byte	0x7
 1342 08c4 1601     		.2byte	0x116
 1343 08c6 EF080000 		.4byte	0x8ef
 1344 08ca 17       		.uleb128 0x17
 1345 08cb 1E020000 		.4byte	.LASF131
 1346 08cf 07       		.byte	0x7
 1347 08d0 1E01     		.2byte	0x11e
 1348 08d2 1A090000 		.4byte	0x91a
 1349 08d6 17       		.uleb128 0x17
 1350 08d7 F9040000 		.4byte	.LASF132
 1351 08db 07       		.byte	0x7
 1352 08dc 2701     		.2byte	0x127
 1353 08de 51090000 		.4byte	0x951
 1354 08e2 17       		.uleb128 0x17
 1355 08e3 9D040000 		.4byte	.LASF133
 1356 08e7 07       		.byte	0x7
 1357 08e8 2F01     		.2byte	0x12f
 1358 08ea 1B010000 		.4byte	0x11b
 1359 08ee 00       		.byte	0
 1360 08ef 09       		.uleb128 0x9
 1361 08f0 04       		.byte	0x4
 1362 08f1 4C020000 		.4byte	0x24c
 1363 08f5 05       		.uleb128 0x5
 1364 08f6 CE040000 		.4byte	.LASF134
 1365 08fa 0C       		.byte	0xc
 1366 08fb 0C       		.byte	0xc
 1367 08fc 34       		.byte	0x34
 1368 08fd 1A090000 		.4byte	0x91a
ARM GAS  /var/folders/m4/4md61f0s1_g0rzfghffqnxvr0000gn/T//ccGtFtVa.s 			page 25


 1369 0901 06       		.uleb128 0x6
 1370 0902 47070000 		.4byte	.LASF135
 1371 0906 0C       		.byte	0xc
 1372 0907 35       		.byte	0x35
 1373 0908 81020000 		.4byte	0x281
 1374 090c 00       		.byte	0
 1375 090d 06       		.uleb128 0x6
 1376 090e 50020000 		.4byte	.LASF136
 1377 0912 0C       		.byte	0xc
 1378 0913 37       		.byte	0x37
 1379 0914 26010000 		.4byte	0x126
 1380 0918 08       		.byte	0x8
 1381 0919 00       		.byte	0
 1382 091a 09       		.uleb128 0x9
 1383 091b 04       		.byte	0x4
 1384 091c F5080000 		.4byte	0x8f5
 1385 0920 05       		.uleb128 0x5
 1386 0921 00070000 		.4byte	.LASF137
 1387 0925 10       		.byte	0x10
 1388 0926 0D       		.byte	0xd
 1389 0927 39       		.byte	0x39
 1390 0928 51090000 		.4byte	0x951
 1391 092c 06       		.uleb128 0x6
 1392 092d 3C010000 		.4byte	.LASF138
 1393 0931 0D       		.byte	0xd
 1394 0932 3A       		.byte	0x3a
 1395 0933 81020000 		.4byte	0x281
 1396 0937 00       		.byte	0
 1397 0938 06       		.uleb128 0x6
 1398 0939 55070000 		.4byte	.LASF139
 1399 093d 0D       		.byte	0xd
 1400 093e 3C       		.byte	0x3c
 1401 093f 57020000 		.4byte	0x257
 1402 0943 08       		.byte	0x8
 1403 0944 06       		.uleb128 0x6
 1404 0945 49050000 		.4byte	.LASF140
 1405 0949 0D       		.byte	0xd
 1406 094a 3E       		.byte	0x3e
 1407 094b 94090000 		.4byte	0x994
 1408 094f 0C       		.byte	0xc
 1409 0950 00       		.byte	0
 1410 0951 09       		.uleb128 0x9
 1411 0952 04       		.byte	0x4
 1412 0953 20090000 		.4byte	0x920
 1413 0957 09       		.uleb128 0x9
 1414 0958 04       		.byte	0x4
 1415 0959 5D090000 		.4byte	0x95d
 1416 095d 18       		.uleb128 0x18
 1417 095e 62090000 		.4byte	0x962
 1418 0962 04       		.uleb128 0x4
 1419 0963 01       		.byte	0x1
 1420 0964 08       		.byte	0x8
 1421 0965 32050000 		.4byte	.LASF141
 1422 0969 0F       		.uleb128 0xf
 1423 096a 31010000 		.4byte	0x131
 1424 096e 09       		.uleb128 0x9
 1425 096f 04       		.byte	0x4
ARM GAS  /var/folders/m4/4md61f0s1_g0rzfghffqnxvr0000gn/T//ccGtFtVa.s 			page 26


 1426 0970 36030000 		.4byte	0x336
 1427 0974 0F       		.uleb128 0xf
 1428 0975 57090000 		.4byte	0x957
 1429 0979 10       		.uleb128 0x10
 1430 097a FE060000 		.4byte	0x6fe
 1431 097e 89090000 		.4byte	0x989
 1432 0982 11       		.uleb128 0x11
 1433 0983 6A040000 		.4byte	0x46a
 1434 0987 3A       		.byte	0x3a
 1435 0988 00       		.byte	0
 1436 0989 03       		.uleb128 0x3
 1437 098a D5010000 		.4byte	.LASF142
 1438 098e 0D       		.byte	0xd
 1439 098f 34       		.byte	0x34
 1440 0990 20090000 		.4byte	0x920
 1441 0994 09       		.uleb128 0x9
 1442 0995 04       		.byte	0x4
 1443 0996 89090000 		.4byte	0x989
 1444 099a 04       		.uleb128 0x4
 1445 099b 01       		.byte	0x1
 1446 099c 02       		.byte	0x2
 1447 099d 4A040000 		.4byte	.LASF143
 1448 09a1 19       		.uleb128 0x19
 1449 09a2 8C020000 		.4byte	.LASF149
 1450 09a6 01       		.byte	0x1
 1451 09a7 36       		.byte	0x36
 1452 09a8 01       		.byte	0x1
 1453 09a9 1A       		.uleb128 0x1a
 1454 09aa CE060000 		.4byte	.LASF150
 1455 09ae 01       		.byte	0x1
 1456 09af 72       		.byte	0x72
 1457 09b0 00000000 		.4byte	.LFB269
 1458 09b4 68000000 		.4byte	.LFE269-.LFB269
 1459 09b8 01       		.uleb128 0x1
 1460 09b9 9C       		.byte	0x9c
 1461 09ba D7090000 		.4byte	0x9d7
 1462 09be 1B       		.uleb128 0x1b
 1463 09bf A1090000 		.4byte	0x9a1
 1464 09c3 18000000 		.4byte	.LBB4
 1465 09c7 00000000 		.4byte	.Ldebug_ranges0+0
 1466 09cb 01       		.byte	0x1
 1467 09cc 7F       		.byte	0x7f
 1468 09cd 1C       		.uleb128 0x1c
 1469 09ce 5E000000 		.4byte	.LVL0
 1470 09d2 150A0000 		.4byte	0xa15
 1471 09d6 00       		.byte	0
 1472 09d7 1D       		.uleb128 0x1d
 1473 09d8 C4010000 		.4byte	.LASF151
 1474 09dc 01       		.byte	0x1
 1475 09dd 92       		.byte	0x92
 1476 09de 00000000 		.4byte	.LFB270
 1477 09e2 C8000000 		.4byte	.LFE270-.LFB270
 1478 09e6 01       		.uleb128 0x1
 1479 09e7 9C       		.byte	0x9c
 1480 09e8 1E       		.uleb128 0x1e
 1481 09e9 C3000000 		.4byte	.LASF144
 1482 09ed 0E       		.byte	0xe
ARM GAS  /var/folders/m4/4md61f0s1_g0rzfghffqnxvr0000gn/T//ccGtFtVa.s 			page 27


 1483 09ee FA06     		.2byte	0x6fa
 1484 09f0 F4090000 		.4byte	0x9f4
 1485 09f4 0F       		.uleb128 0xf
 1486 09f5 AD000000 		.4byte	0xad
 1487 09f9 1F       		.uleb128 0x1f
 1488 09fa 07020000 		.4byte	.LASF145
 1489 09fe 01       		.byte	0x1
 1490 09ff 27       		.byte	0x27
 1491 0a00 B8000000 		.4byte	0xb8
 1492 0a04 05       		.uleb128 0x5
 1493 0a05 03       		.byte	0x3
 1494 0a06 00000000 		.4byte	SystemCoreClock
 1495 0a0a 20       		.uleb128 0x20
 1496 0a0b 636800   		.ascii	"ch\000"
 1497 0a0e 07       		.byte	0x7
 1498 0a0f 0902     		.2byte	0x209
 1499 0a11 03040000 		.4byte	0x403
 1500 0a15 21       		.uleb128 0x21
 1501 0a16 18050000 		.4byte	.LASF152
 1502 0a1a 0F       		.byte	0xf
 1503 0a1b 9802     		.2byte	0x298
 1504 0a1d 00       		.byte	0
 1505              		.section	.debug_abbrev,"",%progbits
 1506              	.Ldebug_abbrev0:
 1507 0000 01       		.uleb128 0x1
 1508 0001 11       		.uleb128 0x11
 1509 0002 01       		.byte	0x1
 1510 0003 25       		.uleb128 0x25
 1511 0004 0E       		.uleb128 0xe
 1512 0005 13       		.uleb128 0x13
 1513 0006 0B       		.uleb128 0xb
 1514 0007 03       		.uleb128 0x3
 1515 0008 0E       		.uleb128 0xe
 1516 0009 1B       		.uleb128 0x1b
 1517 000a 0E       		.uleb128 0xe
 1518 000b 55       		.uleb128 0x55
 1519 000c 17       		.uleb128 0x17
 1520 000d 11       		.uleb128 0x11
 1521 000e 01       		.uleb128 0x1
 1522 000f 10       		.uleb128 0x10
 1523 0010 17       		.uleb128 0x17
 1524 0011 00       		.byte	0
 1525 0012 00       		.byte	0
 1526 0013 02       		.uleb128 0x2
 1527 0014 24       		.uleb128 0x24
 1528 0015 00       		.byte	0
 1529 0016 0B       		.uleb128 0xb
 1530 0017 0B       		.uleb128 0xb
 1531 0018 3E       		.uleb128 0x3e
 1532 0019 0B       		.uleb128 0xb
 1533 001a 03       		.uleb128 0x3
 1534 001b 08       		.uleb128 0x8
 1535 001c 00       		.byte	0
 1536 001d 00       		.byte	0
 1537 001e 03       		.uleb128 0x3
 1538 001f 16       		.uleb128 0x16
 1539 0020 00       		.byte	0
ARM GAS  /var/folders/m4/4md61f0s1_g0rzfghffqnxvr0000gn/T//ccGtFtVa.s 			page 28


 1540 0021 03       		.uleb128 0x3
 1541 0022 0E       		.uleb128 0xe
 1542 0023 3A       		.uleb128 0x3a
 1543 0024 0B       		.uleb128 0xb
 1544 0025 3B       		.uleb128 0x3b
 1545 0026 0B       		.uleb128 0xb
 1546 0027 49       		.uleb128 0x49
 1547 0028 13       		.uleb128 0x13
 1548 0029 00       		.byte	0
 1549 002a 00       		.byte	0
 1550 002b 04       		.uleb128 0x4
 1551 002c 24       		.uleb128 0x24
 1552 002d 00       		.byte	0
 1553 002e 0B       		.uleb128 0xb
 1554 002f 0B       		.uleb128 0xb
 1555 0030 3E       		.uleb128 0x3e
 1556 0031 0B       		.uleb128 0xb
 1557 0032 03       		.uleb128 0x3
 1558 0033 0E       		.uleb128 0xe
 1559 0034 00       		.byte	0
 1560 0035 00       		.byte	0
 1561 0036 05       		.uleb128 0x5
 1562 0037 13       		.uleb128 0x13
 1563 0038 01       		.byte	0x1
 1564 0039 03       		.uleb128 0x3
 1565 003a 0E       		.uleb128 0xe
 1566 003b 0B       		.uleb128 0xb
 1567 003c 0B       		.uleb128 0xb
 1568 003d 3A       		.uleb128 0x3a
 1569 003e 0B       		.uleb128 0xb
 1570 003f 3B       		.uleb128 0x3b
 1571 0040 0B       		.uleb128 0xb
 1572 0041 01       		.uleb128 0x1
 1573 0042 13       		.uleb128 0x13
 1574 0043 00       		.byte	0
 1575 0044 00       		.byte	0
 1576 0045 06       		.uleb128 0x6
 1577 0046 0D       		.uleb128 0xd
 1578 0047 00       		.byte	0
 1579 0048 03       		.uleb128 0x3
 1580 0049 0E       		.uleb128 0xe
 1581 004a 3A       		.uleb128 0x3a
 1582 004b 0B       		.uleb128 0xb
 1583 004c 3B       		.uleb128 0x3b
 1584 004d 0B       		.uleb128 0xb
 1585 004e 49       		.uleb128 0x49
 1586 004f 13       		.uleb128 0x13
 1587 0050 38       		.uleb128 0x38
 1588 0051 0B       		.uleb128 0xb
 1589 0052 00       		.byte	0
 1590 0053 00       		.byte	0
 1591 0054 07       		.uleb128 0x7
 1592 0055 0D       		.uleb128 0xd
 1593 0056 00       		.byte	0
 1594 0057 03       		.uleb128 0x3
 1595 0058 08       		.uleb128 0x8
 1596 0059 3A       		.uleb128 0x3a
ARM GAS  /var/folders/m4/4md61f0s1_g0rzfghffqnxvr0000gn/T//ccGtFtVa.s 			page 29


 1597 005a 0B       		.uleb128 0xb
 1598 005b 3B       		.uleb128 0x3b
 1599 005c 05       		.uleb128 0x5
 1600 005d 49       		.uleb128 0x49
 1601 005e 13       		.uleb128 0x13
 1602 005f 38       		.uleb128 0x38
 1603 0060 0B       		.uleb128 0xb
 1604 0061 00       		.byte	0
 1605 0062 00       		.byte	0
 1606 0063 08       		.uleb128 0x8
 1607 0064 0D       		.uleb128 0xd
 1608 0065 00       		.byte	0
 1609 0066 03       		.uleb128 0x3
 1610 0067 0E       		.uleb128 0xe
 1611 0068 3A       		.uleb128 0x3a
 1612 0069 0B       		.uleb128 0xb
 1613 006a 3B       		.uleb128 0x3b
 1614 006b 05       		.uleb128 0x5
 1615 006c 49       		.uleb128 0x49
 1616 006d 13       		.uleb128 0x13
 1617 006e 38       		.uleb128 0x38
 1618 006f 0B       		.uleb128 0xb
 1619 0070 00       		.byte	0
 1620 0071 00       		.byte	0
 1621 0072 09       		.uleb128 0x9
 1622 0073 0F       		.uleb128 0xf
 1623 0074 00       		.byte	0
 1624 0075 0B       		.uleb128 0xb
 1625 0076 0B       		.uleb128 0xb
 1626 0077 49       		.uleb128 0x49
 1627 0078 13       		.uleb128 0x13
 1628 0079 00       		.byte	0
 1629 007a 00       		.byte	0
 1630 007b 0A       		.uleb128 0xa
 1631 007c 13       		.uleb128 0x13
 1632 007d 01       		.byte	0x1
 1633 007e 03       		.uleb128 0x3
 1634 007f 0E       		.uleb128 0xe
 1635 0080 0B       		.uleb128 0xb
 1636 0081 0B       		.uleb128 0xb
 1637 0082 3A       		.uleb128 0x3a
 1638 0083 0B       		.uleb128 0xb
 1639 0084 3B       		.uleb128 0x3b
 1640 0085 05       		.uleb128 0x5
 1641 0086 01       		.uleb128 0x1
 1642 0087 13       		.uleb128 0x13
 1643 0088 00       		.byte	0
 1644 0089 00       		.byte	0
 1645 008a 0B       		.uleb128 0xb
 1646 008b 15       		.uleb128 0x15
 1647 008c 01       		.byte	0x1
 1648 008d 27       		.uleb128 0x27
 1649 008e 19       		.uleb128 0x19
 1650 008f 01       		.uleb128 0x1
 1651 0090 13       		.uleb128 0x13
 1652 0091 00       		.byte	0
 1653 0092 00       		.byte	0
ARM GAS  /var/folders/m4/4md61f0s1_g0rzfghffqnxvr0000gn/T//ccGtFtVa.s 			page 30


 1654 0093 0C       		.uleb128 0xc
 1655 0094 05       		.uleb128 0x5
 1656 0095 00       		.byte	0
 1657 0096 49       		.uleb128 0x49
 1658 0097 13       		.uleb128 0x13
 1659 0098 00       		.byte	0
 1660 0099 00       		.byte	0
 1661 009a 0D       		.uleb128 0xd
 1662 009b 0F       		.uleb128 0xf
 1663 009c 00       		.byte	0
 1664 009d 0B       		.uleb128 0xb
 1665 009e 0B       		.uleb128 0xb
 1666 009f 00       		.byte	0
 1667 00a0 00       		.byte	0
 1668 00a1 0E       		.uleb128 0xe
 1669 00a2 13       		.uleb128 0x13
 1670 00a3 01       		.byte	0x1
 1671 00a4 03       		.uleb128 0x3
 1672 00a5 0E       		.uleb128 0xe
 1673 00a6 0B       		.uleb128 0xb
 1674 00a7 05       		.uleb128 0x5
 1675 00a8 3A       		.uleb128 0x3a
 1676 00a9 0B       		.uleb128 0xb
 1677 00aa 3B       		.uleb128 0x3b
 1678 00ab 05       		.uleb128 0x5
 1679 00ac 01       		.uleb128 0x1
 1680 00ad 13       		.uleb128 0x13
 1681 00ae 00       		.byte	0
 1682 00af 00       		.byte	0
 1683 00b0 0F       		.uleb128 0xf
 1684 00b1 35       		.uleb128 0x35
 1685 00b2 00       		.byte	0
 1686 00b3 49       		.uleb128 0x49
 1687 00b4 13       		.uleb128 0x13
 1688 00b5 00       		.byte	0
 1689 00b6 00       		.byte	0
 1690 00b7 10       		.uleb128 0x10
 1691 00b8 01       		.uleb128 0x1
 1692 00b9 01       		.byte	0x1
 1693 00ba 49       		.uleb128 0x49
 1694 00bb 13       		.uleb128 0x13
 1695 00bc 01       		.uleb128 0x1
 1696 00bd 13       		.uleb128 0x13
 1697 00be 00       		.byte	0
 1698 00bf 00       		.byte	0
 1699 00c0 11       		.uleb128 0x11
 1700 00c1 21       		.uleb128 0x21
 1701 00c2 00       		.byte	0
 1702 00c3 49       		.uleb128 0x49
 1703 00c4 13       		.uleb128 0x13
 1704 00c5 2F       		.uleb128 0x2f
 1705 00c6 0B       		.uleb128 0xb
 1706 00c7 00       		.byte	0
 1707 00c8 00       		.byte	0
 1708 00c9 12       		.uleb128 0x12
 1709 00ca 13       		.uleb128 0x13
 1710 00cb 01       		.byte	0x1
ARM GAS  /var/folders/m4/4md61f0s1_g0rzfghffqnxvr0000gn/T//ccGtFtVa.s 			page 31


 1711 00cc 0B       		.uleb128 0xb
 1712 00cd 0B       		.uleb128 0xb
 1713 00ce 3A       		.uleb128 0x3a
 1714 00cf 0B       		.uleb128 0xb
 1715 00d0 3B       		.uleb128 0x3b
 1716 00d1 05       		.uleb128 0x5
 1717 00d2 01       		.uleb128 0x1
 1718 00d3 13       		.uleb128 0x13
 1719 00d4 00       		.byte	0
 1720 00d5 00       		.byte	0
 1721 00d6 13       		.uleb128 0x13
 1722 00d7 16       		.uleb128 0x16
 1723 00d8 00       		.byte	0
 1724 00d9 03       		.uleb128 0x3
 1725 00da 0E       		.uleb128 0xe
 1726 00db 3A       		.uleb128 0x3a
 1727 00dc 0B       		.uleb128 0xb
 1728 00dd 3B       		.uleb128 0x3b
 1729 00de 05       		.uleb128 0x5
 1730 00df 49       		.uleb128 0x49
 1731 00e0 13       		.uleb128 0x13
 1732 00e1 00       		.byte	0
 1733 00e2 00       		.byte	0
 1734 00e3 14       		.uleb128 0x14
 1735 00e4 0D       		.uleb128 0xd
 1736 00e5 00       		.byte	0
 1737 00e6 03       		.uleb128 0x3
 1738 00e7 08       		.uleb128 0x8
 1739 00e8 3A       		.uleb128 0x3a
 1740 00e9 0B       		.uleb128 0xb
 1741 00ea 3B       		.uleb128 0x3b
 1742 00eb 0B       		.uleb128 0xb
 1743 00ec 49       		.uleb128 0x49
 1744 00ed 13       		.uleb128 0x13
 1745 00ee 38       		.uleb128 0x38
 1746 00ef 0B       		.uleb128 0xb
 1747 00f0 00       		.byte	0
 1748 00f1 00       		.byte	0
 1749 00f2 15       		.uleb128 0x15
 1750 00f3 13       		.uleb128 0x13
 1751 00f4 01       		.byte	0x1
 1752 00f5 0B       		.uleb128 0xb
 1753 00f6 0B       		.uleb128 0xb
 1754 00f7 3A       		.uleb128 0x3a
 1755 00f8 0B       		.uleb128 0xb
 1756 00f9 3B       		.uleb128 0x3b
 1757 00fa 0B       		.uleb128 0xb
 1758 00fb 01       		.uleb128 0x1
 1759 00fc 13       		.uleb128 0x13
 1760 00fd 00       		.byte	0
 1761 00fe 00       		.byte	0
 1762 00ff 16       		.uleb128 0x16
 1763 0100 17       		.uleb128 0x17
 1764 0101 01       		.byte	0x1
 1765 0102 0B       		.uleb128 0xb
 1766 0103 0B       		.uleb128 0xb
 1767 0104 3A       		.uleb128 0x3a
ARM GAS  /var/folders/m4/4md61f0s1_g0rzfghffqnxvr0000gn/T//ccGtFtVa.s 			page 32


 1768 0105 0B       		.uleb128 0xb
 1769 0106 3B       		.uleb128 0x3b
 1770 0107 0B       		.uleb128 0xb
 1771 0108 01       		.uleb128 0x1
 1772 0109 13       		.uleb128 0x13
 1773 010a 00       		.byte	0
 1774 010b 00       		.byte	0
 1775 010c 17       		.uleb128 0x17
 1776 010d 0D       		.uleb128 0xd
 1777 010e 00       		.byte	0
 1778 010f 03       		.uleb128 0x3
 1779 0110 0E       		.uleb128 0xe
 1780 0111 3A       		.uleb128 0x3a
 1781 0112 0B       		.uleb128 0xb
 1782 0113 3B       		.uleb128 0x3b
 1783 0114 05       		.uleb128 0x5
 1784 0115 49       		.uleb128 0x49
 1785 0116 13       		.uleb128 0x13
 1786 0117 00       		.byte	0
 1787 0118 00       		.byte	0
 1788 0119 18       		.uleb128 0x18
 1789 011a 26       		.uleb128 0x26
 1790 011b 00       		.byte	0
 1791 011c 49       		.uleb128 0x49
 1792 011d 13       		.uleb128 0x13
 1793 011e 00       		.byte	0
 1794 011f 00       		.byte	0
 1795 0120 19       		.uleb128 0x19
 1796 0121 2E       		.uleb128 0x2e
 1797 0122 00       		.byte	0
 1798 0123 03       		.uleb128 0x3
 1799 0124 0E       		.uleb128 0xe
 1800 0125 3A       		.uleb128 0x3a
 1801 0126 0B       		.uleb128 0xb
 1802 0127 3B       		.uleb128 0x3b
 1803 0128 0B       		.uleb128 0xb
 1804 0129 27       		.uleb128 0x27
 1805 012a 19       		.uleb128 0x19
 1806 012b 20       		.uleb128 0x20
 1807 012c 0B       		.uleb128 0xb
 1808 012d 00       		.byte	0
 1809 012e 00       		.byte	0
 1810 012f 1A       		.uleb128 0x1a
 1811 0130 2E       		.uleb128 0x2e
 1812 0131 01       		.byte	0x1
 1813 0132 3F       		.uleb128 0x3f
 1814 0133 19       		.uleb128 0x19
 1815 0134 03       		.uleb128 0x3
 1816 0135 0E       		.uleb128 0xe
 1817 0136 3A       		.uleb128 0x3a
 1818 0137 0B       		.uleb128 0xb
 1819 0138 3B       		.uleb128 0x3b
 1820 0139 0B       		.uleb128 0xb
 1821 013a 27       		.uleb128 0x27
 1822 013b 19       		.uleb128 0x19
 1823 013c 11       		.uleb128 0x11
 1824 013d 01       		.uleb128 0x1
ARM GAS  /var/folders/m4/4md61f0s1_g0rzfghffqnxvr0000gn/T//ccGtFtVa.s 			page 33


 1825 013e 12       		.uleb128 0x12
 1826 013f 06       		.uleb128 0x6
 1827 0140 40       		.uleb128 0x40
 1828 0141 18       		.uleb128 0x18
 1829 0142 9742     		.uleb128 0x2117
 1830 0144 19       		.uleb128 0x19
 1831 0145 01       		.uleb128 0x1
 1832 0146 13       		.uleb128 0x13
 1833 0147 00       		.byte	0
 1834 0148 00       		.byte	0
 1835 0149 1B       		.uleb128 0x1b
 1836 014a 1D       		.uleb128 0x1d
 1837 014b 00       		.byte	0
 1838 014c 31       		.uleb128 0x31
 1839 014d 13       		.uleb128 0x13
 1840 014e 52       		.uleb128 0x52
 1841 014f 01       		.uleb128 0x1
 1842 0150 55       		.uleb128 0x55
 1843 0151 17       		.uleb128 0x17
 1844 0152 58       		.uleb128 0x58
 1845 0153 0B       		.uleb128 0xb
 1846 0154 59       		.uleb128 0x59
 1847 0155 0B       		.uleb128 0xb
 1848 0156 00       		.byte	0
 1849 0157 00       		.byte	0
 1850 0158 1C       		.uleb128 0x1c
 1851 0159 898201   		.uleb128 0x4109
 1852 015c 00       		.byte	0
 1853 015d 11       		.uleb128 0x11
 1854 015e 01       		.uleb128 0x1
 1855 015f 9542     		.uleb128 0x2115
 1856 0161 19       		.uleb128 0x19
 1857 0162 31       		.uleb128 0x31
 1858 0163 13       		.uleb128 0x13
 1859 0164 00       		.byte	0
 1860 0165 00       		.byte	0
 1861 0166 1D       		.uleb128 0x1d
 1862 0167 2E       		.uleb128 0x2e
 1863 0168 00       		.byte	0
 1864 0169 3F       		.uleb128 0x3f
 1865 016a 19       		.uleb128 0x19
 1866 016b 03       		.uleb128 0x3
 1867 016c 0E       		.uleb128 0xe
 1868 016d 3A       		.uleb128 0x3a
 1869 016e 0B       		.uleb128 0xb
 1870 016f 3B       		.uleb128 0x3b
 1871 0170 0B       		.uleb128 0xb
 1872 0171 27       		.uleb128 0x27
 1873 0172 19       		.uleb128 0x19
 1874 0173 11       		.uleb128 0x11
 1875 0174 01       		.uleb128 0x1
 1876 0175 12       		.uleb128 0x12
 1877 0176 06       		.uleb128 0x6
 1878 0177 40       		.uleb128 0x40
 1879 0178 18       		.uleb128 0x18
 1880 0179 9742     		.uleb128 0x2117
 1881 017b 19       		.uleb128 0x19
ARM GAS  /var/folders/m4/4md61f0s1_g0rzfghffqnxvr0000gn/T//ccGtFtVa.s 			page 34


 1882 017c 00       		.byte	0
 1883 017d 00       		.byte	0
 1884 017e 1E       		.uleb128 0x1e
 1885 017f 34       		.uleb128 0x34
 1886 0180 00       		.byte	0
 1887 0181 03       		.uleb128 0x3
 1888 0182 0E       		.uleb128 0xe
 1889 0183 3A       		.uleb128 0x3a
 1890 0184 0B       		.uleb128 0xb
 1891 0185 3B       		.uleb128 0x3b
 1892 0186 05       		.uleb128 0x5
 1893 0187 49       		.uleb128 0x49
 1894 0188 13       		.uleb128 0x13
 1895 0189 3F       		.uleb128 0x3f
 1896 018a 19       		.uleb128 0x19
 1897 018b 3C       		.uleb128 0x3c
 1898 018c 19       		.uleb128 0x19
 1899 018d 00       		.byte	0
 1900 018e 00       		.byte	0
 1901 018f 1F       		.uleb128 0x1f
 1902 0190 34       		.uleb128 0x34
 1903 0191 00       		.byte	0
 1904 0192 03       		.uleb128 0x3
 1905 0193 0E       		.uleb128 0xe
 1906 0194 3A       		.uleb128 0x3a
 1907 0195 0B       		.uleb128 0xb
 1908 0196 3B       		.uleb128 0x3b
 1909 0197 0B       		.uleb128 0xb
 1910 0198 49       		.uleb128 0x49
 1911 0199 13       		.uleb128 0x13
 1912 019a 3F       		.uleb128 0x3f
 1913 019b 19       		.uleb128 0x19
 1914 019c 02       		.uleb128 0x2
 1915 019d 18       		.uleb128 0x18
 1916 019e 00       		.byte	0
 1917 019f 00       		.byte	0
 1918 01a0 20       		.uleb128 0x20
 1919 01a1 34       		.uleb128 0x34
 1920 01a2 00       		.byte	0
 1921 01a3 03       		.uleb128 0x3
 1922 01a4 08       		.uleb128 0x8
 1923 01a5 3A       		.uleb128 0x3a
 1924 01a6 0B       		.uleb128 0xb
 1925 01a7 3B       		.uleb128 0x3b
 1926 01a8 05       		.uleb128 0x5
 1927 01a9 49       		.uleb128 0x49
 1928 01aa 13       		.uleb128 0x13
 1929 01ab 3F       		.uleb128 0x3f
 1930 01ac 19       		.uleb128 0x19
 1931 01ad 3C       		.uleb128 0x3c
 1932 01ae 19       		.uleb128 0x19
 1933 01af 00       		.byte	0
 1934 01b0 00       		.byte	0
 1935 01b1 21       		.uleb128 0x21
 1936 01b2 2E       		.uleb128 0x2e
 1937 01b3 00       		.byte	0
 1938 01b4 3F       		.uleb128 0x3f
ARM GAS  /var/folders/m4/4md61f0s1_g0rzfghffqnxvr0000gn/T//ccGtFtVa.s 			page 35


 1939 01b5 19       		.uleb128 0x19
 1940 01b6 03       		.uleb128 0x3
 1941 01b7 0E       		.uleb128 0xe
 1942 01b8 3A       		.uleb128 0x3a
 1943 01b9 0B       		.uleb128 0xb
 1944 01ba 3B       		.uleb128 0x3b
 1945 01bb 05       		.uleb128 0x5
 1946 01bc 27       		.uleb128 0x27
 1947 01bd 19       		.uleb128 0x19
 1948 01be 3C       		.uleb128 0x3c
 1949 01bf 19       		.uleb128 0x19
 1950 01c0 00       		.byte	0
 1951 01c1 00       		.byte	0
 1952 01c2 00       		.byte	0
 1953              		.section	.debug_aranges,"",%progbits
 1954 0000 24000000 		.4byte	0x24
 1955 0004 0200     		.2byte	0x2
 1956 0006 00000000 		.4byte	.Ldebug_info0
 1957 000a 04       		.byte	0x4
 1958 000b 00       		.byte	0
 1959 000c 0000     		.2byte	0
 1960 000e 0000     		.2byte	0
 1961 0010 00000000 		.4byte	.LFB269
 1962 0014 68000000 		.4byte	.LFE269-.LFB269
 1963 0018 00000000 		.4byte	.LFB270
 1964 001c C8000000 		.4byte	.LFE270-.LFB270
 1965 0020 00000000 		.4byte	0
 1966 0024 00000000 		.4byte	0
 1967              		.section	.debug_ranges,"",%progbits
 1968              	.Ldebug_ranges0:
 1969 0000 18000000 		.4byte	.LBB4
 1970 0004 1A000000 		.4byte	.LBE4
 1971 0008 30000000 		.4byte	.LBB8
 1972 000c 4E000000 		.4byte	.LBE8
 1973 0010 52000000 		.4byte	.LBB9
 1974 0014 5A000000 		.4byte	.LBE9
 1975 0018 00000000 		.4byte	0
 1976 001c 00000000 		.4byte	0
 1977 0020 00000000 		.4byte	.LFB269
 1978 0024 68000000 		.4byte	.LFE269
 1979 0028 00000000 		.4byte	.LFB270
 1980 002c C8000000 		.4byte	.LFE270
 1981 0030 00000000 		.4byte	0
 1982 0034 00000000 		.4byte	0
 1983              		.section	.debug_line,"",%progbits
 1984              	.Ldebug_line0:
 1985 0000 6F030000 		.section	.debug_str,"MS",%progbits,1
 1985      0200E002 
 1985      00000201 
 1985      FB0E0D00 
 1985      01010101 
 1986              	.LASF148:
 1987 0000 2F557365 		.ascii	"/Users/raphael/Documents/pcb-quadrotor/code\000"
 1987      72732F72 
 1987      61706861 
 1987      656C2F44 
 1987      6F63756D 
ARM GAS  /var/folders/m4/4md61f0s1_g0rzfghffqnxvr0000gn/T//ccGtFtVa.s 			page 36


 1988              	.LASF54:
 1989 002c 72656164 		.ascii	"ready_list_t\000"
 1989      795F6C69 
 1989      73745F74 
 1989      00
 1990              	.LASF2:
 1991 0039 73697A65 		.ascii	"size_t\000"
 1991      5F7400
 1992              	.LASF127:
 1993 0040 7264796D 		.ascii	"rdymsg\000"
 1993      736700
 1994              	.LASF17:
 1995 0047 75696E74 		.ascii	"uint64_t\000"
 1995      36345F74 
 1995      00
 1996              	.LASF3:
 1997 0050 5F5F7569 		.ascii	"__uint8_t\000"
 1997      6E74385F 
 1997      7400
 1998              	.LASF124:
 1999 005a 706F7274 		.ascii	"port_intctx\000"
 1999      5F696E74 
 1999      63747800 
 2000              	.LASF73:
 2001 0066 73797374 		.ascii	"system_debug_t\000"
 2001      656D5F64 
 2001      65627567 
 2001      5F7400
 2002              	.LASF85:
 2003 0075 4F505443 		.ascii	"OPTCR\000"
 2003      5200
 2004              	.LASF86:
 2005 007b 4F505443 		.ascii	"OPTCR1\000"
 2005      523100
 2006              	.LASF13:
 2007 0082 6C6F6E67 		.ascii	"long long unsigned int\000"
 2007      206C6F6E 
 2007      6720756E 
 2007      7369676E 
 2007      65642069 
 2008              	.LASF128:
 2009 0099 65786974 		.ascii	"exitcode\000"
 2009      636F6465 
 2009      00
 2010              	.LASF80:
 2011 00a2 6D61696E 		.ascii	"mainthread\000"
 2011      74687265 
 2011      616400
 2012              	.LASF70:
 2013 00ad 76697274 		.ascii	"virtual_timers_list_t\000"
 2013      75616C5F 
 2013      74696D65 
 2013      72735F6C 
 2013      6973745F 
 2014              	.LASF144:
 2015 00c3 49544D5F 		.ascii	"ITM_RxBuffer\000"
 2015      52784275 
ARM GAS  /var/folders/m4/4md61f0s1_g0rzfghffqnxvr0000gn/T//ccGtFtVa.s 			page 37


 2015      66666572 
 2015      00
 2016              	.LASF53:
 2017 00d0 63685F74 		.ascii	"ch_threads_queue\000"
 2017      68726561 
 2017      64735F71 
 2017      75657565 
 2017      00
 2018              	.LASF105:
 2019 00e1 41484231 		.ascii	"AHB1LPENR\000"
 2019      4C50454E 
 2019      5200
 2020              	.LASF31:
 2021 00eb 705F7072 		.ascii	"p_prio\000"
 2021      696F00
 2022              	.LASF117:
 2023 00f2 44434B43 		.ascii	"DCKCFGR\000"
 2023      46475200 
 2024              	.LASF11:
 2025 00fa 6C6F6E67 		.ascii	"long long int\000"
 2025      206C6F6E 
 2025      6720696E 
 2025      7400
 2026              	.LASF1:
 2027 0108 7369676E 		.ascii	"signed char\000"
 2027      65642063 
 2027      68617200 
 2028              	.LASF91:
 2029 0114 41484231 		.ascii	"AHB1RSTR\000"
 2029      52535452 
 2029      00
 2030              	.LASF119:
 2031 011d 44434B43 		.ascii	"DCKCFGR2\000"
 2031      46475232 
 2031      00
 2032              	.LASF87:
 2033 0126 464C4153 		.ascii	"FLASH_TypeDef\000"
 2033      485F5479 
 2033      70654465 
 2033      6600
 2034              	.LASF47:
 2035 0134 705F6D70 		.ascii	"p_mpool\000"
 2035      6F6F6C00 
 2036              	.LASF138:
 2037 013c 6D5F7175 		.ascii	"m_queue\000"
 2037      65756500 
 2038              	.LASF79:
 2039 0144 76746C69 		.ascii	"vtlist\000"
 2039      737400
 2040              	.LASF88:
 2041 014b 5057525F 		.ascii	"PWR_TypeDef\000"
 2041      54797065 
 2041      44656600 
 2042              	.LASF22:
 2043 0157 74736C69 		.ascii	"tslices_t\000"
 2043      6365735F 
 2043      7400
ARM GAS  /var/folders/m4/4md61f0s1_g0rzfghffqnxvr0000gn/T//ccGtFtVa.s 			page 38


 2044              	.LASF130:
 2045 0161 77747472 		.ascii	"wttrp\000"
 2045      7000
 2046              	.LASF77:
 2047 0167 63685F73 		.ascii	"ch_system\000"
 2047      79737465 
 2047      6D00
 2048              	.LASF8:
 2049 0171 6C6F6E67 		.ascii	"long int\000"
 2049      20696E74 
 2049      00
 2050              	.LASF96:
 2051 017a 41504232 		.ascii	"APB2RSTR\000"
 2051      52535452 
 2051      00
 2052              	.LASF109:
 2053 0183 41504231 		.ascii	"APB1LPENR\000"
 2053      4C50454E 
 2053      5200
 2054              	.LASF20:
 2055 018d 74737461 		.ascii	"tstate_t\000"
 2055      74655F74 
 2055      00
 2056              	.LASF33:
 2057 0196 705F6E65 		.ascii	"p_newer\000"
 2057      77657200 
 2058              	.LASF84:
 2059 019e 4F50544B 		.ascii	"OPTKEYR\000"
 2059      45595200 
 2060              	.LASF59:
 2061 01a6 725F6E65 		.ascii	"r_newer\000"
 2061      77657200 
 2062              	.LASF121:
 2063 01ae 72656761 		.ascii	"regarm_t\000"
 2063      726D5F74 
 2063      00
 2064              	.LASF66:
 2065 01b7 76745F70 		.ascii	"vt_prev\000"
 2065      72657600 
 2066              	.LASF83:
 2067 01bf 4B455952 		.ascii	"KEYR\000"
 2067      00
 2068              	.LASF151:
 2069 01c4 73746D33 		.ascii	"stm32_clock_init\000"
 2069      325F636C 
 2069      6F636B5F 
 2069      696E6974 
 2069      00
 2070              	.LASF142:
 2071 01d5 6D757465 		.ascii	"mutex_t\000"
 2071      785F7400 
 2072              	.LASF81:
 2073 01dd 69646C65 		.ascii	"idle_thread_wa\000"
 2073      5F746872 
 2073      6561645F 
 2073      776100
 2074              	.LASF26:
ARM GAS  /var/folders/m4/4md61f0s1_g0rzfghffqnxvr0000gn/T//ccGtFtVa.s 			page 39


 2075 01ec 636E745F 		.ascii	"cnt_t\000"
 2075      7400
 2076              	.LASF0:
 2077 01f2 756E7369 		.ascii	"unsigned int\000"
 2077      676E6564 
 2077      20696E74 
 2077      00
 2078              	.LASF65:
 2079 01ff 76745F6E 		.ascii	"vt_next\000"
 2079      65787400 
 2080              	.LASF145:
 2081 0207 53797374 		.ascii	"SystemCoreClock\000"
 2081      656D436F 
 2081      7265436C 
 2081      6F636B00 
 2082              	.LASF40:
 2083 0217 705F7469 		.ascii	"p_time\000"
 2083      6D6500
 2084              	.LASF131:
 2085 021e 77747365 		.ascii	"wtsemp\000"
 2085      6D7000
 2086              	.LASF72:
 2087 0225 76745F73 		.ascii	"vt_systime\000"
 2087      79737469 
 2087      6D6500
 2088              	.LASF67:
 2089 0230 76745F64 		.ascii	"vt_delta\000"
 2089      656C7461 
 2089      00
 2090              	.LASF42:
 2091 0239 705F6D73 		.ascii	"p_msgqueue\000"
 2091      67717565 
 2091      756500
 2092              	.LASF120:
 2093 0244 5243435F 		.ascii	"RCC_TypeDef\000"
 2093      54797065 
 2093      44656600 
 2094              	.LASF136:
 2095 0250 735F636E 		.ascii	"s_cnt\000"
 2095      7400
 2096              	.LASF6:
 2097 0256 73686F72 		.ascii	"short unsigned int\000"
 2097      7420756E 
 2097      7369676E 
 2097      65642069 
 2097      6E7400
 2098              	.LASF50:
 2099 0269 63685F74 		.ascii	"ch_thread\000"
 2099      68726561 
 2099      6400
 2100              	.LASF115:
 2101 0273 504C4C49 		.ascii	"PLLI2SCFGR\000"
 2101      32534346 
 2101      475200
 2102              	.LASF24:
 2103 027e 6D73675F 		.ascii	"msg_t\000"
 2103      7400
ARM GAS  /var/folders/m4/4md61f0s1_g0rzfghffqnxvr0000gn/T//ccGtFtVa.s 			page 40


 2104              	.LASF89:
 2105 0284 504C4C43 		.ascii	"PLLCFGR\000"
 2105      46475200 
 2106              	.LASF149:
 2107 028c 68616C5F 		.ascii	"hal_lld_backup_domain_init\000"
 2107      6C6C645F 
 2107      6261636B 
 2107      75705F64 
 2107      6F6D6169 
 2108              	.LASF76:
 2109 02a7 63685F73 		.ascii	"ch_system_t\000"
 2109      79737465 
 2109      6D5F7400 
 2110              	.LASF19:
 2111 02b3 746D6F64 		.ascii	"tmode_t\000"
 2111      655F7400 
 2112              	.LASF110:
 2113 02bb 41504232 		.ascii	"APB2LPENR\000"
 2113      4C50454E 
 2113      5200
 2114              	.LASF55:
 2115 02c5 63685F72 		.ascii	"ch_ready_list\000"
 2115      65616479 
 2115      5F6C6973 
 2115      7400
 2116              	.LASF25:
 2117 02d3 6576656E 		.ascii	"eventmask_t\000"
 2117      746D6173 
 2117      6B5F7400 
 2118              	.LASF7:
 2119 02df 5F5F696E 		.ascii	"__int32_t\000"
 2119      7433325F 
 2119      7400
 2120              	.LASF122:
 2121 02e9 73746B61 		.ascii	"stkalign_t\000"
 2121      6C69676E 
 2121      5F7400
 2122              	.LASF49:
 2123 02f4 74687265 		.ascii	"threads_list_t\000"
 2123      6164735F 
 2123      6C697374 
 2123      5F7400
 2124              	.LASF63:
 2125 0303 76697274 		.ascii	"virtual_timer_t\000"
 2125      75616C5F 
 2125      74696D65 
 2125      725F7400 
 2126              	.LASF41:
 2127 0313 705F7761 		.ascii	"p_waiting\000"
 2127      6974696E 
 2127      6700
 2128              	.LASF82:
 2129 031d 73697A65 		.ascii	"sizetype\000"
 2129      74797065 
 2129      00
 2130              	.LASF48:
 2131 0326 74687265 		.ascii	"thread_reference_t\000"
ARM GAS  /var/folders/m4/4md61f0s1_g0rzfghffqnxvr0000gn/T//ccGtFtVa.s 			page 41


 2131      61645F72 
 2131      65666572 
 2131      656E6365 
 2131      5F7400
 2132              	.LASF71:
 2133 0339 63685F76 		.ascii	"ch_virtual_timers_list\000"
 2133      69727475 
 2133      616C5F74 
 2133      696D6572 
 2133      735F6C69 
 2134              	.LASF29:
 2135 0350 705F6E65 		.ascii	"p_next\000"
 2135      787400
 2136              	.LASF100:
 2137 0357 41484233 		.ascii	"AHB3ENR\000"
 2137      454E5200 
 2138              	.LASF34:
 2139 035f 705F6F6C 		.ascii	"p_older\000"
 2139      64657200 
 2140              	.LASF58:
 2141 0367 725F6374 		.ascii	"r_ctx\000"
 2141      7800
 2142              	.LASF106:
 2143 036d 41484232 		.ascii	"AHB2LPENR\000"
 2143      4C50454E 
 2143      5200
 2144              	.LASF126:
 2145 0377 746D5F63 		.ascii	"tm_calibration_t\000"
 2145      616C6962 
 2145      72617469 
 2145      6F6E5F74 
 2145      00
 2146              	.LASF61:
 2147 0388 725F6375 		.ascii	"r_current\000"
 2147      7272656E 
 2147      7400
 2148              	.LASF95:
 2149 0392 41504231 		.ascii	"APB1RSTR\000"
 2149      52535452 
 2149      00
 2150              	.LASF12:
 2151 039b 5F5F7569 		.ascii	"__uint64_t\000"
 2151      6E743634 
 2151      5F7400
 2152              	.LASF116:
 2153 03a6 504C4C53 		.ascii	"PLLSAICFGR\000"
 2153      41494346 
 2153      475200
 2154              	.LASF21:
 2155 03b1 74726566 		.ascii	"trefs_t\000"
 2155      735F7400 
 2156              	.LASF94:
 2157 03b9 52455345 		.ascii	"RESERVED0\000"
 2157      52564544 
 2157      3000
 2158              	.LASF97:
 2159 03c3 52455345 		.ascii	"RESERVED1\000"
ARM GAS  /var/folders/m4/4md61f0s1_g0rzfghffqnxvr0000gn/T//ccGtFtVa.s 			page 42


 2159      52564544 
 2159      3100
 2160              	.LASF101:
 2161 03cd 52455345 		.ascii	"RESERVED2\000"
 2161      52564544 
 2161      3200
 2162              	.LASF104:
 2163 03d7 52455345 		.ascii	"RESERVED3\000"
 2163      52564544 
 2163      3300
 2164              	.LASF108:
 2165 03e1 52455345 		.ascii	"RESERVED4\000"
 2165      52564544 
 2165      3400
 2166              	.LASF30:
 2167 03eb 705F7072 		.ascii	"p_prev\000"
 2167      657600
 2168              	.LASF113:
 2169 03f2 52455345 		.ascii	"RESERVED6\000"
 2169      52564544 
 2169      3600
 2170              	.LASF23:
 2171 03fc 74707269 		.ascii	"tprio_t\000"
 2171      6F5F7400 
 2172              	.LASF147:
 2173 0404 43686962 		.ascii	"ChibiOS_16.1.4/os/hal/ports/STM32/STM32F4xx/hal_lld"
 2173      694F535F 
 2173      31362E31 
 2173      2E342F6F 
 2173      732F6861 
 2174 0437 2E6300   		.ascii	".c\000"
 2175              	.LASF74:
 2176 043a 63685F73 		.ascii	"ch_system_debug\000"
 2176      79737465 
 2176      6D5F6465 
 2176      62756700 
 2177              	.LASF143:
 2178 044a 5F426F6F 		.ascii	"_Bool\000"
 2178      6C00
 2179              	.LASF15:
 2180 0450 696E7433 		.ascii	"int32_t\000"
 2180      325F7400 
 2181              	.LASF4:
 2182 0458 756E7369 		.ascii	"unsigned char\000"
 2182      676E6564 
 2182      20636861 
 2182      7200
 2183              	.LASF45:
 2184 0466 705F6D74 		.ascii	"p_mtxlist\000"
 2184      786C6973 
 2184      7400
 2185              	.LASF5:
 2186 0470 73686F72 		.ascii	"short int\000"
 2186      7420696E 
 2186      7400
 2187              	.LASF36:
 2188 047a 705F7374 		.ascii	"p_state\000"
ARM GAS  /var/folders/m4/4md61f0s1_g0rzfghffqnxvr0000gn/T//ccGtFtVa.s 			page 43


 2188      61746500 
 2189              	.LASF39:
 2190 0482 705F7072 		.ascii	"p_preempt\000"
 2190      65656D70 
 2190      7400
 2191              	.LASF107:
 2192 048c 41484233 		.ascii	"AHB3LPENR\000"
 2192      4C50454E 
 2192      5200
 2193              	.LASF57:
 2194 0496 725F7072 		.ascii	"r_prio\000"
 2194      696F00
 2195              	.LASF133:
 2196 049d 65776D61 		.ascii	"ewmask\000"
 2196      736B00
 2197              	.LASF37:
 2198 04a4 705F666C 		.ascii	"p_flags\000"
 2198      61677300 
 2199              	.LASF103:
 2200 04ac 41504232 		.ascii	"APB2ENR\000"
 2200      454E5200 
 2201              	.LASF93:
 2202 04b4 41484233 		.ascii	"AHB3RSTR\000"
 2202      52535452 
 2202      00
 2203              	.LASF64:
 2204 04bd 63685F76 		.ascii	"ch_virtual_timer\000"
 2204      69727475 
 2204      616C5F74 
 2204      696D6572 
 2204      00
 2205              	.LASF134:
 2206 04ce 63685F73 		.ascii	"ch_semaphore\000"
 2206      656D6170 
 2206      686F7265 
 2206      00
 2207              	.LASF44:
 2208 04db 705F6570 		.ascii	"p_epending\000"
 2208      656E6469 
 2208      6E6700
 2209              	.LASF111:
 2210 04e6 52455345 		.ascii	"RESERVED5\000"
 2210      52564544 
 2210      3500
 2211              	.LASF16:
 2212 04f0 75696E74 		.ascii	"uint32_t\000"
 2212      33325F74 
 2212      00
 2213              	.LASF132:
 2214 04f9 77746D74 		.ascii	"wtmtxp\000"
 2214      787000
 2215              	.LASF56:
 2216 0500 725F7175 		.ascii	"r_queue\000"
 2216      65756500 
 2217              	.LASF51:
 2218 0508 63685F74 		.ascii	"ch_threads_list\000"
 2218      68726561 
ARM GAS  /var/folders/m4/4md61f0s1_g0rzfghffqnxvr0000gn/T//ccGtFtVa.s 			page 44


 2218      64735F6C 
 2218      69737400 
 2219              	.LASF152:
 2220 0518 646D6149 		.ascii	"dmaInit\000"
 2220      6E697400 
 2221              	.LASF10:
 2222 0520 6C6F6E67 		.ascii	"long unsigned int\000"
 2222      20756E73 
 2222      69676E65 
 2222      6420696E 
 2222      7400
 2223              	.LASF141:
 2224 0532 63686172 		.ascii	"char\000"
 2224      00
 2225              	.LASF92:
 2226 0537 41484232 		.ascii	"AHB2RSTR\000"
 2226      52535452 
 2226      00
 2227              	.LASF28:
 2228 0540 74687265 		.ascii	"thread_t\000"
 2228      61645F74 
 2228      00
 2229              	.LASF140:
 2230 0549 6D5F6E65 		.ascii	"m_next\000"
 2230      787400
 2231              	.LASF27:
 2232 0550 73797374 		.ascii	"systime_t\000"
 2232      696D655F 
 2232      7400
 2233              	.LASF46:
 2234 055a 705F7265 		.ascii	"p_realprio\000"
 2234      616C7072 
 2234      696F00
 2235              	.LASF62:
 2236 0565 76746675 		.ascii	"vtfunc_t\000"
 2236      6E635F74 
 2236      00
 2237              	.LASF9:
 2238 056e 5F5F7569 		.ascii	"__uint32_t\000"
 2238      6E743332 
 2238      5F7400
 2239              	.LASF146:
 2240 0579 474E5520 		.ascii	"GNU C 4.9.3 20150529 (release) [ARM/embedded-4_9-br"
 2240      4320342E 
 2240      392E3320 
 2240      32303135 
 2240      30353239 
 2241 05ac 616E6368 		.ascii	"anch revision 224288] -mcpu=cortex-m4 -mfloat-abi=h"
 2241      20726576 
 2241      6973696F 
 2241      6E203232 
 2241      34323838 
 2242 05df 61726420 		.ascii	"ard -mfpu=fpv4-sp-d16 -mno-thumb-interwork -mthumb "
 2242      2D6D6670 
 2242      753D6670 
 2242      76342D73 
 2242      702D6431 
ARM GAS  /var/folders/m4/4md61f0s1_g0rzfghffqnxvr0000gn/T//ccGtFtVa.s 			page 45


 2243 0612 2D676764 		.ascii	"-ggdb -O2 -std=gnu99 -fomit-frame-pointer -falign-f"
 2243      62202D4F 
 2243      32202D73 
 2243      74643D67 
 2243      6E753939 
 2244 0645 756E6374 		.ascii	"unctions=16 -ffunction-sections -fdata-sections -fn"
 2244      696F6E73 
 2244      3D313620 
 2244      2D666675 
 2244      6E637469 
 2245 0678 6F2D636F 		.ascii	"o-common -fsingle-precision-constant\000"
 2245      6D6D6F6E 
 2245      202D6673 
 2245      696E676C 
 2245      652D7072 
 2246              	.LASF75:
 2247 069d 70616E69 		.ascii	"panic_msg\000"
 2247      635F6D73 
 2247      6700
 2248              	.LASF125:
 2249 06a7 6F666673 		.ascii	"offset\000"
 2249      657400
 2250              	.LASF102:
 2251 06ae 41504231 		.ascii	"APB1ENR\000"
 2251      454E5200 
 2252              	.LASF99:
 2253 06b6 41484232 		.ascii	"AHB2ENR\000"
 2253      454E5200 
 2254              	.LASF123:
 2255 06be 636F6E74 		.ascii	"context\000"
 2255      65787400 
 2256              	.LASF60:
 2257 06c6 725F6F6C 		.ascii	"r_older\000"
 2257      64657200 
 2258              	.LASF150:
 2259 06ce 68616C5F 		.ascii	"hal_lld_init\000"
 2259      6C6C645F 
 2259      696E6974 
 2259      00
 2260              	.LASF18:
 2261 06db 7274636E 		.ascii	"rtcnt_t\000"
 2261      745F7400 
 2262              	.LASF69:
 2263 06e3 76745F70 		.ascii	"vt_par\000"
 2263      617200
 2264              	.LASF114:
 2265 06ea 53534347 		.ascii	"SSCGR\000"
 2265      5200
 2266              	.LASF52:
 2267 06f0 74687265 		.ascii	"threads_queue_t\000"
 2267      6164735F 
 2267      71756575 
 2267      655F7400 
 2268              	.LASF137:
 2269 0700 63685F6D 		.ascii	"ch_mutex\000"
 2269      75746578 
 2269      00
ARM GAS  /var/folders/m4/4md61f0s1_g0rzfghffqnxvr0000gn/T//ccGtFtVa.s 			page 46


 2270              	.LASF38:
 2271 0709 705F7265 		.ascii	"p_refs\000"
 2271      667300
 2272              	.LASF118:
 2273 0710 434B4741 		.ascii	"CKGATENR\000"
 2273      54454E52 
 2273      00
 2274              	.LASF112:
 2275 0719 42444352 		.ascii	"BDCR\000"
 2275      00
 2276              	.LASF78:
 2277 071e 726C6973 		.ascii	"rlist\000"
 2277      7400
 2278              	.LASF14:
 2279 0724 75696E74 		.ascii	"uint8_t\000"
 2279      385F7400 
 2280              	.LASF129:
 2281 072c 77746F62 		.ascii	"wtobjp\000"
 2281      6A7000
 2282              	.LASF35:
 2283 0733 705F6E61 		.ascii	"p_name\000"
 2283      6D6500
 2284              	.LASF98:
 2285 073a 41484231 		.ascii	"AHB1ENR\000"
 2285      454E5200 
 2286              	.LASF90:
 2287 0742 43464752 		.ascii	"CFGR\000"
 2287      00
 2288              	.LASF135:
 2289 0747 735F7175 		.ascii	"s_queue\000"
 2289      65756500 
 2290              	.LASF43:
 2291 074f 705F6D73 		.ascii	"p_msg\000"
 2291      6700
 2292              	.LASF139:
 2293 0755 6D5F6F77 		.ascii	"m_owner\000"
 2293      6E657200 
 2294              	.LASF32:
 2295 075d 705F6374 		.ascii	"p_ctx\000"
 2295      7800
 2296              	.LASF68:
 2297 0763 76745F66 		.ascii	"vt_func\000"
 2297      756E6300 
 2298              		.ident	"GCC: (GNU Tools for ARM Embedded Processors) 4.9.3 20150529 (release) [ARM/embedded-4_9-br
ARM GAS  /var/folders/m4/4md61f0s1_g0rzfghffqnxvr0000gn/T//ccGtFtVa.s 			page 47


DEFINED SYMBOLS
                            *ABS*:0000000000000000 hal_lld.c
/var/folders/m4/4md61f0s1_g0rzfghffqnxvr0000gn/T//ccGtFtVa.s:21     .text.hal_lld_init:0000000000000000 $t
/var/folders/m4/4md61f0s1_g0rzfghffqnxvr0000gn/T//ccGtFtVa.s:27     .text.hal_lld_init:0000000000000000 hal_lld_init
/var/folders/m4/4md61f0s1_g0rzfghffqnxvr0000gn/T//ccGtFtVa.s:110    .text.hal_lld_init:0000000000000060 $d
/var/folders/m4/4md61f0s1_g0rzfghffqnxvr0000gn/T//ccGtFtVa.s:116    .text.stm32_clock_init:0000000000000000 $t
/var/folders/m4/4md61f0s1_g0rzfghffqnxvr0000gn/T//ccGtFtVa.s:122    .text.stm32_clock_init:0000000000000000 stm32_clock_init
/var/folders/m4/4md61f0s1_g0rzfghffqnxvr0000gn/T//ccGtFtVa.s:246    .text.stm32_clock_init:00000000000000b4 $d
/var/folders/m4/4md61f0s1_g0rzfghffqnxvr0000gn/T//ccGtFtVa.s:259    .data.SystemCoreClock:0000000000000000 SystemCoreClock
/var/folders/m4/4md61f0s1_g0rzfghffqnxvr0000gn/T//ccGtFtVa.s:256    .data.SystemCoreClock:0000000000000000 $d
                     .debug_frame:0000000000000010 $d

UNDEFINED SYMBOLS
dmaInit
