ARM GAS  /var/folders/m4/4md61f0s1_g0rzfghffqnxvr0000gn/T//cc6SyPjT.s 			page 1


   1              		.syntax unified
   2              		.cpu cortex-m4
   3              		.eabi_attribute 27, 1
   4              		.eabi_attribute 28, 1
   5              		.fpu fpv4-sp-d16
   6              		.eabi_attribute 20, 1
   7              		.eabi_attribute 21, 1
   8              		.eabi_attribute 23, 3
   9              		.eabi_attribute 24, 1
  10              		.eabi_attribute 25, 1
  11              		.eabi_attribute 26, 1
  12              		.eabi_attribute 30, 2
  13              		.eabi_attribute 34, 1
  14              		.eabi_attribute 18, 4
  15              		.thumb
  16              		.file	"pal.c"
  17              		.text
  18              	.Ltext0:
  19              		.cfi_sections	.debug_frame
  20              		.section	.text.palReadBus,"ax",%progbits
  21              		.align	2
  22              		.p2align 4,,15
  23              		.global	palReadBus
  24              		.thumb
  25              		.thumb_func
  26              		.type	palReadBus, %function
  27              	palReadBus:
  28              	.LFB268:
  29              		.file 1 "ChibiOS_16.1.4/os/hal/src/pal.c"
  30              		.loc 1 65 0
  31              		.cfi_startproc
  32              		@ args = 0, pretend = 0, frame = 0
  33              		@ frame_needed = 0, uses_anonymous_args = 0
  34              		@ link register save eliminated.
  35              	.LVL0:
  36              		.loc 1 69 0
  37 0000 0368     		ldr	r3, [r0]
  38 0002 8168     		ldr	r1, [r0, #8]
  39 0004 1B69     		ldr	r3, [r3, #16]
  40 0006 4268     		ldr	r2, [r0, #4]
  41 0008 23FA01F0 		lsr	r0, r3, r1
  42              	.LVL1:
  43              		.loc 1 70 0
  44 000c 1040     		ands	r0, r0, r2
  45 000e 7047     		bx	lr
  46              		.cfi_endproc
  47              	.LFE268:
  48              		.size	palReadBus, .-palReadBus
  49              		.section	.text.palWriteBus,"ax",%progbits
  50              		.align	2
  51              		.p2align 4,,15
  52              		.global	palWriteBus
  53              		.thumb
  54              		.thumb_func
  55              		.type	palWriteBus, %function
  56              	palWriteBus:
  57              	.LFB269:
ARM GAS  /var/folders/m4/4md61f0s1_g0rzfghffqnxvr0000gn/T//cc6SyPjT.s 			page 2


  58              		.loc 1 90 0
  59              		.cfi_startproc
  60              		@ args = 0, pretend = 0, frame = 0
  61              		@ frame_needed = 0, uses_anonymous_args = 0
  62              		@ link register save eliminated.
  63              	.LVL2:
  64 0000 30B4     		push	{r4, r5}
  65              		.cfi_def_cfa_offset 8
  66              		.cfi_offset 4, -8
  67              		.cfi_offset 5, -4
  68              		.loc 1 94 0
  69 0002 19C8     		ldmia	r0, {r0, r3, r4}
  70              	.LVL3:
  71 0004 23EA0102 		bic	r2, r3, r1
  72 0008 04F11005 		add	r5, r4, #16
  73 000c 0B40     		ands	r3, r3, r1
  74 000e 03FA04F1 		lsl	r1, r3, r4
  75              	.LVL4:
  76 0012 02FA05F3 		lsl	r3, r2, r5
  77 0016 0B43     		orrs	r3, r3, r1
  78 0018 8361     		str	r3, [r0, #24]
  79              		.loc 1 95 0
  80 001a 30BC     		pop	{r4, r5}
  81              		.cfi_restore 5
  82              		.cfi_restore 4
  83              		.cfi_def_cfa_offset 0
  84 001c 7047     		bx	lr
  85              		.cfi_endproc
  86              	.LFE269:
  87              		.size	palWriteBus, .-palWriteBus
  88 001e 00BF     		.section	.text.palSetBusMode,"ax",%progbits
  89              		.align	2
  90              		.p2align 4,,15
  91              		.global	palSetBusMode
  92              		.thumb
  93              		.thumb_func
  94              		.type	palSetBusMode, %function
  95              	palSetBusMode:
  96              	.LFB270:
  97              		.loc 1 113 0
  98              		.cfi_startproc
  99              		@ args = 0, pretend = 0, frame = 0
 100              		@ frame_needed = 0, uses_anonymous_args = 0
 101              		@ link register save eliminated.
 102              	.LVL5:
 103              		.loc 1 113 0
 104 0000 0A46     		mov	r2, r1
 105              		.loc 1 117 0
 106 0002 0BC8     		ldmia	r0, {r0, r1, r3}
 107              	.LVL6:
 108 0004 9940     		lsls	r1, r1, r3
 109 0006 FFF7FEBF 		b	_pal_lld_setgroupmode
 110              	.LVL7:
 111              		.cfi_endproc
 112              	.LFE270:
 113              		.size	palSetBusMode, .-palSetBusMode
 114 000a 00BF     		.text
ARM GAS  /var/folders/m4/4md61f0s1_g0rzfghffqnxvr0000gn/T//cc6SyPjT.s 			page 3


 115              	.Letext0:
 116              		.file 2 "/usr/local/Cellar/gcc-arm-none-eabi-49/20150609/arm-none-eabi/include/machine/_default_ty
 117              		.file 3 "/usr/local/Cellar/gcc-arm-none-eabi-49/20150609/arm-none-eabi/include/sys/_stdint.h"
 118              		.file 4 "/usr/local/Cellar/gcc-arm-none-eabi-49/20150609/arm-none-eabi/include/stdint.h"
 119              		.file 5 "ChibiOS_16.1.4/os/rt/ports/ARMCMx/compilers/GCC/chtypes.h"
 120              		.file 6 "ChibiOS_16.1.4/os/rt/include/chsystypes.h"
 121              		.file 7 "ChibiOS_16.1.4/os/rt/include/chschd.h"
 122              		.file 8 "ChibiOS_16.1.4/os/rt/ports/ARMCMx/chcore.h"
 123              		.file 9 "ChibiOS_16.1.4/os/rt/ports/ARMCMx/chcore_v7m.h"
 124              		.file 10 "ChibiOS_16.1.4/os/rt/include/chtm.h"
 125              		.file 11 "ChibiOS_16.1.4/os/rt/include/chsem.h"
 126              		.file 12 "ChibiOS_16.1.4/os/rt/include/chmtx.h"
 127              		.file 13 "ChibiOS_16.1.4/os/hal/ports/STM32/LLD/GPIOv2/pal_lld.h"
 128              		.file 14 "ChibiOS_16.1.4/os/hal/include/pal.h"
 129              		.file 15 "ChibiOS_16.1.4/os/ext/CMSIS/include/core_cm4.h"
 130              		.section	.debug_info,"",%progbits
 131              	.Ldebug_info0:
 132 0000 A8090000 		.4byte	0x9a8
 133 0004 0400     		.2byte	0x4
 134 0006 00000000 		.4byte	.Ldebug_abbrev0
 135 000a 04       		.byte	0x4
 136 000b 01       		.uleb128 0x1
 137 000c 73020000 		.4byte	.LASF130
 138 0010 01       		.byte	0x1
 139 0011 D8030000 		.4byte	.LASF131
 140 0015 00000000 		.4byte	.LASF132
 141 0019 00000000 		.4byte	.Ldebug_ranges0+0
 142 001d 00000000 		.4byte	0
 143 0021 00000000 		.4byte	.Ldebug_line0
 144 0025 02       		.uleb128 0x2
 145 0026 04       		.byte	0x4
 146 0027 05       		.byte	0x5
 147 0028 696E7400 		.ascii	"int\000"
 148 002c 03       		.uleb128 0x3
 149 002d 04       		.byte	0x4
 150 002e 07       		.byte	0x7
 151 002f A8010000 		.4byte	.LASF0
 152 0033 03       		.uleb128 0x3
 153 0034 01       		.byte	0x1
 154 0035 06       		.byte	0x6
 155 0036 08010000 		.4byte	.LASF1
 156 003a 04       		.uleb128 0x4
 157 003b 4F000000 		.4byte	.LASF4
 158 003f 02       		.byte	0x2
 159 0040 1D       		.byte	0x1d
 160 0041 45000000 		.4byte	0x45
 161 0045 03       		.uleb128 0x3
 162 0046 01       		.byte	0x1
 163 0047 08       		.byte	0x8
 164 0048 8D040000 		.4byte	.LASF2
 165 004c 03       		.uleb128 0x3
 166 004d 02       		.byte	0x2
 167 004e 05       		.byte	0x5
 168 004f A5040000 		.4byte	.LASF3
 169 0053 04       		.uleb128 0x4
 170 0054 85050000 		.4byte	.LASF5
 171 0058 02       		.byte	0x2
ARM GAS  /var/folders/m4/4md61f0s1_g0rzfghffqnxvr0000gn/T//cc6SyPjT.s 			page 4


 172 0059 2B       		.byte	0x2b
 173 005a 5E000000 		.4byte	0x5e
 174 005e 03       		.uleb128 0x3
 175 005f 02       		.byte	0x2
 176 0060 07       		.byte	0x7
 177 0061 F3010000 		.4byte	.LASF6
 178 0065 04       		.uleb128 0x4
 179 0066 44020000 		.4byte	.LASF7
 180 006a 02       		.byte	0x2
 181 006b 3F       		.byte	0x3f
 182 006c 70000000 		.4byte	0x70
 183 0070 03       		.uleb128 0x3
 184 0071 04       		.byte	0x4
 185 0072 05       		.byte	0x5
 186 0073 3F010000 		.4byte	.LASF8
 187 0077 04       		.uleb128 0x4
 188 0078 BE050000 		.4byte	.LASF9
 189 007c 02       		.byte	0x2
 190 007d 41       		.byte	0x41
 191 007e 82000000 		.4byte	0x82
 192 0082 03       		.uleb128 0x3
 193 0083 04       		.byte	0x4
 194 0084 07       		.byte	0x7
 195 0085 5E050000 		.4byte	.LASF10
 196 0089 03       		.uleb128 0x3
 197 008a 08       		.byte	0x8
 198 008b 05       		.byte	0x5
 199 008c FA000000 		.4byte	.LASF11
 200 0090 04       		.uleb128 0x4
 201 0091 68020000 		.4byte	.LASF12
 202 0095 02       		.byte	0x2
 203 0096 5B       		.byte	0x5b
 204 0097 9B000000 		.4byte	0x9b
 205 009b 03       		.uleb128 0x3
 206 009c 08       		.byte	0x8
 207 009d 07       		.byte	0x7
 208 009e 8E000000 		.4byte	.LASF13
 209 00a2 04       		.uleb128 0x4
 210 00a3 44060000 		.4byte	.LASF14
 211 00a7 03       		.byte	0x3
 212 00a8 14       		.byte	0x14
 213 00a9 3A000000 		.4byte	0x3a
 214 00ad 04       		.uleb128 0x4
 215 00ae BD010000 		.4byte	.LASF15
 216 00b2 03       		.byte	0x3
 217 00b3 1A       		.byte	0x1a
 218 00b4 53000000 		.4byte	0x53
 219 00b8 04       		.uleb128 0x4
 220 00b9 85040000 		.4byte	.LASF16
 221 00bd 03       		.byte	0x3
 222 00be 1F       		.byte	0x1f
 223 00bf 65000000 		.4byte	0x65
 224 00c3 04       		.uleb128 0x4
 225 00c4 36050000 		.4byte	.LASF17
 226 00c8 03       		.byte	0x3
 227 00c9 20       		.byte	0x20
 228 00ca 77000000 		.4byte	0x77
ARM GAS  /var/folders/m4/4md61f0s1_g0rzfghffqnxvr0000gn/T//cc6SyPjT.s 			page 5


 229 00ce 04       		.uleb128 0x4
 230 00cf 46000000 		.4byte	.LASF18
 231 00d3 03       		.byte	0x3
 232 00d4 26       		.byte	0x26
 233 00d5 90000000 		.4byte	0x90
 234 00d9 04       		.uleb128 0x4
 235 00da D6040000 		.4byte	.LASF19
 236 00de 04       		.byte	0x4
 237 00df 34       		.byte	0x34
 238 00e0 2C000000 		.4byte	0x2c
 239 00e4 04       		.uleb128 0x4
 240 00e5 03060000 		.4byte	.LASF20
 241 00e9 05       		.byte	0x5
 242 00ea 39       		.byte	0x39
 243 00eb C3000000 		.4byte	0xc3
 244 00ef 04       		.uleb128 0x4
 245 00f0 22020000 		.4byte	.LASF21
 246 00f4 05       		.byte	0x5
 247 00f5 3C       		.byte	0x3c
 248 00f6 A2000000 		.4byte	0xa2
 249 00fa 04       		.uleb128 0x4
 250 00fb 48010000 		.4byte	.LASF22
 251 00ff 05       		.byte	0x5
 252 0100 3D       		.byte	0x3d
 253 0101 A2000000 		.4byte	0xa2
 254 0105 04       		.uleb128 0x4
 255 0106 48040000 		.4byte	.LASF23
 256 010a 05       		.byte	0x5
 257 010b 3E       		.byte	0x3e
 258 010c A2000000 		.4byte	0xa2
 259 0110 04       		.uleb128 0x4
 260 0111 30010000 		.4byte	.LASF24
 261 0115 05       		.byte	0x5
 262 0116 3F       		.byte	0x3f
 263 0117 A2000000 		.4byte	0xa2
 264 011b 04       		.uleb128 0x4
 265 011c 67040000 		.4byte	.LASF25
 266 0120 05       		.byte	0x5
 267 0121 40       		.byte	0x40
 268 0122 C3000000 		.4byte	0xc3
 269 0126 04       		.uleb128 0x4
 270 0127 10020000 		.4byte	.LASF26
 271 012b 05       		.byte	0x5
 272 012c 41       		.byte	0x41
 273 012d B8000000 		.4byte	0xb8
 274 0131 04       		.uleb128 0x4
 275 0132 38020000 		.4byte	.LASF27
 276 0136 05       		.byte	0x5
 277 0137 43       		.byte	0x43
 278 0138 C3000000 		.4byte	0xc3
 279 013c 04       		.uleb128 0x4
 280 013d A2010000 		.4byte	.LASF28
 281 0141 05       		.byte	0x5
 282 0142 45       		.byte	0x45
 283 0143 B8000000 		.4byte	0xb8
 284 0147 04       		.uleb128 0x4
 285 0148 A0050000 		.4byte	.LASF29
ARM GAS  /var/folders/m4/4md61f0s1_g0rzfghffqnxvr0000gn/T//cc6SyPjT.s 			page 6


 286 014c 06       		.byte	0x6
 287 014d 33       		.byte	0x33
 288 014e C3000000 		.4byte	0xc3
 289 0152 04       		.uleb128 0x4
 290 0153 90050000 		.4byte	.LASF30
 291 0157 06       		.byte	0x6
 292 0158 3F       		.byte	0x3f
 293 0159 5D010000 		.4byte	0x15d
 294 015d 05       		.uleb128 0x5
 295 015e 06020000 		.4byte	.LASF52
 296 0162 48       		.byte	0x48
 297 0163 07       		.byte	0x7
 298 0164 C2       		.byte	0xc2
 299 0165 62020000 		.4byte	0x262
 300 0169 06       		.uleb128 0x6
 301 016a CF040000 		.4byte	.LASF31
 302 016e 07       		.byte	0x7
 303 016f C3       		.byte	0xc3
 304 0170 6D020000 		.4byte	0x26d
 305 0174 00       		.byte	0
 306 0175 06       		.uleb128 0x6
 307 0176 60040000 		.4byte	.LASF32
 308 017a 07       		.byte	0x7
 309 017b C5       		.byte	0xc5
 310 017c 6D020000 		.4byte	0x26d
 311 0180 04       		.byte	0x4
 312 0181 06       		.uleb128 0x6
 313 0182 F3000000 		.4byte	.LASF33
 314 0186 07       		.byte	0x7
 315 0187 C7       		.byte	0xc7
 316 0188 1B010000 		.4byte	0x11b
 317 018c 08       		.byte	0x8
 318 018d 06       		.uleb128 0x6
 319 018e 7C060000 		.4byte	.LASF34
 320 0192 07       		.byte	0x7
 321 0193 C8       		.byte	0xc8
 322 0194 A2040000 		.4byte	0x4a2
 323 0198 0C       		.byte	0xc
 324 0199 06       		.uleb128 0x6
 325 019a 51010000 		.4byte	.LASF35
 326 019e 07       		.byte	0x7
 327 019f CA       		.byte	0xca
 328 01a0 6D020000 		.4byte	0x26d
 329 01a4 10       		.byte	0x10
 330 01a5 06       		.uleb128 0x6
 331 01a6 F8030000 		.4byte	.LASF36
 332 01aa 07       		.byte	0x7
 333 01ab CB       		.byte	0xcb
 334 01ac 6D020000 		.4byte	0x26d
 335 01b0 14       		.byte	0x14
 336 01b1 06       		.uleb128 0x6
 337 01b2 53060000 		.4byte	.LASF37
 338 01b6 07       		.byte	0x7
 339 01b7 D2       		.byte	0xd2
 340 01b8 F0060000 		.4byte	0x6f0
 341 01bc 18       		.byte	0x18
 342 01bd 06       		.uleb128 0x6
ARM GAS  /var/folders/m4/4md61f0s1_g0rzfghffqnxvr0000gn/T//cc6SyPjT.s 			page 7


 343 01be AF040000 		.4byte	.LASF38
 344 01c2 07       		.byte	0x7
 345 01c3 DD       		.byte	0xdd
 346 01c4 FA000000 		.4byte	0xfa
 347 01c8 1C       		.byte	0x1c
 348 01c9 06       		.uleb128 0x6
 349 01ca E3040000 		.4byte	.LASF39
 350 01ce 07       		.byte	0x7
 351 01cf E1       		.byte	0xe1
 352 01d0 EF000000 		.4byte	0xef
 353 01d4 1D       		.byte	0x1d
 354 01d5 06       		.uleb128 0x6
 355 01d6 37060000 		.4byte	.LASF40
 356 01da 07       		.byte	0x7
 357 01db E6       		.byte	0xe6
 358 01dc 05010000 		.4byte	0x105
 359 01e0 1E       		.byte	0x1e
 360 01e1 06       		.uleb128 0x6
 361 01e2 B7040000 		.4byte	.LASF41
 362 01e6 07       		.byte	0x7
 363 01e7 EC       		.byte	0xec
 364 01e8 10010000 		.4byte	0x110
 365 01ec 1F       		.byte	0x1f
 366 01ed 06       		.uleb128 0x6
 367 01ee C6010000 		.4byte	.LASF42
 368 01f2 07       		.byte	0x7
 369 01f3 F3       		.byte	0xf3
 370 01f4 02070000 		.4byte	0x702
 371 01f8 20       		.byte	0x20
 372 01f9 07       		.uleb128 0x7
 373 01fa 705F7500 		.ascii	"p_u\000"
 374 01fe 07       		.byte	0x7
 375 01ff 3101     		.2byte	0x131
 376 0201 2B060000 		.4byte	0x62b
 377 0205 24       		.byte	0x24
 378 0206 08       		.uleb128 0x8
 379 0207 95030000 		.4byte	.LASF43
 380 020b 07       		.byte	0x7
 381 020c 3601     		.2byte	0x136
 382 020e 73020000 		.4byte	0x273
 383 0212 28       		.byte	0x28
 384 0213 08       		.uleb128 0x8
 385 0214 DD010000 		.4byte	.LASF44
 386 0218 07       		.byte	0x7
 387 0219 3C01     		.2byte	0x13c
 388 021b 97020000 		.4byte	0x297
 389 021f 2C       		.byte	0x2c
 390 0220 08       		.uleb128 0x8
 391 0221 65060000 		.4byte	.LASF45
 392 0225 07       		.byte	0x7
 393 0226 4001     		.2byte	0x140
 394 0228 26010000 		.4byte	0x126
 395 022c 34       		.byte	0x34
 396 022d 08       		.uleb128 0x8
 397 022e 2B050000 		.4byte	.LASF46
 398 0232 07       		.byte	0x7
 399 0233 4601     		.2byte	0x146
ARM GAS  /var/folders/m4/4md61f0s1_g0rzfghffqnxvr0000gn/T//cc6SyPjT.s 			page 8


 400 0235 31010000 		.4byte	0x131
 401 0239 38       		.byte	0x38
 402 023a 08       		.uleb128 0x8
 403 023b 9B040000 		.4byte	.LASF47
 404 023f 07       		.byte	0x7
 405 0240 4D01     		.2byte	0x14d
 406 0242 EA060000 		.4byte	0x6ea
 407 0246 3C       		.byte	0x3c
 408 0247 08       		.uleb128 0x8
 409 0248 AA050000 		.4byte	.LASF48
 410 024c 07       		.byte	0x7
 411 024d 5101     		.2byte	0x151
 412 024f 1B010000 		.4byte	0x11b
 413 0253 40       		.byte	0x40
 414 0254 08       		.uleb128 0x8
 415 0255 19010000 		.4byte	.LASF49
 416 0259 07       		.byte	0x7
 417 025a 5801     		.2byte	0x158
 418 025c 4A030000 		.4byte	0x34a
 419 0260 44       		.byte	0x44
 420 0261 00       		.byte	0
 421 0262 04       		.uleb128 0x4
 422 0263 A8030000 		.4byte	.LASF50
 423 0267 06       		.byte	0x6
 424 0268 44       		.byte	0x44
 425 0269 6D020000 		.4byte	0x26d
 426 026d 09       		.uleb128 0x9
 427 026e 04       		.byte	0x4
 428 026f 52010000 		.4byte	0x152
 429 0273 04       		.uleb128 0x4
 430 0274 59020000 		.4byte	.LASF51
 431 0278 06       		.byte	0x6
 432 0279 49       		.byte	0x49
 433 027a 7E020000 		.4byte	0x27e
 434 027e 05       		.uleb128 0x5
 435 027f 4E050000 		.4byte	.LASF53
 436 0283 04       		.byte	0x4
 437 0284 07       		.byte	0x7
 438 0285 B0       		.byte	0xb0
 439 0286 97020000 		.4byte	0x297
 440 028a 06       		.uleb128 0x6
 441 028b CF040000 		.4byte	.LASF31
 442 028f 07       		.byte	0x7
 443 0290 B1       		.byte	0xb1
 444 0291 6D020000 		.4byte	0x26d
 445 0295 00       		.byte	0
 446 0296 00       		.byte	0
 447 0297 04       		.uleb128 0x4
 448 0298 1E060000 		.4byte	.LASF54
 449 029c 06       		.byte	0x6
 450 029d 50       		.byte	0x50
 451 029e A2020000 		.4byte	0x2a2
 452 02a2 05       		.uleb128 0x5
 453 02a3 E2000000 		.4byte	.LASF55
 454 02a7 08       		.byte	0x8
 455 02a8 07       		.byte	0x7
 456 02a9 B7       		.byte	0xb7
ARM GAS  /var/folders/m4/4md61f0s1_g0rzfghffqnxvr0000gn/T//cc6SyPjT.s 			page 9


 457 02aa C7020000 		.4byte	0x2c7
 458 02ae 06       		.uleb128 0x6
 459 02af CF040000 		.4byte	.LASF31
 460 02b3 07       		.byte	0x7
 461 02b4 B8       		.byte	0xb8
 462 02b5 6D020000 		.4byte	0x26d
 463 02b9 00       		.byte	0
 464 02ba 06       		.uleb128 0x6
 465 02bb 60040000 		.4byte	.LASF32
 466 02bf 07       		.byte	0x7
 467 02c0 B9       		.byte	0xb9
 468 02c1 6D020000 		.4byte	0x26d
 469 02c5 04       		.byte	0x4
 470 02c6 00       		.byte	0
 471 02c7 04       		.uleb128 0x4
 472 02c8 2C000000 		.4byte	.LASF56
 473 02cc 06       		.byte	0x6
 474 02cd 57       		.byte	0x57
 475 02ce D2020000 		.4byte	0x2d2
 476 02d2 0A       		.uleb128 0xa
 477 02d3 2A020000 		.4byte	.LASF57
 478 02d7 1C       		.byte	0x1c
 479 02d8 07       		.byte	0x7
 480 02d9 9001     		.2byte	0x190
 481 02db 2E030000 		.4byte	0x32e
 482 02df 08       		.uleb128 0x8
 483 02e0 46050000 		.4byte	.LASF58
 484 02e4 07       		.byte	0x7
 485 02e5 9101     		.2byte	0x191
 486 02e7 97020000 		.4byte	0x297
 487 02eb 00       		.byte	0
 488 02ec 08       		.uleb128 0x8
 489 02ed C1040000 		.4byte	.LASF59
 490 02f1 07       		.byte	0x7
 491 02f2 9201     		.2byte	0x192
 492 02f4 1B010000 		.4byte	0x11b
 493 02f8 08       		.byte	0x8
 494 02f9 08       		.uleb128 0x8
 495 02fa 00040000 		.4byte	.LASF60
 496 02fe 07       		.byte	0x7
 497 02ff 9401     		.2byte	0x194
 498 0301 A2040000 		.4byte	0x4a2
 499 0305 0C       		.byte	0xc
 500 0306 08       		.uleb128 0x8
 501 0307 69010000 		.4byte	.LASF61
 502 030b 07       		.byte	0x7
 503 030c 9701     		.2byte	0x197
 504 030e 6D020000 		.4byte	0x26d
 505 0312 10       		.byte	0x10
 506 0313 08       		.uleb128 0x8
 507 0314 21040000 		.4byte	.LASF62
 508 0318 07       		.byte	0x7
 509 0319 9801     		.2byte	0x198
 510 031b 6D020000 		.4byte	0x26d
 511 031f 14       		.byte	0x14
 512 0320 08       		.uleb128 0x8
 513 0321 17040000 		.4byte	.LASF63
ARM GAS  /var/folders/m4/4md61f0s1_g0rzfghffqnxvr0000gn/T//cc6SyPjT.s 			page 10


 514 0325 07       		.byte	0x7
 515 0326 9B01     		.2byte	0x19b
 516 0328 6D020000 		.4byte	0x26d
 517 032c 18       		.byte	0x18
 518 032d 00       		.byte	0
 519 032e 04       		.uleb128 0x4
 520 032f B5050000 		.4byte	.LASF64
 521 0333 06       		.byte	0x6
 522 0334 5C       		.byte	0x5c
 523 0335 39030000 		.4byte	0x339
 524 0339 09       		.uleb128 0x9
 525 033a 04       		.byte	0x4
 526 033b 3F030000 		.4byte	0x33f
 527 033f 0B       		.uleb128 0xb
 528 0340 4A030000 		.4byte	0x34a
 529 0344 0C       		.uleb128 0xc
 530 0345 4A030000 		.4byte	0x34a
 531 0349 00       		.byte	0
 532 034a 0D       		.uleb128 0xd
 533 034b 04       		.byte	0x4
 534 034c 04       		.uleb128 0x4
 535 034d 50040000 		.4byte	.LASF65
 536 0351 06       		.byte	0x6
 537 0352 61       		.byte	0x61
 538 0353 57030000 		.4byte	0x357
 539 0357 0A       		.uleb128 0xa
 540 0358 0D050000 		.4byte	.LASF66
 541 035c 14       		.byte	0x14
 542 035d 07       		.byte	0x7
 543 035e 6B01     		.2byte	0x16b
 544 0360 A6030000 		.4byte	0x3a6
 545 0364 08       		.uleb128 0x8
 546 0365 B5010000 		.4byte	.LASF67
 547 0369 07       		.byte	0x7
 548 036a 6C01     		.2byte	0x16c
 549 036c 07070000 		.4byte	0x707
 550 0370 00       		.byte	0
 551 0371 08       		.uleb128 0x8
 552 0372 7F010000 		.4byte	.LASF68
 553 0376 07       		.byte	0x7
 554 0377 6D01     		.2byte	0x16d
 555 0379 07070000 		.4byte	0x707
 556 037d 04       		.byte	0x4
 557 037e 08       		.uleb128 0x8
 558 037f D4010000 		.4byte	.LASF69
 559 0383 07       		.byte	0x7
 560 0384 6E01     		.2byte	0x16e
 561 0386 47010000 		.4byte	0x147
 562 038a 08       		.byte	0x8
 563 038b 08       		.uleb128 0x8
 564 038c 82060000 		.4byte	.LASF70
 565 0390 07       		.byte	0x7
 566 0391 6F01     		.2byte	0x16f
 567 0393 2E030000 		.4byte	0x32e
 568 0397 0C       		.byte	0xc
 569 0398 08       		.uleb128 0x8
 570 0399 0B060000 		.4byte	.LASF71
ARM GAS  /var/folders/m4/4md61f0s1_g0rzfghffqnxvr0000gn/T//cc6SyPjT.s 			page 11


 571 039d 07       		.byte	0x7
 572 039e 7101     		.2byte	0x171
 573 03a0 4A030000 		.4byte	0x34a
 574 03a4 10       		.byte	0x10
 575 03a5 00       		.byte	0
 576 03a6 04       		.uleb128 0x4
 577 03a7 BF000000 		.4byte	.LASF72
 578 03ab 06       		.byte	0x6
 579 03ac 66       		.byte	0x66
 580 03ad B1030000 		.4byte	0x3b1
 581 03b1 0A       		.uleb128 0xa
 582 03b2 BB030000 		.4byte	.LASF73
 583 03b6 10       		.byte	0x10
 584 03b7 07       		.byte	0x7
 585 03b8 7B01     		.2byte	0x17b
 586 03ba F3030000 		.4byte	0x3f3
 587 03be 08       		.uleb128 0x8
 588 03bf B5010000 		.4byte	.LASF67
 589 03c3 07       		.byte	0x7
 590 03c4 7C01     		.2byte	0x17c
 591 03c6 07070000 		.4byte	0x707
 592 03ca 00       		.byte	0
 593 03cb 08       		.uleb128 0x8
 594 03cc 7F010000 		.4byte	.LASF68
 595 03d0 07       		.byte	0x7
 596 03d1 7E01     		.2byte	0x17e
 597 03d3 07070000 		.4byte	0x707
 598 03d7 04       		.byte	0x4
 599 03d8 08       		.uleb128 0x8
 600 03d9 D4010000 		.4byte	.LASF69
 601 03dd 07       		.byte	0x7
 602 03de 8001     		.2byte	0x180
 603 03e0 47010000 		.4byte	0x147
 604 03e4 08       		.byte	0x8
 605 03e5 08       		.uleb128 0x8
 606 03e6 5A060000 		.4byte	.LASF74
 607 03ea 07       		.byte	0x7
 608 03eb 8201     		.2byte	0x182
 609 03ed 02070000 		.4byte	0x702
 610 03f1 0C       		.byte	0xc
 611 03f2 00       		.byte	0
 612 03f3 04       		.uleb128 0x4
 613 03f4 6C000000 		.4byte	.LASF75
 614 03f8 06       		.byte	0x6
 615 03f9 6B       		.byte	0x6b
 616 03fa FE030000 		.4byte	0x3fe
 617 03fe 0A       		.uleb128 0xa
 618 03ff 6F040000 		.4byte	.LASF76
 619 0403 04       		.byte	0x4
 620 0404 07       		.byte	0x7
 621 0405 A201     		.2byte	0x1a2
 622 0407 19040000 		.4byte	0x419
 623 040b 08       		.uleb128 0x8
 624 040c C9050000 		.4byte	.LASF77
 625 0410 07       		.byte	0x7
 626 0411 AA01     		.2byte	0x1aa
 627 0413 0D070000 		.4byte	0x70d
ARM GAS  /var/folders/m4/4md61f0s1_g0rzfghffqnxvr0000gn/T//cc6SyPjT.s 			page 12


 628 0417 00       		.byte	0
 629 0418 00       		.byte	0
 630 0419 04       		.uleb128 0x4
 631 041a 16020000 		.4byte	.LASF78
 632 041e 06       		.byte	0x6
 633 041f 70       		.byte	0x70
 634 0420 24040000 		.4byte	0x424
 635 0424 0E       		.uleb128 0xe
 636 0425 03050000 		.4byte	.LASF79
 637 0429 5802     		.2byte	0x258
 638 042b 07       		.byte	0x7
 639 042c C201     		.2byte	0x1c2
 640 042e 80040000 		.4byte	0x480
 641 0432 08       		.uleb128 0x8
 642 0433 3E060000 		.4byte	.LASF80
 643 0437 07       		.byte	0x7
 644 0438 C601     		.2byte	0x1c6
 645 043a C7020000 		.4byte	0x2c7
 646 043e 00       		.byte	0
 647 043f 08       		.uleb128 0x8
 648 0440 29010000 		.4byte	.LASF81
 649 0444 07       		.byte	0x7
 650 0445 CA01     		.2byte	0x1ca
 651 0447 A6030000 		.4byte	0x3a6
 652 044b 1C       		.byte	0x1c
 653 044c 07       		.uleb128 0x7
 654 044d 64626700 		.ascii	"dbg\000"
 655 0451 07       		.byte	0x7
 656 0452 CE01     		.2byte	0x1ce
 657 0454 F3030000 		.4byte	0x3f3
 658 0458 2C       		.byte	0x2c
 659 0459 08       		.uleb128 0x8
 660 045a B4000000 		.4byte	.LASF82
 661 045e 07       		.byte	0x7
 662 045f D201     		.2byte	0x1d2
 663 0461 52010000 		.4byte	0x152
 664 0465 30       		.byte	0x30
 665 0466 07       		.uleb128 0x7
 666 0467 746D00   		.ascii	"tm\000"
 667 046a 07       		.byte	0x7
 668 046b D701     		.2byte	0x1d7
 669 046d 20060000 		.4byte	0x620
 670 0471 78       		.byte	0x78
 671 0472 08       		.uleb128 0x8
 672 0473 F4040000 		.4byte	.LASF83
 673 0477 07       		.byte	0x7
 674 0478 E301     		.2byte	0x1e3
 675 047a 12070000 		.4byte	0x712
 676 047e 80       		.byte	0x80
 677 047f 00       		.byte	0
 678 0480 03       		.uleb128 0x3
 679 0481 04       		.byte	0x4
 680 0482 07       		.byte	0x7
 681 0483 9F030000 		.4byte	.LASF84
 682 0487 0F       		.uleb128 0xf
 683 0488 C3000000 		.4byte	0xc3
 684 048c 04       		.uleb128 0x4
ARM GAS  /var/folders/m4/4md61f0s1_g0rzfghffqnxvr0000gn/T//cc6SyPjT.s 			page 13


 685 048d 76010000 		.4byte	.LASF85
 686 0491 08       		.byte	0x8
 687 0492 65       		.byte	0x65
 688 0493 4A030000 		.4byte	0x34a
 689 0497 04       		.uleb128 0x4
 690 0498 4E020000 		.4byte	.LASF86
 691 049c 08       		.byte	0x8
 692 049d 6D       		.byte	0x6d
 693 049e CE000000 		.4byte	0xce
 694 04a2 05       		.uleb128 0x5
 695 04a3 E5050000 		.4byte	.LASF87
 696 04a7 04       		.byte	0x4
 697 04a8 08       		.byte	0x8
 698 04a9 89       		.byte	0x89
 699 04aa BB040000 		.4byte	0x4bb
 700 04ae 10       		.uleb128 0x10
 701 04af 72313300 		.ascii	"r13\000"
 702 04b3 08       		.byte	0x8
 703 04b4 8A       		.byte	0x8a
 704 04b5 05060000 		.4byte	0x605
 705 04b9 00       		.byte	0
 706 04ba 00       		.byte	0
 707 04bb 05       		.uleb128 0x5
 708 04bc 60000000 		.4byte	.LASF88
 709 04c0 64       		.byte	0x64
 710 04c1 09       		.byte	0x9
 711 04c2 FD       		.byte	0xfd
 712 04c3 05060000 		.4byte	0x605
 713 04c7 10       		.uleb128 0x10
 714 04c8 73313600 		.ascii	"s16\000"
 715 04cc 09       		.byte	0x9
 716 04cd FF       		.byte	0xff
 717 04ce 8C040000 		.4byte	0x48c
 718 04d2 00       		.byte	0
 719 04d3 07       		.uleb128 0x7
 720 04d4 73313700 		.ascii	"s17\000"
 721 04d8 09       		.byte	0x9
 722 04d9 0001     		.2byte	0x100
 723 04db 8C040000 		.4byte	0x48c
 724 04df 04       		.byte	0x4
 725 04e0 07       		.uleb128 0x7
 726 04e1 73313800 		.ascii	"s18\000"
 727 04e5 09       		.byte	0x9
 728 04e6 0101     		.2byte	0x101
 729 04e8 8C040000 		.4byte	0x48c
 730 04ec 08       		.byte	0x8
 731 04ed 07       		.uleb128 0x7
 732 04ee 73313900 		.ascii	"s19\000"
 733 04f2 09       		.byte	0x9
 734 04f3 0201     		.2byte	0x102
 735 04f5 8C040000 		.4byte	0x48c
 736 04f9 0C       		.byte	0xc
 737 04fa 07       		.uleb128 0x7
 738 04fb 73323000 		.ascii	"s20\000"
 739 04ff 09       		.byte	0x9
 740 0500 0301     		.2byte	0x103
 741 0502 8C040000 		.4byte	0x48c
ARM GAS  /var/folders/m4/4md61f0s1_g0rzfghffqnxvr0000gn/T//cc6SyPjT.s 			page 14


 742 0506 10       		.byte	0x10
 743 0507 07       		.uleb128 0x7
 744 0508 73323100 		.ascii	"s21\000"
 745 050c 09       		.byte	0x9
 746 050d 0401     		.2byte	0x104
 747 050f 8C040000 		.4byte	0x48c
 748 0513 14       		.byte	0x14
 749 0514 07       		.uleb128 0x7
 750 0515 73323200 		.ascii	"s22\000"
 751 0519 09       		.byte	0x9
 752 051a 0501     		.2byte	0x105
 753 051c 8C040000 		.4byte	0x48c
 754 0520 18       		.byte	0x18
 755 0521 07       		.uleb128 0x7
 756 0522 73323300 		.ascii	"s23\000"
 757 0526 09       		.byte	0x9
 758 0527 0601     		.2byte	0x106
 759 0529 8C040000 		.4byte	0x48c
 760 052d 1C       		.byte	0x1c
 761 052e 07       		.uleb128 0x7
 762 052f 73323400 		.ascii	"s24\000"
 763 0533 09       		.byte	0x9
 764 0534 0701     		.2byte	0x107
 765 0536 8C040000 		.4byte	0x48c
 766 053a 20       		.byte	0x20
 767 053b 07       		.uleb128 0x7
 768 053c 73323500 		.ascii	"s25\000"
 769 0540 09       		.byte	0x9
 770 0541 0801     		.2byte	0x108
 771 0543 8C040000 		.4byte	0x48c
 772 0547 24       		.byte	0x24
 773 0548 07       		.uleb128 0x7
 774 0549 73323600 		.ascii	"s26\000"
 775 054d 09       		.byte	0x9
 776 054e 0901     		.2byte	0x109
 777 0550 8C040000 		.4byte	0x48c
 778 0554 28       		.byte	0x28
 779 0555 07       		.uleb128 0x7
 780 0556 73323700 		.ascii	"s27\000"
 781 055a 09       		.byte	0x9
 782 055b 0A01     		.2byte	0x10a
 783 055d 8C040000 		.4byte	0x48c
 784 0561 2C       		.byte	0x2c
 785 0562 07       		.uleb128 0x7
 786 0563 73323800 		.ascii	"s28\000"
 787 0567 09       		.byte	0x9
 788 0568 0B01     		.2byte	0x10b
 789 056a 8C040000 		.4byte	0x48c
 790 056e 30       		.byte	0x30
 791 056f 07       		.uleb128 0x7
 792 0570 73323900 		.ascii	"s29\000"
 793 0574 09       		.byte	0x9
 794 0575 0C01     		.2byte	0x10c
 795 0577 8C040000 		.4byte	0x48c
 796 057b 34       		.byte	0x34
 797 057c 07       		.uleb128 0x7
 798 057d 73333000 		.ascii	"s30\000"
ARM GAS  /var/folders/m4/4md61f0s1_g0rzfghffqnxvr0000gn/T//cc6SyPjT.s 			page 15


 799 0581 09       		.byte	0x9
 800 0582 0D01     		.2byte	0x10d
 801 0584 8C040000 		.4byte	0x48c
 802 0588 38       		.byte	0x38
 803 0589 07       		.uleb128 0x7
 804 058a 73333100 		.ascii	"s31\000"
 805 058e 09       		.byte	0x9
 806 058f 0E01     		.2byte	0x10e
 807 0591 8C040000 		.4byte	0x48c
 808 0595 3C       		.byte	0x3c
 809 0596 07       		.uleb128 0x7
 810 0597 723400   		.ascii	"r4\000"
 811 059a 09       		.byte	0x9
 812 059b 1001     		.2byte	0x110
 813 059d 8C040000 		.4byte	0x48c
 814 05a1 40       		.byte	0x40
 815 05a2 07       		.uleb128 0x7
 816 05a3 723500   		.ascii	"r5\000"
 817 05a6 09       		.byte	0x9
 818 05a7 1101     		.2byte	0x111
 819 05a9 8C040000 		.4byte	0x48c
 820 05ad 44       		.byte	0x44
 821 05ae 07       		.uleb128 0x7
 822 05af 723600   		.ascii	"r6\000"
 823 05b2 09       		.byte	0x9
 824 05b3 1201     		.2byte	0x112
 825 05b5 8C040000 		.4byte	0x48c
 826 05b9 48       		.byte	0x48
 827 05ba 07       		.uleb128 0x7
 828 05bb 723700   		.ascii	"r7\000"
 829 05be 09       		.byte	0x9
 830 05bf 1301     		.2byte	0x113
 831 05c1 8C040000 		.4byte	0x48c
 832 05c5 4C       		.byte	0x4c
 833 05c6 07       		.uleb128 0x7
 834 05c7 723800   		.ascii	"r8\000"
 835 05ca 09       		.byte	0x9
 836 05cb 1401     		.2byte	0x114
 837 05cd 8C040000 		.4byte	0x48c
 838 05d1 50       		.byte	0x50
 839 05d2 07       		.uleb128 0x7
 840 05d3 723900   		.ascii	"r9\000"
 841 05d6 09       		.byte	0x9
 842 05d7 1501     		.2byte	0x115
 843 05d9 8C040000 		.4byte	0x48c
 844 05dd 54       		.byte	0x54
 845 05de 07       		.uleb128 0x7
 846 05df 72313000 		.ascii	"r10\000"
 847 05e3 09       		.byte	0x9
 848 05e4 1601     		.2byte	0x116
 849 05e6 8C040000 		.4byte	0x48c
 850 05ea 58       		.byte	0x58
 851 05eb 07       		.uleb128 0x7
 852 05ec 72313100 		.ascii	"r11\000"
 853 05f0 09       		.byte	0x9
 854 05f1 1701     		.2byte	0x117
 855 05f3 8C040000 		.4byte	0x48c
ARM GAS  /var/folders/m4/4md61f0s1_g0rzfghffqnxvr0000gn/T//cc6SyPjT.s 			page 16


 856 05f7 5C       		.byte	0x5c
 857 05f8 07       		.uleb128 0x7
 858 05f9 6C7200   		.ascii	"lr\000"
 859 05fc 09       		.byte	0x9
 860 05fd 1801     		.2byte	0x118
 861 05ff 8C040000 		.4byte	0x48c
 862 0603 60       		.byte	0x60
 863 0604 00       		.byte	0
 864 0605 09       		.uleb128 0x9
 865 0606 04       		.byte	0x4
 866 0607 BB040000 		.4byte	0x4bb
 867 060b 11       		.uleb128 0x11
 868 060c 04       		.byte	0x4
 869 060d 0A       		.byte	0xa
 870 060e 38       		.byte	0x38
 871 060f 20060000 		.4byte	0x620
 872 0613 06       		.uleb128 0x6
 873 0614 D3050000 		.4byte	.LASF89
 874 0618 0A       		.byte	0xa
 875 0619 3C       		.byte	0x3c
 876 061a E4000000 		.4byte	0xe4
 877 061e 00       		.byte	0
 878 061f 00       		.byte	0
 879 0620 04       		.uleb128 0x4
 880 0621 06040000 		.4byte	.LASF90
 881 0625 0A       		.byte	0xa
 882 0626 3D       		.byte	0x3d
 883 0627 0B060000 		.4byte	0x60b
 884 062b 12       		.uleb128 0x12
 885 062c 04       		.byte	0x4
 886 062d 07       		.byte	0x7
 887 062e FA       		.byte	0xfa
 888 062f 88060000 		.4byte	0x688
 889 0633 13       		.uleb128 0x13
 890 0634 3F000000 		.4byte	.LASF91
 891 0638 07       		.byte	0x7
 892 0639 0101     		.2byte	0x101
 893 063b 26010000 		.4byte	0x126
 894 063f 13       		.uleb128 0x13
 895 0640 AB000000 		.4byte	.LASF92
 896 0644 07       		.byte	0x7
 897 0645 0801     		.2byte	0x108
 898 0647 26010000 		.4byte	0x126
 899 064b 13       		.uleb128 0x13
 900 064c 4C060000 		.4byte	.LASF93
 901 0650 07       		.byte	0x7
 902 0651 0F01     		.2byte	0x10f
 903 0653 4A030000 		.4byte	0x34a
 904 0657 13       		.uleb128 0x13
 905 0658 39000000 		.4byte	.LASF94
 906 065c 07       		.byte	0x7
 907 065d 1601     		.2byte	0x116
 908 065f 88060000 		.4byte	0x688
 909 0663 13       		.uleb128 0x13
 910 0664 CD010000 		.4byte	.LASF95
 911 0668 07       		.byte	0x7
 912 0669 1E01     		.2byte	0x11e
ARM GAS  /var/folders/m4/4md61f0s1_g0rzfghffqnxvr0000gn/T//cc6SyPjT.s 			page 17


 913 066b B3060000 		.4byte	0x6b3
 914 066f 13       		.uleb128 0x13
 915 0670 3F050000 		.4byte	.LASF96
 916 0674 07       		.byte	0x7
 917 0675 2701     		.2byte	0x127
 918 0677 EA060000 		.4byte	0x6ea
 919 067b 13       		.uleb128 0x13
 920 067c C8040000 		.4byte	.LASF97
 921 0680 07       		.byte	0x7
 922 0681 2F01     		.2byte	0x12f
 923 0683 31010000 		.4byte	0x131
 924 0687 00       		.byte	0
 925 0688 09       		.uleb128 0x9
 926 0689 04       		.byte	0x4
 927 068a 62020000 		.4byte	0x262
 928 068e 05       		.uleb128 0x5
 929 068f 1E050000 		.4byte	.LASF98
 930 0693 0C       		.byte	0xc
 931 0694 0B       		.byte	0xb
 932 0695 34       		.byte	0x34
 933 0696 B3060000 		.4byte	0x6b3
 934 069a 06       		.uleb128 0x6
 935 069b 59010000 		.4byte	.LASF99
 936 069f 0B       		.byte	0xb
 937 06a0 35       		.byte	0x35
 938 06a1 97020000 		.4byte	0x297
 939 06a5 00       		.byte	0
 940 06a6 06       		.uleb128 0x6
 941 06a7 ED010000 		.4byte	.LASF100
 942 06ab 0B       		.byte	0xb
 943 06ac 37       		.byte	0x37
 944 06ad 3C010000 		.4byte	0x13c
 945 06b1 08       		.byte	0x8
 946 06b2 00       		.byte	0
 947 06b3 09       		.uleb128 0x9
 948 06b4 04       		.byte	0x4
 949 06b5 8E060000 		.4byte	0x68e
 950 06b9 05       		.uleb128 0x5
 951 06ba 2E060000 		.4byte	.LASF101
 952 06be 10       		.byte	0x10
 953 06bf 0C       		.byte	0xc
 954 06c0 39       		.byte	0x39
 955 06c1 EA060000 		.4byte	0x6ea
 956 06c5 06       		.uleb128 0x6
 957 06c6 21010000 		.4byte	.LASF102
 958 06ca 0C       		.byte	0xc
 959 06cb 3A       		.byte	0x3a
 960 06cc 97020000 		.4byte	0x297
 961 06d0 00       		.byte	0
 962 06d1 06       		.uleb128 0x6
 963 06d2 74060000 		.4byte	.LASF103
 964 06d6 0C       		.byte	0xc
 965 06d7 3C       		.byte	0x3c
 966 06d8 6D020000 		.4byte	0x26d
 967 06dc 08       		.byte	0x8
 968 06dd 06       		.uleb128 0x6
 969 06de 99050000 		.4byte	.LASF104
ARM GAS  /var/folders/m4/4md61f0s1_g0rzfghffqnxvr0000gn/T//cc6SyPjT.s 			page 18


 970 06e2 0C       		.byte	0xc
 971 06e3 3E       		.byte	0x3e
 972 06e4 2D070000 		.4byte	0x72d
 973 06e8 0C       		.byte	0xc
 974 06e9 00       		.byte	0
 975 06ea 09       		.uleb128 0x9
 976 06eb 04       		.byte	0x4
 977 06ec B9060000 		.4byte	0x6b9
 978 06f0 09       		.uleb128 0x9
 979 06f1 04       		.byte	0x4
 980 06f2 F6060000 		.4byte	0x6f6
 981 06f6 14       		.uleb128 0x14
 982 06f7 FB060000 		.4byte	0x6fb
 983 06fb 03       		.uleb128 0x3
 984 06fc 01       		.byte	0x1
 985 06fd 08       		.byte	0x8
 986 06fe 70050000 		.4byte	.LASF105
 987 0702 0F       		.uleb128 0xf
 988 0703 47010000 		.4byte	0x147
 989 0707 09       		.uleb128 0x9
 990 0708 04       		.byte	0x4
 991 0709 4C030000 		.4byte	0x34c
 992 070d 0F       		.uleb128 0xf
 993 070e F0060000 		.4byte	0x6f0
 994 0712 15       		.uleb128 0x15
 995 0713 97040000 		.4byte	0x497
 996 0717 22070000 		.4byte	0x722
 997 071b 16       		.uleb128 0x16
 998 071c 80040000 		.4byte	0x480
 999 0720 3A       		.byte	0x3a
 1000 0721 00       		.byte	0
 1001 0722 04       		.uleb128 0x4
 1002 0723 94010000 		.4byte	.LASF106
 1003 0727 0C       		.byte	0xc
 1004 0728 34       		.byte	0x34
 1005 0729 B9060000 		.4byte	0x6b9
 1006 072d 09       		.uleb128 0x9
 1007 072e 04       		.byte	0x4
 1008 072f 22070000 		.4byte	0x722
 1009 0733 03       		.uleb128 0x3
 1010 0734 01       		.byte	0x1
 1011 0735 02       		.byte	0x2
 1012 0736 7F040000 		.4byte	.LASF107
 1013 073a 11       		.uleb128 0x11
 1014 073b 04       		.byte	0x4
 1015 073c 0D       		.byte	0xd
 1016 073d E7       		.byte	0xe7
 1017 073e 5B070000 		.4byte	0x75b
 1018 0742 10       		.uleb128 0x10
 1019 0743 73657400 		.ascii	"set\000"
 1020 0747 0D       		.byte	0xd
 1021 0748 E8       		.byte	0xe8
 1022 0749 AD000000 		.4byte	0xad
 1023 074d 00       		.byte	0
 1024 074e 06       		.uleb128 0x6
 1025 074f D2030000 		.4byte	.LASF108
 1026 0753 0D       		.byte	0xd
ARM GAS  /var/folders/m4/4md61f0s1_g0rzfghffqnxvr0000gn/T//cc6SyPjT.s 			page 19


 1027 0754 E9       		.byte	0xe9
 1028 0755 AD000000 		.4byte	0xad
 1029 0759 02       		.byte	0x2
 1030 075a 00       		.byte	0
 1031 075b 12       		.uleb128 0x12
 1032 075c 04       		.byte	0x4
 1033 075d 0D       		.byte	0xd
 1034 075e E5       		.byte	0xe5
 1035 075f 76070000 		.4byte	0x776
 1036 0763 17       		.uleb128 0x17
 1037 0764 5700     		.ascii	"W\000"
 1038 0766 0D       		.byte	0xd
 1039 0767 E6       		.byte	0xe6
 1040 0768 C3000000 		.4byte	0xc3
 1041 076c 17       		.uleb128 0x17
 1042 076d 4800     		.ascii	"H\000"
 1043 076f 0D       		.byte	0xd
 1044 0770 EA       		.byte	0xea
 1045 0771 3A070000 		.4byte	0x73a
 1046 0775 00       		.byte	0
 1047 0776 11       		.uleb128 0x11
 1048 0777 2C       		.byte	0x2c
 1049 0778 0D       		.byte	0xd
 1050 0779 DD       		.byte	0xdd
 1051 077a 03080000 		.4byte	0x803
 1052 077e 06       		.uleb128 0x6
 1053 077f 88000000 		.4byte	.LASF109
 1054 0783 0D       		.byte	0xd
 1055 0784 DF       		.byte	0xdf
 1056 0785 87040000 		.4byte	0x487
 1057 0789 00       		.byte	0
 1058 078a 06       		.uleb128 0x6
 1059 078b 59000000 		.4byte	.LASF110
 1060 078f 0D       		.byte	0xd
 1061 0790 E0       		.byte	0xe0
 1062 0791 87040000 		.4byte	0x487
 1063 0795 04       		.byte	0x4
 1064 0796 06       		.uleb128 0x6
 1065 0797 61010000 		.4byte	.LASF111
 1066 079b 0D       		.byte	0xd
 1067 079c E1       		.byte	0xe1
 1068 079d 87040000 		.4byte	0x487
 1069 07a1 08       		.byte	0x8
 1070 07a2 06       		.uleb128 0x6
 1071 07a3 A5000000 		.4byte	.LASF112
 1072 07a7 0D       		.byte	0xd
 1073 07a8 E2       		.byte	0xe2
 1074 07a9 87040000 		.4byte	0x487
 1075 07ad 0C       		.byte	0xc
 1076 07ae 10       		.uleb128 0x10
 1077 07af 49445200 		.ascii	"IDR\000"
 1078 07b3 0D       		.byte	0xd
 1079 07b4 E3       		.byte	0xe3
 1080 07b5 87040000 		.4byte	0x487
 1081 07b9 10       		.byte	0x10
 1082 07ba 10       		.uleb128 0x10
 1083 07bb 4F445200 		.ascii	"ODR\000"
ARM GAS  /var/folders/m4/4md61f0s1_g0rzfghffqnxvr0000gn/T//cc6SyPjT.s 			page 20


 1084 07bf 0D       		.byte	0xd
 1085 07c0 E4       		.byte	0xe4
 1086 07c1 87040000 		.4byte	0x487
 1087 07c5 14       		.byte	0x14
 1088 07c6 06       		.uleb128 0x6
 1089 07c7 14010000 		.4byte	.LASF113
 1090 07cb 0D       		.byte	0xd
 1091 07cc EB       		.byte	0xeb
 1092 07cd 03080000 		.4byte	0x803
 1093 07d1 18       		.byte	0x18
 1094 07d2 06       		.uleb128 0x6
 1095 07d3 E8010000 		.4byte	.LASF114
 1096 07d7 0D       		.byte	0xd
 1097 07d8 EC       		.byte	0xec
 1098 07d9 87040000 		.4byte	0x487
 1099 07dd 1C       		.byte	0x1c
 1100 07de 06       		.uleb128 0x6
 1101 07df 43040000 		.4byte	.LASF115
 1102 07e3 0D       		.byte	0xd
 1103 07e4 ED       		.byte	0xed
 1104 07e5 87040000 		.4byte	0x487
 1105 07e9 20       		.byte	0x20
 1106 07ea 06       		.uleb128 0x6
 1107 07eb 30040000 		.4byte	.LASF116
 1108 07ef 0D       		.byte	0xd
 1109 07f0 EE       		.byte	0xee
 1110 07f1 87040000 		.4byte	0x487
 1111 07f5 24       		.byte	0x24
 1112 07f6 10       		.uleb128 0x10
 1113 07f7 42525200 		.ascii	"BRR\000"
 1114 07fb 0D       		.byte	0xd
 1115 07fc EF       		.byte	0xef
 1116 07fd 87040000 		.4byte	0x487
 1117 0801 28       		.byte	0x28
 1118 0802 00       		.byte	0
 1119 0803 0F       		.uleb128 0xf
 1120 0804 5B070000 		.4byte	0x75b
 1121 0808 04       		.uleb128 0x4
 1122 0809 87010000 		.4byte	.LASF117
 1123 080d 0D       		.byte	0xd
 1124 080e F0       		.byte	0xf0
 1125 080f 76070000 		.4byte	0x776
 1126 0813 18       		.uleb128 0x18
 1127 0814 7B000000 		.4byte	.LASF118
 1128 0818 0D       		.byte	0xd
 1129 0819 3F01     		.2byte	0x13f
 1130 081b C3000000 		.4byte	0xc3
 1131 081f 18       		.uleb128 0x18
 1132 0820 6B060000 		.4byte	.LASF119
 1133 0824 0D       		.byte	0xd
 1134 0825 4401     		.2byte	0x144
 1135 0827 C3000000 		.4byte	0xc3
 1136 082b 18       		.uleb128 0x18
 1137 082c DA050000 		.4byte	.LASF120
 1138 0830 0D       		.byte	0xd
 1139 0831 5101     		.2byte	0x151
 1140 0833 37080000 		.4byte	0x837
ARM GAS  /var/folders/m4/4md61f0s1_g0rzfghffqnxvr0000gn/T//cc6SyPjT.s 			page 21


 1141 0837 09       		.uleb128 0x9
 1142 0838 04       		.byte	0x4
 1143 0839 08080000 		.4byte	0x808
 1144 083d 11       		.uleb128 0x11
 1145 083e 0C       		.byte	0xc
 1146 083f 0E       		.byte	0xe
 1147 0840 7A       		.byte	0x7a
 1148 0841 6A080000 		.4byte	0x86a
 1149 0845 06       		.uleb128 0x6
 1150 0846 29040000 		.4byte	.LASF121
 1151 084a 0E       		.byte	0xe
 1152 084b 7E       		.byte	0x7e
 1153 084c 2B080000 		.4byte	0x82b
 1154 0850 00       		.byte	0
 1155 0851 06       		.uleb128 0x6
 1156 0852 71010000 		.4byte	.LASF122
 1157 0856 0E       		.byte	0xe
 1158 0857 84       		.byte	0x84
 1159 0858 13080000 		.4byte	0x813
 1160 085c 04       		.byte	0x4
 1161 085d 06       		.uleb128 0x6
 1162 085e D3050000 		.4byte	.LASF89
 1163 0862 0E       		.byte	0xe
 1164 0863 88       		.byte	0x88
 1165 0864 D9000000 		.4byte	0xd9
 1166 0868 08       		.byte	0x8
 1167 0869 00       		.byte	0
 1168 086a 04       		.uleb128 0x4
 1169 086b 9C010000 		.4byte	.LASF123
 1170 086f 0E       		.byte	0xe
 1171 0870 89       		.byte	0x89
 1172 0871 3D080000 		.4byte	0x83d
 1173 0875 19       		.uleb128 0x19
 1174 0876 7A050000 		.4byte	.LASF133
 1175 087a 01       		.byte	0x1
 1176 087b 41       		.byte	0x41
 1177 087c 13080000 		.4byte	0x813
 1178 0880 00000000 		.4byte	.LFB268
 1179 0884 10000000 		.4byte	.LFE268-.LFB268
 1180 0888 01       		.uleb128 0x1
 1181 0889 9C       		.byte	0x9c
 1182 088a A7080000 		.4byte	0x8a7
 1183 088e 1A       		.uleb128 0x1a
 1184 088f 62757300 		.ascii	"bus\000"
 1185 0893 01       		.byte	0x1
 1186 0894 41       		.byte	0x41
 1187 0895 A7080000 		.4byte	0x8a7
 1188 0899 00000000 		.4byte	.LLST0
 1189 089d 1B       		.uleb128 0x1b
 1190 089e EB040000 		.4byte	.LASF125
 1191 08a2 BD080000 		.4byte	0x8bd
 1192 08a6 00       		.byte	0
 1193 08a7 09       		.uleb128 0x9
 1194 08a8 04       		.byte	0x4
 1195 08a9 6A080000 		.4byte	0x86a
 1196 08ad 15       		.uleb128 0x15
 1197 08ae FB060000 		.4byte	0x6fb
ARM GAS  /var/folders/m4/4md61f0s1_g0rzfghffqnxvr0000gn/T//cc6SyPjT.s 			page 22


 1198 08b2 BD080000 		.4byte	0x8bd
 1199 08b6 16       		.uleb128 0x16
 1200 08b7 80040000 		.4byte	0x480
 1201 08bb 0A       		.byte	0xa
 1202 08bc 00       		.byte	0
 1203 08bd 14       		.uleb128 0x14
 1204 08be AD080000 		.4byte	0x8ad
 1205 08c2 1C       		.uleb128 0x1c
 1206 08c3 12060000 		.4byte	.LASF126
 1207 08c7 01       		.byte	0x1
 1208 08c8 5A       		.byte	0x5a
 1209 08c9 00000000 		.4byte	.LFB269
 1210 08cd 1E000000 		.4byte	.LFE269-.LFB269
 1211 08d1 01       		.uleb128 0x1
 1212 08d2 9C       		.byte	0x9c
 1213 08d3 FF080000 		.4byte	0x8ff
 1214 08d7 1A       		.uleb128 0x1a
 1215 08d8 62757300 		.ascii	"bus\000"
 1216 08dc 01       		.byte	0x1
 1217 08dd 5A       		.byte	0x5a
 1218 08de A7080000 		.4byte	0x8a7
 1219 08e2 21000000 		.4byte	.LLST1
 1220 08e6 1D       		.uleb128 0x1d
 1221 08e7 3A010000 		.4byte	.LASF124
 1222 08eb 01       		.byte	0x1
 1223 08ec 5A       		.byte	0x5a
 1224 08ed 13080000 		.4byte	0x813
 1225 08f1 42000000 		.4byte	.LLST2
 1226 08f5 1B       		.uleb128 0x1b
 1227 08f6 EB040000 		.4byte	.LASF125
 1228 08fa 0F090000 		.4byte	0x90f
 1229 08fe 00       		.byte	0
 1230 08ff 15       		.uleb128 0x15
 1231 0900 FB060000 		.4byte	0x6fb
 1232 0904 0F090000 		.4byte	0x90f
 1233 0908 16       		.uleb128 0x16
 1234 0909 80040000 		.4byte	0x480
 1235 090d 0B       		.byte	0xb
 1236 090e 00       		.byte	0
 1237 090f 14       		.uleb128 0x14
 1238 0910 FF080000 		.4byte	0x8ff
 1239 0914 1C       		.uleb128 0x1c
 1240 0915 35040000 		.4byte	.LASF127
 1241 0919 01       		.byte	0x1
 1242 091a 71       		.byte	0x71
 1243 091b 00000000 		.4byte	.LFB270
 1244 091f 0A000000 		.4byte	.LFE270-.LFB270
 1245 0923 01       		.uleb128 0x1
 1246 0924 9C       		.byte	0x9c
 1247 0925 62090000 		.4byte	0x962
 1248 0929 1A       		.uleb128 0x1a
 1249 092a 62757300 		.ascii	"bus\000"
 1250 092e 01       		.byte	0x1
 1251 092f 71       		.byte	0x71
 1252 0930 A7080000 		.4byte	0x8a7
 1253 0934 63000000 		.4byte	.LLST3
 1254 0938 1D       		.uleb128 0x1d
ARM GAS  /var/folders/m4/4md61f0s1_g0rzfghffqnxvr0000gn/T//cc6SyPjT.s 			page 23


 1255 0939 75050000 		.4byte	.LASF128
 1256 093d 01       		.byte	0x1
 1257 093e 71       		.byte	0x71
 1258 093f 1F080000 		.4byte	0x81f
 1259 0943 84000000 		.4byte	.LLST4
 1260 0947 1B       		.uleb128 0x1b
 1261 0948 EB040000 		.4byte	.LASF125
 1262 094c 72090000 		.4byte	0x972
 1263 0950 1E       		.uleb128 0x1e
 1264 0951 0A000000 		.4byte	.LVL7
 1265 0955 93090000 		.4byte	0x993
 1266 0959 1F       		.uleb128 0x1f
 1267 095a 01       		.uleb128 0x1
 1268 095b 52       		.byte	0x52
 1269 095c 03       		.uleb128 0x3
 1270 095d F3       		.byte	0xf3
 1271 095e 01       		.uleb128 0x1
 1272 095f 51       		.byte	0x51
 1273 0960 00       		.byte	0
 1274 0961 00       		.byte	0
 1275 0962 15       		.uleb128 0x15
 1276 0963 FB060000 		.4byte	0x6fb
 1277 0967 72090000 		.4byte	0x972
 1278 096b 16       		.uleb128 0x16
 1279 096c 80040000 		.4byte	0x480
 1280 0970 0D       		.byte	0xd
 1281 0971 00       		.byte	0
 1282 0972 14       		.uleb128 0x14
 1283 0973 62090000 		.4byte	0x962
 1284 0977 20       		.uleb128 0x20
 1285 0978 D5000000 		.4byte	.LASF129
 1286 097c 0F       		.byte	0xf
 1287 097d FA06     		.2byte	0x6fa
 1288 097f 83090000 		.4byte	0x983
 1289 0983 0F       		.uleb128 0xf
 1290 0984 B8000000 		.4byte	0xb8
 1291 0988 21       		.uleb128 0x21
 1292 0989 636800   		.ascii	"ch\000"
 1293 098c 07       		.byte	0x7
 1294 098d 0902     		.2byte	0x209
 1295 098f 19040000 		.4byte	0x419
 1296 0993 22       		.uleb128 0x22
 1297 0994 ED050000 		.4byte	.LASF134
 1298 0998 0D       		.byte	0xd
 1299 0999 2402     		.2byte	0x224
 1300 099b 0C       		.uleb128 0xc
 1301 099c 2B080000 		.4byte	0x82b
 1302 09a0 0C       		.uleb128 0xc
 1303 09a1 13080000 		.4byte	0x813
 1304 09a5 0C       		.uleb128 0xc
 1305 09a6 1F080000 		.4byte	0x81f
 1306 09aa 00       		.byte	0
 1307 09ab 00       		.byte	0
 1308              		.section	.debug_abbrev,"",%progbits
 1309              	.Ldebug_abbrev0:
 1310 0000 01       		.uleb128 0x1
 1311 0001 11       		.uleb128 0x11
ARM GAS  /var/folders/m4/4md61f0s1_g0rzfghffqnxvr0000gn/T//cc6SyPjT.s 			page 24


 1312 0002 01       		.byte	0x1
 1313 0003 25       		.uleb128 0x25
 1314 0004 0E       		.uleb128 0xe
 1315 0005 13       		.uleb128 0x13
 1316 0006 0B       		.uleb128 0xb
 1317 0007 03       		.uleb128 0x3
 1318 0008 0E       		.uleb128 0xe
 1319 0009 1B       		.uleb128 0x1b
 1320 000a 0E       		.uleb128 0xe
 1321 000b 55       		.uleb128 0x55
 1322 000c 17       		.uleb128 0x17
 1323 000d 11       		.uleb128 0x11
 1324 000e 01       		.uleb128 0x1
 1325 000f 10       		.uleb128 0x10
 1326 0010 17       		.uleb128 0x17
 1327 0011 00       		.byte	0
 1328 0012 00       		.byte	0
 1329 0013 02       		.uleb128 0x2
 1330 0014 24       		.uleb128 0x24
 1331 0015 00       		.byte	0
 1332 0016 0B       		.uleb128 0xb
 1333 0017 0B       		.uleb128 0xb
 1334 0018 3E       		.uleb128 0x3e
 1335 0019 0B       		.uleb128 0xb
 1336 001a 03       		.uleb128 0x3
 1337 001b 08       		.uleb128 0x8
 1338 001c 00       		.byte	0
 1339 001d 00       		.byte	0
 1340 001e 03       		.uleb128 0x3
 1341 001f 24       		.uleb128 0x24
 1342 0020 00       		.byte	0
 1343 0021 0B       		.uleb128 0xb
 1344 0022 0B       		.uleb128 0xb
 1345 0023 3E       		.uleb128 0x3e
 1346 0024 0B       		.uleb128 0xb
 1347 0025 03       		.uleb128 0x3
 1348 0026 0E       		.uleb128 0xe
 1349 0027 00       		.byte	0
 1350 0028 00       		.byte	0
 1351 0029 04       		.uleb128 0x4
 1352 002a 16       		.uleb128 0x16
 1353 002b 00       		.byte	0
 1354 002c 03       		.uleb128 0x3
 1355 002d 0E       		.uleb128 0xe
 1356 002e 3A       		.uleb128 0x3a
 1357 002f 0B       		.uleb128 0xb
 1358 0030 3B       		.uleb128 0x3b
 1359 0031 0B       		.uleb128 0xb
 1360 0032 49       		.uleb128 0x49
 1361 0033 13       		.uleb128 0x13
 1362 0034 00       		.byte	0
 1363 0035 00       		.byte	0
 1364 0036 05       		.uleb128 0x5
 1365 0037 13       		.uleb128 0x13
 1366 0038 01       		.byte	0x1
 1367 0039 03       		.uleb128 0x3
 1368 003a 0E       		.uleb128 0xe
ARM GAS  /var/folders/m4/4md61f0s1_g0rzfghffqnxvr0000gn/T//cc6SyPjT.s 			page 25


 1369 003b 0B       		.uleb128 0xb
 1370 003c 0B       		.uleb128 0xb
 1371 003d 3A       		.uleb128 0x3a
 1372 003e 0B       		.uleb128 0xb
 1373 003f 3B       		.uleb128 0x3b
 1374 0040 0B       		.uleb128 0xb
 1375 0041 01       		.uleb128 0x1
 1376 0042 13       		.uleb128 0x13
 1377 0043 00       		.byte	0
 1378 0044 00       		.byte	0
 1379 0045 06       		.uleb128 0x6
 1380 0046 0D       		.uleb128 0xd
 1381 0047 00       		.byte	0
 1382 0048 03       		.uleb128 0x3
 1383 0049 0E       		.uleb128 0xe
 1384 004a 3A       		.uleb128 0x3a
 1385 004b 0B       		.uleb128 0xb
 1386 004c 3B       		.uleb128 0x3b
 1387 004d 0B       		.uleb128 0xb
 1388 004e 49       		.uleb128 0x49
 1389 004f 13       		.uleb128 0x13
 1390 0050 38       		.uleb128 0x38
 1391 0051 0B       		.uleb128 0xb
 1392 0052 00       		.byte	0
 1393 0053 00       		.byte	0
 1394 0054 07       		.uleb128 0x7
 1395 0055 0D       		.uleb128 0xd
 1396 0056 00       		.byte	0
 1397 0057 03       		.uleb128 0x3
 1398 0058 08       		.uleb128 0x8
 1399 0059 3A       		.uleb128 0x3a
 1400 005a 0B       		.uleb128 0xb
 1401 005b 3B       		.uleb128 0x3b
 1402 005c 05       		.uleb128 0x5
 1403 005d 49       		.uleb128 0x49
 1404 005e 13       		.uleb128 0x13
 1405 005f 38       		.uleb128 0x38
 1406 0060 0B       		.uleb128 0xb
 1407 0061 00       		.byte	0
 1408 0062 00       		.byte	0
 1409 0063 08       		.uleb128 0x8
 1410 0064 0D       		.uleb128 0xd
 1411 0065 00       		.byte	0
 1412 0066 03       		.uleb128 0x3
 1413 0067 0E       		.uleb128 0xe
 1414 0068 3A       		.uleb128 0x3a
 1415 0069 0B       		.uleb128 0xb
 1416 006a 3B       		.uleb128 0x3b
 1417 006b 05       		.uleb128 0x5
 1418 006c 49       		.uleb128 0x49
 1419 006d 13       		.uleb128 0x13
 1420 006e 38       		.uleb128 0x38
 1421 006f 0B       		.uleb128 0xb
 1422 0070 00       		.byte	0
 1423 0071 00       		.byte	0
 1424 0072 09       		.uleb128 0x9
 1425 0073 0F       		.uleb128 0xf
ARM GAS  /var/folders/m4/4md61f0s1_g0rzfghffqnxvr0000gn/T//cc6SyPjT.s 			page 26


 1426 0074 00       		.byte	0
 1427 0075 0B       		.uleb128 0xb
 1428 0076 0B       		.uleb128 0xb
 1429 0077 49       		.uleb128 0x49
 1430 0078 13       		.uleb128 0x13
 1431 0079 00       		.byte	0
 1432 007a 00       		.byte	0
 1433 007b 0A       		.uleb128 0xa
 1434 007c 13       		.uleb128 0x13
 1435 007d 01       		.byte	0x1
 1436 007e 03       		.uleb128 0x3
 1437 007f 0E       		.uleb128 0xe
 1438 0080 0B       		.uleb128 0xb
 1439 0081 0B       		.uleb128 0xb
 1440 0082 3A       		.uleb128 0x3a
 1441 0083 0B       		.uleb128 0xb
 1442 0084 3B       		.uleb128 0x3b
 1443 0085 05       		.uleb128 0x5
 1444 0086 01       		.uleb128 0x1
 1445 0087 13       		.uleb128 0x13
 1446 0088 00       		.byte	0
 1447 0089 00       		.byte	0
 1448 008a 0B       		.uleb128 0xb
 1449 008b 15       		.uleb128 0x15
 1450 008c 01       		.byte	0x1
 1451 008d 27       		.uleb128 0x27
 1452 008e 19       		.uleb128 0x19
 1453 008f 01       		.uleb128 0x1
 1454 0090 13       		.uleb128 0x13
 1455 0091 00       		.byte	0
 1456 0092 00       		.byte	0
 1457 0093 0C       		.uleb128 0xc
 1458 0094 05       		.uleb128 0x5
 1459 0095 00       		.byte	0
 1460 0096 49       		.uleb128 0x49
 1461 0097 13       		.uleb128 0x13
 1462 0098 00       		.byte	0
 1463 0099 00       		.byte	0
 1464 009a 0D       		.uleb128 0xd
 1465 009b 0F       		.uleb128 0xf
 1466 009c 00       		.byte	0
 1467 009d 0B       		.uleb128 0xb
 1468 009e 0B       		.uleb128 0xb
 1469 009f 00       		.byte	0
 1470 00a0 00       		.byte	0
 1471 00a1 0E       		.uleb128 0xe
 1472 00a2 13       		.uleb128 0x13
 1473 00a3 01       		.byte	0x1
 1474 00a4 03       		.uleb128 0x3
 1475 00a5 0E       		.uleb128 0xe
 1476 00a6 0B       		.uleb128 0xb
 1477 00a7 05       		.uleb128 0x5
 1478 00a8 3A       		.uleb128 0x3a
 1479 00a9 0B       		.uleb128 0xb
 1480 00aa 3B       		.uleb128 0x3b
 1481 00ab 05       		.uleb128 0x5
 1482 00ac 01       		.uleb128 0x1
ARM GAS  /var/folders/m4/4md61f0s1_g0rzfghffqnxvr0000gn/T//cc6SyPjT.s 			page 27


 1483 00ad 13       		.uleb128 0x13
 1484 00ae 00       		.byte	0
 1485 00af 00       		.byte	0
 1486 00b0 0F       		.uleb128 0xf
 1487 00b1 35       		.uleb128 0x35
 1488 00b2 00       		.byte	0
 1489 00b3 49       		.uleb128 0x49
 1490 00b4 13       		.uleb128 0x13
 1491 00b5 00       		.byte	0
 1492 00b6 00       		.byte	0
 1493 00b7 10       		.uleb128 0x10
 1494 00b8 0D       		.uleb128 0xd
 1495 00b9 00       		.byte	0
 1496 00ba 03       		.uleb128 0x3
 1497 00bb 08       		.uleb128 0x8
 1498 00bc 3A       		.uleb128 0x3a
 1499 00bd 0B       		.uleb128 0xb
 1500 00be 3B       		.uleb128 0x3b
 1501 00bf 0B       		.uleb128 0xb
 1502 00c0 49       		.uleb128 0x49
 1503 00c1 13       		.uleb128 0x13
 1504 00c2 38       		.uleb128 0x38
 1505 00c3 0B       		.uleb128 0xb
 1506 00c4 00       		.byte	0
 1507 00c5 00       		.byte	0
 1508 00c6 11       		.uleb128 0x11
 1509 00c7 13       		.uleb128 0x13
 1510 00c8 01       		.byte	0x1
 1511 00c9 0B       		.uleb128 0xb
 1512 00ca 0B       		.uleb128 0xb
 1513 00cb 3A       		.uleb128 0x3a
 1514 00cc 0B       		.uleb128 0xb
 1515 00cd 3B       		.uleb128 0x3b
 1516 00ce 0B       		.uleb128 0xb
 1517 00cf 01       		.uleb128 0x1
 1518 00d0 13       		.uleb128 0x13
 1519 00d1 00       		.byte	0
 1520 00d2 00       		.byte	0
 1521 00d3 12       		.uleb128 0x12
 1522 00d4 17       		.uleb128 0x17
 1523 00d5 01       		.byte	0x1
 1524 00d6 0B       		.uleb128 0xb
 1525 00d7 0B       		.uleb128 0xb
 1526 00d8 3A       		.uleb128 0x3a
 1527 00d9 0B       		.uleb128 0xb
 1528 00da 3B       		.uleb128 0x3b
 1529 00db 0B       		.uleb128 0xb
 1530 00dc 01       		.uleb128 0x1
 1531 00dd 13       		.uleb128 0x13
 1532 00de 00       		.byte	0
 1533 00df 00       		.byte	0
 1534 00e0 13       		.uleb128 0x13
 1535 00e1 0D       		.uleb128 0xd
 1536 00e2 00       		.byte	0
 1537 00e3 03       		.uleb128 0x3
 1538 00e4 0E       		.uleb128 0xe
 1539 00e5 3A       		.uleb128 0x3a
ARM GAS  /var/folders/m4/4md61f0s1_g0rzfghffqnxvr0000gn/T//cc6SyPjT.s 			page 28


 1540 00e6 0B       		.uleb128 0xb
 1541 00e7 3B       		.uleb128 0x3b
 1542 00e8 05       		.uleb128 0x5
 1543 00e9 49       		.uleb128 0x49
 1544 00ea 13       		.uleb128 0x13
 1545 00eb 00       		.byte	0
 1546 00ec 00       		.byte	0
 1547 00ed 14       		.uleb128 0x14
 1548 00ee 26       		.uleb128 0x26
 1549 00ef 00       		.byte	0
 1550 00f0 49       		.uleb128 0x49
 1551 00f1 13       		.uleb128 0x13
 1552 00f2 00       		.byte	0
 1553 00f3 00       		.byte	0
 1554 00f4 15       		.uleb128 0x15
 1555 00f5 01       		.uleb128 0x1
 1556 00f6 01       		.byte	0x1
 1557 00f7 49       		.uleb128 0x49
 1558 00f8 13       		.uleb128 0x13
 1559 00f9 01       		.uleb128 0x1
 1560 00fa 13       		.uleb128 0x13
 1561 00fb 00       		.byte	0
 1562 00fc 00       		.byte	0
 1563 00fd 16       		.uleb128 0x16
 1564 00fe 21       		.uleb128 0x21
 1565 00ff 00       		.byte	0
 1566 0100 49       		.uleb128 0x49
 1567 0101 13       		.uleb128 0x13
 1568 0102 2F       		.uleb128 0x2f
 1569 0103 0B       		.uleb128 0xb
 1570 0104 00       		.byte	0
 1571 0105 00       		.byte	0
 1572 0106 17       		.uleb128 0x17
 1573 0107 0D       		.uleb128 0xd
 1574 0108 00       		.byte	0
 1575 0109 03       		.uleb128 0x3
 1576 010a 08       		.uleb128 0x8
 1577 010b 3A       		.uleb128 0x3a
 1578 010c 0B       		.uleb128 0xb
 1579 010d 3B       		.uleb128 0x3b
 1580 010e 0B       		.uleb128 0xb
 1581 010f 49       		.uleb128 0x49
 1582 0110 13       		.uleb128 0x13
 1583 0111 00       		.byte	0
 1584 0112 00       		.byte	0
 1585 0113 18       		.uleb128 0x18
 1586 0114 16       		.uleb128 0x16
 1587 0115 00       		.byte	0
 1588 0116 03       		.uleb128 0x3
 1589 0117 0E       		.uleb128 0xe
 1590 0118 3A       		.uleb128 0x3a
 1591 0119 0B       		.uleb128 0xb
 1592 011a 3B       		.uleb128 0x3b
 1593 011b 05       		.uleb128 0x5
 1594 011c 49       		.uleb128 0x49
 1595 011d 13       		.uleb128 0x13
 1596 011e 00       		.byte	0
ARM GAS  /var/folders/m4/4md61f0s1_g0rzfghffqnxvr0000gn/T//cc6SyPjT.s 			page 29


 1597 011f 00       		.byte	0
 1598 0120 19       		.uleb128 0x19
 1599 0121 2E       		.uleb128 0x2e
 1600 0122 01       		.byte	0x1
 1601 0123 3F       		.uleb128 0x3f
 1602 0124 19       		.uleb128 0x19
 1603 0125 03       		.uleb128 0x3
 1604 0126 0E       		.uleb128 0xe
 1605 0127 3A       		.uleb128 0x3a
 1606 0128 0B       		.uleb128 0xb
 1607 0129 3B       		.uleb128 0x3b
 1608 012a 0B       		.uleb128 0xb
 1609 012b 27       		.uleb128 0x27
 1610 012c 19       		.uleb128 0x19
 1611 012d 49       		.uleb128 0x49
 1612 012e 13       		.uleb128 0x13
 1613 012f 11       		.uleb128 0x11
 1614 0130 01       		.uleb128 0x1
 1615 0131 12       		.uleb128 0x12
 1616 0132 06       		.uleb128 0x6
 1617 0133 40       		.uleb128 0x40
 1618 0134 18       		.uleb128 0x18
 1619 0135 9742     		.uleb128 0x2117
 1620 0137 19       		.uleb128 0x19
 1621 0138 01       		.uleb128 0x1
 1622 0139 13       		.uleb128 0x13
 1623 013a 00       		.byte	0
 1624 013b 00       		.byte	0
 1625 013c 1A       		.uleb128 0x1a
 1626 013d 05       		.uleb128 0x5
 1627 013e 00       		.byte	0
 1628 013f 03       		.uleb128 0x3
 1629 0140 08       		.uleb128 0x8
 1630 0141 3A       		.uleb128 0x3a
 1631 0142 0B       		.uleb128 0xb
 1632 0143 3B       		.uleb128 0x3b
 1633 0144 0B       		.uleb128 0xb
 1634 0145 49       		.uleb128 0x49
 1635 0146 13       		.uleb128 0x13
 1636 0147 02       		.uleb128 0x2
 1637 0148 17       		.uleb128 0x17
 1638 0149 00       		.byte	0
 1639 014a 00       		.byte	0
 1640 014b 1B       		.uleb128 0x1b
 1641 014c 34       		.uleb128 0x34
 1642 014d 00       		.byte	0
 1643 014e 03       		.uleb128 0x3
 1644 014f 0E       		.uleb128 0xe
 1645 0150 49       		.uleb128 0x49
 1646 0151 13       		.uleb128 0x13
 1647 0152 34       		.uleb128 0x34
 1648 0153 19       		.uleb128 0x19
 1649 0154 00       		.byte	0
 1650 0155 00       		.byte	0
 1651 0156 1C       		.uleb128 0x1c
 1652 0157 2E       		.uleb128 0x2e
 1653 0158 01       		.byte	0x1
ARM GAS  /var/folders/m4/4md61f0s1_g0rzfghffqnxvr0000gn/T//cc6SyPjT.s 			page 30


 1654 0159 3F       		.uleb128 0x3f
 1655 015a 19       		.uleb128 0x19
 1656 015b 03       		.uleb128 0x3
 1657 015c 0E       		.uleb128 0xe
 1658 015d 3A       		.uleb128 0x3a
 1659 015e 0B       		.uleb128 0xb
 1660 015f 3B       		.uleb128 0x3b
 1661 0160 0B       		.uleb128 0xb
 1662 0161 27       		.uleb128 0x27
 1663 0162 19       		.uleb128 0x19
 1664 0163 11       		.uleb128 0x11
 1665 0164 01       		.uleb128 0x1
 1666 0165 12       		.uleb128 0x12
 1667 0166 06       		.uleb128 0x6
 1668 0167 40       		.uleb128 0x40
 1669 0168 18       		.uleb128 0x18
 1670 0169 9742     		.uleb128 0x2117
 1671 016b 19       		.uleb128 0x19
 1672 016c 01       		.uleb128 0x1
 1673 016d 13       		.uleb128 0x13
 1674 016e 00       		.byte	0
 1675 016f 00       		.byte	0
 1676 0170 1D       		.uleb128 0x1d
 1677 0171 05       		.uleb128 0x5
 1678 0172 00       		.byte	0
 1679 0173 03       		.uleb128 0x3
 1680 0174 0E       		.uleb128 0xe
 1681 0175 3A       		.uleb128 0x3a
 1682 0176 0B       		.uleb128 0xb
 1683 0177 3B       		.uleb128 0x3b
 1684 0178 0B       		.uleb128 0xb
 1685 0179 49       		.uleb128 0x49
 1686 017a 13       		.uleb128 0x13
 1687 017b 02       		.uleb128 0x2
 1688 017c 17       		.uleb128 0x17
 1689 017d 00       		.byte	0
 1690 017e 00       		.byte	0
 1691 017f 1E       		.uleb128 0x1e
 1692 0180 898201   		.uleb128 0x4109
 1693 0183 01       		.byte	0x1
 1694 0184 11       		.uleb128 0x11
 1695 0185 01       		.uleb128 0x1
 1696 0186 9542     		.uleb128 0x2115
 1697 0188 19       		.uleb128 0x19
 1698 0189 31       		.uleb128 0x31
 1699 018a 13       		.uleb128 0x13
 1700 018b 00       		.byte	0
 1701 018c 00       		.byte	0
 1702 018d 1F       		.uleb128 0x1f
 1703 018e 8A8201   		.uleb128 0x410a
 1704 0191 00       		.byte	0
 1705 0192 02       		.uleb128 0x2
 1706 0193 18       		.uleb128 0x18
 1707 0194 9142     		.uleb128 0x2111
 1708 0196 18       		.uleb128 0x18
 1709 0197 00       		.byte	0
 1710 0198 00       		.byte	0
ARM GAS  /var/folders/m4/4md61f0s1_g0rzfghffqnxvr0000gn/T//cc6SyPjT.s 			page 31


 1711 0199 20       		.uleb128 0x20
 1712 019a 34       		.uleb128 0x34
 1713 019b 00       		.byte	0
 1714 019c 03       		.uleb128 0x3
 1715 019d 0E       		.uleb128 0xe
 1716 019e 3A       		.uleb128 0x3a
 1717 019f 0B       		.uleb128 0xb
 1718 01a0 3B       		.uleb128 0x3b
 1719 01a1 05       		.uleb128 0x5
 1720 01a2 49       		.uleb128 0x49
 1721 01a3 13       		.uleb128 0x13
 1722 01a4 3F       		.uleb128 0x3f
 1723 01a5 19       		.uleb128 0x19
 1724 01a6 3C       		.uleb128 0x3c
 1725 01a7 19       		.uleb128 0x19
 1726 01a8 00       		.byte	0
 1727 01a9 00       		.byte	0
 1728 01aa 21       		.uleb128 0x21
 1729 01ab 34       		.uleb128 0x34
 1730 01ac 00       		.byte	0
 1731 01ad 03       		.uleb128 0x3
 1732 01ae 08       		.uleb128 0x8
 1733 01af 3A       		.uleb128 0x3a
 1734 01b0 0B       		.uleb128 0xb
 1735 01b1 3B       		.uleb128 0x3b
 1736 01b2 05       		.uleb128 0x5
 1737 01b3 49       		.uleb128 0x49
 1738 01b4 13       		.uleb128 0x13
 1739 01b5 3F       		.uleb128 0x3f
 1740 01b6 19       		.uleb128 0x19
 1741 01b7 3C       		.uleb128 0x3c
 1742 01b8 19       		.uleb128 0x19
 1743 01b9 00       		.byte	0
 1744 01ba 00       		.byte	0
 1745 01bb 22       		.uleb128 0x22
 1746 01bc 2E       		.uleb128 0x2e
 1747 01bd 01       		.byte	0x1
 1748 01be 3F       		.uleb128 0x3f
 1749 01bf 19       		.uleb128 0x19
 1750 01c0 03       		.uleb128 0x3
 1751 01c1 0E       		.uleb128 0xe
 1752 01c2 3A       		.uleb128 0x3a
 1753 01c3 0B       		.uleb128 0xb
 1754 01c4 3B       		.uleb128 0x3b
 1755 01c5 05       		.uleb128 0x5
 1756 01c6 27       		.uleb128 0x27
 1757 01c7 19       		.uleb128 0x19
 1758 01c8 3C       		.uleb128 0x3c
 1759 01c9 19       		.uleb128 0x19
 1760 01ca 00       		.byte	0
 1761 01cb 00       		.byte	0
 1762 01cc 00       		.byte	0
 1763              		.section	.debug_loc,"",%progbits
 1764              	.Ldebug_loc0:
 1765              	.LLST0:
 1766 0000 00000000 		.4byte	.LVL0
 1767 0004 0C000000 		.4byte	.LVL1
ARM GAS  /var/folders/m4/4md61f0s1_g0rzfghffqnxvr0000gn/T//cc6SyPjT.s 			page 32


 1768 0008 0100     		.2byte	0x1
 1769 000a 50       		.byte	0x50
 1770 000b 0C000000 		.4byte	.LVL1
 1771 000f 10000000 		.4byte	.LFE268
 1772 0013 0400     		.2byte	0x4
 1773 0015 F3       		.byte	0xf3
 1774 0016 01       		.uleb128 0x1
 1775 0017 50       		.byte	0x50
 1776 0018 9F       		.byte	0x9f
 1777 0019 00000000 		.4byte	0
 1778 001d 00000000 		.4byte	0
 1779              	.LLST1:
 1780 0021 00000000 		.4byte	.LVL2
 1781 0025 04000000 		.4byte	.LVL3
 1782 0029 0100     		.2byte	0x1
 1783 002b 50       		.byte	0x50
 1784 002c 04000000 		.4byte	.LVL3
 1785 0030 1E000000 		.4byte	.LFE269
 1786 0034 0400     		.2byte	0x4
 1787 0036 F3       		.byte	0xf3
 1788 0037 01       		.uleb128 0x1
 1789 0038 50       		.byte	0x50
 1790 0039 9F       		.byte	0x9f
 1791 003a 00000000 		.4byte	0
 1792 003e 00000000 		.4byte	0
 1793              	.LLST2:
 1794 0042 00000000 		.4byte	.LVL2
 1795 0046 12000000 		.4byte	.LVL4
 1796 004a 0100     		.2byte	0x1
 1797 004c 51       		.byte	0x51
 1798 004d 12000000 		.4byte	.LVL4
 1799 0051 1E000000 		.4byte	.LFE269
 1800 0055 0400     		.2byte	0x4
 1801 0057 F3       		.byte	0xf3
 1802 0058 01       		.uleb128 0x1
 1803 0059 51       		.byte	0x51
 1804 005a 9F       		.byte	0x9f
 1805 005b 00000000 		.4byte	0
 1806 005f 00000000 		.4byte	0
 1807              	.LLST3:
 1808 0063 00000000 		.4byte	.LVL5
 1809 0067 04000000 		.4byte	.LVL6
 1810 006b 0100     		.2byte	0x1
 1811 006d 50       		.byte	0x50
 1812 006e 04000000 		.4byte	.LVL6
 1813 0072 0A000000 		.4byte	.LFE270
 1814 0076 0400     		.2byte	0x4
 1815 0078 F3       		.byte	0xf3
 1816 0079 01       		.uleb128 0x1
 1817 007a 50       		.byte	0x50
 1818 007b 9F       		.byte	0x9f
 1819 007c 00000000 		.4byte	0
 1820 0080 00000000 		.4byte	0
 1821              	.LLST4:
 1822 0084 00000000 		.4byte	.LVL5
 1823 0088 04000000 		.4byte	.LVL6
 1824 008c 0100     		.2byte	0x1
ARM GAS  /var/folders/m4/4md61f0s1_g0rzfghffqnxvr0000gn/T//cc6SyPjT.s 			page 33


 1825 008e 51       		.byte	0x51
 1826 008f 04000000 		.4byte	.LVL6
 1827 0093 09000000 		.4byte	.LVL7-1
 1828 0097 0100     		.2byte	0x1
 1829 0099 52       		.byte	0x52
 1830 009a 09000000 		.4byte	.LVL7-1
 1831 009e 0A000000 		.4byte	.LFE270
 1832 00a2 0400     		.2byte	0x4
 1833 00a4 F3       		.byte	0xf3
 1834 00a5 01       		.uleb128 0x1
 1835 00a6 51       		.byte	0x51
 1836 00a7 9F       		.byte	0x9f
 1837 00a8 00000000 		.4byte	0
 1838 00ac 00000000 		.4byte	0
 1839              		.section	.debug_aranges,"",%progbits
 1840 0000 2C000000 		.4byte	0x2c
 1841 0004 0200     		.2byte	0x2
 1842 0006 00000000 		.4byte	.Ldebug_info0
 1843 000a 04       		.byte	0x4
 1844 000b 00       		.byte	0
 1845 000c 0000     		.2byte	0
 1846 000e 0000     		.2byte	0
 1847 0010 00000000 		.4byte	.LFB268
 1848 0014 10000000 		.4byte	.LFE268-.LFB268
 1849 0018 00000000 		.4byte	.LFB269
 1850 001c 1E000000 		.4byte	.LFE269-.LFB269
 1851 0020 00000000 		.4byte	.LFB270
 1852 0024 0A000000 		.4byte	.LFE270-.LFB270
 1853 0028 00000000 		.4byte	0
 1854 002c 00000000 		.4byte	0
 1855              		.section	.debug_ranges,"",%progbits
 1856              	.Ldebug_ranges0:
 1857 0000 00000000 		.4byte	.LFB268
 1858 0004 10000000 		.4byte	.LFE268
 1859 0008 00000000 		.4byte	.LFB269
 1860 000c 1E000000 		.4byte	.LFE269
 1861 0010 00000000 		.4byte	.LFB270
 1862 0014 0A000000 		.4byte	.LFE270
 1863 0018 00000000 		.4byte	0
 1864 001c 00000000 		.4byte	0
 1865              		.section	.debug_line,"",%progbits
 1866              	.Ldebug_line0:
 1867 0000 E4020000 		.section	.debug_str,"MS",%progbits,1
 1867      0200A802 
 1867      00000201 
 1867      FB0E0D00 
 1867      01010101 
 1868              	.LASF132:
 1869 0000 2F557365 		.ascii	"/Users/raphael/Documents/pcb-quadrotor/code\000"
 1869      72732F72 
 1869      61706861 
 1869      656C2F44 
 1869      6F63756D 
 1870              	.LASF56:
 1871 002c 72656164 		.ascii	"ready_list_t\000"
 1871      795F6C69 
 1871      73745F74 
ARM GAS  /var/folders/m4/4md61f0s1_g0rzfghffqnxvr0000gn/T//cc6SyPjT.s 			page 34


 1871      00
 1872              	.LASF94:
 1873 0039 77747472 		.ascii	"wttrp\000"
 1873      7000
 1874              	.LASF91:
 1875 003f 7264796D 		.ascii	"rdymsg\000"
 1875      736700
 1876              	.LASF18:
 1877 0046 75696E74 		.ascii	"uint64_t\000"
 1877      36345F74 
 1877      00
 1878              	.LASF4:
 1879 004f 5F5F7569 		.ascii	"__uint8_t\000"
 1879      6E74385F 
 1879      7400
 1880              	.LASF110:
 1881 0059 4F545950 		.ascii	"OTYPER\000"
 1881      455200
 1882              	.LASF88:
 1883 0060 706F7274 		.ascii	"port_intctx\000"
 1883      5F696E74 
 1883      63747800 
 1884              	.LASF75:
 1885 006c 73797374 		.ascii	"system_debug_t\000"
 1885      656D5F64 
 1885      65627567 
 1885      5F7400
 1886              	.LASF118:
 1887 007b 696F706F 		.ascii	"ioportmask_t\000"
 1887      72746D61 
 1887      736B5F74 
 1887      00
 1888              	.LASF109:
 1889 0088 4D4F4445 		.ascii	"MODER\000"
 1889      5200
 1890              	.LASF13:
 1891 008e 6C6F6E67 		.ascii	"long long unsigned int\000"
 1891      206C6F6E 
 1891      6720756E 
 1891      7369676E 
 1891      65642069 
 1892              	.LASF112:
 1893 00a5 50555044 		.ascii	"PUPDR\000"
 1893      5200
 1894              	.LASF92:
 1895 00ab 65786974 		.ascii	"exitcode\000"
 1895      636F6465 
 1895      00
 1896              	.LASF82:
 1897 00b4 6D61696E 		.ascii	"mainthread\000"
 1897      74687265 
 1897      616400
 1898              	.LASF72:
 1899 00bf 76697274 		.ascii	"virtual_timers_list_t\000"
 1899      75616C5F 
 1899      74696D65 
 1899      72735F6C 
ARM GAS  /var/folders/m4/4md61f0s1_g0rzfghffqnxvr0000gn/T//cc6SyPjT.s 			page 35


 1899      6973745F 
 1900              	.LASF129:
 1901 00d5 49544D5F 		.ascii	"ITM_RxBuffer\000"
 1901      52784275 
 1901      66666572 
 1901      00
 1902              	.LASF55:
 1903 00e2 63685F74 		.ascii	"ch_threads_queue\000"
 1903      68726561 
 1903      64735F71 
 1903      75657565 
 1903      00
 1904              	.LASF33:
 1905 00f3 705F7072 		.ascii	"p_prio\000"
 1905      696F00
 1906              	.LASF11:
 1907 00fa 6C6F6E67 		.ascii	"long long int\000"
 1907      206C6F6E 
 1907      6720696E 
 1907      7400
 1908              	.LASF1:
 1909 0108 7369676E 		.ascii	"signed char\000"
 1909      65642063 
 1909      68617200 
 1910              	.LASF113:
 1911 0114 42535252 		.ascii	"BSRR\000"
 1911      00
 1912              	.LASF49:
 1913 0119 705F6D70 		.ascii	"p_mpool\000"
 1913      6F6F6C00 
 1914              	.LASF102:
 1915 0121 6D5F7175 		.ascii	"m_queue\000"
 1915      65756500 
 1916              	.LASF81:
 1917 0129 76746C69 		.ascii	"vtlist\000"
 1917      737400
 1918              	.LASF24:
 1919 0130 74736C69 		.ascii	"tslices_t\000"
 1919      6365735F 
 1919      7400
 1920              	.LASF124:
 1921 013a 62697473 		.ascii	"bits\000"
 1921      00
 1922              	.LASF8:
 1923 013f 6C6F6E67 		.ascii	"long int\000"
 1923      20696E74 
 1923      00
 1924              	.LASF22:
 1925 0148 74737461 		.ascii	"tstate_t\000"
 1925      74655F74 
 1925      00
 1926              	.LASF35:
 1927 0151 705F6E65 		.ascii	"p_newer\000"
 1927      77657200 
 1928              	.LASF99:
 1929 0159 735F7175 		.ascii	"s_queue\000"
 1929      65756500 
ARM GAS  /var/folders/m4/4md61f0s1_g0rzfghffqnxvr0000gn/T//cc6SyPjT.s 			page 36


 1930              	.LASF111:
 1931 0161 4F535045 		.ascii	"OSPEEDR\000"
 1931      45445200 
 1932              	.LASF61:
 1933 0169 725F6E65 		.ascii	"r_newer\000"
 1933      77657200 
 1934              	.LASF122:
 1935 0171 6D61736B 		.ascii	"mask\000"
 1935      00
 1936              	.LASF85:
 1937 0176 72656761 		.ascii	"regarm_t\000"
 1937      726D5F74 
 1937      00
 1938              	.LASF68:
 1939 017f 76745F70 		.ascii	"vt_prev\000"
 1939      72657600 
 1940              	.LASF117:
 1941 0187 73746D33 		.ascii	"stm32_gpio_t\000"
 1941      325F6770 
 1941      696F5F74 
 1941      00
 1942              	.LASF106:
 1943 0194 6D757465 		.ascii	"mutex_t\000"
 1943      785F7400 
 1944              	.LASF123:
 1945 019c 494F4275 		.ascii	"IOBus\000"
 1945      7300
 1946              	.LASF28:
 1947 01a2 636E745F 		.ascii	"cnt_t\000"
 1947      7400
 1948              	.LASF0:
 1949 01a8 756E7369 		.ascii	"unsigned int\000"
 1949      676E6564 
 1949      20696E74 
 1949      00
 1950              	.LASF67:
 1951 01b5 76745F6E 		.ascii	"vt_next\000"
 1951      65787400 
 1952              	.LASF15:
 1953 01bd 75696E74 		.ascii	"uint16_t\000"
 1953      31365F74 
 1953      00
 1954              	.LASF42:
 1955 01c6 705F7469 		.ascii	"p_time\000"
 1955      6D6500
 1956              	.LASF95:
 1957 01cd 77747365 		.ascii	"wtsemp\000"
 1957      6D7000
 1958              	.LASF69:
 1959 01d4 76745F64 		.ascii	"vt_delta\000"
 1959      656C7461 
 1959      00
 1960              	.LASF44:
 1961 01dd 705F6D73 		.ascii	"p_msgqueue\000"
 1961      67717565 
 1961      756500
 1962              	.LASF114:
ARM GAS  /var/folders/m4/4md61f0s1_g0rzfghffqnxvr0000gn/T//cc6SyPjT.s 			page 37


 1963 01e8 4C434B52 		.ascii	"LCKR\000"
 1963      00
 1964              	.LASF100:
 1965 01ed 735F636E 		.ascii	"s_cnt\000"
 1965      7400
 1966              	.LASF6:
 1967 01f3 73686F72 		.ascii	"short unsigned int\000"
 1967      7420756E 
 1967      7369676E 
 1967      65642069 
 1967      6E7400
 1968              	.LASF52:
 1969 0206 63685F74 		.ascii	"ch_thread\000"
 1969      68726561 
 1969      6400
 1970              	.LASF26:
 1971 0210 6D73675F 		.ascii	"msg_t\000"
 1971      7400
 1972              	.LASF78:
 1973 0216 63685F73 		.ascii	"ch_system_t\000"
 1973      79737465 
 1973      6D5F7400 
 1974              	.LASF21:
 1975 0222 746D6F64 		.ascii	"tmode_t\000"
 1975      655F7400 
 1976              	.LASF57:
 1977 022a 63685F72 		.ascii	"ch_ready_list\000"
 1977      65616479 
 1977      5F6C6973 
 1977      7400
 1978              	.LASF27:
 1979 0238 6576656E 		.ascii	"eventmask_t\000"
 1979      746D6173 
 1979      6B5F7400 
 1980              	.LASF7:
 1981 0244 5F5F696E 		.ascii	"__int32_t\000"
 1981      7433325F 
 1981      7400
 1982              	.LASF86:
 1983 024e 73746B61 		.ascii	"stkalign_t\000"
 1983      6C69676E 
 1983      5F7400
 1984              	.LASF51:
 1985 0259 74687265 		.ascii	"threads_list_t\000"
 1985      6164735F 
 1985      6C697374 
 1985      5F7400
 1986              	.LASF12:
 1987 0268 5F5F7569 		.ascii	"__uint64_t\000"
 1987      6E743634 
 1987      5F7400
 1988              	.LASF130:
 1989 0273 474E5520 		.ascii	"GNU C 4.9.3 20150529 (release) [ARM/embedded-4_9-br"
 1989      4320342E 
 1989      392E3320 
 1989      32303135 
 1989      30353239 
ARM GAS  /var/folders/m4/4md61f0s1_g0rzfghffqnxvr0000gn/T//cc6SyPjT.s 			page 38


 1990 02a6 616E6368 		.ascii	"anch revision 224288] -mcpu=cortex-m4 -mfloat-abi=h"
 1990      20726576 
 1990      6973696F 
 1990      6E203232 
 1990      34323838 
 1991 02d9 61726420 		.ascii	"ard -mfpu=fpv4-sp-d16 -mno-thumb-interwork -mthumb "
 1991      2D6D6670 
 1991      753D6670 
 1991      76342D73 
 1991      702D6431 
 1992 030c 2D676764 		.ascii	"-ggdb -O2 -std=c99 -fomit-frame-pointer -falign-fun"
 1992      62202D4F 
 1992      32202D73 
 1992      74643D63 
 1992      3939202D 
 1993 033f 6374696F 		.ascii	"ctions=16 -ffunction-sections -fdata-sections -fno-"
 1993      6E733D31 
 1993      36202D66 
 1993      66756E63 
 1993      74696F6E 
 1994 0372 636F6D6D 		.ascii	"common -fsingle-precision-constant\000"
 1994      6F6E202D 
 1994      6673696E 
 1994      676C652D 
 1994      70726563 
 1995              	.LASF43:
 1996 0395 705F7761 		.ascii	"p_waiting\000"
 1996      6974696E 
 1996      6700
 1997              	.LASF84:
 1998 039f 73697A65 		.ascii	"sizetype\000"
 1998      74797065 
 1998      00
 1999              	.LASF50:
 2000 03a8 74687265 		.ascii	"thread_reference_t\000"
 2000      61645F72 
 2000      65666572 
 2000      656E6365 
 2000      5F7400
 2001              	.LASF73:
 2002 03bb 63685F76 		.ascii	"ch_virtual_timers_list\000"
 2002      69727475 
 2002      616C5F74 
 2002      696D6572 
 2002      735F6C69 
 2003              	.LASF108:
 2004 03d2 636C6561 		.ascii	"clear\000"
 2004      7200
 2005              	.LASF131:
 2006 03d8 43686962 		.ascii	"ChibiOS_16.1.4/os/hal/src/pal.c\000"
 2006      694F535F 
 2006      31362E31 
 2006      2E342F6F 
 2006      732F6861 
 2007              	.LASF36:
 2008 03f8 705F6F6C 		.ascii	"p_older\000"
 2008      64657200 
ARM GAS  /var/folders/m4/4md61f0s1_g0rzfghffqnxvr0000gn/T//cc6SyPjT.s 			page 39


 2009              	.LASF60:
 2010 0400 725F6374 		.ascii	"r_ctx\000"
 2010      7800
 2011              	.LASF90:
 2012 0406 746D5F63 		.ascii	"tm_calibration_t\000"
 2012      616C6962 
 2012      72617469 
 2012      6F6E5F74 
 2012      00
 2013              	.LASF63:
 2014 0417 725F6375 		.ascii	"r_current\000"
 2014      7272656E 
 2014      7400
 2015              	.LASF62:
 2016 0421 725F6F6C 		.ascii	"r_older\000"
 2016      64657200 
 2017              	.LASF121:
 2018 0429 706F7274 		.ascii	"portid\000"
 2018      696400
 2019              	.LASF116:
 2020 0430 41465248 		.ascii	"AFRH\000"
 2020      00
 2021              	.LASF127:
 2022 0435 70616C53 		.ascii	"palSetBusMode\000"
 2022      65744275 
 2022      734D6F64 
 2022      6500
 2023              	.LASF115:
 2024 0443 4146524C 		.ascii	"AFRL\000"
 2024      00
 2025              	.LASF23:
 2026 0448 74726566 		.ascii	"trefs_t\000"
 2026      735F7400 
 2027              	.LASF65:
 2028 0450 76697274 		.ascii	"virtual_timer_t\000"
 2028      75616C5F 
 2028      74696D65 
 2028      725F7400 
 2029              	.LASF32:
 2030 0460 705F7072 		.ascii	"p_prev\000"
 2030      657600
 2031              	.LASF25:
 2032 0467 74707269 		.ascii	"tprio_t\000"
 2032      6F5F7400 
 2033              	.LASF76:
 2034 046f 63685F73 		.ascii	"ch_system_debug\000"
 2034      79737465 
 2034      6D5F6465 
 2034      62756700 
 2035              	.LASF107:
 2036 047f 5F426F6F 		.ascii	"_Bool\000"
 2036      6C00
 2037              	.LASF16:
 2038 0485 696E7433 		.ascii	"int32_t\000"
 2038      325F7400 
 2039              	.LASF2:
 2040 048d 756E7369 		.ascii	"unsigned char\000"
ARM GAS  /var/folders/m4/4md61f0s1_g0rzfghffqnxvr0000gn/T//cc6SyPjT.s 			page 40


 2040      676E6564 
 2040      20636861 
 2040      7200
 2041              	.LASF47:
 2042 049b 705F6D74 		.ascii	"p_mtxlist\000"
 2042      786C6973 
 2042      7400
 2043              	.LASF3:
 2044 04a5 73686F72 		.ascii	"short int\000"
 2044      7420696E 
 2044      7400
 2045              	.LASF38:
 2046 04af 705F7374 		.ascii	"p_state\000"
 2046      61746500 
 2047              	.LASF41:
 2048 04b7 705F7072 		.ascii	"p_preempt\000"
 2048      65656D70 
 2048      7400
 2049              	.LASF59:
 2050 04c1 725F7072 		.ascii	"r_prio\000"
 2050      696F00
 2051              	.LASF97:
 2052 04c8 65776D61 		.ascii	"ewmask\000"
 2052      736B00
 2053              	.LASF31:
 2054 04cf 705F6E65 		.ascii	"p_next\000"
 2054      787400
 2055              	.LASF19:
 2056 04d6 75696E74 		.ascii	"uint_fast8_t\000"
 2056      5F666173 
 2056      74385F74 
 2056      00
 2057              	.LASF39:
 2058 04e3 705F666C 		.ascii	"p_flags\000"
 2058      61677300 
 2059              	.LASF125:
 2060 04eb 5F5F6675 		.ascii	"__func__\000"
 2060      6E635F5F 
 2060      00
 2061              	.LASF83:
 2062 04f4 69646C65 		.ascii	"idle_thread_wa\000"
 2062      5F746872 
 2062      6561645F 
 2062      776100
 2063              	.LASF79:
 2064 0503 63685F73 		.ascii	"ch_system\000"
 2064      79737465 
 2064      6D00
 2065              	.LASF66:
 2066 050d 63685F76 		.ascii	"ch_virtual_timer\000"
 2066      69727475 
 2066      616C5F74 
 2066      696D6572 
 2066      00
 2067              	.LASF98:
 2068 051e 63685F73 		.ascii	"ch_semaphore\000"
 2068      656D6170 
ARM GAS  /var/folders/m4/4md61f0s1_g0rzfghffqnxvr0000gn/T//cc6SyPjT.s 			page 41


 2068      686F7265 
 2068      00
 2069              	.LASF46:
 2070 052b 705F6570 		.ascii	"p_epending\000"
 2070      656E6469 
 2070      6E6700
 2071              	.LASF17:
 2072 0536 75696E74 		.ascii	"uint32_t\000"
 2072      33325F74 
 2072      00
 2073              	.LASF96:
 2074 053f 77746D74 		.ascii	"wtmtxp\000"
 2074      787000
 2075              	.LASF58:
 2076 0546 725F7175 		.ascii	"r_queue\000"
 2076      65756500 
 2077              	.LASF53:
 2078 054e 63685F74 		.ascii	"ch_threads_list\000"
 2078      68726561 
 2078      64735F6C 
 2078      69737400 
 2079              	.LASF10:
 2080 055e 6C6F6E67 		.ascii	"long unsigned int\000"
 2080      20756E73 
 2080      69676E65 
 2080      6420696E 
 2080      7400
 2081              	.LASF105:
 2082 0570 63686172 		.ascii	"char\000"
 2082      00
 2083              	.LASF128:
 2084 0575 6D6F6465 		.ascii	"mode\000"
 2084      00
 2085              	.LASF133:
 2086 057a 70616C52 		.ascii	"palReadBus\000"
 2086      65616442 
 2086      757300
 2087              	.LASF5:
 2088 0585 5F5F7569 		.ascii	"__uint16_t\000"
 2088      6E743136 
 2088      5F7400
 2089              	.LASF30:
 2090 0590 74687265 		.ascii	"thread_t\000"
 2090      61645F74 
 2090      00
 2091              	.LASF104:
 2092 0599 6D5F6E65 		.ascii	"m_next\000"
 2092      787400
 2093              	.LASF29:
 2094 05a0 73797374 		.ascii	"systime_t\000"
 2094      696D655F 
 2094      7400
 2095              	.LASF48:
 2096 05aa 705F7265 		.ascii	"p_realprio\000"
 2096      616C7072 
 2096      696F00
 2097              	.LASF64:
ARM GAS  /var/folders/m4/4md61f0s1_g0rzfghffqnxvr0000gn/T//cc6SyPjT.s 			page 42


 2098 05b5 76746675 		.ascii	"vtfunc_t\000"
 2098      6E635F74 
 2098      00
 2099              	.LASF9:
 2100 05be 5F5F7569 		.ascii	"__uint32_t\000"
 2100      6E743332 
 2100      5F7400
 2101              	.LASF77:
 2102 05c9 70616E69 		.ascii	"panic_msg\000"
 2102      635F6D73 
 2102      6700
 2103              	.LASF89:
 2104 05d3 6F666673 		.ascii	"offset\000"
 2104      657400
 2105              	.LASF120:
 2106 05da 696F706F 		.ascii	"ioportid_t\000"
 2106      72746964 
 2106      5F7400
 2107              	.LASF87:
 2108 05e5 636F6E74 		.ascii	"context\000"
 2108      65787400 
 2109              	.LASF134:
 2110 05ed 5F70616C 		.ascii	"_pal_lld_setgroupmode\000"
 2110      5F6C6C64 
 2110      5F736574 
 2110      67726F75 
 2110      706D6F64 
 2111              	.LASF20:
 2112 0603 7274636E 		.ascii	"rtcnt_t\000"
 2112      745F7400 
 2113              	.LASF71:
 2114 060b 76745F70 		.ascii	"vt_par\000"
 2114      617200
 2115              	.LASF126:
 2116 0612 70616C57 		.ascii	"palWriteBus\000"
 2116      72697465 
 2116      42757300 
 2117              	.LASF54:
 2118 061e 74687265 		.ascii	"threads_queue_t\000"
 2118      6164735F 
 2118      71756575 
 2118      655F7400 
 2119              	.LASF101:
 2120 062e 63685F6D 		.ascii	"ch_mutex\000"
 2120      75746578 
 2120      00
 2121              	.LASF40:
 2122 0637 705F7265 		.ascii	"p_refs\000"
 2122      667300
 2123              	.LASF80:
 2124 063e 726C6973 		.ascii	"rlist\000"
 2124      7400
 2125              	.LASF14:
 2126 0644 75696E74 		.ascii	"uint8_t\000"
 2126      385F7400 
 2127              	.LASF93:
 2128 064c 77746F62 		.ascii	"wtobjp\000"
ARM GAS  /var/folders/m4/4md61f0s1_g0rzfghffqnxvr0000gn/T//cc6SyPjT.s 			page 43


 2128      6A7000
 2129              	.LASF37:
 2130 0653 705F6E61 		.ascii	"p_name\000"
 2130      6D6500
 2131              	.LASF74:
 2132 065a 76745F73 		.ascii	"vt_systime\000"
 2132      79737469 
 2132      6D6500
 2133              	.LASF45:
 2134 0665 705F6D73 		.ascii	"p_msg\000"
 2134      6700
 2135              	.LASF119:
 2136 066b 696F6D6F 		.ascii	"iomode_t\000"
 2136      64655F74 
 2136      00
 2137              	.LASF103:
 2138 0674 6D5F6F77 		.ascii	"m_owner\000"
 2138      6E657200 
 2139              	.LASF34:
 2140 067c 705F6374 		.ascii	"p_ctx\000"
 2140      7800
 2141              	.LASF70:
 2142 0682 76745F66 		.ascii	"vt_func\000"
 2142      756E6300 
 2143              		.ident	"GCC: (GNU Tools for ARM Embedded Processors) 4.9.3 20150529 (release) [ARM/embedded-4_9-br
ARM GAS  /var/folders/m4/4md61f0s1_g0rzfghffqnxvr0000gn/T//cc6SyPjT.s 			page 44


DEFINED SYMBOLS
                            *ABS*:0000000000000000 pal.c
/var/folders/m4/4md61f0s1_g0rzfghffqnxvr0000gn/T//cc6SyPjT.s:21     .text.palReadBus:0000000000000000 $t
/var/folders/m4/4md61f0s1_g0rzfghffqnxvr0000gn/T//cc6SyPjT.s:27     .text.palReadBus:0000000000000000 palReadBus
/var/folders/m4/4md61f0s1_g0rzfghffqnxvr0000gn/T//cc6SyPjT.s:50     .text.palWriteBus:0000000000000000 $t
/var/folders/m4/4md61f0s1_g0rzfghffqnxvr0000gn/T//cc6SyPjT.s:56     .text.palWriteBus:0000000000000000 palWriteBus
/var/folders/m4/4md61f0s1_g0rzfghffqnxvr0000gn/T//cc6SyPjT.s:89     .text.palSetBusMode:0000000000000000 $t
/var/folders/m4/4md61f0s1_g0rzfghffqnxvr0000gn/T//cc6SyPjT.s:95     .text.palSetBusMode:0000000000000000 palSetBusMode
                     .debug_frame:0000000000000010 $d

UNDEFINED SYMBOLS
_pal_lld_setgroupmode
