ARM GAS  /var/folders/m4/4md61f0s1_g0rzfghffqnxvr0000gn/T//ccrKMIKt.s 			page 1


   1              		.syntax unified
   2              		.cpu cortex-m4
   3              		.eabi_attribute 27, 1
   4              		.eabi_attribute 28, 1
   5              		.fpu fpv4-sp-d16
   6              		.eabi_attribute 20, 1
   7              		.eabi_attribute 21, 1
   8              		.eabi_attribute 23, 3
   9              		.eabi_attribute 24, 1
  10              		.eabi_attribute 25, 1
  11              		.eabi_attribute 26, 1
  12              		.eabi_attribute 30, 2
  13              		.eabi_attribute 34, 1
  14              		.eabi_attribute 18, 4
  15              		.thumb
  16              		.file	"stm32f4xx_rng.c"
  17              		.text
  18              	.Ltext0:
  19              		.cfi_sections	.debug_frame
  20              	.Letext0:
  21              		.file 1 "/usr/local/Cellar/gcc-arm-none-eabi-49/20150609/arm-none-eabi/include/machine/_default_ty
  22              		.file 2 "/usr/local/Cellar/gcc-arm-none-eabi-49/20150609/arm-none-eabi/include/sys/_stdint.h"
  23              		.file 3 "ChibiOS_16.1.4/os/ext/CMSIS/include/core_cm4.h"
  24              		.section	.debug_info,"",%progbits
  25              	.Ldebug_info0:
  26 0000 8E000000 		.4byte	0x8e
  27 0004 0400     		.2byte	0x4
  28 0006 00000000 		.4byte	.Ldebug_abbrev0
  29 000a 04       		.byte	0x4
  30 000b 01       		.uleb128 0x1
  31 000c 21000000 		.4byte	.LASF12
  32 0010 01       		.byte	0x1
  33 0011 79010000 		.4byte	.LASF13
  34 0015 E2010000 		.4byte	.LASF14
  35 0019 00000000 		.4byte	.Ldebug_line0
  36 001d 02       		.uleb128 0x2
  37 001e 01       		.byte	0x1
  38 001f 06       		.byte	0x6
  39 0020 D6010000 		.4byte	.LASF0
  40 0024 02       		.uleb128 0x2
  41 0025 01       		.byte	0x1
  42 0026 08       		.byte	0x8
  43 0027 B2010000 		.4byte	.LASF1
  44 002b 02       		.uleb128 0x2
  45 002c 02       		.byte	0x2
  46 002d 05       		.byte	0x5
  47 002e 18020000 		.4byte	.LASF2
  48 0032 02       		.uleb128 0x2
  49 0033 02       		.byte	0x2
  50 0034 07       		.byte	0x7
  51 0035 0E000000 		.4byte	.LASF3
  52 0039 03       		.uleb128 0x3
  53 003a 0E020000 		.4byte	.LASF9
  54 003e 01       		.byte	0x1
  55 003f 3F       		.byte	0x3f
  56 0040 44000000 		.4byte	0x44
  57 0044 02       		.uleb128 0x2
ARM GAS  /var/folders/m4/4md61f0s1_g0rzfghffqnxvr0000gn/T//ccrKMIKt.s 			page 2


  58 0045 04       		.byte	0x4
  59 0046 05       		.byte	0x5
  60 0047 C0010000 		.4byte	.LASF4
  61 004b 02       		.uleb128 0x2
  62 004c 04       		.byte	0x4
  63 004d 07       		.byte	0x7
  64 004e 50010000 		.4byte	.LASF5
  65 0052 02       		.uleb128 0x2
  66 0053 08       		.byte	0x8
  67 0054 05       		.byte	0x5
  68 0055 00000000 		.4byte	.LASF6
  69 0059 02       		.uleb128 0x2
  70 005a 08       		.byte	0x8
  71 005b 07       		.byte	0x7
  72 005c 62010000 		.4byte	.LASF7
  73 0060 04       		.uleb128 0x4
  74 0061 04       		.byte	0x4
  75 0062 05       		.byte	0x5
  76 0063 696E7400 		.ascii	"int\000"
  77 0067 02       		.uleb128 0x2
  78 0068 04       		.byte	0x4
  79 0069 07       		.byte	0x7
  80 006a 43010000 		.4byte	.LASF8
  81 006e 03       		.uleb128 0x3
  82 006f 22020000 		.4byte	.LASF10
  83 0073 02       		.byte	0x2
  84 0074 1F       		.byte	0x1f
  85 0075 39000000 		.4byte	0x39
  86 0079 02       		.uleb128 0x2
  87 007a 04       		.byte	0x4
  88 007b 07       		.byte	0x7
  89 007c 2A020000 		.4byte	.LASF11
  90 0080 05       		.uleb128 0x5
  91 0081 C9010000 		.4byte	.LASF15
  92 0085 03       		.byte	0x3
  93 0086 FA06     		.2byte	0x6fa
  94 0088 8C000000 		.4byte	0x8c
  95 008c 06       		.uleb128 0x6
  96 008d 6E000000 		.4byte	0x6e
  97 0091 00       		.byte	0
  98              		.section	.debug_abbrev,"",%progbits
  99              	.Ldebug_abbrev0:
 100 0000 01       		.uleb128 0x1
 101 0001 11       		.uleb128 0x11
 102 0002 01       		.byte	0x1
 103 0003 25       		.uleb128 0x25
 104 0004 0E       		.uleb128 0xe
 105 0005 13       		.uleb128 0x13
 106 0006 0B       		.uleb128 0xb
 107 0007 03       		.uleb128 0x3
 108 0008 0E       		.uleb128 0xe
 109 0009 1B       		.uleb128 0x1b
 110 000a 0E       		.uleb128 0xe
 111 000b 10       		.uleb128 0x10
 112 000c 17       		.uleb128 0x17
 113 000d 00       		.byte	0
 114 000e 00       		.byte	0
ARM GAS  /var/folders/m4/4md61f0s1_g0rzfghffqnxvr0000gn/T//ccrKMIKt.s 			page 3


 115 000f 02       		.uleb128 0x2
 116 0010 24       		.uleb128 0x24
 117 0011 00       		.byte	0
 118 0012 0B       		.uleb128 0xb
 119 0013 0B       		.uleb128 0xb
 120 0014 3E       		.uleb128 0x3e
 121 0015 0B       		.uleb128 0xb
 122 0016 03       		.uleb128 0x3
 123 0017 0E       		.uleb128 0xe
 124 0018 00       		.byte	0
 125 0019 00       		.byte	0
 126 001a 03       		.uleb128 0x3
 127 001b 16       		.uleb128 0x16
 128 001c 00       		.byte	0
 129 001d 03       		.uleb128 0x3
 130 001e 0E       		.uleb128 0xe
 131 001f 3A       		.uleb128 0x3a
 132 0020 0B       		.uleb128 0xb
 133 0021 3B       		.uleb128 0x3b
 134 0022 0B       		.uleb128 0xb
 135 0023 49       		.uleb128 0x49
 136 0024 13       		.uleb128 0x13
 137 0025 00       		.byte	0
 138 0026 00       		.byte	0
 139 0027 04       		.uleb128 0x4
 140 0028 24       		.uleb128 0x24
 141 0029 00       		.byte	0
 142 002a 0B       		.uleb128 0xb
 143 002b 0B       		.uleb128 0xb
 144 002c 3E       		.uleb128 0x3e
 145 002d 0B       		.uleb128 0xb
 146 002e 03       		.uleb128 0x3
 147 002f 08       		.uleb128 0x8
 148 0030 00       		.byte	0
 149 0031 00       		.byte	0
 150 0032 05       		.uleb128 0x5
 151 0033 34       		.uleb128 0x34
 152 0034 00       		.byte	0
 153 0035 03       		.uleb128 0x3
 154 0036 0E       		.uleb128 0xe
 155 0037 3A       		.uleb128 0x3a
 156 0038 0B       		.uleb128 0xb
 157 0039 3B       		.uleb128 0x3b
 158 003a 05       		.uleb128 0x5
 159 003b 49       		.uleb128 0x49
 160 003c 13       		.uleb128 0x13
 161 003d 3F       		.uleb128 0x3f
 162 003e 19       		.uleb128 0x19
 163 003f 3C       		.uleb128 0x3c
 164 0040 19       		.uleb128 0x19
 165 0041 00       		.byte	0
 166 0042 00       		.byte	0
 167 0043 06       		.uleb128 0x6
 168 0044 35       		.uleb128 0x35
 169 0045 00       		.byte	0
 170 0046 49       		.uleb128 0x49
 171 0047 13       		.uleb128 0x13
ARM GAS  /var/folders/m4/4md61f0s1_g0rzfghffqnxvr0000gn/T//ccrKMIKt.s 			page 4


 172 0048 00       		.byte	0
 173 0049 00       		.byte	0
 174 004a 00       		.byte	0
 175              		.section	.debug_aranges,"",%progbits
 176 0000 14000000 		.4byte	0x14
 177 0004 0200     		.2byte	0x2
 178 0006 00000000 		.4byte	.Ldebug_info0
 179 000a 04       		.byte	0x4
 180 000b 00       		.byte	0
 181 000c 0000     		.2byte	0
 182 000e 0000     		.2byte	0
 183 0010 00000000 		.4byte	0
 184 0014 00000000 		.4byte	0
 185              		.section	.debug_line,"",%progbits
 186              	.Ldebug_line0:
 187 0000 04010000 		.section	.debug_str,"MS",%progbits,1
 187      0200FE00 
 187      00000201 
 187      FB0E0D00 
 187      01010101 
 188              	.LASF6:
 189 0000 6C6F6E67 		.ascii	"long long int\000"
 189      206C6F6E 
 189      6720696E 
 189      7400
 190              	.LASF3:
 191 000e 73686F72 		.ascii	"short unsigned int\000"
 191      7420756E 
 191      7369676E 
 191      65642069 
 191      6E7400
 192              	.LASF12:
 193 0021 474E5520 		.ascii	"GNU C 4.9.3 20150529 (release) [ARM/embedded-4_9-br"
 193      4320342E 
 193      392E3320 
 193      32303135 
 193      30353239 
 194 0054 616E6368 		.ascii	"anch revision 224288] -mcpu=cortex-m4 -mfloat-abi=h"
 194      20726576 
 194      6973696F 
 194      6E203232 
 194      34323838 
 195 0087 61726420 		.ascii	"ard -mfpu=fpv4-sp-d16 -mno-thumb-interwork -mthumb "
 195      2D6D6670 
 195      753D6670 
 195      76342D73 
 195      702D6431 
 196 00ba 2D676764 		.ascii	"-ggdb -O2 -std=c99 -fomit-frame-pointer -falign-fun"
 196      62202D4F 
 196      32202D73 
 196      74643D63 
 196      3939202D 
 197 00ed 6374696F 		.ascii	"ctions=16 -ffunction-sections -fdata-sections -fno-"
 197      6E733D31 
 197      36202D66 
 197      66756E63 
 197      74696F6E 
ARM GAS  /var/folders/m4/4md61f0s1_g0rzfghffqnxvr0000gn/T//ccrKMIKt.s 			page 5


 198 0120 636F6D6D 		.ascii	"common -fsingle-precision-constant\000"
 198      6F6E202D 
 198      6673696E 
 198      676C652D 
 198      70726563 
 199              	.LASF8:
 200 0143 756E7369 		.ascii	"unsigned int\000"
 200      676E6564 
 200      20696E74 
 200      00
 201              	.LASF5:
 202 0150 6C6F6E67 		.ascii	"long unsigned int\000"
 202      20756E73 
 202      69676E65 
 202      6420696E 
 202      7400
 203              	.LASF7:
 204 0162 6C6F6E67 		.ascii	"long long unsigned int\000"
 204      206C6F6E 
 204      6720756E 
 204      7369676E 
 204      65642069 
 205              	.LASF13:
 206 0179 43686962 		.ascii	"ChibiOS_16.1.4/ext/stdperiph_stm32f4/src/stm32f4xx_"
 206      694F535F 
 206      31362E31 
 206      2E342F65 
 206      78742F73 
 207 01ac 726E672E 		.ascii	"rng.c\000"
 207      6300
 208              	.LASF1:
 209 01b2 756E7369 		.ascii	"unsigned char\000"
 209      676E6564 
 209      20636861 
 209      7200
 210              	.LASF4:
 211 01c0 6C6F6E67 		.ascii	"long int\000"
 211      20696E74 
 211      00
 212              	.LASF15:
 213 01c9 49544D5F 		.ascii	"ITM_RxBuffer\000"
 213      52784275 
 213      66666572 
 213      00
 214              	.LASF0:
 215 01d6 7369676E 		.ascii	"signed char\000"
 215      65642063 
 215      68617200 
 216              	.LASF14:
 217 01e2 2F557365 		.ascii	"/Users/raphael/Documents/pcb-quadrotor/code\000"
 217      72732F72 
 217      61706861 
 217      656C2F44 
 217      6F63756D 
 218              	.LASF9:
 219 020e 5F5F696E 		.ascii	"__int32_t\000"
 219      7433325F 
ARM GAS  /var/folders/m4/4md61f0s1_g0rzfghffqnxvr0000gn/T//ccrKMIKt.s 			page 6


 219      7400
 220              	.LASF2:
 221 0218 73686F72 		.ascii	"short int\000"
 221      7420696E 
 221      7400
 222              	.LASF10:
 223 0222 696E7433 		.ascii	"int32_t\000"
 223      325F7400 
 224              	.LASF11:
 225 022a 73697A65 		.ascii	"sizetype\000"
 225      74797065 
 225      00
 226              		.ident	"GCC: (GNU Tools for ARM Embedded Processors) 4.9.3 20150529 (release) [ARM/embedded-4_9-br
ARM GAS  /var/folders/m4/4md61f0s1_g0rzfghffqnxvr0000gn/T//ccrKMIKt.s 			page 7


DEFINED SYMBOLS
                            *ABS*:0000000000000000 stm32f4xx_rng.c

NO UNDEFINED SYMBOLS
