ARM GAS  /var/folders/m4/4md61f0s1_g0rzfghffqnxvr0000gn/T//cclIfXo6.s 			page 1


   1              		.syntax unified
   2              		.cpu cortex-m4
   3              		.eabi_attribute 27, 1
   4              		.eabi_attribute 28, 1
   5              		.fpu fpv4-sp-d16
   6              		.eabi_attribute 20, 1
   7              		.eabi_attribute 21, 1
   8              		.eabi_attribute 23, 3
   9              		.eabi_attribute 24, 1
  10              		.eabi_attribute 25, 1
  11              		.eabi_attribute 26, 1
  12              		.eabi_attribute 30, 2
  13              		.eabi_attribute 34, 1
  14              		.eabi_attribute 18, 4
  15              		.thumb
  16              		.file	"stm32f4xx_syscfg.c"
  17              		.text
  18              	.Ltext0:
  19              		.cfi_sections	.debug_frame
  20              		.section	.text.SYSCFG_DeInit,"ax",%progbits
  21              		.align	2
  22              		.p2align 4,,15
  23              		.global	SYSCFG_DeInit
  24              		.thumb
  25              		.thumb_func
  26              		.type	SYSCFG_DeInit, %function
  27              	SYSCFG_DeInit:
  28              	.LFB123:
  29              		.file 1 "ChibiOS_16.1.4/ext/stdperiph_stm32f4/src/stm32f4xx_syscfg.c"
  30              		.loc 1 100 0
  31              		.cfi_startproc
  32              		@ args = 0, pretend = 0, frame = 0
  33              		@ frame_needed = 0, uses_anonymous_args = 0
  34 0000 08B5     		push	{r3, lr}
  35              		.cfi_def_cfa_offset 8
  36              		.cfi_offset 3, -8
  37              		.cfi_offset 14, -4
  38              		.loc 1 101 0
  39 0002 4FF48040 		mov	r0, #16384
  40 0006 0121     		movs	r1, #1
  41 0008 FFF7FEFF 		bl	RCC_APB2PeriphResetCmd
  42              	.LVL0:
  43              		.loc 1 102 0
  44 000c 4FF48040 		mov	r0, #16384
  45 0010 0021     		movs	r1, #0
  46              		.loc 1 103 0
  47 0012 BDE80840 		pop	{r3, lr}
  48              		.cfi_restore 14
  49              		.cfi_restore 3
  50              		.cfi_def_cfa_offset 0
  51              		.loc 1 102 0
  52 0016 FFF7FEBF 		b	RCC_APB2PeriphResetCmd
  53              	.LVL1:
  54              		.cfi_endproc
  55              	.LFE123:
  56              		.size	SYSCFG_DeInit, .-SYSCFG_DeInit
  57 001a 00BF     		.section	.text.SYSCFG_MemoryRemapConfig,"ax",%progbits
ARM GAS  /var/folders/m4/4md61f0s1_g0rzfghffqnxvr0000gn/T//cclIfXo6.s 			page 2


  58              		.align	2
  59              		.p2align 4,,15
  60              		.global	SYSCFG_MemoryRemapConfig
  61              		.thumb
  62              		.thumb_func
  63              		.type	SYSCFG_MemoryRemapConfig, %function
  64              	SYSCFG_MemoryRemapConfig:
  65              	.LFB124:
  66              		.loc 1 119 0
  67              		.cfi_startproc
  68              		@ args = 0, pretend = 0, frame = 0
  69              		@ frame_needed = 0, uses_anonymous_args = 0
  70              	.LVL2:
  71 0000 10B5     		push	{r4, lr}
  72              		.cfi_def_cfa_offset 8
  73              		.cfi_offset 4, -8
  74              		.cfi_offset 14, -4
  75              		.loc 1 121 0
  76 0002 0428     		cmp	r0, #4
  77              		.loc 1 119 0
  78 0004 0446     		mov	r4, r0
  79              		.loc 1 121 0
  80 0006 8CBF     		ite	hi
  81 0008 0020     		movhi	r0, #0
  82              	.LVL3:
  83 000a 0120     		movls	r0, #1
  84 000c FFF7FEFF 		bl	assert_param
  85              	.LVL4:
  86              		.loc 1 123 0
  87 0010 014B     		ldr	r3, .L5
  88 0012 1C60     		str	r4, [r3]
  89 0014 10BD     		pop	{r4, pc}
  90              	.L6:
  91 0016 00BF     		.align	2
  92              	.L5:
  93 0018 00380140 		.word	1073821696
  94              		.cfi_endproc
  95              	.LFE124:
  96              		.size	SYSCFG_MemoryRemapConfig, .-SYSCFG_MemoryRemapConfig
  97              		.section	.text.SYSCFG_MemorySwappingBank,"ax",%progbits
  98              		.align	2
  99              		.p2align 4,,15
 100              		.global	SYSCFG_MemorySwappingBank
 101              		.thumb
 102              		.thumb_func
 103              		.type	SYSCFG_MemorySwappingBank, %function
 104              	SYSCFG_MemorySwappingBank:
 105              	.LFB125:
 106              		.loc 1 140 0
 107              		.cfi_startproc
 108              		@ args = 0, pretend = 0, frame = 0
 109              		@ frame_needed = 0, uses_anonymous_args = 0
 110              	.LVL5:
 111 0000 10B5     		push	{r4, lr}
 112              		.cfi_def_cfa_offset 8
 113              		.cfi_offset 4, -8
 114              		.cfi_offset 14, -4
ARM GAS  /var/folders/m4/4md61f0s1_g0rzfghffqnxvr0000gn/T//cclIfXo6.s 			page 3


 115              		.loc 1 142 0
 116 0002 0128     		cmp	r0, #1
 117              		.loc 1 140 0
 118 0004 0446     		mov	r4, r0
 119              		.loc 1 142 0
 120 0006 8CBF     		ite	hi
 121 0008 0020     		movhi	r0, #0
 122              	.LVL6:
 123 000a 0120     		movls	r0, #1
 124 000c FFF7FEFF 		bl	assert_param
 125              	.LVL7:
 126              		.loc 1 144 0
 127 0010 014B     		ldr	r3, .L9
 128 0012 1C60     		str	r4, [r3]
 129 0014 10BD     		pop	{r4, pc}
 130              	.L10:
 131 0016 00BF     		.align	2
 132              	.L9:
 133 0018 20002742 		.word	1109852192
 134              		.cfi_endproc
 135              	.LFE125:
 136              		.size	SYSCFG_MemorySwappingBank, .-SYSCFG_MemorySwappingBank
 137              		.section	.text.SYSCFG_EXTILineConfig,"ax",%progbits
 138              		.align	2
 139              		.p2align 4,,15
 140              		.global	SYSCFG_EXTILineConfig
 141              		.thumb
 142              		.thumb_func
 143              		.type	SYSCFG_EXTILineConfig, %function
 144              	SYSCFG_EXTILineConfig:
 145              	.LFB126:
 146              		.loc 1 163 0
 147              		.cfi_startproc
 148              		@ args = 0, pretend = 0, frame = 0
 149              		@ frame_needed = 0, uses_anonymous_args = 0
 150              	.LVL8:
 151              		.loc 1 167 0
 152 0000 0A28     		cmp	r0, #10
 153              		.loc 1 163 0
 154 0002 38B5     		push	{r3, r4, r5, lr}
 155              		.cfi_def_cfa_offset 16
 156              		.cfi_offset 3, -16
 157              		.cfi_offset 4, -12
 158              		.cfi_offset 5, -8
 159              		.cfi_offset 14, -4
 160              		.loc 1 163 0
 161 0004 0C46     		mov	r4, r1
 162 0006 0546     		mov	r5, r0
 163              		.loc 1 167 0
 164 0008 8CBF     		ite	hi
 165 000a 0020     		movhi	r0, #0
 166              	.LVL9:
 167 000c 0120     		movls	r0, #1
 168 000e FFF7FEFF 		bl	assert_param
 169              	.LVL10:
 170              		.loc 1 168 0
 171 0012 0F2C     		cmp	r4, #15
ARM GAS  /var/folders/m4/4md61f0s1_g0rzfghffqnxvr0000gn/T//cclIfXo6.s 			page 4


 172 0014 8CBF     		ite	hi
 173 0016 0020     		movhi	r0, #0
 174 0018 0120     		movls	r0, #1
 175 001a FFF7FEFF 		bl	assert_param
 176              	.LVL11:
 177 001e 04F0FC03 		and	r3, r4, #252
 178 0022 03F18043 		add	r3, r3, #1073741824
 179 0026 03F59C33 		add	r3, r3, #79872
 180              		.loc 1 170 0
 181 002a 04F00304 		and	r4, r4, #3
 182              		.loc 1 171 0
 183 002e 9968     		ldr	r1, [r3, #8]
 184              		.loc 1 170 0
 185 0030 A400     		lsls	r4, r4, #2
 186              	.LVL12:
 187 0032 0F22     		movs	r2, #15
 188 0034 A240     		lsls	r2, r2, r4
 189              	.LVL13:
 190              		.loc 1 171 0
 191 0036 21EA0202 		bic	r2, r1, r2
 192              	.LVL14:
 193 003a 9A60     		str	r2, [r3, #8]
 194              		.loc 1 172 0
 195 003c 9A68     		ldr	r2, [r3, #8]
 196 003e A540     		lsls	r5, r5, r4
 197 0040 1543     		orrs	r5, r5, r2
 198 0042 9D60     		str	r5, [r3, #8]
 199 0044 38BD     		pop	{r3, r4, r5, pc}
 200              		.cfi_endproc
 201              	.LFE126:
 202              		.size	SYSCFG_EXTILineConfig, .-SYSCFG_EXTILineConfig
 203 0046 00BF     		.section	.text.SYSCFG_ETH_MediaInterfaceConfig,"ax",%progbits
 204              		.align	2
 205              		.p2align 4,,15
 206              		.global	SYSCFG_ETH_MediaInterfaceConfig
 207              		.thumb
 208              		.thumb_func
 209              		.type	SYSCFG_ETH_MediaInterfaceConfig, %function
 210              	SYSCFG_ETH_MediaInterfaceConfig:
 211              	.LFB127:
 212              		.loc 1 184 0
 213              		.cfi_startproc
 214              		@ args = 0, pretend = 0, frame = 0
 215              		@ frame_needed = 0, uses_anonymous_args = 0
 216              	.LVL15:
 217 0000 10B5     		push	{r4, lr}
 218              		.cfi_def_cfa_offset 8
 219              		.cfi_offset 4, -8
 220              		.cfi_offset 14, -4
 221              		.loc 1 185 0
 222 0002 0128     		cmp	r0, #1
 223              		.loc 1 184 0
 224 0004 0446     		mov	r4, r0
 225              		.loc 1 185 0
 226 0006 8CBF     		ite	hi
 227 0008 0020     		movhi	r0, #0
 228              	.LVL16:
ARM GAS  /var/folders/m4/4md61f0s1_g0rzfghffqnxvr0000gn/T//cclIfXo6.s 			page 5


 229 000a 0120     		movls	r0, #1
 230 000c FFF7FEFF 		bl	assert_param
 231              	.LVL17:
 232              		.loc 1 187 0
 233 0010 014B     		ldr	r3, .L15
 234 0012 1C60     		str	r4, [r3]
 235 0014 10BD     		pop	{r4, pc}
 236              	.LVL18:
 237              	.L16:
 238 0016 00BF     		.align	2
 239              	.L15:
 240 0018 DC002742 		.word	1109852380
 241              		.cfi_endproc
 242              	.LFE127:
 243              		.size	SYSCFG_ETH_MediaInterfaceConfig, .-SYSCFG_ETH_MediaInterfaceConfig
 244              		.section	.text.SYSCFG_CompensationCellCmd,"ax",%progbits
 245              		.align	2
 246              		.p2align 4,,15
 247              		.global	SYSCFG_CompensationCellCmd
 248              		.thumb
 249              		.thumb_func
 250              		.type	SYSCFG_CompensationCellCmd, %function
 251              	SYSCFG_CompensationCellCmd:
 252              	.LFB128:
 253              		.loc 1 201 0
 254              		.cfi_startproc
 255              		@ args = 0, pretend = 0, frame = 0
 256              		@ frame_needed = 0, uses_anonymous_args = 0
 257              	.LVL19:
 258 0000 10B5     		push	{r4, lr}
 259              		.cfi_def_cfa_offset 8
 260              		.cfi_offset 4, -8
 261              		.cfi_offset 14, -4
 262              		.loc 1 203 0
 263 0002 0128     		cmp	r0, #1
 264              		.loc 1 201 0
 265 0004 0446     		mov	r4, r0
 266              		.loc 1 203 0
 267 0006 8CBF     		ite	hi
 268 0008 0020     		movhi	r0, #0
 269              	.LVL20:
 270 000a 0120     		movls	r0, #1
 271 000c FFF7FEFF 		bl	assert_param
 272              	.LVL21:
 273              		.loc 1 205 0
 274 0010 014B     		ldr	r3, .L19
 275 0012 1C60     		str	r4, [r3]
 276 0014 10BD     		pop	{r4, pc}
 277              	.L20:
 278 0016 00BF     		.align	2
 279              	.L19:
 280 0018 00042742 		.word	1109853184
 281              		.cfi_endproc
 282              	.LFE128:
 283              		.size	SYSCFG_CompensationCellCmd, .-SYSCFG_CompensationCellCmd
 284              		.section	.text.SYSCFG_GetCompensationCellStatus,"ax",%progbits
 285              		.align	2
ARM GAS  /var/folders/m4/4md61f0s1_g0rzfghffqnxvr0000gn/T//cclIfXo6.s 			page 6


 286              		.p2align 4,,15
 287              		.global	SYSCFG_GetCompensationCellStatus
 288              		.thumb
 289              		.thumb_func
 290              		.type	SYSCFG_GetCompensationCellStatus, %function
 291              	SYSCFG_GetCompensationCellStatus:
 292              	.LFB129:
 293              		.loc 1 214 0
 294              		.cfi_startproc
 295              		@ args = 0, pretend = 0, frame = 0
 296              		@ frame_needed = 0, uses_anonymous_args = 0
 297              		@ link register save eliminated.
 298              	.LVL22:
 299              		.loc 1 217 0
 300 0000 024B     		ldr	r3, .L22
 301 0002 186A     		ldr	r0, [r3, #32]
 302              	.LVL23:
 303              		.loc 1 226 0
 304 0004 C0F30020 		ubfx	r0, r0, #8, #1
 305              	.LVL24:
 306 0008 7047     		bx	lr
 307              	.L23:
 308 000a 00BF     		.align	2
 309              	.L22:
 310 000c 00380140 		.word	1073821696
 311              		.cfi_endproc
 312              	.LFE129:
 313              		.size	SYSCFG_GetCompensationCellStatus, .-SYSCFG_GetCompensationCellStatus
 314              		.text
 315              	.Letext0:
 316              		.file 2 "/usr/local/Cellar/gcc-arm-none-eabi-49/20150609/arm-none-eabi/include/machine/_default_ty
 317              		.file 3 "/usr/local/Cellar/gcc-arm-none-eabi-49/20150609/arm-none-eabi/include/sys/_stdint.h"
 318              		.file 4 "ChibiOS_16.1.4/os/ext/CMSIS/ST/STM32F4xx/stm32f446xx.h"
 319              		.file 5 "ChibiOS_16.1.4/os/ext/CMSIS/ST/STM32F4xx/stm32f4xx.h"
 320              		.file 6 "ChibiOS_16.1.4/ext/stdperiph_stm32f4/inc/stm32f4xx_rcc.h"
 321              		.file 7 "ChibiOS_16.1.4/os/ext/CMSIS/include/core_cm4.h"
 322              		.section	.debug_info,"",%progbits
 323              	.Ldebug_info0:
 324 0000 6D040000 		.4byte	0x46d
 325 0004 0400     		.2byte	0x4
 326 0006 00000000 		.4byte	.Ldebug_abbrev0
 327 000a 04       		.byte	0x4
 328 000b 01       		.uleb128 0x1
 329 000c 7C020000 		.4byte	.LASF42
 330 0010 01       		.byte	0x1
 331 0011 DF010000 		.4byte	.LASF43
 332 0015 38020000 		.4byte	.LASF44
 333 0019 00000000 		.4byte	.Ldebug_ranges0+0
 334 001d 00000000 		.4byte	0
 335 0021 00000000 		.4byte	.Ldebug_line0
 336 0025 02       		.uleb128 0x2
 337 0026 01       		.byte	0x1
 338 0027 06       		.byte	0x6
 339 0028 B4010000 		.4byte	.LASF0
 340 002c 03       		.uleb128 0x3
 341 002d 1A000000 		.4byte	.LASF4
 342 0031 02       		.byte	0x2
ARM GAS  /var/folders/m4/4md61f0s1_g0rzfghffqnxvr0000gn/T//cclIfXo6.s 			page 7


 343 0032 1D       		.byte	0x1d
 344 0033 37000000 		.4byte	0x37
 345 0037 02       		.uleb128 0x2
 346 0038 01       		.byte	0x1
 347 0039 08       		.byte	0x8
 348 003a 0C010000 		.4byte	.LASF1
 349 003e 02       		.uleb128 0x2
 350 003f 02       		.byte	0x2
 351 0040 05       		.byte	0x5
 352 0041 2E020000 		.4byte	.LASF2
 353 0045 02       		.uleb128 0x2
 354 0046 02       		.byte	0x2
 355 0047 07       		.byte	0x7
 356 0048 76000000 		.4byte	.LASF3
 357 004c 03       		.uleb128 0x3
 358 004d 51000000 		.4byte	.LASF5
 359 0051 02       		.byte	0x2
 360 0052 3F       		.byte	0x3f
 361 0053 57000000 		.4byte	0x57
 362 0057 02       		.uleb128 0x2
 363 0058 04       		.byte	0x4
 364 0059 05       		.byte	0x5
 365 005a B7030000 		.4byte	.LASF6
 366 005e 03       		.uleb128 0x3
 367 005f DE000000 		.4byte	.LASF7
 368 0063 02       		.byte	0x2
 369 0064 41       		.byte	0x41
 370 0065 69000000 		.4byte	0x69
 371 0069 02       		.uleb128 0x2
 372 006a 04       		.byte	0x4
 373 006b 07       		.byte	0x7
 374 006c 25010000 		.4byte	.LASF8
 375 0070 02       		.uleb128 0x2
 376 0071 08       		.byte	0x8
 377 0072 05       		.byte	0x5
 378 0073 D1010000 		.4byte	.LASF9
 379 0077 02       		.uleb128 0x2
 380 0078 08       		.byte	0x8
 381 0079 07       		.byte	0x7
 382 007a 95010000 		.4byte	.LASF10
 383 007e 04       		.uleb128 0x4
 384 007f 04       		.byte	0x4
 385 0080 05       		.byte	0x5
 386 0081 696E7400 		.ascii	"int\000"
 387 0085 02       		.uleb128 0x2
 388 0086 04       		.byte	0x4
 389 0087 07       		.byte	0x7
 390 0088 82010000 		.4byte	.LASF11
 391 008c 03       		.uleb128 0x3
 392 008d AC010000 		.4byte	.LASF12
 393 0091 03       		.byte	0x3
 394 0092 14       		.byte	0x14
 395 0093 2C000000 		.4byte	0x2c
 396 0097 03       		.uleb128 0x3
 397 0098 C0010000 		.4byte	.LASF13
 398 009c 03       		.byte	0x3
 399 009d 1F       		.byte	0x1f
ARM GAS  /var/folders/m4/4md61f0s1_g0rzfghffqnxvr0000gn/T//cclIfXo6.s 			page 8


 400 009e 4C000000 		.4byte	0x4c
 401 00a2 03       		.uleb128 0x3
 402 00a3 AE030000 		.4byte	.LASF14
 403 00a7 03       		.byte	0x3
 404 00a8 20       		.byte	0x20
 405 00a9 5E000000 		.4byte	0x5e
 406 00ad 02       		.uleb128 0x2
 407 00ae 04       		.byte	0x4
 408 00af 07       		.byte	0x7
 409 00b0 C8010000 		.4byte	.LASF15
 410 00b4 05       		.uleb128 0x5
 411 00b5 A2000000 		.4byte	0xa2
 412 00b9 06       		.uleb128 0x6
 413 00ba A2000000 		.4byte	0xa2
 414 00be C9000000 		.4byte	0xc9
 415 00c2 07       		.uleb128 0x7
 416 00c3 AD000000 		.4byte	0xad
 417 00c7 01       		.byte	0x1
 418 00c8 00       		.byte	0
 419 00c9 06       		.uleb128 0x6
 420 00ca A2000000 		.4byte	0xa2
 421 00ce D9000000 		.4byte	0xd9
 422 00d2 07       		.uleb128 0x7
 423 00d3 AD000000 		.4byte	0xad
 424 00d7 03       		.byte	0x3
 425 00d8 00       		.byte	0
 426 00d9 08       		.uleb128 0x8
 427 00da 30       		.byte	0x30
 428 00db 04       		.byte	0x4
 429 00dc EF01     		.2byte	0x1ef
 430 00de 3E010000 		.4byte	0x13e
 431 00e2 09       		.uleb128 0x9
 432 00e3 37010000 		.4byte	.LASF16
 433 00e7 04       		.byte	0x4
 434 00e8 F101     		.2byte	0x1f1
 435 00ea B4000000 		.4byte	0xb4
 436 00ee 00       		.byte	0
 437 00ef 0A       		.uleb128 0xa
 438 00f0 504D4300 		.ascii	"PMC\000"
 439 00f4 04       		.byte	0x4
 440 00f5 F201     		.2byte	0x1f2
 441 00f7 B4000000 		.4byte	0xb4
 442 00fb 04       		.byte	0x4
 443 00fc 09       		.uleb128 0x9
 444 00fd 7B010000 		.4byte	.LASF17
 445 0101 04       		.byte	0x4
 446 0102 F301     		.2byte	0x1f3
 447 0104 3E010000 		.4byte	0x13e
 448 0108 08       		.byte	0x8
 449 0109 09       		.uleb128 0x9
 450 010a 72010000 		.4byte	.LASF18
 451 010e 04       		.byte	0x4
 452 010f F401     		.2byte	0x1f4
 453 0111 B9000000 		.4byte	0xb9
 454 0115 18       		.byte	0x18
 455 0116 09       		.uleb128 0x9
 456 0117 06010000 		.4byte	.LASF19
ARM GAS  /var/folders/m4/4md61f0s1_g0rzfghffqnxvr0000gn/T//cclIfXo6.s 			page 9


 457 011b 04       		.byte	0x4
 458 011c F501     		.2byte	0x1f5
 459 011e B4000000 		.4byte	0xb4
 460 0122 20       		.byte	0x20
 461 0123 09       		.uleb128 0x9
 462 0124 BA000000 		.4byte	.LASF20
 463 0128 04       		.byte	0x4
 464 0129 F601     		.2byte	0x1f6
 465 012b B9000000 		.4byte	0xb9
 466 012f 24       		.byte	0x24
 467 0130 09       		.uleb128 0x9
 468 0131 15000000 		.4byte	.LASF21
 469 0135 04       		.byte	0x4
 470 0136 F701     		.2byte	0x1f7
 471 0138 B4000000 		.4byte	0xb4
 472 013c 2C       		.byte	0x2c
 473 013d 00       		.byte	0
 474 013e 05       		.uleb128 0x5
 475 013f C9000000 		.4byte	0xc9
 476 0143 0B       		.uleb128 0xb
 477 0144 6D020000 		.4byte	.LASF22
 478 0148 04       		.byte	0x4
 479 0149 F801     		.2byte	0x1f8
 480 014b D9000000 		.4byte	0xd9
 481 014f 0C       		.uleb128 0xc
 482 0150 01       		.byte	0x1
 483 0151 05       		.byte	0x5
 484 0152 B8       		.byte	0xb8
 485 0153 64010000 		.4byte	0x164
 486 0157 0D       		.uleb128 0xd
 487 0158 8F010000 		.4byte	.LASF23
 488 015c 00       		.sleb128 0
 489 015d 0E       		.uleb128 0xe
 490 015e 53455400 		.ascii	"SET\000"
 491 0162 01       		.sleb128 1
 492 0163 00       		.byte	0
 493 0164 03       		.uleb128 0x3
 494 0165 1A010000 		.4byte	.LASF24
 495 0169 05       		.byte	0x5
 496 016a BB       		.byte	0xbb
 497 016b 4F010000 		.4byte	0x14f
 498 016f 0C       		.uleb128 0xc
 499 0170 01       		.byte	0x1
 500 0171 05       		.byte	0x5
 501 0172 BE       		.byte	0xbe
 502 0173 84010000 		.4byte	0x184
 503 0177 0D       		.uleb128 0xd
 504 0178 C0030000 		.4byte	.LASF25
 505 017c 00       		.sleb128 0
 506 017d 0D       		.uleb128 0xd
 507 017e E9000000 		.4byte	.LASF26
 508 0182 01       		.sleb128 1
 509 0183 00       		.byte	0
 510 0184 03       		.uleb128 0x3
 511 0185 AA000000 		.4byte	.LASF27
 512 0189 05       		.byte	0x5
 513 018a C1       		.byte	0xc1
ARM GAS  /var/folders/m4/4md61f0s1_g0rzfghffqnxvr0000gn/T//cclIfXo6.s 			page 10


 514 018b 6F010000 		.4byte	0x16f
 515 018f 0F       		.uleb128 0xf
 516 0190 A0030000 		.4byte	.LASF28
 517 0194 01       		.byte	0x1
 518 0195 63       		.byte	0x63
 519 0196 00000000 		.4byte	.LFB123
 520 019a 1A000000 		.4byte	.LFE123-.LFB123
 521 019e 01       		.uleb128 0x1
 522 019f 9C       		.byte	0x9c
 523 01a0 D5010000 		.4byte	0x1d5
 524 01a4 10       		.uleb128 0x10
 525 01a5 0C000000 		.4byte	.LVL0
 526 01a9 4C040000 		.4byte	0x44c
 527 01ad BE010000 		.4byte	0x1be
 528 01b1 11       		.uleb128 0x11
 529 01b2 01       		.uleb128 0x1
 530 01b3 51       		.byte	0x51
 531 01b4 01       		.uleb128 0x1
 532 01b5 31       		.byte	0x31
 533 01b6 11       		.uleb128 0x11
 534 01b7 01       		.uleb128 0x1
 535 01b8 50       		.byte	0x50
 536 01b9 03       		.uleb128 0x3
 537 01ba 0A       		.byte	0xa
 538 01bb 0040     		.2byte	0x4000
 539 01bd 00       		.byte	0
 540 01be 12       		.uleb128 0x12
 541 01bf 1A000000 		.4byte	.LVL1
 542 01c3 4C040000 		.4byte	0x44c
 543 01c7 11       		.uleb128 0x11
 544 01c8 01       		.uleb128 0x1
 545 01c9 51       		.byte	0x51
 546 01ca 01       		.uleb128 0x1
 547 01cb 30       		.byte	0x30
 548 01cc 11       		.uleb128 0x11
 549 01cd 01       		.uleb128 0x1
 550 01ce 50       		.byte	0x50
 551 01cf 03       		.uleb128 0x3
 552 01d0 0A       		.byte	0xa
 553 01d1 0040     		.2byte	0x4000
 554 01d3 00       		.byte	0
 555 01d4 00       		.byte	0
 556 01d5 0F       		.uleb128 0xf
 557 01d6 EC030000 		.4byte	.LASF29
 558 01da 01       		.byte	0x1
 559 01db 76       		.byte	0x76
 560 01dc 00000000 		.4byte	.LFB124
 561 01e0 1C000000 		.4byte	.LFE124-.LFB124
 562 01e4 01       		.uleb128 0x1
 563 01e5 9C       		.byte	0x9c
 564 01e6 3F020000 		.4byte	0x23f
 565 01ea 13       		.uleb128 0x13
 566 01eb 1B020000 		.4byte	.LASF31
 567 01ef 01       		.byte	0x1
 568 01f0 76       		.byte	0x76
 569 01f1 8C000000 		.4byte	0x8c
 570 01f5 00000000 		.4byte	.LLST0
ARM GAS  /var/folders/m4/4md61f0s1_g0rzfghffqnxvr0000gn/T//cclIfXo6.s 			page 11


 571 01f9 14       		.uleb128 0x14
 572 01fa 24000000 		.4byte	.LASF33
 573 01fe 01       		.byte	0x1
 574 01ff 79       		.byte	0x79
 575 0200 7E000000 		.4byte	0x7e
 576 0204 0A020000 		.4byte	0x20a
 577 0208 15       		.uleb128 0x15
 578 0209 00       		.byte	0
 579 020a 16       		.uleb128 0x16
 580 020b 10000000 		.4byte	.LVL4
 581 020f 63040000 		.4byte	0x463
 582 0213 11       		.uleb128 0x11
 583 0214 01       		.uleb128 0x1
 584 0215 50       		.byte	0x50
 585 0216 26       		.uleb128 0x26
 586 0217 31       		.byte	0x31
 587 0218 30       		.byte	0x30
 588 0219 74       		.byte	0x74
 589 021a 00       		.sleb128 0
 590 021b 74       		.byte	0x74
 591 021c 00       		.sleb128 0
 592 021d 40       		.byte	0x40
 593 021e 4B       		.byte	0x4b
 594 021f 24       		.byte	0x24
 595 0220 22       		.byte	0x22
 596 0221 0C       		.byte	0xc
 597 0222 04000080 		.4byte	0x80000004
 598 0226 2B       		.byte	0x2b
 599 0227 28       		.byte	0x28
 600 0228 0100     		.2byte	0x1
 601 022a 16       		.byte	0x16
 602 022b 13       		.byte	0x13
 603 022c 74       		.byte	0x74
 604 022d 00       		.sleb128 0
 605 022e 40       		.byte	0x40
 606 022f 4B       		.byte	0x4b
 607 0230 24       		.byte	0x24
 608 0231 22       		.byte	0x22
 609 0232 0C       		.byte	0xc
 610 0233 04000080 		.4byte	0x80000004
 611 0237 2C       		.byte	0x2c
 612 0238 28       		.byte	0x28
 613 0239 0100     		.2byte	0x1
 614 023b 16       		.byte	0x16
 615 023c 13       		.byte	0x13
 616 023d 00       		.byte	0
 617 023e 00       		.byte	0
 618 023f 0F       		.uleb128 0xf
 619 0240 D2030000 		.4byte	.LASF30
 620 0244 01       		.byte	0x1
 621 0245 8B       		.byte	0x8b
 622 0246 00000000 		.4byte	.LFB125
 623 024a 1C000000 		.4byte	.LFE125-.LFB125
 624 024e 01       		.uleb128 0x1
 625 024f 9C       		.byte	0x9c
 626 0250 A9020000 		.4byte	0x2a9
 627 0254 13       		.uleb128 0x13
ARM GAS  /var/folders/m4/4md61f0s1_g0rzfghffqnxvr0000gn/T//cclIfXo6.s 			page 12


 628 0255 64020000 		.4byte	.LASF32
 629 0259 01       		.byte	0x1
 630 025a 8B       		.byte	0x8b
 631 025b 84010000 		.4byte	0x184
 632 025f 21000000 		.4byte	.LLST1
 633 0263 14       		.uleb128 0x14
 634 0264 24000000 		.4byte	.LASF33
 635 0268 01       		.byte	0x1
 636 0269 79       		.byte	0x79
 637 026a 7E000000 		.4byte	0x7e
 638 026e 74020000 		.4byte	0x274
 639 0272 15       		.uleb128 0x15
 640 0273 00       		.byte	0
 641 0274 16       		.uleb128 0x16
 642 0275 10000000 		.4byte	.LVL7
 643 0279 63040000 		.4byte	0x463
 644 027d 11       		.uleb128 0x11
 645 027e 01       		.uleb128 0x1
 646 027f 50       		.byte	0x50
 647 0280 26       		.uleb128 0x26
 648 0281 31       		.byte	0x31
 649 0282 30       		.byte	0x30
 650 0283 74       		.byte	0x74
 651 0284 00       		.sleb128 0
 652 0285 74       		.byte	0x74
 653 0286 00       		.sleb128 0
 654 0287 40       		.byte	0x40
 655 0288 4B       		.byte	0x4b
 656 0289 24       		.byte	0x24
 657 028a 22       		.byte	0x22
 658 028b 0C       		.byte	0xc
 659 028c 01000080 		.4byte	0x80000001
 660 0290 2B       		.byte	0x2b
 661 0291 28       		.byte	0x28
 662 0292 0100     		.2byte	0x1
 663 0294 16       		.byte	0x16
 664 0295 13       		.byte	0x13
 665 0296 74       		.byte	0x74
 666 0297 00       		.sleb128 0
 667 0298 40       		.byte	0x40
 668 0299 4B       		.byte	0x4b
 669 029a 24       		.byte	0x24
 670 029b 22       		.byte	0x22
 671 029c 0C       		.byte	0xc
 672 029d 01000080 		.4byte	0x80000001
 673 02a1 2C       		.byte	0x2c
 674 02a2 28       		.byte	0x28
 675 02a3 0100     		.2byte	0x1
 676 02a5 16       		.byte	0x16
 677 02a6 13       		.byte	0x13
 678 02a7 00       		.byte	0
 679 02a8 00       		.byte	0
 680 02a9 0F       		.uleb128 0xf
 681 02aa F0000000 		.4byte	.LASF34
 682 02ae 01       		.byte	0x1
 683 02af A2       		.byte	0xa2
 684 02b0 00000000 		.4byte	.LFB126
ARM GAS  /var/folders/m4/4md61f0s1_g0rzfghffqnxvr0000gn/T//cclIfXo6.s 			page 13


 685 02b4 46000000 		.4byte	.LFE126-.LFB126
 686 02b8 01       		.uleb128 0x1
 687 02b9 9C       		.byte	0x9c
 688 02ba 3E030000 		.4byte	0x33e
 689 02be 13       		.uleb128 0x13
 690 02bf 00000000 		.4byte	.LASF35
 691 02c3 01       		.byte	0x1
 692 02c4 A2       		.byte	0xa2
 693 02c5 8C000000 		.4byte	0x8c
 694 02c9 42000000 		.4byte	.LLST2
 695 02cd 13       		.uleb128 0x13
 696 02ce 62010000 		.4byte	.LASF36
 697 02d2 01       		.byte	0x1
 698 02d3 A2       		.byte	0xa2
 699 02d4 8C000000 		.4byte	0x8c
 700 02d8 63000000 		.4byte	.LLST3
 701 02dc 17       		.uleb128 0x17
 702 02dd 746D7000 		.ascii	"tmp\000"
 703 02e1 01       		.byte	0x1
 704 02e2 A4       		.byte	0xa4
 705 02e3 A2000000 		.4byte	0xa2
 706 02e7 84000000 		.4byte	.LLST4
 707 02eb 14       		.uleb128 0x14
 708 02ec 24000000 		.4byte	.LASF33
 709 02f0 01       		.byte	0x1
 710 02f1 79       		.byte	0x79
 711 02f2 7E000000 		.4byte	0x7e
 712 02f6 FC020000 		.4byte	0x2fc
 713 02fa 15       		.uleb128 0x15
 714 02fb 00       		.byte	0
 715 02fc 10       		.uleb128 0x10
 716 02fd 12000000 		.4byte	.LVL10
 717 0301 63040000 		.4byte	0x463
 718 0305 34030000 		.4byte	0x334
 719 0309 11       		.uleb128 0x11
 720 030a 01       		.uleb128 0x1
 721 030b 50       		.byte	0x50
 722 030c 26       		.uleb128 0x26
 723 030d 31       		.byte	0x31
 724 030e 30       		.byte	0x30
 725 030f 75       		.byte	0x75
 726 0310 00       		.sleb128 0
 727 0311 75       		.byte	0x75
 728 0312 00       		.sleb128 0
 729 0313 40       		.byte	0x40
 730 0314 4B       		.byte	0x4b
 731 0315 24       		.byte	0x24
 732 0316 22       		.byte	0x22
 733 0317 0C       		.byte	0xc
 734 0318 0A000080 		.4byte	0x8000000a
 735 031c 2B       		.byte	0x2b
 736 031d 28       		.byte	0x28
 737 031e 0100     		.2byte	0x1
 738 0320 16       		.byte	0x16
 739 0321 13       		.byte	0x13
 740 0322 75       		.byte	0x75
 741 0323 00       		.sleb128 0
ARM GAS  /var/folders/m4/4md61f0s1_g0rzfghffqnxvr0000gn/T//cclIfXo6.s 			page 14


 742 0324 40       		.byte	0x40
 743 0325 4B       		.byte	0x4b
 744 0326 24       		.byte	0x24
 745 0327 22       		.byte	0x22
 746 0328 0C       		.byte	0xc
 747 0329 0A000080 		.4byte	0x8000000a
 748 032d 2C       		.byte	0x2c
 749 032e 28       		.byte	0x28
 750 032f 0100     		.2byte	0x1
 751 0331 16       		.byte	0x16
 752 0332 13       		.byte	0x13
 753 0333 00       		.byte	0
 754 0334 18       		.uleb128 0x18
 755 0335 1E000000 		.4byte	.LVL11
 756 0339 63040000 		.4byte	0x463
 757 033d 00       		.byte	0
 758 033e 0F       		.uleb128 0xf
 759 033f 31000000 		.4byte	.LASF37
 760 0343 01       		.byte	0x1
 761 0344 B7       		.byte	0xb7
 762 0345 00000000 		.4byte	.LFB127
 763 0349 1C000000 		.4byte	.LFE127-.LFB127
 764 034d 01       		.uleb128 0x1
 765 034e 9C       		.byte	0x9c
 766 034f A8030000 		.4byte	0x3a8
 767 0353 13       		.uleb128 0x13
 768 0354 C4000000 		.4byte	.LASF38
 769 0358 01       		.byte	0x1
 770 0359 B7       		.byte	0xb7
 771 035a A2000000 		.4byte	0xa2
 772 035e C1000000 		.4byte	.LLST5
 773 0362 14       		.uleb128 0x14
 774 0363 24000000 		.4byte	.LASF33
 775 0367 01       		.byte	0x1
 776 0368 79       		.byte	0x79
 777 0369 7E000000 		.4byte	0x7e
 778 036d 73030000 		.4byte	0x373
 779 0371 15       		.uleb128 0x15
 780 0372 00       		.byte	0
 781 0373 16       		.uleb128 0x16
 782 0374 10000000 		.4byte	.LVL17
 783 0378 63040000 		.4byte	0x463
 784 037c 11       		.uleb128 0x11
 785 037d 01       		.uleb128 0x1
 786 037e 50       		.byte	0x50
 787 037f 26       		.uleb128 0x26
 788 0380 31       		.byte	0x31
 789 0381 30       		.byte	0x30
 790 0382 74       		.byte	0x74
 791 0383 00       		.sleb128 0
 792 0384 74       		.byte	0x74
 793 0385 00       		.sleb128 0
 794 0386 40       		.byte	0x40
 795 0387 4B       		.byte	0x4b
 796 0388 24       		.byte	0x24
 797 0389 22       		.byte	0x22
 798 038a 0C       		.byte	0xc
ARM GAS  /var/folders/m4/4md61f0s1_g0rzfghffqnxvr0000gn/T//cclIfXo6.s 			page 15


 799 038b 01000080 		.4byte	0x80000001
 800 038f 2B       		.byte	0x2b
 801 0390 28       		.byte	0x28
 802 0391 0100     		.2byte	0x1
 803 0393 16       		.byte	0x16
 804 0394 13       		.byte	0x13
 805 0395 74       		.byte	0x74
 806 0396 00       		.sleb128 0
 807 0397 40       		.byte	0x40
 808 0398 4B       		.byte	0x4b
 809 0399 24       		.byte	0x24
 810 039a 22       		.byte	0x22
 811 039b 0C       		.byte	0xc
 812 039c 01000080 		.4byte	0x80000001
 813 03a0 2C       		.byte	0x2c
 814 03a1 28       		.byte	0x28
 815 03a2 0100     		.2byte	0x1
 816 03a4 16       		.byte	0x16
 817 03a5 13       		.byte	0x13
 818 03a6 00       		.byte	0
 819 03a7 00       		.byte	0
 820 03a8 0F       		.uleb128 0xf
 821 03a9 5B000000 		.4byte	.LASF39
 822 03ad 01       		.byte	0x1
 823 03ae C8       		.byte	0xc8
 824 03af 00000000 		.4byte	.LFB128
 825 03b3 1C000000 		.4byte	.LFE128-.LFB128
 826 03b7 01       		.uleb128 0x1
 827 03b8 9C       		.byte	0x9c
 828 03b9 12040000 		.4byte	0x412
 829 03bd 13       		.uleb128 0x13
 830 03be 64020000 		.4byte	.LASF32
 831 03c2 01       		.byte	0x1
 832 03c3 C8       		.byte	0xc8
 833 03c4 84010000 		.4byte	0x184
 834 03c8 EB000000 		.4byte	.LLST6
 835 03cc 14       		.uleb128 0x14
 836 03cd 24000000 		.4byte	.LASF33
 837 03d1 01       		.byte	0x1
 838 03d2 79       		.byte	0x79
 839 03d3 7E000000 		.4byte	0x7e
 840 03d7 DD030000 		.4byte	0x3dd
 841 03db 15       		.uleb128 0x15
 842 03dc 00       		.byte	0
 843 03dd 16       		.uleb128 0x16
 844 03de 10000000 		.4byte	.LVL21
 845 03e2 63040000 		.4byte	0x463
 846 03e6 11       		.uleb128 0x11
 847 03e7 01       		.uleb128 0x1
 848 03e8 50       		.byte	0x50
 849 03e9 26       		.uleb128 0x26
 850 03ea 31       		.byte	0x31
 851 03eb 30       		.byte	0x30
 852 03ec 74       		.byte	0x74
 853 03ed 00       		.sleb128 0
 854 03ee 74       		.byte	0x74
 855 03ef 00       		.sleb128 0
ARM GAS  /var/folders/m4/4md61f0s1_g0rzfghffqnxvr0000gn/T//cclIfXo6.s 			page 16


 856 03f0 40       		.byte	0x40
 857 03f1 4B       		.byte	0x4b
 858 03f2 24       		.byte	0x24
 859 03f3 22       		.byte	0x22
 860 03f4 0C       		.byte	0xc
 861 03f5 01000080 		.4byte	0x80000001
 862 03f9 2B       		.byte	0x2b
 863 03fa 28       		.byte	0x28
 864 03fb 0100     		.2byte	0x1
 865 03fd 16       		.byte	0x16
 866 03fe 13       		.byte	0x13
 867 03ff 74       		.byte	0x74
 868 0400 00       		.sleb128 0
 869 0401 40       		.byte	0x40
 870 0402 4B       		.byte	0x4b
 871 0403 24       		.byte	0x24
 872 0404 22       		.byte	0x22
 873 0405 0C       		.byte	0xc
 874 0406 01000080 		.4byte	0x80000001
 875 040a 2C       		.byte	0x2c
 876 040b 28       		.byte	0x28
 877 040c 0100     		.2byte	0x1
 878 040e 16       		.byte	0x16
 879 040f 13       		.byte	0x13
 880 0410 00       		.byte	0
 881 0411 00       		.byte	0
 882 0412 19       		.uleb128 0x19
 883 0413 89000000 		.4byte	.LASF45
 884 0417 01       		.byte	0x1
 885 0418 D5       		.byte	0xd5
 886 0419 64010000 		.4byte	0x164
 887 041d 00000000 		.4byte	.LFB129
 888 0421 10000000 		.4byte	.LFE129-.LFB129
 889 0425 01       		.uleb128 0x1
 890 0426 9C       		.byte	0x9c
 891 0427 3B040000 		.4byte	0x43b
 892 042b 1A       		.uleb128 0x1a
 893 042c C8030000 		.4byte	.LASF40
 894 0430 01       		.byte	0x1
 895 0431 D7       		.byte	0xd7
 896 0432 64010000 		.4byte	0x164
 897 0436 0C010000 		.4byte	.LLST7
 898 043a 00       		.byte	0
 899 043b 1B       		.uleb128 0x1b
 900 043c 55010000 		.4byte	.LASF46
 901 0440 07       		.byte	0x7
 902 0441 FA06     		.2byte	0x6fa
 903 0443 47040000 		.4byte	0x447
 904 0447 05       		.uleb128 0x5
 905 0448 97000000 		.4byte	0x97
 906 044c 1C       		.uleb128 0x1c
 907 044d 3E010000 		.4byte	.LASF41
 908 0451 06       		.byte	0x6
 909 0452 6203     		.2byte	0x362
 910 0454 63040000 		.4byte	0x463
 911 0458 1D       		.uleb128 0x1d
 912 0459 A2000000 		.4byte	0xa2
ARM GAS  /var/folders/m4/4md61f0s1_g0rzfghffqnxvr0000gn/T//cclIfXo6.s 			page 17


 913 045d 1D       		.uleb128 0x1d
 914 045e 84010000 		.4byte	0x184
 915 0462 00       		.byte	0
 916 0463 1E       		.uleb128 0x1e
 917 0464 24000000 		.4byte	.LASF33
 918 0468 01       		.byte	0x1
 919 0469 79       		.byte	0x79
 920 046a 7E000000 		.4byte	0x7e
 921 046e 15       		.uleb128 0x15
 922 046f 00       		.byte	0
 923 0470 00       		.byte	0
 924              		.section	.debug_abbrev,"",%progbits
 925              	.Ldebug_abbrev0:
 926 0000 01       		.uleb128 0x1
 927 0001 11       		.uleb128 0x11
 928 0002 01       		.byte	0x1
 929 0003 25       		.uleb128 0x25
 930 0004 0E       		.uleb128 0xe
 931 0005 13       		.uleb128 0x13
 932 0006 0B       		.uleb128 0xb
 933 0007 03       		.uleb128 0x3
 934 0008 0E       		.uleb128 0xe
 935 0009 1B       		.uleb128 0x1b
 936 000a 0E       		.uleb128 0xe
 937 000b 55       		.uleb128 0x55
 938 000c 17       		.uleb128 0x17
 939 000d 11       		.uleb128 0x11
 940 000e 01       		.uleb128 0x1
 941 000f 10       		.uleb128 0x10
 942 0010 17       		.uleb128 0x17
 943 0011 00       		.byte	0
 944 0012 00       		.byte	0
 945 0013 02       		.uleb128 0x2
 946 0014 24       		.uleb128 0x24
 947 0015 00       		.byte	0
 948 0016 0B       		.uleb128 0xb
 949 0017 0B       		.uleb128 0xb
 950 0018 3E       		.uleb128 0x3e
 951 0019 0B       		.uleb128 0xb
 952 001a 03       		.uleb128 0x3
 953 001b 0E       		.uleb128 0xe
 954 001c 00       		.byte	0
 955 001d 00       		.byte	0
 956 001e 03       		.uleb128 0x3
 957 001f 16       		.uleb128 0x16
 958 0020 00       		.byte	0
 959 0021 03       		.uleb128 0x3
 960 0022 0E       		.uleb128 0xe
 961 0023 3A       		.uleb128 0x3a
 962 0024 0B       		.uleb128 0xb
 963 0025 3B       		.uleb128 0x3b
 964 0026 0B       		.uleb128 0xb
 965 0027 49       		.uleb128 0x49
 966 0028 13       		.uleb128 0x13
 967 0029 00       		.byte	0
 968 002a 00       		.byte	0
 969 002b 04       		.uleb128 0x4
ARM GAS  /var/folders/m4/4md61f0s1_g0rzfghffqnxvr0000gn/T//cclIfXo6.s 			page 18


 970 002c 24       		.uleb128 0x24
 971 002d 00       		.byte	0
 972 002e 0B       		.uleb128 0xb
 973 002f 0B       		.uleb128 0xb
 974 0030 3E       		.uleb128 0x3e
 975 0031 0B       		.uleb128 0xb
 976 0032 03       		.uleb128 0x3
 977 0033 08       		.uleb128 0x8
 978 0034 00       		.byte	0
 979 0035 00       		.byte	0
 980 0036 05       		.uleb128 0x5
 981 0037 35       		.uleb128 0x35
 982 0038 00       		.byte	0
 983 0039 49       		.uleb128 0x49
 984 003a 13       		.uleb128 0x13
 985 003b 00       		.byte	0
 986 003c 00       		.byte	0
 987 003d 06       		.uleb128 0x6
 988 003e 01       		.uleb128 0x1
 989 003f 01       		.byte	0x1
 990 0040 49       		.uleb128 0x49
 991 0041 13       		.uleb128 0x13
 992 0042 01       		.uleb128 0x1
 993 0043 13       		.uleb128 0x13
 994 0044 00       		.byte	0
 995 0045 00       		.byte	0
 996 0046 07       		.uleb128 0x7
 997 0047 21       		.uleb128 0x21
 998 0048 00       		.byte	0
 999 0049 49       		.uleb128 0x49
 1000 004a 13       		.uleb128 0x13
 1001 004b 2F       		.uleb128 0x2f
 1002 004c 0B       		.uleb128 0xb
 1003 004d 00       		.byte	0
 1004 004e 00       		.byte	0
 1005 004f 08       		.uleb128 0x8
 1006 0050 13       		.uleb128 0x13
 1007 0051 01       		.byte	0x1
 1008 0052 0B       		.uleb128 0xb
 1009 0053 0B       		.uleb128 0xb
 1010 0054 3A       		.uleb128 0x3a
 1011 0055 0B       		.uleb128 0xb
 1012 0056 3B       		.uleb128 0x3b
 1013 0057 05       		.uleb128 0x5
 1014 0058 01       		.uleb128 0x1
 1015 0059 13       		.uleb128 0x13
 1016 005a 00       		.byte	0
 1017 005b 00       		.byte	0
 1018 005c 09       		.uleb128 0x9
 1019 005d 0D       		.uleb128 0xd
 1020 005e 00       		.byte	0
 1021 005f 03       		.uleb128 0x3
 1022 0060 0E       		.uleb128 0xe
 1023 0061 3A       		.uleb128 0x3a
 1024 0062 0B       		.uleb128 0xb
 1025 0063 3B       		.uleb128 0x3b
 1026 0064 05       		.uleb128 0x5
ARM GAS  /var/folders/m4/4md61f0s1_g0rzfghffqnxvr0000gn/T//cclIfXo6.s 			page 19


 1027 0065 49       		.uleb128 0x49
 1028 0066 13       		.uleb128 0x13
 1029 0067 38       		.uleb128 0x38
 1030 0068 0B       		.uleb128 0xb
 1031 0069 00       		.byte	0
 1032 006a 00       		.byte	0
 1033 006b 0A       		.uleb128 0xa
 1034 006c 0D       		.uleb128 0xd
 1035 006d 00       		.byte	0
 1036 006e 03       		.uleb128 0x3
 1037 006f 08       		.uleb128 0x8
 1038 0070 3A       		.uleb128 0x3a
 1039 0071 0B       		.uleb128 0xb
 1040 0072 3B       		.uleb128 0x3b
 1041 0073 05       		.uleb128 0x5
 1042 0074 49       		.uleb128 0x49
 1043 0075 13       		.uleb128 0x13
 1044 0076 38       		.uleb128 0x38
 1045 0077 0B       		.uleb128 0xb
 1046 0078 00       		.byte	0
 1047 0079 00       		.byte	0
 1048 007a 0B       		.uleb128 0xb
 1049 007b 16       		.uleb128 0x16
 1050 007c 00       		.byte	0
 1051 007d 03       		.uleb128 0x3
 1052 007e 0E       		.uleb128 0xe
 1053 007f 3A       		.uleb128 0x3a
 1054 0080 0B       		.uleb128 0xb
 1055 0081 3B       		.uleb128 0x3b
 1056 0082 05       		.uleb128 0x5
 1057 0083 49       		.uleb128 0x49
 1058 0084 13       		.uleb128 0x13
 1059 0085 00       		.byte	0
 1060 0086 00       		.byte	0
 1061 0087 0C       		.uleb128 0xc
 1062 0088 04       		.uleb128 0x4
 1063 0089 01       		.byte	0x1
 1064 008a 0B       		.uleb128 0xb
 1065 008b 0B       		.uleb128 0xb
 1066 008c 3A       		.uleb128 0x3a
 1067 008d 0B       		.uleb128 0xb
 1068 008e 3B       		.uleb128 0x3b
 1069 008f 0B       		.uleb128 0xb
 1070 0090 01       		.uleb128 0x1
 1071 0091 13       		.uleb128 0x13
 1072 0092 00       		.byte	0
 1073 0093 00       		.byte	0
 1074 0094 0D       		.uleb128 0xd
 1075 0095 28       		.uleb128 0x28
 1076 0096 00       		.byte	0
 1077 0097 03       		.uleb128 0x3
 1078 0098 0E       		.uleb128 0xe
 1079 0099 1C       		.uleb128 0x1c
 1080 009a 0D       		.uleb128 0xd
 1081 009b 00       		.byte	0
 1082 009c 00       		.byte	0
 1083 009d 0E       		.uleb128 0xe
ARM GAS  /var/folders/m4/4md61f0s1_g0rzfghffqnxvr0000gn/T//cclIfXo6.s 			page 20


 1084 009e 28       		.uleb128 0x28
 1085 009f 00       		.byte	0
 1086 00a0 03       		.uleb128 0x3
 1087 00a1 08       		.uleb128 0x8
 1088 00a2 1C       		.uleb128 0x1c
 1089 00a3 0D       		.uleb128 0xd
 1090 00a4 00       		.byte	0
 1091 00a5 00       		.byte	0
 1092 00a6 0F       		.uleb128 0xf
 1093 00a7 2E       		.uleb128 0x2e
 1094 00a8 01       		.byte	0x1
 1095 00a9 3F       		.uleb128 0x3f
 1096 00aa 19       		.uleb128 0x19
 1097 00ab 03       		.uleb128 0x3
 1098 00ac 0E       		.uleb128 0xe
 1099 00ad 3A       		.uleb128 0x3a
 1100 00ae 0B       		.uleb128 0xb
 1101 00af 3B       		.uleb128 0x3b
 1102 00b0 0B       		.uleb128 0xb
 1103 00b1 27       		.uleb128 0x27
 1104 00b2 19       		.uleb128 0x19
 1105 00b3 11       		.uleb128 0x11
 1106 00b4 01       		.uleb128 0x1
 1107 00b5 12       		.uleb128 0x12
 1108 00b6 06       		.uleb128 0x6
 1109 00b7 40       		.uleb128 0x40
 1110 00b8 18       		.uleb128 0x18
 1111 00b9 9742     		.uleb128 0x2117
 1112 00bb 19       		.uleb128 0x19
 1113 00bc 01       		.uleb128 0x1
 1114 00bd 13       		.uleb128 0x13
 1115 00be 00       		.byte	0
 1116 00bf 00       		.byte	0
 1117 00c0 10       		.uleb128 0x10
 1118 00c1 898201   		.uleb128 0x4109
 1119 00c4 01       		.byte	0x1
 1120 00c5 11       		.uleb128 0x11
 1121 00c6 01       		.uleb128 0x1
 1122 00c7 31       		.uleb128 0x31
 1123 00c8 13       		.uleb128 0x13
 1124 00c9 01       		.uleb128 0x1
 1125 00ca 13       		.uleb128 0x13
 1126 00cb 00       		.byte	0
 1127 00cc 00       		.byte	0
 1128 00cd 11       		.uleb128 0x11
 1129 00ce 8A8201   		.uleb128 0x410a
 1130 00d1 00       		.byte	0
 1131 00d2 02       		.uleb128 0x2
 1132 00d3 18       		.uleb128 0x18
 1133 00d4 9142     		.uleb128 0x2111
 1134 00d6 18       		.uleb128 0x18
 1135 00d7 00       		.byte	0
 1136 00d8 00       		.byte	0
 1137 00d9 12       		.uleb128 0x12
 1138 00da 898201   		.uleb128 0x4109
 1139 00dd 01       		.byte	0x1
 1140 00de 11       		.uleb128 0x11
ARM GAS  /var/folders/m4/4md61f0s1_g0rzfghffqnxvr0000gn/T//cclIfXo6.s 			page 21


 1141 00df 01       		.uleb128 0x1
 1142 00e0 9542     		.uleb128 0x2115
 1143 00e2 19       		.uleb128 0x19
 1144 00e3 31       		.uleb128 0x31
 1145 00e4 13       		.uleb128 0x13
 1146 00e5 00       		.byte	0
 1147 00e6 00       		.byte	0
 1148 00e7 13       		.uleb128 0x13
 1149 00e8 05       		.uleb128 0x5
 1150 00e9 00       		.byte	0
 1151 00ea 03       		.uleb128 0x3
 1152 00eb 0E       		.uleb128 0xe
 1153 00ec 3A       		.uleb128 0x3a
 1154 00ed 0B       		.uleb128 0xb
 1155 00ee 3B       		.uleb128 0x3b
 1156 00ef 0B       		.uleb128 0xb
 1157 00f0 49       		.uleb128 0x49
 1158 00f1 13       		.uleb128 0x13
 1159 00f2 02       		.uleb128 0x2
 1160 00f3 17       		.uleb128 0x17
 1161 00f4 00       		.byte	0
 1162 00f5 00       		.byte	0
 1163 00f6 14       		.uleb128 0x14
 1164 00f7 2E       		.uleb128 0x2e
 1165 00f8 01       		.byte	0x1
 1166 00f9 3F       		.uleb128 0x3f
 1167 00fa 19       		.uleb128 0x19
 1168 00fb 03       		.uleb128 0x3
 1169 00fc 0E       		.uleb128 0xe
 1170 00fd 3A       		.uleb128 0x3a
 1171 00fe 0B       		.uleb128 0xb
 1172 00ff 3B       		.uleb128 0x3b
 1173 0100 0B       		.uleb128 0xb
 1174 0101 49       		.uleb128 0x49
 1175 0102 13       		.uleb128 0x13
 1176 0103 3C       		.uleb128 0x3c
 1177 0104 19       		.uleb128 0x19
 1178 0105 01       		.uleb128 0x1
 1179 0106 13       		.uleb128 0x13
 1180 0107 00       		.byte	0
 1181 0108 00       		.byte	0
 1182 0109 15       		.uleb128 0x15
 1183 010a 18       		.uleb128 0x18
 1184 010b 00       		.byte	0
 1185 010c 00       		.byte	0
 1186 010d 00       		.byte	0
 1187 010e 16       		.uleb128 0x16
 1188 010f 898201   		.uleb128 0x4109
 1189 0112 01       		.byte	0x1
 1190 0113 11       		.uleb128 0x11
 1191 0114 01       		.uleb128 0x1
 1192 0115 31       		.uleb128 0x31
 1193 0116 13       		.uleb128 0x13
 1194 0117 00       		.byte	0
 1195 0118 00       		.byte	0
 1196 0119 17       		.uleb128 0x17
 1197 011a 34       		.uleb128 0x34
ARM GAS  /var/folders/m4/4md61f0s1_g0rzfghffqnxvr0000gn/T//cclIfXo6.s 			page 22


 1198 011b 00       		.byte	0
 1199 011c 03       		.uleb128 0x3
 1200 011d 08       		.uleb128 0x8
 1201 011e 3A       		.uleb128 0x3a
 1202 011f 0B       		.uleb128 0xb
 1203 0120 3B       		.uleb128 0x3b
 1204 0121 0B       		.uleb128 0xb
 1205 0122 49       		.uleb128 0x49
 1206 0123 13       		.uleb128 0x13
 1207 0124 02       		.uleb128 0x2
 1208 0125 17       		.uleb128 0x17
 1209 0126 00       		.byte	0
 1210 0127 00       		.byte	0
 1211 0128 18       		.uleb128 0x18
 1212 0129 898201   		.uleb128 0x4109
 1213 012c 00       		.byte	0
 1214 012d 11       		.uleb128 0x11
 1215 012e 01       		.uleb128 0x1
 1216 012f 31       		.uleb128 0x31
 1217 0130 13       		.uleb128 0x13
 1218 0131 00       		.byte	0
 1219 0132 00       		.byte	0
 1220 0133 19       		.uleb128 0x19
 1221 0134 2E       		.uleb128 0x2e
 1222 0135 01       		.byte	0x1
 1223 0136 3F       		.uleb128 0x3f
 1224 0137 19       		.uleb128 0x19
 1225 0138 03       		.uleb128 0x3
 1226 0139 0E       		.uleb128 0xe
 1227 013a 3A       		.uleb128 0x3a
 1228 013b 0B       		.uleb128 0xb
 1229 013c 3B       		.uleb128 0x3b
 1230 013d 0B       		.uleb128 0xb
 1231 013e 27       		.uleb128 0x27
 1232 013f 19       		.uleb128 0x19
 1233 0140 49       		.uleb128 0x49
 1234 0141 13       		.uleb128 0x13
 1235 0142 11       		.uleb128 0x11
 1236 0143 01       		.uleb128 0x1
 1237 0144 12       		.uleb128 0x12
 1238 0145 06       		.uleb128 0x6
 1239 0146 40       		.uleb128 0x40
 1240 0147 18       		.uleb128 0x18
 1241 0148 9742     		.uleb128 0x2117
 1242 014a 19       		.uleb128 0x19
 1243 014b 01       		.uleb128 0x1
 1244 014c 13       		.uleb128 0x13
 1245 014d 00       		.byte	0
 1246 014e 00       		.byte	0
 1247 014f 1A       		.uleb128 0x1a
 1248 0150 34       		.uleb128 0x34
 1249 0151 00       		.byte	0
 1250 0152 03       		.uleb128 0x3
 1251 0153 0E       		.uleb128 0xe
 1252 0154 3A       		.uleb128 0x3a
 1253 0155 0B       		.uleb128 0xb
 1254 0156 3B       		.uleb128 0x3b
ARM GAS  /var/folders/m4/4md61f0s1_g0rzfghffqnxvr0000gn/T//cclIfXo6.s 			page 23


 1255 0157 0B       		.uleb128 0xb
 1256 0158 49       		.uleb128 0x49
 1257 0159 13       		.uleb128 0x13
 1258 015a 02       		.uleb128 0x2
 1259 015b 17       		.uleb128 0x17
 1260 015c 00       		.byte	0
 1261 015d 00       		.byte	0
 1262 015e 1B       		.uleb128 0x1b
 1263 015f 34       		.uleb128 0x34
 1264 0160 00       		.byte	0
 1265 0161 03       		.uleb128 0x3
 1266 0162 0E       		.uleb128 0xe
 1267 0163 3A       		.uleb128 0x3a
 1268 0164 0B       		.uleb128 0xb
 1269 0165 3B       		.uleb128 0x3b
 1270 0166 05       		.uleb128 0x5
 1271 0167 49       		.uleb128 0x49
 1272 0168 13       		.uleb128 0x13
 1273 0169 3F       		.uleb128 0x3f
 1274 016a 19       		.uleb128 0x19
 1275 016b 3C       		.uleb128 0x3c
 1276 016c 19       		.uleb128 0x19
 1277 016d 00       		.byte	0
 1278 016e 00       		.byte	0
 1279 016f 1C       		.uleb128 0x1c
 1280 0170 2E       		.uleb128 0x2e
 1281 0171 01       		.byte	0x1
 1282 0172 3F       		.uleb128 0x3f
 1283 0173 19       		.uleb128 0x19
 1284 0174 03       		.uleb128 0x3
 1285 0175 0E       		.uleb128 0xe
 1286 0176 3A       		.uleb128 0x3a
 1287 0177 0B       		.uleb128 0xb
 1288 0178 3B       		.uleb128 0x3b
 1289 0179 05       		.uleb128 0x5
 1290 017a 27       		.uleb128 0x27
 1291 017b 19       		.uleb128 0x19
 1292 017c 3C       		.uleb128 0x3c
 1293 017d 19       		.uleb128 0x19
 1294 017e 01       		.uleb128 0x1
 1295 017f 13       		.uleb128 0x13
 1296 0180 00       		.byte	0
 1297 0181 00       		.byte	0
 1298 0182 1D       		.uleb128 0x1d
 1299 0183 05       		.uleb128 0x5
 1300 0184 00       		.byte	0
 1301 0185 49       		.uleb128 0x49
 1302 0186 13       		.uleb128 0x13
 1303 0187 00       		.byte	0
 1304 0188 00       		.byte	0
 1305 0189 1E       		.uleb128 0x1e
 1306 018a 2E       		.uleb128 0x2e
 1307 018b 01       		.byte	0x1
 1308 018c 3F       		.uleb128 0x3f
 1309 018d 19       		.uleb128 0x19
 1310 018e 03       		.uleb128 0x3
 1311 018f 0E       		.uleb128 0xe
ARM GAS  /var/folders/m4/4md61f0s1_g0rzfghffqnxvr0000gn/T//cclIfXo6.s 			page 24


 1312 0190 3A       		.uleb128 0x3a
 1313 0191 0B       		.uleb128 0xb
 1314 0192 3B       		.uleb128 0x3b
 1315 0193 0B       		.uleb128 0xb
 1316 0194 49       		.uleb128 0x49
 1317 0195 13       		.uleb128 0x13
 1318 0196 3C       		.uleb128 0x3c
 1319 0197 19       		.uleb128 0x19
 1320 0198 00       		.byte	0
 1321 0199 00       		.byte	0
 1322 019a 00       		.byte	0
 1323              		.section	.debug_loc,"",%progbits
 1324              	.Ldebug_loc0:
 1325              	.LLST0:
 1326 0000 00000000 		.4byte	.LVL2
 1327 0004 0A000000 		.4byte	.LVL3
 1328 0008 0100     		.2byte	0x1
 1329 000a 50       		.byte	0x50
 1330 000b 0A000000 		.4byte	.LVL3
 1331 000f 1C000000 		.4byte	.LFE124
 1332 0013 0400     		.2byte	0x4
 1333 0015 F3       		.byte	0xf3
 1334 0016 01       		.uleb128 0x1
 1335 0017 50       		.byte	0x50
 1336 0018 9F       		.byte	0x9f
 1337 0019 00000000 		.4byte	0
 1338 001d 00000000 		.4byte	0
 1339              	.LLST1:
 1340 0021 00000000 		.4byte	.LVL5
 1341 0025 0A000000 		.4byte	.LVL6
 1342 0029 0100     		.2byte	0x1
 1343 002b 50       		.byte	0x50
 1344 002c 0A000000 		.4byte	.LVL6
 1345 0030 1C000000 		.4byte	.LFE125
 1346 0034 0400     		.2byte	0x4
 1347 0036 F3       		.byte	0xf3
 1348 0037 01       		.uleb128 0x1
 1349 0038 50       		.byte	0x50
 1350 0039 9F       		.byte	0x9f
 1351 003a 00000000 		.4byte	0
 1352 003e 00000000 		.4byte	0
 1353              	.LLST2:
 1354 0042 00000000 		.4byte	.LVL8
 1355 0046 0C000000 		.4byte	.LVL9
 1356 004a 0100     		.2byte	0x1
 1357 004c 50       		.byte	0x50
 1358 004d 0C000000 		.4byte	.LVL9
 1359 0051 46000000 		.4byte	.LFE126
 1360 0055 0400     		.2byte	0x4
 1361 0057 F3       		.byte	0xf3
 1362 0058 01       		.uleb128 0x1
 1363 0059 50       		.byte	0x50
 1364 005a 9F       		.byte	0x9f
 1365 005b 00000000 		.4byte	0
 1366 005f 00000000 		.4byte	0
 1367              	.LLST3:
 1368 0063 00000000 		.4byte	.LVL8
ARM GAS  /var/folders/m4/4md61f0s1_g0rzfghffqnxvr0000gn/T//cclIfXo6.s 			page 25


 1369 0067 11000000 		.4byte	.LVL10-1
 1370 006b 0100     		.2byte	0x1
 1371 006d 51       		.byte	0x51
 1372 006e 11000000 		.4byte	.LVL10-1
 1373 0072 46000000 		.4byte	.LFE126
 1374 0076 0400     		.2byte	0x4
 1375 0078 F3       		.byte	0xf3
 1376 0079 01       		.uleb128 0x1
 1377 007a 51       		.byte	0x51
 1378 007b 9F       		.byte	0x9f
 1379 007c 00000000 		.4byte	0
 1380 0080 00000000 		.4byte	0
 1381              	.LLST4:
 1382 0084 00000000 		.4byte	.LVL8
 1383 0088 32000000 		.4byte	.LVL12
 1384 008c 0200     		.2byte	0x2
 1385 008e 30       		.byte	0x30
 1386 008f 9F       		.byte	0x9f
 1387 0090 32000000 		.4byte	.LVL12
 1388 0094 36000000 		.4byte	.LVL13
 1389 0098 0500     		.2byte	0x5
 1390 009a 3F       		.byte	0x3f
 1391 009b 74       		.byte	0x74
 1392 009c 00       		.sleb128 0
 1393 009d 24       		.byte	0x24
 1394 009e 9F       		.byte	0x9f
 1395 009f 36000000 		.4byte	.LVL13
 1396 00a3 3A000000 		.4byte	.LVL14
 1397 00a7 0100     		.2byte	0x1
 1398 00a9 52       		.byte	0x52
 1399 00aa 3A000000 		.4byte	.LVL14
 1400 00ae 46000000 		.4byte	.LFE126
 1401 00b2 0500     		.2byte	0x5
 1402 00b4 3F       		.byte	0x3f
 1403 00b5 74       		.byte	0x74
 1404 00b6 00       		.sleb128 0
 1405 00b7 24       		.byte	0x24
 1406 00b8 9F       		.byte	0x9f
 1407 00b9 00000000 		.4byte	0
 1408 00bd 00000000 		.4byte	0
 1409              	.LLST5:
 1410 00c1 00000000 		.4byte	.LVL15
 1411 00c5 0A000000 		.4byte	.LVL16
 1412 00c9 0100     		.2byte	0x1
 1413 00cb 50       		.byte	0x50
 1414 00cc 0A000000 		.4byte	.LVL16
 1415 00d0 16000000 		.4byte	.LVL18
 1416 00d4 0100     		.2byte	0x1
 1417 00d6 54       		.byte	0x54
 1418 00d7 16000000 		.4byte	.LVL18
 1419 00db 1C000000 		.4byte	.LFE127
 1420 00df 0200     		.2byte	0x2
 1421 00e1 73       		.byte	0x73
 1422 00e2 00       		.sleb128 0
 1423 00e3 00000000 		.4byte	0
 1424 00e7 00000000 		.4byte	0
 1425              	.LLST6:
ARM GAS  /var/folders/m4/4md61f0s1_g0rzfghffqnxvr0000gn/T//cclIfXo6.s 			page 26


 1426 00eb 00000000 		.4byte	.LVL19
 1427 00ef 0A000000 		.4byte	.LVL20
 1428 00f3 0100     		.2byte	0x1
 1429 00f5 50       		.byte	0x50
 1430 00f6 0A000000 		.4byte	.LVL20
 1431 00fa 1C000000 		.4byte	.LFE128
 1432 00fe 0400     		.2byte	0x4
 1433 0100 F3       		.byte	0xf3
 1434 0101 01       		.uleb128 0x1
 1435 0102 50       		.byte	0x50
 1436 0103 9F       		.byte	0x9f
 1437 0104 00000000 		.4byte	0
 1438 0108 00000000 		.4byte	0
 1439              	.LLST7:
 1440 010c 00000000 		.4byte	.LVL22
 1441 0110 04000000 		.4byte	.LVL23
 1442 0114 0200     		.2byte	0x2
 1443 0116 30       		.byte	0x30
 1444 0117 9F       		.byte	0x9f
 1445 0118 04000000 		.4byte	.LVL23
 1446 011c 08000000 		.4byte	.LVL24
 1447 0120 0900     		.2byte	0x9
 1448 0122 70       		.byte	0x70
 1449 0123 00       		.sleb128 0
 1450 0124 0A       		.byte	0xa
 1451 0125 0001     		.2byte	0x100
 1452 0127 1A       		.byte	0x1a
 1453 0128 30       		.byte	0x30
 1454 0129 2E       		.byte	0x2e
 1455 012a 9F       		.byte	0x9f
 1456 012b 00000000 		.4byte	0
 1457 012f 00000000 		.4byte	0
 1458              		.section	.debug_aranges,"",%progbits
 1459 0000 4C000000 		.4byte	0x4c
 1460 0004 0200     		.2byte	0x2
 1461 0006 00000000 		.4byte	.Ldebug_info0
 1462 000a 04       		.byte	0x4
 1463 000b 00       		.byte	0
 1464 000c 0000     		.2byte	0
 1465 000e 0000     		.2byte	0
 1466 0010 00000000 		.4byte	.LFB123
 1467 0014 1A000000 		.4byte	.LFE123-.LFB123
 1468 0018 00000000 		.4byte	.LFB124
 1469 001c 1C000000 		.4byte	.LFE124-.LFB124
 1470 0020 00000000 		.4byte	.LFB125
 1471 0024 1C000000 		.4byte	.LFE125-.LFB125
 1472 0028 00000000 		.4byte	.LFB126
 1473 002c 46000000 		.4byte	.LFE126-.LFB126
 1474 0030 00000000 		.4byte	.LFB127
 1475 0034 1C000000 		.4byte	.LFE127-.LFB127
 1476 0038 00000000 		.4byte	.LFB128
 1477 003c 1C000000 		.4byte	.LFE128-.LFB128
 1478 0040 00000000 		.4byte	.LFB129
 1479 0044 10000000 		.4byte	.LFE129-.LFB129
 1480 0048 00000000 		.4byte	0
 1481 004c 00000000 		.4byte	0
 1482              		.section	.debug_ranges,"",%progbits
ARM GAS  /var/folders/m4/4md61f0s1_g0rzfghffqnxvr0000gn/T//cclIfXo6.s 			page 27


 1483              	.Ldebug_ranges0:
 1484 0000 00000000 		.4byte	.LFB123
 1485 0004 1A000000 		.4byte	.LFE123
 1486 0008 00000000 		.4byte	.LFB124
 1487 000c 1C000000 		.4byte	.LFE124
 1488 0010 00000000 		.4byte	.LFB125
 1489 0014 1C000000 		.4byte	.LFE125
 1490 0018 00000000 		.4byte	.LFB126
 1491 001c 46000000 		.4byte	.LFE126
 1492 0020 00000000 		.4byte	.LFB127
 1493 0024 1C000000 		.4byte	.LFE127
 1494 0028 00000000 		.4byte	.LFB128
 1495 002c 1C000000 		.4byte	.LFE128
 1496 0030 00000000 		.4byte	.LFB129
 1497 0034 10000000 		.4byte	.LFE129
 1498 0038 00000000 		.4byte	0
 1499 003c 00000000 		.4byte	0
 1500              		.section	.debug_line,"",%progbits
 1501              	.Ldebug_line0:
 1502 0000 5A020000 		.section	.debug_str,"MS",%progbits,1
 1502      0200C201 
 1502      00000201 
 1502      FB0E0D00 
 1502      01010101 
 1503              	.LASF35:
 1504 0000 45585449 		.ascii	"EXTI_PortSourceGPIOx\000"
 1504      5F506F72 
 1504      74536F75 
 1504      72636547 
 1504      50494F78 
 1505              	.LASF21:
 1506 0015 43464752 		.ascii	"CFGR\000"
 1506      00
 1507              	.LASF4:
 1508 001a 5F5F7569 		.ascii	"__uint8_t\000"
 1508      6E74385F 
 1508      7400
 1509              	.LASF33:
 1510 0024 61737365 		.ascii	"assert_param\000"
 1510      72745F70 
 1510      6172616D 
 1510      00
 1511              	.LASF37:
 1512 0031 53595343 		.ascii	"SYSCFG_ETH_MediaInterfaceConfig\000"
 1512      46475F45 
 1512      54485F4D 
 1512      65646961 
 1512      496E7465 
 1513              	.LASF5:
 1514 0051 5F5F696E 		.ascii	"__int32_t\000"
 1514      7433325F 
 1514      7400
 1515              	.LASF39:
 1516 005b 53595343 		.ascii	"SYSCFG_CompensationCellCmd\000"
 1516      46475F43 
 1516      6F6D7065 
 1516      6E736174 
ARM GAS  /var/folders/m4/4md61f0s1_g0rzfghffqnxvr0000gn/T//cclIfXo6.s 			page 28


 1516      696F6E43 
 1517              	.LASF3:
 1518 0076 73686F72 		.ascii	"short unsigned int\000"
 1518      7420756E 
 1518      7369676E 
 1518      65642069 
 1518      6E7400
 1519              	.LASF45:
 1520 0089 53595343 		.ascii	"SYSCFG_GetCompensationCellStatus\000"
 1520      46475F47 
 1520      6574436F 
 1520      6D70656E 
 1520      73617469 
 1521              	.LASF27:
 1522 00aa 46756E63 		.ascii	"FunctionalState\000"
 1522      74696F6E 
 1522      616C5374 
 1522      61746500 
 1523              	.LASF20:
 1524 00ba 52455345 		.ascii	"RESERVED1\000"
 1524      52564544 
 1524      3100
 1525              	.LASF38:
 1526 00c4 53595343 		.ascii	"SYSCFG_ETH_MediaInterface\000"
 1526      46475F45 
 1526      54485F4D 
 1526      65646961 
 1526      496E7465 
 1527              	.LASF7:
 1528 00de 5F5F7569 		.ascii	"__uint32_t\000"
 1528      6E743332 
 1528      5F7400
 1529              	.LASF26:
 1530 00e9 454E4142 		.ascii	"ENABLE\000"
 1530      4C4500
 1531              	.LASF34:
 1532 00f0 53595343 		.ascii	"SYSCFG_EXTILineConfig\000"
 1532      46475F45 
 1532      5854494C 
 1532      696E6543 
 1532      6F6E6669 
 1533              	.LASF19:
 1534 0106 434D5043 		.ascii	"CMPCR\000"
 1534      5200
 1535              	.LASF1:
 1536 010c 756E7369 		.ascii	"unsigned char\000"
 1536      676E6564 
 1536      20636861 
 1536      7200
 1537              	.LASF24:
 1538 011a 466C6167 		.ascii	"FlagStatus\000"
 1538      53746174 
 1538      757300
 1539              	.LASF8:
 1540 0125 6C6F6E67 		.ascii	"long unsigned int\000"
 1540      20756E73 
 1540      69676E65 
ARM GAS  /var/folders/m4/4md61f0s1_g0rzfghffqnxvr0000gn/T//cclIfXo6.s 			page 29


 1540      6420696E 
 1540      7400
 1541              	.LASF16:
 1542 0137 4D454D52 		.ascii	"MEMRMP\000"
 1542      4D5000
 1543              	.LASF41:
 1544 013e 5243435F 		.ascii	"RCC_APB2PeriphResetCmd\000"
 1544      41504232 
 1544      50657269 
 1544      70685265 
 1544      73657443 
 1545              	.LASF46:
 1546 0155 49544D5F 		.ascii	"ITM_RxBuffer\000"
 1546      52784275 
 1546      66666572 
 1546      00
 1547              	.LASF36:
 1548 0162 45585449 		.ascii	"EXTI_PinSourcex\000"
 1548      5F50696E 
 1548      536F7572 
 1548      63657800 
 1549              	.LASF18:
 1550 0172 52455345 		.ascii	"RESERVED\000"
 1550      52564544 
 1550      00
 1551              	.LASF17:
 1552 017b 45585449 		.ascii	"EXTICR\000"
 1552      435200
 1553              	.LASF11:
 1554 0182 756E7369 		.ascii	"unsigned int\000"
 1554      676E6564 
 1554      20696E74 
 1554      00
 1555              	.LASF23:
 1556 018f 52455345 		.ascii	"RESET\000"
 1556      5400
 1557              	.LASF10:
 1558 0195 6C6F6E67 		.ascii	"long long unsigned int\000"
 1558      206C6F6E 
 1558      6720756E 
 1558      7369676E 
 1558      65642069 
 1559              	.LASF12:
 1560 01ac 75696E74 		.ascii	"uint8_t\000"
 1560      385F7400 
 1561              	.LASF0:
 1562 01b4 7369676E 		.ascii	"signed char\000"
 1562      65642063 
 1562      68617200 
 1563              	.LASF13:
 1564 01c0 696E7433 		.ascii	"int32_t\000"
 1564      325F7400 
 1565              	.LASF15:
 1566 01c8 73697A65 		.ascii	"sizetype\000"
 1566      74797065 
 1566      00
 1567              	.LASF9:
ARM GAS  /var/folders/m4/4md61f0s1_g0rzfghffqnxvr0000gn/T//cclIfXo6.s 			page 30


 1568 01d1 6C6F6E67 		.ascii	"long long int\000"
 1568      206C6F6E 
 1568      6720696E 
 1568      7400
 1569              	.LASF43:
 1570 01df 43686962 		.ascii	"ChibiOS_16.1.4/ext/stdperiph_stm32f4/src/stm32f4xx_"
 1570      694F535F 
 1570      31362E31 
 1570      2E342F65 
 1570      78742F73 
 1571 0212 73797363 		.ascii	"syscfg.c\000"
 1571      66672E63 
 1571      00
 1572              	.LASF31:
 1573 021b 53595343 		.ascii	"SYSCFG_MemoryRemap\000"
 1573      46475F4D 
 1573      656D6F72 
 1573      7952656D 
 1573      617000
 1574              	.LASF2:
 1575 022e 73686F72 		.ascii	"short int\000"
 1575      7420696E 
 1575      7400
 1576              	.LASF44:
 1577 0238 2F557365 		.ascii	"/Users/raphael/Documents/pcb-quadrotor/code\000"
 1577      72732F72 
 1577      61706861 
 1577      656C2F44 
 1577      6F63756D 
 1578              	.LASF32:
 1579 0264 4E657753 		.ascii	"NewState\000"
 1579      74617465 
 1579      00
 1580              	.LASF22:
 1581 026d 53595343 		.ascii	"SYSCFG_TypeDef\000"
 1581      46475F54 
 1581      79706544 
 1581      656600
 1582              	.LASF42:
 1583 027c 474E5520 		.ascii	"GNU C 4.9.3 20150529 (release) [ARM/embedded-4_9-br"
 1583      4320342E 
 1583      392E3320 
 1583      32303135 
 1583      30353239 
 1584 02af 616E6368 		.ascii	"anch revision 224288] -mcpu=cortex-m4 -mfloat-abi=h"
 1584      20726576 
 1584      6973696F 
 1584      6E203232 
 1584      34323838 
 1585 02e2 61726420 		.ascii	"ard -mfpu=fpv4-sp-d16 -mno-thumb-interwork -mthumb "
 1585      2D6D6670 
 1585      753D6670 
 1585      76342D73 
 1585      702D6431 
 1586 0315 2D676764 		.ascii	"-ggdb -O2 -std=gnu99 -fomit-frame-pointer -falign-f"
 1586      62202D4F 
 1586      32202D73 
ARM GAS  /var/folders/m4/4md61f0s1_g0rzfghffqnxvr0000gn/T//cclIfXo6.s 			page 31


 1586      74643D67 
 1586      6E753939 
 1587 0348 756E6374 		.ascii	"unctions=16 -ffunction-sections -fdata-sections -fn"
 1587      696F6E73 
 1587      3D313620 
 1587      2D666675 
 1587      6E637469 
 1588 037b 6F2D636F 		.ascii	"o-common -fsingle-precision-constant\000"
 1588      6D6D6F6E 
 1588      202D6673 
 1588      696E676C 
 1588      652D7072 
 1589              	.LASF28:
 1590 03a0 53595343 		.ascii	"SYSCFG_DeInit\000"
 1590      46475F44 
 1590      65496E69 
 1590      7400
 1591              	.LASF14:
 1592 03ae 75696E74 		.ascii	"uint32_t\000"
 1592      33325F74 
 1592      00
 1593              	.LASF6:
 1594 03b7 6C6F6E67 		.ascii	"long int\000"
 1594      20696E74 
 1594      00
 1595              	.LASF25:
 1596 03c0 44495341 		.ascii	"DISABLE\000"
 1596      424C4500 
 1597              	.LASF40:
 1598 03c8 62697473 		.ascii	"bitstatus\000"
 1598      74617475 
 1598      7300
 1599              	.LASF30:
 1600 03d2 53595343 		.ascii	"SYSCFG_MemorySwappingBank\000"
 1600      46475F4D 
 1600      656D6F72 
 1600      79537761 
 1600      7070696E 
 1601              	.LASF29:
 1602 03ec 53595343 		.ascii	"SYSCFG_MemoryRemapConfig\000"
 1602      46475F4D 
 1602      656D6F72 
 1602      7952656D 
 1602      6170436F 
 1603              		.ident	"GCC: (GNU Tools for ARM Embedded Processors) 4.9.3 20150529 (release) [ARM/embedded-4_9-br
ARM GAS  /var/folders/m4/4md61f0s1_g0rzfghffqnxvr0000gn/T//cclIfXo6.s 			page 32


DEFINED SYMBOLS
                            *ABS*:0000000000000000 stm32f4xx_syscfg.c
/var/folders/m4/4md61f0s1_g0rzfghffqnxvr0000gn/T//cclIfXo6.s:21     .text.SYSCFG_DeInit:0000000000000000 $t
/var/folders/m4/4md61f0s1_g0rzfghffqnxvr0000gn/T//cclIfXo6.s:27     .text.SYSCFG_DeInit:0000000000000000 SYSCFG_DeInit
/var/folders/m4/4md61f0s1_g0rzfghffqnxvr0000gn/T//cclIfXo6.s:58     .text.SYSCFG_MemoryRemapConfig:0000000000000000 $t
/var/folders/m4/4md61f0s1_g0rzfghffqnxvr0000gn/T//cclIfXo6.s:64     .text.SYSCFG_MemoryRemapConfig:0000000000000000 SYSCFG_MemoryRemapConfig
/var/folders/m4/4md61f0s1_g0rzfghffqnxvr0000gn/T//cclIfXo6.s:93     .text.SYSCFG_MemoryRemapConfig:0000000000000018 $d
/var/folders/m4/4md61f0s1_g0rzfghffqnxvr0000gn/T//cclIfXo6.s:98     .text.SYSCFG_MemorySwappingBank:0000000000000000 $t
/var/folders/m4/4md61f0s1_g0rzfghffqnxvr0000gn/T//cclIfXo6.s:104    .text.SYSCFG_MemorySwappingBank:0000000000000000 SYSCFG_MemorySwappingBank
/var/folders/m4/4md61f0s1_g0rzfghffqnxvr0000gn/T//cclIfXo6.s:133    .text.SYSCFG_MemorySwappingBank:0000000000000018 $d
/var/folders/m4/4md61f0s1_g0rzfghffqnxvr0000gn/T//cclIfXo6.s:138    .text.SYSCFG_EXTILineConfig:0000000000000000 $t
/var/folders/m4/4md61f0s1_g0rzfghffqnxvr0000gn/T//cclIfXo6.s:144    .text.SYSCFG_EXTILineConfig:0000000000000000 SYSCFG_EXTILineConfig
/var/folders/m4/4md61f0s1_g0rzfghffqnxvr0000gn/T//cclIfXo6.s:204    .text.SYSCFG_ETH_MediaInterfaceConfig:0000000000000000 $t
/var/folders/m4/4md61f0s1_g0rzfghffqnxvr0000gn/T//cclIfXo6.s:210    .text.SYSCFG_ETH_MediaInterfaceConfig:0000000000000000 SYSCFG_ETH_MediaInterfaceConfig
/var/folders/m4/4md61f0s1_g0rzfghffqnxvr0000gn/T//cclIfXo6.s:240    .text.SYSCFG_ETH_MediaInterfaceConfig:0000000000000018 $d
/var/folders/m4/4md61f0s1_g0rzfghffqnxvr0000gn/T//cclIfXo6.s:245    .text.SYSCFG_CompensationCellCmd:0000000000000000 $t
/var/folders/m4/4md61f0s1_g0rzfghffqnxvr0000gn/T//cclIfXo6.s:251    .text.SYSCFG_CompensationCellCmd:0000000000000000 SYSCFG_CompensationCellCmd
/var/folders/m4/4md61f0s1_g0rzfghffqnxvr0000gn/T//cclIfXo6.s:280    .text.SYSCFG_CompensationCellCmd:0000000000000018 $d
/var/folders/m4/4md61f0s1_g0rzfghffqnxvr0000gn/T//cclIfXo6.s:285    .text.SYSCFG_GetCompensationCellStatus:0000000000000000 $t
/var/folders/m4/4md61f0s1_g0rzfghffqnxvr0000gn/T//cclIfXo6.s:291    .text.SYSCFG_GetCompensationCellStatus:0000000000000000 SYSCFG_GetCompensationCellStatus
/var/folders/m4/4md61f0s1_g0rzfghffqnxvr0000gn/T//cclIfXo6.s:310    .text.SYSCFG_GetCompensationCellStatus:000000000000000c $d
                     .debug_frame:0000000000000010 $d

UNDEFINED SYMBOLS
RCC_APB2PeriphResetCmd
assert_param
