Added Pin To Net: NetName=U1 Pin=U6-3
Added Net: Name=U1
Added Pin To Net: NetName=U2 Pin=U7-3
Added Net: Name=U2
Added Pin To Net: NetName=U3 Pin=U9-3
Added Net: Name=U3
Added Pin To Net: NetName=U4 Pin=U11-3
Added Net: Name=U4
Added Pin To Net: NetName=V1 Pin=U6-4
Added Net: Name=V1
Added Pin To Net: NetName=V2 Pin=U7-4
Added Net: Name=V2
Added Pin To Net: NetName=V3 Pin=U9-4
Added Net: Name=V3
Added Pin To Net: NetName=V4 Pin=U11-4
Added Net: Name=V4
Added Pin To Net: NetName=W1 Pin=U6-6
Added Net: Name=W1
Added Pin To Net: NetName=W2 Pin=U7-6
Added Net: Name=W2
Added Pin To Net: NetName=W3 Pin=U9-6
Added Net: Name=W3
Added Pin To Net: NetName=W4 Pin=U11-6
Added Net: Name=W4
