Removed Pin From Net: NetName=NetR5_2 Pin=BOOT-1
Removed Pin From Net: NetName=VCC Pin=BOOT-2
Removed Pin From Net: NetName=NetR5_2 Pin=BOOT-3
Removed Pin From Net: NetName=VCC Pin=BOOT-4
Removed Pin From Net: NetName=NetC10_2 Pin=RESET-1
Removed Pin From Net: NetName=GND Pin=RESET-2
Removed Pin From Net: NetName=NetC10_2 Pin=RESET-3
Removed Pin From Net: NetName=GND Pin=RESET-4
Added Component: Designator=SW1(SWITCH)
Added Component: Designator=SW2(SWITCH)
Added Pin To Net: NetName=NetR5_2 Pin=SW1-1
Added Pin To Net: NetName=NetR5_2 Pin=SW1-2
Added Pin To Net: NetName=VCC Pin=SW1-3
Added Pin To Net: NetName=VCC Pin=SW1-4
Added Pin To Net: NetName=NetC10_2 Pin=SW2-1
Added Pin To Net: NetName=NetC10_2 Pin=SW2-2
Added Pin To Net: NetName=GND Pin=SW2-3
Added Pin To Net: NetName=GND Pin=SW2-4
Added Member To Class: ClassName=U_Logic Member=Component SW1 
Added Member To Class: ClassName=U_Logic Member=Component SW2 
