Added Component: Designator=C1(CAPC0402(1005)60_L)
Added Component: Designator=C2(CAPC0402(1005)60_L)
Added Component: Designator=C3(CAPC0402(1005)60_L)
Added Component: Designator=C4(CAPC0402(1005)60_L)
Added Component: Designator=C5(CAPC0402(1005)60_L)
Added Component: Designator=C6(CAPC0402(1005)60_L)
Added Component: Designator=C7(CAPC0402(1005)60_L)
Added Component: Designator=C8(CAPC0402(1005)60_L)
Added Component: Designator=C9(CAPC0402(1005)60_L)
Added Component: Designator=C10(CAPC0402(1005)60_L)
Added Component: Designator=C11(CAPC0402(1005)60_L)
Added Component: Designator=C12(CAPC0402(1005)60_L)
Added Component: Designator=C13(CAPC0402(1005)60_L)
Added Component: Designator=C14(CAPC0402(1005)60_L)
Added Component: Designator=C15(CAPC0402(1005)60_L)
Added Component: Designator=C16(CAPC0402(1005)60_L)
Added Component: Designator=C17(CAPC0402(1005)60_L)
Added Component: Designator=C18(CAPC0402(1005)60_L)
Added Component: Designator=C19(CAPC0402(1005)60_L)
Added Component: Designator=C20(CAPC0402(1005)60_L)
Added Component: Designator=C21(CAPC0402(1005)60_L)
Added Component: Designator=C22(CAPC0402(1005)60_L)
Added Component: Designator=C23(CAPC0402(1005)60_L)
Added Component: Designator=C24(CAPC0402(1005)60_L)
Added Component: Designator=C25(CAPC0402(1005)60_L)
Added Component: Designator=C26(CAPC0402(1005)60_L)
Added Component: Designator=C27(CAPC0402(1005)60_L)
Added Component: Designator=C28(CAPC0402(1005)60_L)
Added Component: Designator=C29(CAPC0402(1005)60_L)
Added Component: Designator=C30(CAPC0402(1005)60_L)
Added Component: Designator=C31(CAPC0402(1005)60_L)
Added Component: Designator=C32(CAPC0402(1005)60_L)
Added Component: Designator=D1(LED-1206)
Added Component: Designator=D2(WS2812B)
Added Component: Designator=D3(LED-1206)
Added Component: Designator=D4(WS2812B)
Added Component: Designator=D5(WS2812B)
Added Component: Designator=D6(WS2812B)
Added Component: Designator=D7(ONSC-SMA-2-403D-02_F_V)
Added Component: Designator=JP1(JST-2-PTH)
Added Component: Designator=JP2(JST-2-PTH)
Added Component: Designator=JP3(USB-MICROB)
Added Component: Designator=L1(INDC0402(1005)_N)
Added Component: Designator=L2(INDC0402(1005)_N)
Added Component: Designator=L3(INDC0402(1005)_N)
Added Component: Designator=Q1(SOT23-3)
Added Component: Designator=R1(RESC0402(1005)_L)
Added Component: Designator=R2(RESC0402(1005)_L)
Added Component: Designator=R3(RESC0402(1005)_L)
Added Component: Designator=R4(RESC0402(1005)_L)
Added Component: Designator=R5(RESC0402(1005)_L)
Added Component: Designator=R6(RESC0402(1005)_L)
Added Component: Designator=R7(RESC0402(1005)_L)
Added Component: Designator=R8(RESC0402(1005)_L)
Added Component: Designator=R9(RESC0402(1005)_L)
Added Component: Designator=R10(RESC0402(1005)_L)
Added Component: Designator=R11(RESC0402(1005)_L)
Added Component: Designator=R12(RESC0402(1005)_L)
Added Component: Designator=R13(RESC0402(1005)_L)
Added Component: Designator=R14(RESC0805(2012)_L)
Added Component: Designator=R15(RESC0402(1005)_L)
Added Component: Designator=R16(RESC0603(1608)_L)
Added Component: Designator=R17(RESC0201(0603)_L)
Added Component: Designator=SW1(DIPT-DTSM-6_V)
Added Component: Designator=SW2(DIPT-DTSM-6_V)
Added Component: Designator=U1(STM-LQFP64_N)
Added Component: Designator=U2(STM-LQFP64_N)
Added Component: Designator=U3(LGA28R50P4X10_380X520X100)
Added Component: Designator=U4(QFN20)
Added Component: Designator=U5(SON50P300X85_HS-9N)
Added Component: Designator=U6(MCHP-SOP-SE8_L)
Added Component: Designator=U7(MCHP-SOP-SE8_L)
Added Component: Designator=U8(MAXM-U6+1_L)
Added Component: Designator=U9(MCHP-SOP-SE8_L)
Added Component: Designator=U10(LT-MS8-8_L)
Added Component: Designator=U11(MCHP-SOP-SE8_L)
Added Component: Designator=Y1(ABRA-ABM3B-4_V)
Added Component: Designator=Y2(ABRA-ABM3B-4_V)
Added Component: Designator=Y3(ABS07)
Added Pin To Net: NetName=ANTENNA Pin=C15-2
Added Pin To Net: NetName=ANTENNA Pin=C16-2
Added Net: Name=ANTENNA
Added Pin To Net: NetName=B+ Pin=JP1-2
Added Pin To Net: NetName=B+ Pin=R14-2
Added Pin To Net: NetName=B+ Pin=U8-4
Added Net: Name=B+
Added Pin To Net: NetName=C+ Pin=D7-2
Added Pin To Net: NetName=C+ Pin=JP2-2
Added Pin To Net: NetName=C+ Pin=JP3-VBUS
Added Net: Name=C+
Added Pin To Net: NetName=CE Pin=U1-41
Added Pin To Net: NetName=CE Pin=U4-1
Added Net: Name=CE
Added Pin To Net: NetName=CSN Pin=U1-20
Added Pin To Net: NetName=CSN Pin=U4-2
Added Net: Name=CSN
Added Pin To Net: NetName=GND Pin=C1-1
Added Pin To Net: NetName=GND Pin=C2-2
Added Pin To Net: NetName=GND Pin=C3-2
Added Pin To Net: NetName=GND Pin=C4-1
Added Pin To Net: NetName=GND Pin=C5-1
Added Pin To Net: NetName=GND Pin=C6-1
Added Pin To Net: NetName=GND Pin=C7-1
Added Pin To Net: NetName=GND Pin=C8-1
Added Pin To Net: NetName=GND Pin=C9-1
Added Pin To Net: NetName=GND Pin=C10-1
Added Pin To Net: NetName=GND Pin=C11-1
Added Pin To Net: NetName=GND Pin=C12-1
Added Pin To Net: NetName=GND Pin=C13-1
Added Pin To Net: NetName=GND Pin=C14-1
Added Pin To Net: NetName=GND Pin=C16-1
Added Pin To Net: NetName=GND Pin=C17-1
Added Pin To Net: NetName=GND Pin=C18-1
Added Pin To Net: NetName=GND Pin=C19-1
Added Pin To Net: NetName=GND Pin=C20-1
Added Pin To Net: NetName=GND Pin=C21-1
Added Pin To Net: NetName=GND Pin=C22-1
Added Pin To Net: NetName=GND Pin=C23-1
Added Pin To Net: NetName=GND Pin=C24-2
Added Pin To Net: NetName=GND Pin=C25-1
Added Pin To Net: NetName=GND Pin=C26-2
Added Pin To Net: NetName=GND Pin=C27-1
Added Pin To Net: NetName=GND Pin=C28-1
Added Pin To Net: NetName=GND Pin=C29-2
Added Pin To Net: NetName=GND Pin=C30-1
Added Pin To Net: NetName=GND Pin=C31-1
Added Pin To Net: NetName=GND Pin=C32-2
Added Pin To Net: NetName=GND Pin=D1-C
Added Pin To Net: NetName=GND Pin=D2-3
Added Pin To Net: NetName=GND Pin=D4-3
Added Pin To Net: NetName=GND Pin=D5-3
Added Pin To Net: NetName=GND Pin=D6-3
Added Pin To Net: NetName=GND Pin=JP1-1
Added Pin To Net: NetName=GND Pin=JP2-1
Added Pin To Net: NetName=GND Pin=JP3-GND
Added Pin To Net: NetName=GND Pin=JP3-MT1
Added Pin To Net: NetName=GND Pin=R5-1
Added Pin To Net: NetName=GND Pin=R12-1
Added Pin To Net: NetName=GND Pin=R17-1
Added Pin To Net: NetName=GND Pin=SW2-2
Added Pin To Net: NetName=GND Pin=SW2-4
Added Pin To Net: NetName=GND Pin=U1-28
Added Pin To Net: NetName=GND Pin=U2-12
Added Pin To Net: NetName=GND Pin=U2-18
Added Pin To Net: NetName=GND Pin=U2-31
Added Pin To Net: NetName=GND Pin=U2-47
Added Pin To Net: NetName=GND Pin=U2-63
Added Pin To Net: NetName=GND Pin=U3-2
Added Pin To Net: NetName=GND Pin=U3-5
Added Pin To Net: NetName=GND Pin=U3-6
Added Pin To Net: NetName=GND Pin=U3-10
Added Pin To Net: NetName=GND Pin=U3-15
Added Pin To Net: NetName=GND Pin=U3-16
Added Pin To Net: NetName=GND Pin=U3-17
Added Pin To Net: NetName=GND Pin=U3-18
Added Pin To Net: NetName=GND Pin=U3-25
Added Pin To Net: NetName=GND Pin=U4-8
Added Pin To Net: NetName=GND Pin=U4-14
Added Pin To Net: NetName=GND Pin=U4-17
Added Pin To Net: NetName=GND Pin=U4-20
Added Pin To Net: NetName=GND Pin=U5-6
Added Pin To Net: NetName=GND Pin=U5-9
Added Pin To Net: NetName=GND Pin=U6-5
Added Pin To Net: NetName=GND Pin=U7-5
Added Pin To Net: NetName=GND Pin=U8-1
Added Pin To Net: NetName=GND Pin=U8-2
Added Pin To Net: NetName=GND Pin=U9-5
Added Pin To Net: NetName=GND Pin=U10-3
Added Pin To Net: NetName=GND Pin=U10-4
Added Pin To Net: NetName=GND Pin=U11-5
Added Pin To Net: NetName=GND Pin=Y1-2
Added Pin To Net: NetName=GND Pin=Y1-2
Added Pin To Net: NetName=GND Pin=Y2-2
Added Pin To Net: NetName=GND Pin=Y2-2
Added Net: Name=GND
Added Pin To Net: NetName=IRQ Pin=U1-42
Added Pin To Net: NetName=IRQ Pin=U4-6
Added Net: Name=IRQ
Added Pin To Net: NetName=LED Pin=D2-4
Added Pin To Net: NetName=LED Pin=U1-61
Added Net: Name=LED
Added Pin To Net: NetName=MISO Pin=U1-22
Added Pin To Net: NetName=MISO Pin=U4-5
Added Net: Name=MISO
Added Pin To Net: NetName=MOSI Pin=U1-23
Added Pin To Net: NetName=MOSI Pin=U4-4
Added Net: Name=MOSI
Added Pin To Net: NetName=NetC2_1 Pin=C2-1
Added Pin To Net: NetName=NetC2_1 Pin=U1-5
Added Pin To Net: NetName=NetC2_1 Pin=Y1-1
Added Net: Name=NetC2_1
Added Pin To Net: NetName=NetC3_1 Pin=C3-1
Added Pin To Net: NetName=NetC3_1 Pin=U1-6
Added Pin To Net: NetName=NetC3_1 Pin=Y1-3
Added Net: Name=NetC3_1
Added Pin To Net: NetName=NetC6_2 Pin=C6-2
Added Pin To Net: NetName=NetC6_2 Pin=U1-30
Added Net: Name=NetC6_2
Added Pin To Net: NetName=NetC8_2 Pin=C8-2
Added Pin To Net: NetName=NetC8_2 Pin=C9-2
Added Net: Name=NetC8_2
Added Pin To Net: NetName=NetC10_2 Pin=C10-2
Added Pin To Net: NetName=NetC10_2 Pin=SW2-1
Added Pin To Net: NetName=NetC10_2 Pin=SW2-3
Added Pin To Net: NetName=NetC10_2 Pin=U1-7
Added Net: Name=NetC10_2
Added Pin To Net: NetName=NetC11_2 Pin=C11-2
Added Pin To Net: NetName=NetC11_2 Pin=U4-19
Added Net: Name=NetC11_2
Added Pin To Net: NetName=NetC14_2 Pin=C14-2
Added Pin To Net: NetName=NetC14_2 Pin=U3-9
Added Net: Name=NetC14_2
Added Pin To Net: NetName=NetC15_1 Pin=C15-1
Added Pin To Net: NetName=NetC15_1 Pin=L1-2
Added Net: Name=NetC15_1
Added Pin To Net: NetName=NetC17_2 Pin=C17-2
Added Pin To Net: NetName=NetC17_2 Pin=C18-2
Added Pin To Net: NetName=NetC17_2 Pin=L3-2
Added Pin To Net: NetName=NetC17_2 Pin=U4-11
Added Net: Name=NetC17_2
Added Pin To Net: NetName=NetC19_2 Pin=C19-2
Added Pin To Net: NetName=NetC19_2 Pin=U4-9
Added Pin To Net: NetName=NetC19_2 Pin=Y2-1
Added Net: Name=NetC19_2
Added Pin To Net: NetName=NetC20_2 Pin=C20-2
Added Pin To Net: NetName=NetC20_2 Pin=U4-10
Added Pin To Net: NetName=NetC20_2 Pin=Y2-3
Added Net: Name=NetC20_2
Added Pin To Net: NetName=NetC24_1 Pin=C24-1
Added Pin To Net: NetName=NetC24_1 Pin=U6-2
Added Net: Name=NetC24_1
Added Pin To Net: NetName=NetC26_1 Pin=C26-1
Added Pin To Net: NetName=NetC26_1 Pin=U7-2
Added Net: Name=NetC26_1
Added Pin To Net: NetName=NetC27_2 Pin=C27-2
Added Pin To Net: NetName=NetC27_2 Pin=D7-1
Added Pin To Net: NetName=NetC27_2 Pin=R15-2
Added Pin To Net: NetName=NetC27_2 Pin=R16-2
Added Pin To Net: NetName=NetC27_2 Pin=U10-7
Added Net: Name=NetC27_2
Added Pin To Net: NetName=NetC29_1 Pin=C29-1
Added Pin To Net: NetName=NetC29_1 Pin=U9-2
Added Net: Name=NetC29_1
Added Pin To Net: NetName=NetC32_1 Pin=C32-1
Added Pin To Net: NetName=NetC32_1 Pin=U11-2
Added Net: Name=NetC32_1
Added Pin To Net: NetName=NetD1_A Pin=D1-A
Added Pin To Net: NetName=NetD1_A Pin=R13-1
Added Net: Name=NetD1_A
Added Pin To Net: NetName=NetD2_2 Pin=D2-2
Added Pin To Net: NetName=NetD2_2 Pin=D5-4
Added Net: Name=NetD2_2
Added Pin To Net: NetName=NetD3_A Pin=D3-A
Added Pin To Net: NetName=NetD3_A Pin=R15-1
Added Net: Name=NetD3_A
Added Pin To Net: NetName=NetD3_C Pin=D3-C
Added Pin To Net: NetName=NetD3_C Pin=U10-2
Added Net: Name=NetD3_C
Added Pin To Net: NetName=NetD4_2 Pin=D4-2
Added Pin To Net: NetName=NetD4_2 Pin=D6-4
Added Net: Name=NetD4_2
Added Pin To Net: NetName=NetD4_4 Pin=D4-4
Added Pin To Net: NetName=NetD4_4 Pin=D5-2
Added Net: Name=NetD4_4
Added Pin To Net: NetName=NetL1_1 Pin=L1-1
Added Pin To Net: NetName=NetL1_1 Pin=L2-1
Added Pin To Net: NetName=NetL1_1 Pin=U4-13
Added Net: Name=NetL1_1
Added Pin To Net: NetName=NetL2_2 Pin=L2-2
Added Pin To Net: NetName=NetL2_2 Pin=L3-1
Added Pin To Net: NetName=NetL2_2 Pin=U4-12
Added Net: Name=NetL2_2
Added Pin To Net: NetName=NetQ1_1 Pin=Q1-1
Added Pin To Net: NetName=NetQ1_1 Pin=U10-6
Added Net: Name=NetQ1_1
Added Pin To Net: NetName=NetQ1_3 Pin=Q1-3
Added Pin To Net: NetName=NetQ1_3 Pin=R16-1
Added Pin To Net: NetName=NetQ1_3 Pin=U10-8
Added Net: Name=NetQ1_3
Added Pin To Net: NetName=NetR1_2 Pin=R1-2
Added Pin To Net: NetName=NetR1_2 Pin=U1-44
Added Net: Name=NetR1_2
Added Pin To Net: NetName=NetR2_2 Pin=R2-2
Added Pin To Net: NetName=NetR2_2 Pin=U1-45
Added Net: Name=NetR2_2
Added Pin To Net: NetName=NetR3_1 Pin=R3-1
Added Pin To Net: NetName=NetR3_1 Pin=U1-37
Added Pin To Net: NetName=NetR3_1 Pin=U6-1
Added Net: Name=NetR3_1
Added Pin To Net: NetName=NetR4_1 Pin=R4-1
Added Pin To Net: NetName=NetR4_1 Pin=U1-38
Added Pin To Net: NetName=NetR4_1 Pin=U7-1
Added Net: Name=NetR4_1
Added Pin To Net: NetName=NetR5_2 Pin=R5-2
Added Pin To Net: NetName=NetR5_2 Pin=SW1-1
Added Pin To Net: NetName=NetR5_2 Pin=SW1-3
Added Pin To Net: NetName=NetR5_2 Pin=U1-60
Added Net: Name=NetR5_2
Added Pin To Net: NetName=NetR6_2 Pin=R6-2
Added Pin To Net: NetName=NetR6_2 Pin=U1-39
Added Pin To Net: NetName=NetR6_2 Pin=U9-1
Added Net: Name=NetR6_2
Added Pin To Net: NetName=NetR7_2 Pin=R7-2
Added Pin To Net: NetName=NetR7_2 Pin=U1-40
Added Pin To Net: NetName=NetR7_2 Pin=U11-1
Added Net: Name=NetR7_2
Added Pin To Net: NetName=NetR8_1 Pin=R8-1
Added Pin To Net: NetName=NetR8_1 Pin=U3-11
Added Net: Name=NetR8_1
Added Pin To Net: NetName=NetR12_2 Pin=R12-2
Added Pin To Net: NetName=NetR12_2 Pin=U4-16
Added Net: Name=NetR12_2
Added Pin To Net: NetName=NetR17_2 Pin=R17-2
Added Pin To Net: NetName=NetR17_2 Pin=U10-5
Added Net: Name=NetR17_2
Added Pin To Net: NetName=NetU1_8 Pin=U1-8
Added Pin To Net: NetName=NetU1_8 Pin=U8-6
Added Net: Name=NetU1_8
Added Pin To Net: NetName=NetU1_14 Pin=U1-14
Added Pin To Net: NetName=NetU1_14 Pin=U6-8
Added Net: Name=NetU1_14
Added Pin To Net: NetName=NetU1_15 Pin=U1-15
Added Pin To Net: NetName=NetU1_15 Pin=U7-8
Added Net: Name=NetU1_15
Added Pin To Net: NetName=NetU1_16 Pin=U1-16
Added Pin To Net: NetName=NetU1_16 Pin=U9-8
Added Net: Name=NetU1_16
Added Pin To Net: NetName=NetU1_17 Pin=U1-17
Added Pin To Net: NetName=NetU1_17 Pin=U11-8
Added Net: Name=NetU1_17
Added Pin To Net: NetName=NetU3_3 Pin=U3-3
Added Pin To Net: NetName=NetU3_3 Pin=U3-28
Added Net: Name=NetU3_3
Added Pin To Net: NetName=SCK Pin=U1-21
Added Pin To Net: NetName=SCK Pin=U4-3
Added Net: Name=SCK
Added Pin To Net: NetName=SCL Pin=R11-2
Added Pin To Net: NetName=SCL Pin=U1-58
Added Pin To Net: NetName=SCL Pin=U3-19
Added Net: Name=SCL
Added Pin To Net: NetName=SDA Pin=R10-2
Added Pin To Net: NetName=SDA Pin=U1-59
Added Pin To Net: NetName=SDA Pin=U3-20
Added Net: Name=SDA
Added Pin To Net: NetName=USB_DM Pin=JP3-D-
Added Pin To Net: NetName=USB_DM Pin=R1-1
Added Net: Name=USB_DM
Added Pin To Net: NetName=USB_DP Pin=JP3-D+
Added Pin To Net: NetName=USB_DP Pin=R2-1
Added Net: Name=USB_DP
Added Pin To Net: NetName=VCC Pin=C1-2
Added Pin To Net: NetName=VCC Pin=C7-2
Added Pin To Net: NetName=VCC Pin=C12-2
Added Pin To Net: NetName=VCC Pin=C13-2
Added Pin To Net: NetName=VCC Pin=C21-2
Added Pin To Net: NetName=VCC Pin=D2-1
Added Pin To Net: NetName=VCC Pin=D4-1
Added Pin To Net: NetName=VCC Pin=D5-1
Added Pin To Net: NetName=VCC Pin=D6-1
Added Pin To Net: NetName=VCC Pin=R3-2
Added Pin To Net: NetName=VCC Pin=R4-2
Added Pin To Net: NetName=VCC Pin=R6-1
Added Pin To Net: NetName=VCC Pin=R7-1
Added Pin To Net: NetName=VCC Pin=R8-2
Added Pin To Net: NetName=VCC Pin=R9-2
Added Pin To Net: NetName=VCC Pin=R10-1
Added Pin To Net: NetName=VCC Pin=R11-1
Added Pin To Net: NetName=VCC Pin=R13-2
Added Pin To Net: NetName=VCC Pin=SW1-2
Added Pin To Net: NetName=VCC Pin=SW1-4
Added Pin To Net: NetName=VCC Pin=U2-1
Added Pin To Net: NetName=VCC Pin=U2-13
Added Pin To Net: NetName=VCC Pin=U2-19
Added Pin To Net: NetName=VCC Pin=U2-32
Added Pin To Net: NetName=VCC Pin=U2-48
Added Pin To Net: NetName=VCC Pin=U2-64
Added Pin To Net: NetName=VCC Pin=U4-7
Added Pin To Net: NetName=VCC Pin=U4-15
Added Pin To Net: NetName=VCC Pin=U4-18
Added Pin To Net: NetName=VCC Pin=U5-1
Added Pin To Net: NetName=VCC Pin=U5-2
Added Pin To Net: NetName=VCC Pin=U5-3
Added Pin To Net: NetName=VCC Pin=U8-3
Added Net: Name=VCC
Added Pin To Net: NetName=VDD Pin=C22-2
Added Pin To Net: NetName=VDD Pin=C23-2
Added Pin To Net: NetName=VDD Pin=C25-2
Added Pin To Net: NetName=VDD Pin=C28-2
Added Pin To Net: NetName=VDD Pin=C30-2
Added Pin To Net: NetName=VDD Pin=C31-2
Added Pin To Net: NetName=VDD Pin=Q1-2
Added Pin To Net: NetName=VDD Pin=R14-1
Added Pin To Net: NetName=VDD Pin=U5-5
Added Pin To Net: NetName=VDD Pin=U5-7
Added Pin To Net: NetName=VDD Pin=U5-8
Added Pin To Net: NetName=VDD Pin=U6-7
Added Pin To Net: NetName=VDD Pin=U7-7
Added Pin To Net: NetName=VDD Pin=U8-5
Added Pin To Net: NetName=VDD Pin=U9-7
Added Pin To Net: NetName=VDD Pin=U10-1
Added Pin To Net: NetName=VDD Pin=U11-7
Added Net: Name=VDD
Added Pin To Net: NetName=XIN Pin=C4-2
Added Pin To Net: NetName=XIN Pin=U3-27
Added Pin To Net: NetName=XIN Pin=Y3-1
Added Net: Name=XIN
Added Pin To Net: NetName=XOUT Pin=C5-2
Added Pin To Net: NetName=XOUT Pin=U3-26
Added Net: Name=XOUT
Added Class: Name=Quadrotor
Added Class: Name=U_Logic
Added Class: Name=U_Power
